<?xml version="1.0" encoding="UTF-8"?>
<!-- Generated by org.testng.reporters.JUnitReportReporter -->
<testsuite hostname="c607c6cae478" failures="1" tests="9" name="com.example.tests.vendorportal.VendorPortalTest" time="16.425" errors="0" timestamp="2024-01-26T17:55:48 GMT" skipped="1">
  <testcase classname="com.example.tests.vendorportal.VendorPortalTest" name="dashboardTest" time="2.417"/>
  <testcase classname="com.example.tests.vendorportal.VendorPortalTest" name="dashboardTest" time="2.087">
    <failure message="expected [8] but found [10]" type="java.lang.AssertionError">
      <![CDATA[java.lang.AssertionError: expected [8] but found [10]
at org.testng.Assert.fail(Assert.java:111)
at org.testng.Assert.failNotEquals(Assert.java:1578)
at org.testng.Assert.assertEqualsImpl(Assert.java:150)
at org.testng.Assert.assertEquals(Assert.java:132)
at org.testng.Assert.assertEquals(Assert.java:1419)
at org.testng.Assert.assertEquals(Assert.java:1383)
at org.testng.Assert.assertEquals(Assert.java:1429)
at com.example.tests.vendorportal.VendorPortalTest.dashboardTest(VendorPortalTest.java:53)
at java.base/jdk.internal.reflect.NativeMethodAccessorImpl.invoke0(Native Method)
at java.base/jdk.internal.reflect.NativeMethodAccessorImpl.invoke(NativeMethodAccessorImpl.java:62)
at java.base/jdk.internal.reflect.DelegatingMethodAccessorImpl.invoke(DelegatingMethodAccessorImpl.java:43)
at java.base/java.lang.reflect.Method.invoke(Method.java:566)
at org.testng.internal.invokers.MethodInvocationHelper.invokeMethod(MethodInvocationHelper.java:139)
at org.testng.internal.invokers.TestInvoker.invokeMethod(TestInvoker.java:664)
at org.testng.internal.invokers.TestInvoker.invokeTestMethod(TestInvoker.java:227)
at org.testng.internal.invokers.MethodRunner.runInSequence(MethodRunner.java:50)
at org.testng.internal.invokers.TestInvoker$MethodInvocationAgent.invoke(TestInvoker.java:957)
at org.testng.internal.invokers.TestInvoker.invokeTestMethods(TestInvoker.java:200)
at org.testng.internal.invokers.TestMethodWorker.invokeTestMethods(TestMethodWorker.java:148)
at org.testng.internal.invokers.TestMethodWorker.run(TestMethodWorker.java:128)
at java.base/java.util.ArrayList.forEach(ArrayList.java:1541)
at org.testng.TestRunner.privateRun(TestRunner.java:848)
at org.testng.TestRunner.run(TestRunner.java:621)
at org.testng.SuiteRunner.runTest(SuiteRunner.java:443)
at org.testng.SuiteRunner$SuiteWorker.run(SuiteRunner.java:481)
at org.testng.internal.thread.ThreadUtil.lambda$execute$0(ThreadUtil.java:58)
at java.base/java.util.concurrent.FutureTask.run(FutureTask.java:264)
at java.base/java.util.concurrent.ThreadPoolExecutor.runWorker(ThreadPoolExecutor.java:1128)
at java.base/java.util.concurrent.ThreadPoolExecutor$Worker.run(ThreadPoolExecutor.java:628)
at java.base/java.lang.Thread.run(Thread.java:829)
]]>
    </failure>
    <system-out>
      <![CDATA[<img width=700px src='data:image/png;base64,iVBORw0KGgoAAAANSUhEUgAABVAAAANtCAYAAAB2SlABAAAAAXNSR0IArs4c6QAAIABJREFUeJzs3XecXHW9//H3mbq9J5tNIwlpJJCQhC5IrwoCAlIFlZ9exXqxXStevaLYvUoRvKhIFRFQOgiYgLR00hvpu5uts212Z+ac3x+zMzt9Z3dnZtvr+XjkMTnn+z1nvjO75zNnP/M532NcdPMuS8A49cRPZwz3EAAAAAAAAJBlHo9n0NvaMjoSAAAAAAAAABhDSKACAAAAAAAAQBIkUAEAAAAAAAAgCRKoAAAAAAAAAJAECVQAAAAAAAAASIIEKgAAAAAAAIBx68knn0zZTgIVAAAAAAAAwLgUSp6mSqKSQAUAAAAAAAAw7sQmTZMlUUmgAgAAAAAAABhXkiVLE6135GA8AAAAAAAAADBiXHTRRWn3pQIVAAAAAAAAAJIggQoAAAAAAAAASZBABQAAAAAAAIAkSKACAAAAAAAAQBLcRAoAAAAAAADAuLB69eq0+y5ZskSiAhUAAAAAAADj0b6DrcM9BIwSJFABAAAAAAAAIIkxfQl/ebFdkyc4VFZkl91uqNNr6lCLX/vqfAqYwz06AAAAAAAAACPdmEugzp7m0hnLinT8kYWqKrMn7NPjt/TuDq+Wr+7QijUd6vFbOR8nAAAAAAAAMBqYpimv16uenh75/X75/X5JksPhkMPhkNvtltvtls02Ni92HzMJ1OMWFOijHyjXtGpnv31dDkNL5+Vr6bx83fDBCv31ny36+wqPTKpSAQAAAAAAAEmS1+tVS0uLLCtx8aHP55PP51NXV5ckyTAMlZWVKS8vL8cjza5Rn0CtKrXrU5dW6riFBYPavrTIpo9fVKFTlhTpZ/fX62CDP+NjBAAAAAAAAEYLn8+npqYmmQOsNrQsS83NzbLZbKqsrJTDMepTj9Jov4nUtGqnfvKFyYNOnkaaM82lX/7nFJ28uDAjYwMAAAAAAABGG4/Ho4aGhgEnTyOZpqlDhw6pra0to2MbLqM2gTpriku3fqZGFSWJ5zkdjDyXoZuvmaATjxp6QhYAAAAAAAAYTZqbm9XR0ZGx/bW3t6uhoSFj+xsuo7KOtijfpm99vFrFhZnP/9ps0pevnajv3V2rddu9Gd8/AAAAAABAIv7tW+S59w7539shs6W53/5GfoEc02eq6MqPyn3c+3IyxqHqfus1tT/yZ/nf2yGrqzOqzSgskmP6TBVfd6Nci5cN2xjHq8bGRvX09GR8vz6fTw0NDaqqqsr4vnPFPu+kL94y3IMYqC9dPUHzDnNnbf82m3TU4fl67s02BQJZexqMAFedUzbcQwAAAAAAQIF9e9TwhRsVOLBPljfNgi6/T2bjIXlffVHOWbPlmHZYtoc5JN0r31DzLV+V2VAv+X3xHXw9Mhvq1fXSs3ItOEr2milZHY+nvVslxWPrZkeD1dbWFr4RVDKrVq3Xo48+pf37D+rtt9aosalF1dUT5HT2f0N30zTl9/uVn5+fwVEPTHd3tySptrY27W1qamqk0ViBesrRhTppUfYvsZ9QbteVZ5fpj0/1/40PAAAAAADAUHQ8/kjipGKa2v9yv9wnvj+jY8q0jr89PIC+D8m15NisjgdBPp9P7e3tSds7Ojr1o1t/o3feWSun0yGfzy+Xy6meHp+Kigr1yU9dq7PP7v93z+v1qqenRy6XK8OvIPtGVQLVZpOuOb98SPt4d4dXz73Rpromv6rKHDrjmCIdc0Ti7PdF7y/VE//yqKWNMlQAAAAAAJB5O3fVK2Baqtz7XtT60pu/LdcRR0qmKc9dv1L3yjdS7scfs/1IFNi/p2/B4VTVL+6WkZ8vw+WSraJKdZefG76sfzS8nrGiqakpZXsoeSpJPp9fktTTE0z2t7d36Oc/u0veLq8uvOictJ5r0qRJGRl3Lo2qBOrxCwtUUzn4IT/6z1bd93RfRemW3d16bW2HPn5RhT70/pK4/g67dOrSQj3xqmfQzwkAAAAAAJBId49f7R3By4oDMfOBdjzyJ7Xu3S33sSeq6Kob+k2gWp2Zu/FPtgRaW/oW/D41fO4GSVLhJVfKteSYqDlRzQzeyAjJdXd3yzTNpO2rVq0PJ09Tuf32P+qEE5dpwoTKlP0sy1JXV9ewXso/GKMqgXrGMUUp27fv61Fdo09L5xco321EtW3a1a37nm6WzZBOXVqkJfPyZVqW/rW6Q/vqk5fIn3lMccYSqDVVDv34s5N1sNGnW35Xq65uK66Pwy59+xPVOnyqW9+4/aD21AbHNrnKoVtvqtGhloC++usDMns3/dSllTrzmCL97yMNWr6mL7jUVDr05WsnqqrMrs/+dL/aOkzZDOnHn6vR3Onx88ealvTICy168PmWuDYAAAAAAJA5/oCpPXsb1d7eN9ep1+tT5EyS/r27JUm24lKZrX3FYHmnnyPD6VLX8//I6Zgj1da16lCDR1Z8WiOlCZYlI2adkV+gwsuvVdN3bs7kEEe0P/7pMZ1x+omaNq0mrm3Xe/v073+v0tVXXaSOzi797u6H9OlPXS2Xy6nb77xfn/3MdRkdS0tL6jzQ00+9lLTtsKoKdfv9qm0J5s3e+PfKtKpQPR4PCdRscdilxXOSv7nL13Top38+JEmaVu3UL/9zihz2vvZ124MT4X7xqgk6dWlheP3py1InZQ+rcaq6wqG6Jv+QX8OMGpdKi2wqLXLruvPL9bvH40ukLz+zTEfPDb7OmZNd4QTqnOlulRXbw/+aPMFpBZbMzZfbZWjRnLxwArWm0qH/+UyNKkvt2lvnk7c3UVtWbA8nT709lgJmX6QzTamrO/k3DgAAAAAAYOgCpqXtO+rU09NPnsHpUtXP7pRj5mx5bv+Z5HCo7MvfkWPyVMmwyb3seLX8/AdS741xcqn+0OAKzSwpLoFaeOmV6nl3rfzbt2RkbKNBq6dNz7+wXJ/4+BVxbc8+9y/ZbTZJUmFBvj5+w2XKy3PL7w/I42mXaZqy9bYPlWmaKatPJWnbtl1yu5y6cOlCeX1+5Tnsqikv1aTyUp0w+zC5nA5d/vP/U22LR+3t6VUNh543U68jF0ZNAnVatUtuV+xh1ueVlX2T3e6t8+m9Az2aPa1vUtozjy1WdYUzKnmarnmHuTOSQDUihn/+SSV68e127dzfE143qdKhS88oHdB+QpHH6P1PTZVD//PpYPJ090Gfvn3XQfn8Vtx23/99nd7dkeZd/QAAAAAAQEbU17f2nzw1DDkmTVbD5z8ue80UTbjrAXU+93e1/Og7yj/rfBlOtzqfeTxXQ46Tn+9SV1dPGj1TM0pKVfihK9T45U9nZFyjhcPhkM8f0JYtOzVv3qzw+g0btsmyLNnsfYnF0tLirI2jpye9n+G5i4/Qty49N2n7bdd+SB/9zX0qKk5dpBj73Hl5eWn3H26jJtU7uSp1rnf+jL43vbTIpmnVzqj2qjK7Tls28OSpJE2Z4Eyj18AYhvTpD1dGJTU/dUmlnPbkSeL+1FQ59MPeytOd+3v0zTsOqrWdqlIAAAAAAEaKVk9Xv30Md56KP/5pTbjnYVV8/+dqf+gPwUtHJVldnTKHeb7Tw2dOVEX5wHMsRkz9af77z5R3xcvy79mVwdGNDmef9T69+q+3ZPXOg2Cappa/9o7OPOOkcB/TNPWb2+8L94n0yqtv6rkXlku9N3J69LFn9cBDf9f9DzyhFa+tTGsM3WlUL8+eOU0XHH1Eyj6Lpk/W3Z+6StMnV6f1vBpA8nakGDUVqEUF9pTtl51RqvJiu/bX+3TW8UUpq1UT6e6xZBiSyxm/XVlx6uceqJa2gDbs9Op9iwt1zvHFeu6NNp20qEBL5+dr+eoOLZiVp8rSgT3npN7kaUWJXVv3dOuW39Wpw5s8efrtT1RHXcLf0WnqB/fWaffB5PPBAgAAAACAoQndxTyWWVoh7Q8mEi1vl5q/97WE/byvvZpwvX1i+smrodq2o1aHTatSUWGe9h1okmmmngzVZjM0dXKFesrKZNbXhdd3/uOxpNvYJ46+O7UPRHV1laZMqdaatZu05OgFWrV6g2bOmKqqyvJwH9O05PG0RyVQTdPUP556WQHT1EUfPEOS9Ne/Pa/jj1us+b3VrE/8/UVt375bs2cflnIMfn//V1tf9ZGLdIK//yuYjzpsivbMmdVvv5DRlkAdNRWo/TEM6azjinT9B8vTqhg1TWnrnm498mKrvnF7ra7+9m59+kf7lOiYdzgGXxWazH3PNCtgStddUK6JFQ594kOVCpjS/c82p7F1vKMOz1NFSTDp+szrbSmTp5KU5zJUmGcL/ysqsMuZhdcJAAAAAACCLMtKeuMl/+QZQ9q3Y9acIW0/EN3dfm3bUauAaWru7EnKz0ueh8nLc2ru7EkyTVNd1akTepGcOXw9w+XUU4/Xm2+tVUdnl955Z71OOeXYfre57/7H5c5z6ZIPnS273a72jk7t31+rTZt36G9PvKC/PfGC2to61NHZf6Wzz9d/Ed3sBXMVcLn67WcrKVbxAC7hT+e5R5JRU4Ha3jX0S9EPNPi1dmuX1mzt0rrtXer0RkethtaAurymCvOj88pd/SQjB+Ngg1/Pv9Gm808q1t3fmCpJeubfbTrYOLi5Vles7VBVmUPzD3Prpsur1N5p6q2NnUn7f/OOWuZABQAAAAAgh7zdyf/m73z/B5S/8lXZmhsGvF8jL1/FN/zHEEc3MJYl7T/QrJKSfM2cMVH1hzxqaGyL6lNVWayJE0q0/0CTWj1dsp9zuVxb18voTp3cMwqLVHzdjVl+BcOvqLBARx05T7+7+yGdeMISFeTnqaszda5mQlWlGg41qbu7R263S7Kk/Pw8XfKhswf8/IZhJJweIJanulrle/em7NNWUzPg5x9NRk0Cta5p4Jnp1nZT67YHE6ZrtnapoSXQ7zaBBLnShpah30AqkYdeaNHpxxQpz2Wou8fSw8+3DHpfXV5Lt/yuVt/9f5N0xAy3vnb9RN36hzq9s6n/bxwAAAAAAED2tbUl/xvdcuer8Ys/Vv4bL8rw9aiwwKWiojRusmPYVHD2BbJNyN0l/JE8ni5t6wpe0l9clKcDtcEraydPKpfdbtO2HbXy+YL5mMDEqWr8ys80Y/cqKZAkR2O3q+DcC2Urr8zlyxg2xx+3WO0dHTr2mEVp9b/g/FP11tvrdN+fH9dHrrhAxcVFKi8v1br1W7ToqHmSpAMH65WX51ZFeeoblTscjrQupfeWl8vb2qo8jydhe8DlUk/hwObEdThGTUpSGk0J1N0HffIHJEeKqUF7fJY27vJq7Vav1mzt0s4DA5tPweU0VFIYP6vBrgHuJ10tbQH99Z8tuua8cj32cqua2/pP8KbS1W3pe3fX6rs3TtIRM936+vUT9cM/1GvVZpKoAAAAAAAMJ58/oIaGtpR9rLwCdZ52kSSpy2aoYvYkuVwjP3Xj8wW0fWedJk4o0eEzg4ncxqY21dXHJ9zM4nIVXXnDMIxy5CgsLJCzN4HocNh17tmnhNucTocKCvKl3rljS0qKZLPZJJkqLi6UYRg64fijVVZWor/89Vl9/IbL9OFLztVzLyzX22+vlc1uV2lJkc4+6339jiPdBKokNc+YocodO+Tq6AiWH4fuim4YsmwDnyHU6cz8DduzaeQfhb18fksbdnq1eE78ty9d3ZZ++ud6rdnaJf8QcpALZ8Xvu8dnadOu/u9Klo5QVXRkcfQjL7Zq+ZoOHWzoq3Ltr3g6qro6vM/gf7q6Ld1yd61u+X/BJOo3bpior/z6oHYd6InaLvYmUqYpPfpSix5/NfG3CQAAAAAAYPB272mQP9Flr0mYpqVduxs0b87ouZlS/SGP6g+RV+jP9dddkrStpKRIV195oSTJZrPps5+5Lvz/z9300XC/+fNmhW8aVVxcqMsuPW/A43C5XOrsTD79Y6yu8vJgAtWIuIeOZcnh9crX2i5nafpzoLrd7oEOd1iNqptIvfxOe8L19c1+vbNpaMlTSTptafwP+q2Nnerx9z8fRDr21PnU3mVq/fbo+Swik6eStG5blzq6TL0XUfm6fW+PWttN7dzfo5b2vhe6akuXunusqH16e4JJ1Lc3Bt+Tot45XVvaAtq6J5gMjr2JVGG+TfnuUfXrAAAAAADAqGEzBn7jZtsYvNfzIN4GZMlAk5j+FP2/95O/65VXN2XtuYebcdHNuzKTHcwBt8vQn26ZrjxX/NH2nbtqtXbb4G+KNH2SU7+6eUpccPrG7Qe1YWdmKlAx8jzx06Hd5RAAAAAAgPGmtq510JWmEyeUaFJ16rk5c2XfwVZNrRkZYxkudXV1Ms3+K6NbWjr10vOr9dn5xXFtG2rb9f3nd0iSKsoLteToGVq6ZKYmTy5Pur+aYbjplKd3DtfVq1envc2SJUuk0XQJvyR191j6xwqPLjsj/pf7k5dU6uZfHpC3Z+D5YJfD0JeunhCXPF233UvyFAAAAAAAZMXmrQfV0xO8KtVut2nhEVOGe0hpmVRdOmKSoBiakpIStbSkvqn5W2/v0N+eeFuzppZLik+g7mzsu/dOU3OHXnp5g156eYMmTijRsqUzteToGZowoSTcp7R09P3ujLprth9+oUX1Tf649VMnOvXlayfK6RhYLbjLaehr10/UrMmuqPXdPZbueLRhyOMFAAAAAABIZOrkcjmddjkcNk2bUjHcw8E4lJ+fLyPJvArt7V7d/ft/6sGHX5fX61NZXuI6zE21iW+OVn/Io2eeW6sf/vhxffM7D+uFF9dLkgoKCjL4CnJj1CVQe3yW7vhro8wEhabHLsjX9/9jkmqq0iusnTvdrds+V6NjjsiPa7vnySYdaIhP1AIAAAAAAGRCUVGejpg3WQvmT1FJSXxuAsiF8vL4S+3Xrd+jW297Qhs37Q+v27q7Ua/tatGhDp+6/aa2HOrU7Sv2aOW+/qZzMNTZ2aOnn10jw3D103dkGlWX8Ies2tKlOx5t1E2XV8a1HTHDrf/98hS98Fa7XnizLe7u85Wldi2Zl6/TlhbpyMPzEk5e/PLKdj3/RuLsOQAAAAAAADBWuN1u5eXlyev1yuv16YGHXtf6d/fE9Wto69b/Lt8dtz5ZBassSRFNC46YqkmT4nN5o8GoTKBK0vNvtinPbejjF1bEJUGdDkMXnFSsC04qVle3pbomn0xLqip1qKQwddHt82+06fa/NmZ38AAAAAAAAMAIUV5eroaGBv38l09r794GJaw4HII8t1Pf+saVGd1nLo3aBKokPfkvj3bX9uiLV05QRYk9YZ98t6EZNf2XB/sD0qMvtejB51NPnAsAAAAAAACMNVVVVTJsRsaSp5YRLEC12wz97s7PyWYbdTOJho3ekfdau9Wrz/90v15Z2RF1qf5AbNjp1Rd/vp/kKQAAAAAAAMatH/3PxzRlSoUspZdkS9YrdPX+tKmV+tMfbpbLNaprOEd3BWpIW6epXzx4SI+93KILTynVyUcXKt+dOlve6bX0+roO/fOdNm3Y2Z2zsQIAAAAAAAAjkc1m6Ge33ag3396q3/3uaXV09qTsb8TMcxrejyFdfeVpuvCDx2VvsDk0JhKoIbtrffrNXxp052MNWjAzT7OnuVVT6VBRgV2WpLaOgOoa/dq+r1ub3+tWj3+QJasAAAAAAADAGHX8sXN17LI5euzx1/SXv74uWVbCm0XF5k/tNkOXXnyiLrnkZI3iK/bjjKkEaog/IK3b7tW67d7hHgoAAAAAAAAw6thshi679GRddunJ2rxln3bvrtXWbfu1Z2+DamtbZFmSy2lXQWGejl48U+ecdbSmT68e7mFnxZhMoAIAAAAAAADIjPnzpmr+vKk695xjhnsow2IMFdMCAAAAAAAAQGaRQAUAAAAAAACAJEigAgAAAAAAYNyZWlM63EPAKEECFQAAAAAAAACSIIEKAAAAAAAAAEmQQAUAAAAAAACAJEigAgAAAAAAAEASJFABAAAAAAAAIAkSqAAAAAAAAACQBAlUAAAAAAAAAEiCBCoAAAAAAAAAJEECFQAAAAAAAACSIIEKAAAAAAAAAEmQQAUAAAAAAACAJEigAgAAAAAAAEASJFABAAAAAAAAIAkSqAAAAAAAAACQBAlUAAAAAAAAAEjCMdQdTJ7gzMxIgEE4cMg3pO1bPR2yLMmyLBlG8FGKfOz7v2SFt+tbF+wTyYpdodTthjGklwAAAAAAADCixaZKjH6SIbHtkYvRbUZ4XWh1qN0wDFlWX9tQ0i9DTqAONYEFDLfgcWX0JlFjHxU+GEMHe/wxHpswJSMKAAAAAAAQEptL6T+Bmrx/KDGqqGRp7HJ08nSohpxABUaz2ERpsDrUkGRFHJyhBGkokWpFJEmtBAd96gpUEqwAAAAAAGA86y+pmTjB2lfglixxGuoXmzw1DKP/dE0KJFAx7kUnURVxoClcjRoUeaRFV6X27Sud58vMuAEAAAAAAMaiyCrTyHVBVsLEaWTVabI+g0UCFeNa/CX70Y+SkSCRGreXQT73kIYOAAAAAAAwqvRz25gIsZfeRxe+JUqcRidP+y7lV5KE7ECQQMW4Fjq4kidIB5JI7d3CMGIu8wcAAAAAAED/xWTJ8zPxN5ZKlDiN7zvU5KlIoGK8i02exlahRvSM2S7HAwUAAAAAABjz4hOl4RYjdjrFUJVq9E3AY6tP+4rnBj8qEqgY56zeytLgUrKEarREN5PqS6qmU6UKAAAAAACAxOKTpYq5MVT0Jf2R2yim6jTUfyhIoGJci75BVOrkaapkamSfdC/dJ8cKAAAAAADGk3SrQKOTpeG1KZOmSlB1GjklwFBSqCRQgajKU8XNe6q0k6mR85+G1+Rg9AAAAAAAACNf6mIyK6Jf4nlQE7VFJk37Eq9WivlUB44EKsa1RNWmkYnU2LZEy5G4fB8AAAAAAGAwEidGE/aMytNEX9ofmzjNRJ6GBCqQJJGqJMnUyMrUyH7K0EEJAAAAAACAoNhcS2SlabA9Mmma2cRpCAlUjGuRidNUy4pKpiomoaqIMvKBj8Eaym3gAAAAAAAARrjBJDND6ZLIG38rnDBVwqRpoueiAhXIkP4Sp7HrFJdQjdpbXL9+nn1wgwYAAAAAABgF+kuNxCc5E+VcEidME29PBSqQQUZUIjQ2kaokydTY9Yn0JV4zPWYAAAAAAICxJLZ4rf9kSrK8TKJL/oeaTCWBinGub47TyITnQJOmiapMmQ8VAAAAAABgaNLJryRKmobWh+ZIHQoSqIAUUxqePJka7h2TMCVZCgAAAAAAkH3Ji9v62iPnSc0EEqg5YrcZyncbcrtscjoMOR2Swx78gfsDlnx+Sz6/1N1jqrPblGkO94jHh0SX7CdLpiricvx0L98HAAAAAABA+tItUotMvaRKmnITqRHObjdUWmhTYb5NLqctaT+XzZDLGd5KktTjM9XRZaq1w1QgQDIu25Jdsh8/aXGihGv8PKdUpAIAAAAAAAxdbI1aKOfSlzBVVpKmkUigZoHdbqisyK7SItugf2AuZzDpWlZsqbXdVEt7gERqjsTPmxF/QCb+sfZ/qT8AAAAAAADiJc6hxRa2KeFl+dkuZCOBmkGZSJzGMgxDZcXBfba2m2ppCyhgkpTLFMMw+k1ypjMHau/aBNsOaXgAAAAAAADjRHr5rsHk3IaapyOBmiGGpIpiu0qK7NnZf28i1WZIDS3+DE2BC6W8fD+9bfpDFSoAAAAAAEBy2aggzeQ+SaBmgM0m1VQ6ledOPs9pppQU2eVyGjrY6ONGU1mQ+vL9zOwTAAAAAAAAmZXN/Ev2M37jQE1VbpKnIXlum2oqnWn0xFAF7+IW/w8AAAAAAAC5Nxy5GipQh6iqzK48V+7z0Hlum6rK7GpoCeT8uUFVKQAAAAAAwHhBBeoQFBfaVFo0fDno0iKHigv5EQ4FiVAAAAAAAICxbaj5H7Jvg2S3SRPKhr+Ad0KZQ3Z+ikPC5fkAAAAAAABjR6ZzPaTeBqm8xD4ikm2GYais2D7cwxhTmPMUAAAAAABgdMhFHmf4SyhHIYddKi0cOUnL0iK7WtoCCpjDPZKxa7AHn2VZGR8LAAAAAADAWDOSC9hIoA5CRYlDGkE/VMMwVF7CDaVGotDBv3rNet11173q6fHF9XE4HCoqKlB5Wblmz56lRYsWaOHC+cMw2tTuuedPWrt2g77ylc9p+vSpOd9+rHjjzXf0hz88oIsuOl8XnH/2cA8HAAAAAAD0g0v4B8HtGjnJ05B8Nz/KkWzL5m3h5GlsWbnf71dLi0e73tutF158WT/7+W91yy0/1vbtO4d72FG2bNuhjs5O7X5v77BsP1bs2LFLPT0+bdu6Y7iHAgAAAAAA0kAF6gA5HYZczpGXrHQ5bXI6DPn8XDI+Epm9l/IfccRcfeXLn4tq8/v9am/v0J49+7R23QatWPGG9uzdpx/f9ivd8NGr9L6TTximUUczen+1LA3ud2yo248VVvh9AAAAAAAAo8HIywSOcIX5mXvLbDZp6bx8HXtEvuwZ2G0mx4bccTgcKisr1aJFC3XdtVfo1lu/o8NnzVQgYOrePz6ozZu3DfcQAQAAAAAAxi0ybgOUl6HL9202adm8fE0od6ii1KHqiqEXA7ucI29qAQxcRXmZbr75Jk2qrpZpmvrDHx+UaXKHMAAAAAAAgOFAAnWA7PahJylDydOK0mDStKHFr9pG/5D36+CnOWbk5bl17bWXS5Lq6w/pnZVrhntIAAAAAAAA4xJzoA7QUC+1T5Q8Xb2lS2YGJkTMRHIXI8eCBfNUXT1RdXX1WrvmXR137NK4Pu+9t0dvvLlSW7dsV11dvXp8PpWUFOnwWTN15lmnat7c2Un3v+u93XrpxVe1desOtbR6ZLfbNXFilY5ceITOOOP9qqwsT7qt3+/X8uVv6LXX31RtbZ0CAVMTJlTp+OOX6rxzz5Tdbk/52gKBgF5/7S39a/m/VVtbJ9MKbb9Mp512svLz8pJu29Li0fPPv6x16zeosbFRNsOmispyLV50pE477WRVVVUk3bapqVmv//ttbdi4SQf216oJ+Sb6AAAgAElEQVSjo1OFhQWaPGWS3nfSCTr5fcfHbePz+fWd794qp8Oh7373a2ppadWzz76k9e9uVGurRx+54mKddtrJ4f7Nza166aVXtWbNejU2Ncntdmvq1Mk666xTdfTio1K+LwAAAAAAYOQhgTpADtvQkpSL52QneSpJDhKoY868ebNVV1evrdvj79h+55336q23V4WX3W63yspK1NTUondWrtHKVWv1sY9dkzAp+OKLr+qBBx+VJBUVFWra1CnyB/w6cOCg9u7dr3++vFyfvelGLVw4P25bb3e3fv7L27V50za5XE4VFhaopcWjffv2a9++/dq0aatu/s+bZBiJfx99Pr9+/evfaf27G+VwOFRaVqL2tuBNtPbs2acVK97Ul7746YSJ0HXrNujOu+6V19stSSopKZLD7tD+/Qe1f/9BvfTPf+nGG6/TsqWL47Z96aVX9eBDj4WnQ7Db7aooL1Orx6Mtm7dry+bt2rp1uz7+sWuitmtt9aiurl6StG3rDt1x1/+pra1dkmSz2aKSxdu379T//ubucHt+fp6cLqe2bNmujRu36Nxzzkj4ngAAAAAAgJGLBOoAWZKGkqYkxYmBmFxTLUlqbmqJa3tv915NmzZFZ51xqhYtXqjS0hJJUnd3jx5+5G965ZUVuv/+v+iYZUcrL88d3q6+7pAefOivkqTrrr1Cp576PtlswdLqzs4uLV/xbz3zzAs6eLAuYQL1ySefkcPh0E033aijFx8lu90mn8+np556Xk/+/Vlt3LhFb721Sscfvyzha3rmmRfU0dmpj91wtU488Vg5HA6ZpqnVq9frj396UAcP1urOu+7VN7/xn1FJ2D179uk3v71Hfr9fixYt1FVXXqrq6omSpKbmFv3lL4/rzTdX6o47/k/f+ubNmjFjetTz7tm7X8XFRTr99FN03HFLVD1xogzDkGVZWrHiDd37hwe0YsUbOunE4zR//py+Da2+bzh+/4c/y+/z68MfvlALFszT1ClT5HQGw2h7e4d+89tg8rS6eqKuv/5KzZ8X3I/X262X/vmqHnvsH6qsSF7ZCwAAAAAARh4SqAPkD1hyDaEKdc22rvAl/FVlDi2Zl5+xKlR/IEOlrBgxCgsKJEmmaaqry6v8/L5L2//nB9+SPcGcEm63S1df9WGtWrVWHk+bNmzcHFWRuWHjZlmWpXnzZ+v000+J2ragIF/nnnNGykrJzs4u/ff3vq6pU6eE1zmdTl188Qe0dfsObd60TWvWrEuaQG1qbtGXvvhpHXXUgvA6m82mZcsWq7yiTD/84c+1c+d7cUnYhx55TH6/X3PnHq4vfP5TUcnVivIyfeqTN6inu0er16zXffc9om9/+8tRz3vD9VdJUlxlrGEYOuWUE7Vm7btavXqdVq1aG51AjdDR3qH/vuW/VDWhMq7tqaeel8fTrsLCAn39a18IJ7TVO6ftBy44R06HQw89/Lek7y0AAAAAABh5uO3QAAWGmKQ0TWnlli41tQZvGhVKog5xZoCMjA0jT6qfaKLkaYjD4dDkKZMkSYcONSTuZA5uTMcfvywqeRpp/ry5kqT6+sak28+Zc3hU8jTSrJmHacmS4DyhkdMTNDY2a/OmbZKkiy/+QNLpAS659INS7/yutbV1UW2GYSTdTpIOO2yqlOr9knTRReclTJ5K0jsrV0uSzjrr1KjkaaQzzzwtaRsAAAAAABiZSKAOkH+QSadIiZKokyqHXgycibFhZOns7JR6KzQjq08T8fn8am31qOFQo+rrDsnvC0iSujq9Uf3mzZ8jwzC0Zet2Pfrok2pubh3QmGbNOixpW3FRoSSpo3fciSxcOC/l/hccEZw24L33dofX7di5S5Lkcjk1d87hSbedOmWySkqKJUnbt+9K+Tymaaq9vUMNjU06VN+gzo4uSVJnlzfpNrMPn5VwvcfTrsbGZknSwgXx0x6E2O22lDf2AgAAAAAAIw+X8A9Qjy8zVZ6hJOrRc/NlN6S6Jv+IGRtGjv0HaiVJFZXx82Z2eb169dXXtH79Ru3ff0AeT3vCfVhW9O/F5JpJuvaay/XgQ4/p6Wde0NPPvKAJE6o0c8Z0zZkzS4uPPkpVlcnvZO92uZO2hWb5tVLUzpaXlaXYXqqoCLZ7PG2yLEuGYai1NZjkLSktCc/XmnT78nJ5PG1qbomeN9ayLL351kq98/Zq7dmzT41NzXHvTW/HpPvOS5LE9rR5wv8vK0/9+sr7aQcAAAAAACMLCdQB6ugyVVmamX2ZprRqc1dmdtY7NowtW7ZslyTNmxNdtdjR0anvff82NRxqVEFBvo46aoFqaiapvLRUDpdDDodDDzzwqFpbPQn3e/rpp2jRoiO1cuVqbdy0NTjn6Nur9Nbbq3T/A4/qtNNO1jVXXxZ1h/lMMfpJgJpm/O+xzbBFPaazvRkzsfBvfnuPVq9eJ5vNpgUL5+mkk45TaWmp3HluOR0OvfLqCm3atHWAr6ZXRNK1vwRv7LgAAAAAAMDIRgJ1gHx+Sz0+Uy7nyJr9oMdnyucnMTOWbNywRfX1hyRJRx99VFTbiy+9ooZDjaqoKNd3vv1VlZQUxW3/2mtvat26DUn3X1lZrnPOOUPn9N4wqr7ukN5euVpPPfW8XnllhUpLivWhD12Q8dfV3Nycsr2pKVg5WlJSHJ6ztKy3arW1tVWmaaZMUoYqT8si5hrdvGWbVq9eJ8Mw9LWvfUFzZsdfit/Y1DjoBGpJSd+3Ks3NzapIUWXa3+sHAAAAAAAjy8jKAo4Snd6RV+lJ9enY0t3drT/f/xdJUnX1RC1duiiqfe+e/ZKkhUfOT5g8laSDB+sSrk9mYvUEfeCCc3T5ZRdLklatXjfI0ae2cWPqJOW7GzZJkmbO6Jtrdeasw2QYhrq7e1LObfre7j1qawtOZXD47Jnh9fv2Bt+vCROqEiZPJWn/gYG9X5FKSorC0x5s2LAlab9AIKBNmwdZ5QoAAAAAAIYFCdRBaO0wE8+dOEwsy1JrOwnUsaK5uVU//elvVVtXJ7vdphtuuCru7vFut0uS1HAo8d3u1659N+nd5P1+f8rf34KCfElSd3fPEF5Fclu2bNOGDZsTtm3fvlNr174rSTru+GXh9RXlZZo/f44k6fEnnko4fsuy9Njf/iFJmnHYdE2dMjnc5nIF36/W1lb5fPHzDTc3t+q1FW8M6XUdc8wSSdJLL70qj6ctYZ9nn3tJHR3Jb7AFAAAAAABGHhKog+D3W2ppCwz3MMJa2gIKMK/iqBUIBNTS4tH69Rv15/v/ov/6xve0Y+cu2e123XDD1Qnv2r502dGSpE2bturll1dEJRTXr9+oe35/n4qLE1em/vi2X+urX79Fy5f/W15vd1RbXV29nvz7s5Kko45ckOFXGjRx4gT99vZ79Pq/31YgEEz8W5alt99ZrV/96i5J0uzZs3Rsb0Iy5JprLpfT6dTmzdv0m9/crYaGpnBbQ2OT7rzzXr27fpNsNpuuvPLSqG0XLVooh8Oh7u4e/em+h6KSw7V1dfrVr+5M+n6l64ILzlZJSbHa2tp1222/1vbtO8NtXV6vnnjyGT322D80qbp6SM8DAAAAAAByizlQB6mlLaDSIrtsNiON3tljmiMrmYvEbL0VpJs2bdUnbvx8VFuiasrp06bq2msv1+wkl5svW7pYp7z/RC3/1791358f1lNPP68JE6rU1NysQ/UNOuH4Y+R0O7X8X/+Oq15dtGiBHn/8ad37hwf0xz89pEnVE1VYWCBPW7vq6uql3grOiy+Jnv/U6t2NoeS/80aKPqHtzz/vTK1Z+67uuedP+vOfH1ZJSYk8Hk84mTt16hT9x6duiBv35JpJ+txnP6m77rpXq9es1+o161VVWSHTNNXc0irLsuR0OvSJT1ynuXMPj9q2rKxUH/3olbr33vv12mtvas3q9Zo8pUbd3m7t2btPk2sm6aILz9f9D/yl70XEvqh+XntRUaE+//lP6de/vksHDtbqh7f+QiUlRXK789TU1KxAIKALzj9bpmnq2efqUuwJAAAAAACMJPZ5J33xluEexGhkSfIHLBXl26RhS4VYqm/yq9tH9elgXX5maRq9hs4f8Gv16nXhistIDodDxcVFqplUrWXLjtYlH/qArvjIxaqoKE+5zyVHH6XqSRPV3t6ppqYmNTY2qrysTBdddJ4+/OEL1dHRpY0bN+vMs05VzaS+qsd5c2fruGOXyOV0y+f3qaGxUfWHGmSapmbOPEznnXuWrrvuCuW53VHPt2fPPjU0NOr8C85SWVni982SpbffXqVFixdqScyNr/bs2aemxmZdeNF5OvOMUzWhqlJNTS1qbgreVGnKlBqdd96Z+uh1VyStBp04sUonnnic3C6XOju71NrqUXdPtyZMqNIJJxyrT37y+qRznE6fPlVHHXmEOjo71dzSqvr6Q3I4HTr1/e/TJz5xrYqLC/Xmmyt19NGLtHDh/PB2LpdTK1etU15eni644Gw5HMm/dyovL9MJJxwrh8OhjvYOtbUH52OddfhhuvbqK3T66Serp6dHa9e+qxNPOk5z5hyedF8AAAAAACBzAn6fJKm2tjbtbWpqaiRJxkU37yL7NgQVJXaVlwxPIW+zx68mD9WnQ/HID6cN9xAAAAAAAACQZd3eDknS6tWr095myZLg9ILMgTpETZ6AvN25v4FTp9ckeQoAAAAAAABkGQnUDKht9Mvvz10S1R+wVNfoy9nzAQAAAAAAAOMVCdQMCJiW9tT65GnPfkWopyOgPQd7ZDLxAgAAAAAAAJB1wzN55xhkSTrU4le3z9SEMkf8nbyH/ASWDrX45enI/XQBAAAAAAAAwHhls6zoUkaWh7bc2h7Qnjqf2joCwbaY9oEuW5alto7gPj0d5rC/vrG2DAAAAAAAAKTiMGIqJVke+rLPb6m+2a9Gj6HyYrtKCm19/WIrU5Msm6YlT4eplvaAAgEronn4X99YWgYAAAAAAABScViSjN7KPMMwZFnBHF54mfZBtwcCwcv6G1okt1MqKnDI7TJkt0k2m2S3Bbe3zOA8qqYpdXWb6vCa8nabwz7+8dAOAAAAAAAApOIIpZBCyaS+QsneZdoz0t7tk7pb/UrXSBv/WG0HAAAAAAAAUnGM1MpA2mnPRftYwLyuwODxZUp6iDPA4BFn0kOcAYaGWJMeYg0weOM9zjgik0tKUrlHO+1jtX2k4QMdyK3BHHOj/cSBOAPkFnEGQC4QawBk23iMM5FswYq8vjci0SPttI/V9uFiWVbCfwBGvtFy/I6WcQKIN1qO39EyTgCJjZZjeLSME0C8sXT8OvrmhgxV6kUsK2aZdtrHWHuujNYAASB9scd5rr9tJc4AYx9xBkAuEGsAZNtwx5nBsKWq1DP6qeSjnfbR3p5No/3bFQBDk4sYQJwBxjfiDIBcINYAyLbREAN650C1Yir1WGZ5fCxnWiYP9pEcOIDxZqgxI/J4zuS+hoo4A4wcxBkAuUCsAZBtIynOZJItlEyKrtRjmeXxsZwp1hC+KbHG0JwgwFiVyeN0sNsSZ4CxjTgDIBeINQCybSTEmWzorUCNrsxjmeXxspwJA91PNg7+kRJQgNHEyMC3mbHH3kD2GYpJg3meTPcfrn0CYx1xZmCIM8DgEGsGhlgDDNxoijPZ4uhLKvHI4/h7HIqBfPAO5kOaD3YguwZyjA3mj4J0tgn1T9aXOAOMbsQZ4gyQC8QaYg2QbaMhzmSbQ4pOKkUvS7TTPrbbByfd4JFOv4F92EcHCk4UgKGL/wCOP64SHWv9fXAP5AM+0Zc6xBlg7CDOxCLOANlArIlFrAEybaTGmVxwSCOjEpBHHofjcaAy9eGfut1I2Cc43ETrAAxNog/96OW+eGFF9EnvEpR0TwYGelJPnAFGE+JMeC1xBsgiYk14LbEGyJKRFWdymUgNV6CGH2Mq9WinfWy3py+d/qn6JG+LHothhALB0McDID2xH7zxx1/weIs87ILbJD4pSPRBns6H/ED6DKyNOAMMN+LMwJ8LwMARawb+XAAGZqTEmVC/XCVRqUDlcVw/pqu/D9yBf/j3ffAbhhUXcPiAB3IrnWPOMIyYY9UKnxQkOyEYyMlA5BgSxSjiDDC6EWcA5AKxBkC2jYQ4E9snF0lUR3hARl9QsmIq9GinfSy396e/fsna49cn/+BPZyycGAC5k+rDO7JPX7fEJwT9nQyE1ic6vvtrT7yeOAOMFsQZALlArAGQbbmOM4n0154JjtDgrBFSEcgjj7l87E9/H7zJThCihZ4vvQ/+gXzYc2IADF06H/iJ+kb2SXRCkM7JwGBiTOL1xBlgJCPOpEacATKDWJMasQYYuuGOM8OZRHXEVeqxzPK4Wh68RNtHr4v/8O9/m3TajLj/czIADFxfJUTk2vhjKdkHf/Q+Ep0QJD4ZGMiJQLL+ESMgzgAjGHEmVRtxBsgUYk2qNmINkAmjIc5kmyM4sOAAQ5V5LLM8XpZTGciHc/yyBvzhH9/HiEr4htcaiYJU8teR+jmAsSf9D9REx2X8voLrUn/4JzpRiD8ZiG+P/EIn2R8VlmVF9Y0cK3EGGB7Emfh9JFsmzgCDR6yJ30eyZWINMDijKc5EbjOQL2syxdH7FFEDCyVVo5dpp32stscbfPI09M1pOn0TbxteirmjZN+JR9KhAcjQyW7fh278cRd74p9oOXIcoZMBK+YbVdM0k54IxL6G6L7EGWC4EWeIM0AuEGuINUC2jZY4E5sYHY4kam8CNTSo3sfQaGPX0077mGtPfLAlk+pD3ErxzWny7YyIQBG9baJh8C0okH2JKiNC64OiJz2P/VY00XLsN6qpTgRiRVZtSAZxBhgDiDPEGSAXiDXEGiDbchFnIo/14UyiRlWghh+tmGXaaR/T7enpP3marC3R/6Pn+En0oZ/sAz9+fea/WQHGj+jjKdUJQOz60DeioW9Hk334x/7fMCTTTHwikOyEQr1xxmaLGDlxBhgliDMJ3xXiDJBhxJqE7wqxBsig4Ykzg02iZprDCn73o1BlnmVZESHFkCWLdtrHbHusdD94kyVPB/Phn+q5Q9/ORq+L65VwzFJ0UhcYr4ZWfJB4rq74D/3EJwOJ/q8kJwLRY45dVlzMiO1HnAGGD3GGOAPkArGGWANk20iLM9GX9IfGmF4SNdPJVUdvfje099hwI9ppH8vtQ5V+8jS9D//YD/1gU/QJSqITjlTjA5CeyA/z5KyUH+6xJwOpvlGNPRFI+oxJThaIM8DoQ5wJvQ/EGSCbiDWh94FYA2TLSI0z2RSeAzWqUi+8HEI77WO5PWig1af9JU/jvzlN1c8I7zP0oR+a8yP6uVOPFUB2JDrkIo/pRCcGqao1Yk8E+o772D8kjLg4k7pCgzgDjFbEGQC5QKwBkG2ZijOpkqjDUYUangM1qlIvLrlEO+1juT25ZMnTvhtTpU6eWhE3lkp8oqDwSYJigkqqD/zocQAYmuQn1fGXqRlxx1+ik4Hob1QVdVIQeyIQ3T9yLPEnE7HbiTgDjBLEGeIMkAvEGmINkG3DG2f69mWlnUTNFEd4gMHvhMLf9oQGFf72h3bax2B7SKIP2lSi9xO9j+gTgL7lQ60B5TslyzIzeHkI36YCmZPoeEr/GDMMyW6zyem0yRm6vsMwwrHANM24E4HQdsliSrI407ev6DhzoLtDJaZbltnf5TQDQZwBMmf0x5k6r0+Flk2WyfkMMHKN/ljj9zapxypWwExczTY4xBogc7IbZxIlUZUizqQcaYYSq47QPkIVetH77Fumnfax2J5KbFI1NjEavS558nR3rV93P+7R7jq/jjrcrVs+WSOHPeVTAxil/H5TXV6f2jt6lOe2y263wicCSlChEfqjwYi57C3yMrfIP1KUJM5s6j6kb+37pzZ3N+ik4mm674jL5TIINMBYNFxxZnunVz/ddkA7Oru1rLxIvzpmrpwZ+GMEwMg0XLHG1rVDxu5fyOndoYLSJco76ieS4RyOtwBAlqWKM4mSqKHHUJyJ7BOSzSpUW18A5JHH8feYrkSXfSS6rCS079CB3O2z9MuHW7W7zi9J+sDJpSRPgTHM4bCpuMitsrIC9fgCUvhDPD7uJP4Cxoi6NC2dONNl+fSFPc9qc3eDJOmGSUtJngJj2HDEGa9p6nub92lHZ7ck6fLp1SRPgTFuOGKNYXXJtvMHsnl3SJKcky8leQqMYUOJM0FGgnXZYwtX6IUuc45Yjn2knfax1q4kB1uyAzBVqbhlRc/ZIUl/e6VdDS2BcJ+5092JNwYwpuS77XK7HPJ2B4//YMVF8EQg2R8QodjR3xQhVsTlc5J0e/1b2u/zhPsuKZqc7ZcHYATIZZy5b+8h1Xb7wn0XlhVm++UBGCFyGWuMAw/I8NWG+9pKjsj2ywMwAsTGmcgkarLcTGTeJdZAcjwDEVWBakQFNMU90k77WGsfmOTVp33fsiqqz7rtvqh1JYW2wTwxgFGooMClgBl7EwX1U41hxH2T2l+cWdG+N2pduTM/K68HwMiTqzjzTktH1Lqy0GRlAMaFXMUao21l9N6dpVl5PQBGnsHFGcXFkmyyRc4dIEVP2qpwVpd22sdmezoiD9JE28W2h75tlaSDjf6ovk5H7g5uAMPL6bArYEZWWfTFCMV88Pf931JozrBE7YnizHs9LVHP6+byfWDcyFWc2dvVE/W8LhvnM8B44nTYFQhkP9bYuvdFP7Hhyu4LAzBiDOScJqS/9kyzhZJJUZV6LLM8bpbjD7L+DrzEJwrRB2+o3R9IuAsA44BhBP9uCF2Wpog/Fkwz8R8SqdaZphUXZ0zTVI9FoAHGq1zFGV8O/igBMHKFikiyHWtkRV+9B2D8CJ3TxMaPyPyNksSURLJxGX+wAjWmUo9llsfLcn8iL0ExklafJr40JZel5ABGsuQxIrLqIhRngrGmbxviDID+EWcA5AKxBkC2pY4zcb2N+G2yxWZZVu/ckH0VdCyzPF6W0xV78Cb6ViS6PfsHL4DRweq9SYIiYkQoHkX3if8X2U6cAZAMcQZALhBrAGRbunEm0WO22RQxJ6TVW5oXWalHO+1juj1GsgMvVfVpspOGgSRoAYxdoRgR+QHfFyOMqBODyG2UIM4k3geA8Y44AyAXiDUAsi02Rijqi5dUVajxMp1YtSliYlajtzQvslKPdtrHdHsKfQebkWR9sv/npnwcwOiQKjb0zSVmJIgnRkwf4gyAxIgzAHKBWAMg21LFhmT/T9Y/08IVqH2VedHLtNM+ptvT0F9ZONWnAJKJveykvxOA2IqMZH2JMwBCiDMAcoFYAyBX+oszkfrL12RSuAI1WaUe7bSP6fZBCn2TGr+Pvm89+BYVgOLiQXTQCMaQxJeiEGcApIs4AyAXiDUAsm2wcSYXbOEnD1fksczyeFruT6IP+qBE354qfFADQLRQbIj/NjVx3DBCczcrfjviDIBEiDMAcoFYAyDbkseZxImcUHI1m2ySJaM3ogWfkGWWx9Nyn1QHZbKy8OhlI3xw8w0qgEihuBCc+ytxtUVk/Ej2BY1kyDRN4gyAOMQZALlArAGQbdHxw4haH9sv1fpEbUPRW4GqiDJYllkeT8upJe/TV5marA/nAQCUIhb0xY7oE4M+Rm8bcQZAasQZALlArAGQbf3FmVSVptn+MsYmWb3P3VuZxzLL42p54BIdlKFvRwa5SwDjhJFgQvSQ/r4pJc4ASAdxBkAuEGsAZFu6cSZXHFJoQpK+yjyWWR4/y4OT7AOfS1AAJBN5yVryttTrUq0HAOIMgFwg1gDItv7izHB8AdNbgZq6Uo922sdue2qRB2WqeTVid2ZZnBAACAp+sRK7NjJmWDF9rYRtxBkAyRBnAOQCsQZAtvUXZ1LlZbKdVLVFVuT1VeZFL9NO+9htT6X/o48PegBDkU4IIcwAGAriDIBcINYAyLb08i/Zy6IGK1AVqsjrfWSZ5XGzHK//g9KI2jR6MmMASC3RXD7B+BEZROLjDHOFAUgXcQZALhBrAGRbKFakjjPxslHsZgsnk6Iq8mIq92infcy2965JcHCF1vU3CXpofXy/zB+wAEYjKypGxP4/9jHdNuIMgD7EGQC5QKwBkG3xuZV05lFOlL9J1G8ooitQwxlcQ1bcetppH4vtAxd/8BlRbVzWD0AJYkV8fDCS9ifOAEgHcQZALhBrAOTaQOJMrtgSJ5ms3qElS0LRTvtYac+GwSVmAYx1mYwNxBkAiRBnAOQCsQZAto282GAL31CnN7kUXZkXccMd2mkfg+0AAAAAAABAKrbg5KvJK/dop30stwMAAAAAAACp2IIppL5KvfCyYpZpp30Mtg9W7HwbsXeR5K6SACL1FyPSmeycOAMgFeIMgFwg1gDItsHEmVywhSryQpV64eXYR9ppH4Pt6crmndwAjG+J7hiZ6i6SADBQxBkAuUCsAZBtw5mbsQWfJ7JSj2WWx89yJiQ7gDlJAKAU8WAgMYI4AyAV4gyAXCDWAMi2TMSZbLEZhmTFVOqxzPJ4WR6M/i4xGQkHNoCRp7/YEBlbiDMABoM4AyAXiDUAsm0gcSZXbJYlGZGVeSyzPI6WkzPSOiC5JAXAYITmZU7vixyrN34RZwCkjzgDIBeINQCybSB5l2AeJzvZ1b4KVB55HIePmcSlJ7n1jxUedXWP7ff778vH/mscb4YaJ4gzufViyw5t6jw03MMYsmeat2lbV+NwDwM5QpwBkAvEGgDZNtLihMOyghna4GPw2yCWWR4vy6Ndh9fUJ/9nn9q7zPA6h1266xvTVFVqlyQdag7oK78+oOsuKNeZxxaF+63Z2qX/vqdOgd5NC/NsWjw3TzddXqWifJvue6ZZO/f36Nsfr5bNFuyz6b1u/erBQ7rzv6aqo8vUZ27br+/eWK0J5Q7ddNs+3XzNRC2ekxd+ju//vk4nHlWos44LPu+BBr/+8I8mrdvWJUmaNcWty88s1ZJ5+ZKkp1Z49I8VHjW0BDShwqFzT+Qu2NUAACAASURBVCjWh95fEve6d+7v0d2PN+nkxYXausenXz54SD/9wmRV9r5mKfgz/uYdtTp6br6uOKtUkrS71qffP9GoTbu65XIaWjIvXzdcWBF+r77+24NaOi9fV5xVFt7PY6+0am+tTxefWqov/WJ/+P2KdNaxRaosc2hPbY++fv3E8Pq2DlM3/WSfvv+pGh1W49Q376jV+xYX6oKTiiVJz73Rpqdfa9OPPlujfHfw9/Hp19v07Ose/frLU/TcG23q8Vn68BmlA/m1ADLuI5se1uuePVHrbp99oS6snC9JMmXpkg0PaG5+pX4y67xwn9ZAt05afZc8gW5JUp7h0MLCifrhzLO1oGCiXm7dpW/tekGPLbxG1c5CSZLX8uuUNXfrgflXaE5+pa7Y9JA+UDFP11cv0aUbH9CppTP1hSknhp/jjoNvaWtng35x+AWSpLZAj36yb7n+0bhFHr9XM/LKdc3ExfrYpKWSpOWtu3XbvuXa0tmgUodb55XP0VemnaISuzvq9Xktv76841l9f8aZOqJgQnj9D/e8qn+27NRTR31UbqMv5vQ3tv5ea7HdrfPW/1GPL7xaM/LKw/s4e929+uLUk/SBinnhdc81b9dXdz6rRxZcqXn5VeH1P9v3mrZ3NeqOORdFvZYVre/pgbq1um/+ZWn/zIFcu3vHAd2z42B4eaLbqSumT9R1MyfpzUaPvrRquwK9f0QVOew6rrJE/7XwMJU4gsfhjvYu/WLzXq1raZfbZtPxVSX6/NxpmpjnlCR95p2tWtnUFt6/Ien2Y+fpnUaPdnd6tay8WD/etCduXJL03SNn6ILJleHle3Yc1NuNHt1x3DzZIvo1dPt0wxub9N+LZmlped8516v1Lfrhht2649h5mlXUd56Uzut6s9Gju7Yf0La2ThXY7TqmslifPHyyDivM0++2H9DuTq/+Z9Es/bvBo9s27dbdx81XlTv4mrtNS5ctX69fHzNXMwvzBCDEVPeaz8oomCHX3K9Kkvz7Hlag8V9yL/5tdM+Wt9Wz5VblHf+oJFvCbYM7aFfXO9cp78jbZBTNUfe6L8g+4TQ5ai5JOIJA4wr1bLtNeYt+JaNgZt9u9vxBvt33hpcN9wTZK06S8/DPS4Yj6X5jt5MkR83Fcs7+UtS6yO19790ts32b3EfeKikYc0zPu+rZ8kPlHXOfut68TO65X5Wt4sSYfXxJ9sr3yVY4Q93vfk2y/H3jLThMecv+lHLf7gU/kHf1jZIViHtf7NUXyDX3awo0Lpfvvd/L6torw1ku+8Sz5ZzxMclwBd/rtz4iBdqDG9lcshXNkWv2f8oonC3vW1fIOf2jsk/6YO+b3S7vmpvknH697BPOSPjzANJhUziZFFGZF7FMO+1jun3ARlbS1dNuqr3L1H9cWqlbb6rRrTfV6EefnazKkr4/6v/2aqtKimx64LnmqORffbNfAVP6wX9M0m2fq9GnL6vU+h1ePfhciyTpULNfqzZ36b5nmsPbNHkCOtgY/ID0dJhqaQuosTWg9k5Tre2mfvLnejW09H0Q1jX5dag52L++ya8v/ny/Dhzy6apzy3X9BytUUWLXk8s9kqTX1nXqd483adkRBfr8R6p02tJCvfJOuzq88RnLZ15v06zJLpUV29XsCajJE9ADzzZH9fnX6g5t2OlVQ0vw+Q82+PXlXx5QV7elT11aqSvOLtPGXV59/TcHws9R1+jX/c+26J1NXeH9HGryq67Jr6nVTt3yyUn67o3VOn1ZkZwOQ9+9sVrfvbFaHzm7TLWNPtU3+6PG0N4VfF8aW4PrDxzyqbbRF25fdkSBGlr8uvOxBknSrgM9+v0TjTrzuGCCdfGcfL3wZpswnhgjLs5I0s6uJl01cZH+uuAq/XXBVXpswdU6q/zwcPtzTdvU6OvUk42btcPbFF7f7OuUJ9Ctb00/TU8svEZ3z7tYAcvUF3Y8LUmq7W7Tnu5WfXrbE/JbweOwM+BTbU+7GnydkqRdXc3a090qSdrrbdVP963QP1t2hp9jf7dH+7qDccRvmbps44P6W8NGXTtxsb4/4yy9r/Qw/b52pdoCPTrY06aPbfmryu15+tHMc/SZycdrQ2e91nfUxb3mZ5q2qdnfpVPKZoTX1fs6dG/dKpmy9NdD70b1729s/b3Wxv/P3n3Ht1Hf/wN/3UmyLct7j9jZeyeEDEYgkKTsvTdfOlht6YK2tIWWMvpjtbRQKFD23oRNIYEwkpBFduLEzvCME8fbssb9/jjd1GnYsexEej0fjzxOn/t87nQy3Fun973vziv/a/C0G//2XU3YHViH4t49S1GQlIZ/Vn9rmL+zqwk73QeCPsvRmUOwuLkStd2MJ4RDNs7s7nBjsCsFT8wcg8eOHI0zBuXjn9uq8d3+VtR1dsMnSfjXEaPwxMwxuGXcYKzc34r/VNSoy1717SZ0+Pz41dhyXD28GGub2vDD5ZvR5pWPS3a1d2F+UTYePXI0Hj1yNP5z5BhMzHJhT6cbezrcOLE4B3+fPhIPThuJkelOjMtIxYPTRuLv00dibkGWYVvru7qx5kAbPqwxVnY/tr0Ge90eNLq7jfMrapCX7MBTO2oN8yN9rv/VN+GnK7chw2HDTWPKcOWwIuxze/BpvXzMo2w7ADR0daOmsxu/W7tDTch2+nxocHuw3+0BUf87NGMNAPgal0LyNMG39zNInfKJEzF9FPwt6+FvWmEY69n1PATX8EDy1HpZAJC8BwDPfvi75StXpM49kDqN+7xhvTufgJCUC8+u5wzz/Z27IaaPQ8r0/yJl2pNwlF8Bb+3b8O37Kux6/Z27IaaNRvLkh9R/jvIrgsbpl5fcdfA3LYOn8nGtv7sRUlc1INggppbBs+tZ4/s0r4W/eRXEjHGQuuoAyW94z+Rxd0Rct5A6GMkT7kXyhL/BVrAQEJKQPOFvSJ7wNzgGXw5fwyfo3ngrRNdwJI36DWyFC+Gtfg3dm27T/ta+NjiGXofkKQ8jedxfAckH95a/AgBs+fPQXfF3SB1VAIDubfcCvg7Yso8M+d+DDlf9G2PsMFSghqrUYz/747O/70V7/5++VVbowOjBcvWUKED9bG2dfny6vBV3XluMe55twNI17Zg7zWVYdkRZMpzJAkYPTsbilW2oadQOsl0pIt5a3IzRg5Mxa0JqxO0QANz9dD3uvqEEdpux77kPm5DsEHDPjcVwpcgHICfNTlf7t+9xIzNNxDVn5Kjz9JWgemu3dapVq4rPV7bh9LmZGFzkgNcnv5/eCx81IdUp4o6fFCE5Sf4DTR3lxI33VuOzFW047Ri50jU9VcT9L+zFAzeVoDDHri5vE4FJI+TqjYo9bogiMG2McRskPwyX3Ls9FuWqOnmZNtxwfh7ufroBE0c48dbiZkwc4cTpgW0ZVZ6MRUtbUL/fa9gWOpz1ReAZmDhTnJSOaWklQOD+P6Lus/y7dgUuK5yCzR178WjtCvxt6ELDssOdOeqymzsacd/upYb+qq4DuGPXYtw2OHJVQJY9BT+tWIT3J16B8mRjdfarjeuxsaMBb42/BNMD7wcAtwfWu7KtGm7Jh1sHH49RTrma7KrCaZbv81XzTgxNyUaWTavaerJuJY7KGIyTc0bhXzXf4qKCyYb/ouG2rTef1cqS5irUdbfizfGXYMH3/8Ut3ceiNCm4Ul9valoxAOCL5ipckD+xV+9Lh5PDN844bSImZMrHKZOz0vDSznpsbulAeuCgYlymC6mBMR/U7MPuji4AwH8qauCy2/DwEaOQYpOPMWbmZuKirzdgUfU+XDhYvjokLzkJEwPrFwTBUD2aYbdhVq68Lz1XZUeyKGJ2Xvh9698VNTixKAdJooDK9i58WLM/aMy3+1rQ4O7Gf44cg0u+3ojrukpRlJJkGBPqcz24ZTdm5WbgwWkj1bEXDS4Mu027O7rwj617cNPosrDjiA7e4RtrvHtegr34TPg7tsOz52Ukjfw1xMypENJGwVP9GpKzZwAApPYd8DevRvLE+8Iu21P+phWQ3I1ImfJPdK28GpL7RxCSdfu2LQVC6jAAgOCXf5sJjvDxSF7OBTF9vPxagFr5GX6ZNHj3vAQxYxxsuccYuuyDLkD3ht/B37oZYrp81ZG3+jWIGRMgpo+Dr10+aay+JwDors4JuW7BBjFLPv4SW7fAJ4gQs2eq3Z7KG2DLmYOkMX+A8imE5Hx4Kh6A1F4BBI7NhNQy9b1t7Tvg2fkEAMAx5Br4D6yCe/OfYS8+E769S5A8+e+AXbsygA4Xh9ZJGFFJKoWt1GM/++O0P178/pE6nP2bKpz9mypc//+q1fkffN2K0jwHRpQlYf6R6XhzcXPQsq98cgDPfdCEB17ci5WbOzFnopZgHT88BRctzMaDL+5FTaM3aFmzX1ycj33NPjz+VvC99rbtcmPiCCdcKSL8EnD5bbtwzs1VuOl+ucpi9kQXOt0SfvuvWrzyaTPWb++C3yL/6PFKqN/vRUmeQ52XmiLg+CPS8Mx78g+X975qQZpTxHRdgrNitxsThqWoyVMAKC9yIC/Lhoo9bnXeeSdkYVR5Mu5+ugHd3p79T7KjphsX/n6n+u9n99VEXGb2xFQsnJWOh15uRHObDz+7ME9NgA8qkD/j7npWjtDAu3/PVxi6/D4MXX4fhi+/X61m/K6tGuva63Bu/nhcXDAZr+/dgL2mKso3Gjfib7u/xB+qPsU/q7/BSbmj1L50WxIeHnkanqpbhXf3bY64HTeWzMKUtGL8eOvb6JKMcWlNWx1y7alq8vRHW9/C8OX3Y/x3/0Btdyump5VicHIW/m/rm7hz1xJ82LQNHX7r/WtrZyOG6i6l7/B78Fz9GlxcMAmn5Y7GXk87Pm6qiHrbevNZrTxauxzn5k3AiJQczEwvw39qv4u4TJEjDS7Rwfug0mHBJ0no9kv4qrEZrV4fSpxasvHJ7TX4d0U1bltXia8bmzGvUN5HN7a0Y1pOupo8BYBhaSkoTEnC5hYtHr24sx5zPlmFOZ+swtxPV6HT6r48UToqLxPJooBXdjUAAP61dQ/OLsszbAMAPF9Vj1NKcjHElYKp2Wl4cWdwxbvV52p0e9DQ5cGxgerXTS0dOPbT1Tj6k1W4f/Nuy21y2W24c/JwvLqrAZ/WNVmOIUp0/pb18Ldtgb1wIexFp8FX/xHgkX9DOEovgL/pW0id8j7mqX4NgmsYxKwjIi7bE549L8FeuBCCczDEzMnwVr9i3MYDq9D55fHo/PI4uNf8GLa84yBmTo382ZpXoXPpPPnfl/Pg2/tZxGVsWZPhGHw1urfcCalzj7EvZw4EZxm81a8CgapS376lsA+6QP+u2nsunQdPxX1RrTsUqXsfpO5GiDmzjNsSSLD627ao83wNH8NT9Tg82x+EZ/ezsOXNlTsEO5LG/hFSZzU8FffBXn4pxIxJUb0/UTiiklQyVKIiuHKP/eyPx/54ccN5ebjvZyW472cl+NM18tlLj1fCu182Y96MNPj8wPHT01BZ0421W7sMy7Z0+LCz1oPFK9tx6Q+yMX+m8czceSdkYsLwFNz9VD3c3eF/aGSm23DzFQX4eFkrPl/ZZugTRAF+v5yQFAXg/ptKcf15eajbLycvRpYl4ZFbBmHWBBcqa9y466kG/PyBarR2GN9TaTtTjP8BL/lBNtZt78Ky9R149dMDuPq0HMN/Y0EU4PMHJ0RtomBI1AoC8MuL89Ha4cOjr/cs2VCa71BvpXDX9cX41aX5USwFXHWaXHW7YFY6stO1s7Yup/wjrKU9+P5ARP3tsoIpWDThMiyacBk+mHA5ipPkCvJ/1yzHiVnDkWlLwdS0YpQmZ+C/dasMy7Z53ajubsFT9atxRPog3DfsJEP/rPQy3FI+F7/a8WHEJJ8oCHhoxKlo8nbi1spPjX0AfJK2Q/9t2A/w0aQr0eJzY7+3E+m2JHw06Ur8tHQW9nk78Jedn2PW6kexui34UrgD3i6k27TEzYsN38Mu2HBs1hA4BBtOzRmDf9csj3rbIn1WpaLXb6rE8UNSq+Q2dezFl807cX7+BHglP87Pn4AXGr5Hs8+NSDLsKWjydkYcRzSQNrd0YM4nq3DMp6vwi1UVOKEwG8cVaicymj0+VLR24oPa/fjJyFKcXirfA1gUBPWydT2bAOi/+n9QnIOnZo3FU7PG4pnZ4+A0JTt7wiYI+OnoMjy1oxZf7m3GmqY2XD2sxDBmW2snlu9rwSklefBJEk4tzcNbexrR6jV+r1t9LjFwEKN8rjEZqXh+zjicMSgPtZ3GWwToTc1Ow3UjB+GODVWoausKOY4oUXn3vAhbzhzAng4xfRyElEJ4qt8AANjyj4eQnA9v9euAtxm+hk/gKL0wqmWjJbVvh//Ad7AXngRIPtgLT4K3dhHg1X47yZfwP4GUaU8iacyf4Nv3FXyNn0dct5g+BslTHw38ewy2vKOj2iZ7+aWwZU6Be+MfAMMxhQB76fnwNX4OqbsR3po3IKQUwZarX6+oe89H4Rh8TZTrtqY+p8R8f1SlslV3nCd5OyC56+GteRNixkQkjbpFG54yCLb8EwAAjvIro/o7EEViN1TmmSv12GY73ttxorRArjLVW7yyHc1tfjz+9n48/rZ2ZvSNxc2YPEq7JPWaM3LhTBbw0MuNeOfLZpxydIb6QCMEEoo3XZSPXzxYg8fejJxQHDM4GVefnoOHX9sHr0/7Iw8vTcLqrZ1o7/LDlSIiL9OG/GzjZel5mTacMTcDZyADzW1+XH7bLizb0IETdQ+/EgObZi4aycmw4ezjM3HnUw04YqwTE0ek4K0lWsXtiEFJWL2lE13dElICVai76z2o3+9VL99XpLtE3HJ5IW7+Zw0cdgHDSo0PlwklJVnAuKHa2NrGKC6bAZDkkLcnJ9043hf4+yn9RAOpMCkNk11FhnmVXU34KFCFOXS5VnHwbP0a3FCqVQ5cXjQVJ2YNx7GZQ/Dz7e9jfXu9elm54ifFM7CqrQY/3vp2xG3Jtjvx6KgzcPaGF5Ak2jAhVT5xNNFViOca1uK7tmockVaKLHsKsuzGB6e4RAfOy5uA8/ImQAKw4Pv/4un61UHbI0KAN5DM9EHC43XfYZ+3AyOXP2AYt7KtxnC7gFDbFumzFiXJca6icz9mpcuX3la5D8Ar+ZHrkG+h8kitnLBdsO4pw/qerV+NG0qMlRpmXsmPZIG3AqFD2xBXCm6bKD9MpSDFgdwkh6H/pjFlSLWJuGNDFV7eWY/zygvgsokYm5GKbxtb0Onzq0nRyvYu1HR244Jy7cqanCQHxmZEviVRtI7Jz8SojFT8anUFfjpqEDIcxu/x56rqAACXfrPRMP/13Xtx5VAtnlp9ruwkO/KTHfhybzPOLy+AAKAsNRlZSXY0dIW/MuXSIYVY39yGW9Zu77PPShQPpM498O2TbyPUuVS7lY639i04yi8BRCfsJefKD2OyJUNwpMNWMC+6ZaPk2fMiAKBr1dWG+d7at2Avu1Ru6C7ht7mGQdj9AvzN62DLOz78ym2pENPGRL0tGgFJo3+PrtU/RPf2Bw099sKF8FQ9Du+el+Ct/yCQIDWefAr/nqHXbcmRDSE5H77938JecrY627f/a/m90sdq21ZyJmw5c+DLPgLdW+6Ev20rxPRx2jsn5QD2DONtBYgOQoh7oHLKaWJM48XOWq0SIckuYFhpEt7+ohkzxjlx4XytcmNjZReeeGc/qmqDKxcuWpiNxava8M4XzbhgvvHeoy6niFuuKMBv/hH6Ruh6px6dgc073fhytXbZ3NnHZ+Lr79tx80O1WDgrHS6niMWr2tSzjP96dR9q93lwzBQXMlw2rNkqV0qVFxp/PKW7bLDbgFaLqsyz5mZi6043rj4tJ6jvnHlZ+Pr7Dvz+4VosmJUOj1fCW0uaUZhjx0LdvVgVI8qS8KOzcvHwa317yWttoxffrpcfjiOKwMThzpAJ0uZ2OUucnc4vfRp41d0tWN4qX34lQMAEVwEeq12BQocLj48+W71DUavPjcs3v4aXGr7HvKxhhnWclTcOj9Qsx927v8DLYy8Ieo/7h52EU9Y/g33ejojbM9lVhD8POQG3VH6szjsjsP6rNr+Bq4unY3BylvpQJREC3mjciH9Uf4MLCyZhcHImdrqbsaOrCWfnjw9af0GSC/sDD7J6b98W7HG34PFRZ6mJTgD4ecV7+HfNcvxn1JkRty3SZ822OzE7owz37P4C7b5uZNiT8VTdarhEB47NHILa7la8u28zfjHoKMPf9Ym6lXiybhV+WCzfr63F68aHTdvU/omuQhQlpeOAtxP5SS6LLSE6dKQEkqGR/HB4CT6s2Y+Xdtbj/4YV4/KhRfisvgnXrtiCMwblw+P34/mqepQ4k3BWWXRXg/TWL8aU4ZFt1TivvMAwv6HLg0/qmvDD4SU4Kl+7J/JLO+vx8s56XGxxL1Pz57p6eDHu2bgLv1hVgWMLsiAAeL9mH0amR/4b/WHCUFz5zUY0dUe+BRNRovBWvwwhKRdJ4+7Ubq3obYd7/W/grXsP9pJzYS8+FZ5dT8G75yU4hvwQEBxRLWvLCT6RKXXtgW/fl3JDECGmlMO39zM4Bl9luETdW/0aPNWvwz7ofHmGrwtSh3x/UX97FaSOKgjFp4dcry1zmro9/pbv1XFiyiAgKfh3kSV7GpLH/QVda641zheTYS85A95dzwD2NNiLfhC0qP49BUcWBGd5dOu2JMBRfhW6t/0N3Ztugy1nFvxdtfDueQG2/BMhuEZA6jLdaqBgPoTdL8JT+R8kT3og5JqJDpZagcoppwk5PcxluES4UkT8+w0tyWe3AXffUILmNh9+f3UhinO1iqMRZUlYvqED32/rQnmRAwU5diQHknd5WTacOy8L67Z34YL5QH6WHZ3d2h9paEkSrj8vD899KFezprtEZKaJyM20IS1Vfp3h0hJ9N5yXh9q9HuRk2tTl77q+GC9+dAAvfNQErxcoyrOrydoz5mbg2feb8Oz7Teh0+1Gc58DPL8rDqHJj9adNBMoLk1BVK1dfZKfbUJgjH9gkJwn44zXaD5LcTDvysuTPP7jIgTuvK8Iz7zXhiXf2wyYC08em4prTc5Bkl/8GhTl25GZpf6+Fs9Kxo7obHV3Gctf8bDtK84yJ3aJcR9D/UxkuEVnpNuRmyussznNg+YYOLN8gJ0wEAfj9VYU4YqwTRbn2oIrcXXXdsInA8EHRVcASxcpQZzZebPgeLzZoB8gPjzgNK9tqcOvg4zHFVJl6Q8ksfN2yC+fkT0C+w4WSwOX+IgTcOvg43FixCJ1+D4qS0lCWrJ2wSbMl4bFRZ+LiTa8gx+FU31t5INOg5Ez11gEAcEnBZKxvr0ebTz4p5BIdeH38xbh79xd4tn4NDng7UeBIw6UFkzHUmY3S5AysaqvBk3UrsdfTjnyHC9cUH4EfFh0R9JnHpxbizUa5amx56x5cXjgFC7NHGMbcNuQE3LT9fUhRbFs0n/WfI07DHTs/x6O1K9Di7cI4VwGeHnMu8h0uLNq/BSOdufhp6WzYoJ10+UP5cThp3dPY0tGIISnZeHPfJvxw61tq/7XFR+KCgonwSH5DpSzRoWaQMxkei1vtAECRMwklziQki3LVU2FKEq4YVoRV+1vxf8OKMTzNiX/PGI1/bavGg1t2wyYIOCovEzeNKUNy4NKVstQUlKUGf58OciYHXf5fmpqsvpeV/GSHut4RaU7cN1WLDcUpSchLTsK65jYMS0vBVcOKYdOdJ/3Z6DJc9s1GbG/rjPi5zh6Uj1SbDS/trMf9m3fDLgAj0lNx1qD8oG3PT3EY7hfrsom4Z8oI3PDdVmSbKnmJEpWvZQMcw65TH4iksJddCv+B1UDJuYAtDY5BF8Fb9z7sxWdEvay9YCHgyIaYJO+fgrNUvvR+31eBkQLsZRdCSB0Ce/llhgc8JQ27Dl2rroG/vRKiswyehk/RtfKqwBtkwF50MuxFp4Rcb9L4O9Xl3Gtv1Lat+Ew4Rtxk2F7BOQiCU77qRkguBHza7X0E1wgkjfw1PFWPG5ZxlJwNX90HsJeeA4jaMyaElEJAEAzvKaQORsr0Z6Jet5BSCMFpfOidregUJIl2eHa/JFf9OtJhH3QhHOWXy8vYswBHDsRk5cSViKRh18G9+S+AvwsQ5auPxJRiiM5SEPUV4ZSfVwSeqKNU5ikv2GY7/tuv3iWfHZN0B86SkmENXLopSZLaL08kdZ78Tz9PWV5uX3O38aFNb987pB937/j10scH8P7XLXj6T+VxVUlsdu9ze9Ha4cftPwr/xF06NEmShD21zUh2+CEIQqDyXdD9PytCECTtXk8AtJIGY0ySJAGAP9CW5ykxbfqOJwzvu3tmz58GS8G+bd2N8za+hP9NuhqjnLkDvTkH5bmGtbhr1xKsnHYdUkRexh9P+ivOnLa60vC+yxZMj/VHI6JDSH/FmvTNZxne13nMklh/NCI6hOjjDCCocUZrK7FHMMwDoJsHNZ+jj0nK6263XMy0evXqqLdr6lT5IW6iXIqnr8hjm+1EatPhaOHsdHR2SajbF9+XpW2q6sLpx2ZEMZKI+tqs9DKMTy3Aytbqgd6Ug/ZdazUuKZjM5CkRERERUS/ZjY8nt6rUYz/747ifDkvZ6TY89OtSFOXGdzLgjmuLDbdgIKL+9eyYc5FqS4pi5KHtlrJjkeVIiWIkERERERFZsasVeerUVKnHfvbHdT8druI9eQqAyVOiAZbviI+HLukffEVERERERD0nyiV5ckMuyFPa5in72R+P/URERERERERERKFp90A95CoD2c/+/ugnIiIiIiIiIiIKTVeBajFFiPnsZ3/c9BMREREREREREYWmq0C1mCLEfPazP276iYiIiIiIiIiIQhMlU6Ue22wnUpuIiIiIiIiIiCgcUYAQuJxZCOSU2GY7cdpEREREREREREThBCpQBbUyj222E6kdj6qqdmPxkq8HejOIKI61tLTigw/+h64u549kFQAAIABJREFU90BvChERERERUczZlYo8TjlNxGk8evqZl7F12w6MGD4UgwYVD/TmEFEc+vCjz/H2Ox/CZrdjwfy5A705REREREREMSVKkr4iTwDbbCdSOx55PF4AQLene6A3hYjilMfjCUwZZ4go/kiShM8Xf4X9+5sGelOIiIjoEGEXBDmZpFbmsc12ArXjhdvtxvsffIblK1Zh165qAMDtf74PEyaMwdxjZ+PIGVPVsXv37sOtf7wbbW3tluuy2+247idXYubMab0aH843367Exx9/jurqOnh9PpQNKsH8E4/F0UfPHJDxRBQ9SZKw9KtlWLzkG2zevA0A8MKLb2L5ijWYNXM6Tph3DJKSHOr4W/94Nyord1muSxAELFhwHC6/9Lygvm+XrcTixV+jsmoXOjs7kZubg8mTxuPkk05AQUGeOm7fviZ8/MlirF69Dg1790EQgPy8XEyfPhmnnjofrtTUiJ+pN+vYvmMn3n7nQ2zfXon29g7k5eVizuwjcOopCwyfv7fjiRLdiu/W4PPPv8KOyp3o6OhAamoqhg0djOOPOwozZkwJGr+/6QDeeecjrFm7Hk1NzUhPd2HypPE455xTkZOdZRhbW1ePZ599DVu2VkCAgIkTx+Lyy85HdnamYdyHH32O555/DaedugAXXnBmzD8zEQ2s/fubcP8Dj+JAczP+fPvNhtixYsUa/PPhJ+H1ei2XTUtz4S+332w4RiGi+GRXkkmSZEwusc12IrTjQUtLK27/y32oq2swzPd6vVizZj3WrFmPeccfjf+7+mIAQG1tfchkqLJce0eH2u7p+FBefuVtvPPuR4Z5FdsrUbG9ElW79uDSi8/p1/FEFD1JkvD3h/6DFSvWBPVVVFSioqISS5Z8jb/e8VvYbDZ4PN6QyVNlfS0trYZ5Pp8fDz/yX3y7bKVhfkNDIz75dAkWL/kad935OxQXFeK7lWvx93/8B36/3zC2uqYO1TV1WPHdGvz5tt8gNdUZcht6s47Vq9fhgb8/Bp/Pp86rra3H62+8h3XrNuF3v/0ZHA5Hr8cTJbrnX3gd73/wP8O81tY2rP1+A9Z+vwE/WDgPl116rtrX0NCIv9xxP/Y3HVDnNTU1Y/GSr7Fq9fe47Y+/RmFhPgCgvaMDd/z1ARw40IKyQSXweL1YvmI1Ghv348+3/0Y9LmxtbcMbb74HQRBw1JwZ/fbZiWhg+Hx+/P0fj6OySj5u2blzjyGBun1HVcjkKQB0dnaiu9vTL9tKRANLuweqPrkUoXKP/eyPl/548Mxzr6rJ04ULjsOcOTOQ5nJhf9MBrFixGl9+uQx79+5Tx+s/989/9iMMGVxmWJ/DYUdWVmavx1vZvmOnmtycccQUnHXmyYAAvPnW+1ixYg0++OB/OGL6ZIwZPaJfxhNRz3y++Cs1eTpxwlicesp85OXloL29A+s3bMFnn32J/U0H4PF4YbPZDBX+p54yHyeecKxhfYIoBFWGvfnWe2rydPbsI3Ds0bPgSnOhpqYWn33+Faqqdqmr3dvQCL/fj6lTJmDOnBkoLMiH292N/332Jb5dthK1tfX4fPFSnHLy/JCfqafrcLvdeOzx5+Dz+VBaWowrr7gAOdlZ+PqbFXj9jfewddsOLHrvEzn+9GI8UaKrq2tQk6cTxo/BJRefg4KCPDQ0NOL5F17H+g2b8eFHn2He8UehtFS+x/vTz76C/U0H4ExJwVVXXYQRw4egYnsV/vvUi2hpacPjTz6P3//25wCAb75ZiQMHWjBp0jjc/Osb4PV6cctv/4odlTuxYeMWTBg/BgDw6mvvoqOjEyfMOwZlZaUD+Bchov7w+huLULG9UpshWf9GtNlsuO//3RY0PzXVCZcr8lUvRHT4s6uVeeapuXKP/eyPw/54sGrV9wCAGTOm4PLLzlfnFxUVYNzYUbj4onNgs4mWy2ZnZSI/Pzfq9+rpeMVHH30OAMjJycYN118Nu90OALjhuqtx0y//hP37m/Dpp0vUBGesxxNRz3y3ci0AICsrE7/65bXqPgYAw4cPwemnLYDX67WspnS5UiPGjfaODix671MAwIL5x+GKy7VYNnzYYBxz9Cz4fL5AchY46aQTcOyxs4N+sIwdOxIbNm5Ba2sb9uypDfuePV3HN9+sVKtmf3bjNWoC5+yzTkF1dR2+XbYSn/7vS5x5xkkQBKHH44kS3c6de9TXP/7x5epJlvLyUlz7kytx/Y23AAAqK3ehtLQY9fV7sWbNegDAhReepVaLFhbmo7OzC/996kVs3LgVtbX1KC4uxJ49NQCA8eNGA4FbEI0dOxK1dfWorq7DhPFjsHt3NT77fClSU50479zT+v1vQET9a9PmbUFXsIUiCEKvfgcRUfywCwKMFXtKW63cYz/747f/cOf3++H1ypeGZmakW45xOOyW8/U6OjqRnJykJif6evyGjVsAAEdMn2xIvNjtdhwxfRI+/mQJNm7a1m/jiahnvIGH07lSnYZ9TCEIQsRL0d3ubgASkpOTg/pWr1oHj8cDQRBw9lnWFZnmeGNV7eH3+9VL8rNNFa5WerIOJc6UDSpRk6GKmTOn4dtlK3HgQDPq6hpQXFzY4/FEiS49Iy1kn/5EsCvNBej2SQCYZboP+8wjp+K/T70IANi4aSuKiwtht8sxRNJVl4mifPJCuTz3mWdfhSRJOPvMk5GeHnp7Dtbi2iY8XVmLnZ1utPv8USxBh4JF08fEdP2CANhtIlKdSUhKiu4Ym3qvvb0DDz/yFCRJwkk/mIcPPvwsquUkSUJHRydSU508AUqUYOySBOsKPU45TYDp4U4URQwfNhhbt+3A4iXfICsrE7NmTo/6x/ii9z9BRUUlmpqagUAl2fnnna5exnaw4xFImhw4II+32i5lXnNzCzo7uyCKYkzHO50pEf8uRGQ0YsRQbNi4BdU1dXjk0acx/4RjMXRoeVQnUdau3YBvv12Jnbvk6rKC/DycdNIJWDB/rjpmR+VOILC/CoKAx594Hiu+W4POzi4MGlSM005ZgNmzj7Bcf0tLK7rcbjQ0NOLdRR+jvb0DqalOzJt3dNSfL5p1KLdKCRdnAKAmUO3W0/FEiW70qBEoKSlCTU0dHnvsWVx22XnIz8tFfX0DXn7lbQBAbm42JoyXK0jr6vYCgQe4pAWSqor09DSkpbnQ1taO2tp6AMCg0hIAwPoNm3HqKfPh9Xqxbv1mIHCiY8V3a7Bx01YUFRVg/vy5+OrrFVi/fhP8koQpk8Zj1qzpfXLs+L+a/fjd+sooRlKikSTA4/WjubULmekpTKLG2H+eeA779zdhwfy5mDJ5QsQEqtfrxZP/fRFffb0cXV1u2Gw2TJ0yAZdccg4K8vkAKaJEoKtAhfHyZv189rM/TvvjweWXn4+773kIbW3teO31RXjt9UVwpaZi2LDBmDhxLI45eiYyQlSnmh8Is317Fe6+5yH88qafYOrUiQc9HoFLcxUuV/ADXVJ1T7nu6OiEIAoxHc8EKlHPnXbaAqxesw67dlVj6dJlWLp0GRwOOwaXl2Hs2JE45uiZQVWWis1bKgzthr2NePqZl7Fv335cdOFZAIADzS1AoCL0rnv+gaqq3er4nTv34J8PP4nmlhb8YOE8w7q+W7kWDzz4qGFeYWE+fvmLa5GXmxPVZ4t2HUosS7WIMy7dg6Y6Ozp7NZ4o0dlsIm7+9Q24976HsW79Jvzm5j8b+ouLCnHTz3+kVru3d8gPuAx178HUVCfa2trREdjH5syZgdfffA/r12/G72+9C52dXWjY24iyslKMGjUcv/3dXwEAl15yLp5+5hV89vlSdV1Lly5DZdUuXHzR2Qf9OZ+pqjvodVD8a+/sRlJS6Ach0sH57POlWLFiDUpLi3HxRWdjy5btUS33v8++VF/7fD58t3ItNm+pwJ13/A65udkx3GIiOhSIkoTAvSJ1lahK2zxlP/vjrD8eDB1Sjnvu+gNOP22hWsXU3tGBdes34YUX38DPf/FHrF69Th2f6pQPxux2Oy684Ew8eP9f8Phj9+OnN1wDZ0oKJEnCM8+92uvxZpJfS1Rb3pNdN9NmE2M+noh6zpmSgr/cfjMuv/Q8jBo5DKIowuPxomJ7Jd5d9DFu/u0deO31Rep4m82GpCQ5yTH32Nm4+87f48nHH8Dtf/q1mmhd9N4naNy3HwDgD1zCum3bDtTWNuBXv7gWTz35d9x9160YPmwwAOCll99Ce3uHcbucKer7KOrr9+Kx/zyL5kBSNuJni3IdaqyxiDP62CMG4kxPxxMRsHLlWjTsbbTsa9y3Dxs2blXbyj4mhXjgi7LvKZXySUkO3HLzjZg0cSxqauvR1t6OmTOn4Zbf3IiPP1mMhr2NmDRxLLKzMvHZ50uRmZmB+++9HXfe8Ts4U1LwwYefob5+70F/xl2d7oNeB8U/H2/tEDO1tfV49rlXYbfbccN1V0e8BZEz8FsoOzsTN97wf3jkX3/DI/+6B+eecyoAoK2tHW+8+V6/bDsRDSw71Mq8QEUe22wnUjtOZGVl4ILzz8AF55+BtrZ2bN9ehe/XbcL/PvsSbrcbj/z7aTzwwJ/hSk3FiBFD8atfXofiogIUFRWo65g5cxr2Nu7Diy+9iYaGRjQ0NKKgIK/H48301VcdHR1B/fqEiMvlgtfnjel4Iuodu92OhQuPx8KFx6O724Oqql3YtLkCn3y6GE1NzXjzrfcxfvxojB0zEqIo4tbf3QSv14fRo4er6xgxYih+/KPL8cc/3QMAWL9+M46bOweuNK2C7OKLzlIr2ssGleC6a6/CL399GzweL9Zv2IyZR2r3Ohw/bjT++8TfAQCdnV3Yum07/v3oM6ioqMTTz7yCn954TcTPFe06Ul1OYK+xql6hjzNpgTjT0/FEiW7t2g3qCdlzzzkVc4+djYyMdLS0tGLJF9/gtdcX4elnXkZJcSEmTBiD1EDlaUeIKm5lP9NXqJaWFOHm39xoGHfgQAvefudDiKKISy85F6sCJ51nzZqOwsJ8AMD0IyZj6dJl2LBxizqPiA4/Pp8P/3z4SXR3e3DpJeeivLw04jIL5s9FSXEhxo0bZYgnZ515MrZVVGLt2g34ft2mGG85ER0KRKiVeYGKPLbZTqR2HEpLc2Hy5PG47NJzcdWVFwKBitTKHbuAwMNepk6ZYEiGKgYPHqS+Vn549HS8mTMlBVlZmQCA6urgp2JX18iXsuXl5cDhsMd8PBEdvKQkB0aNGo4zTl+IP976S3X+Ot0PiOHDhxiSp4ohFnGjqFCLL+Vlxh8zRUUFavV4W1t7yG1yOlMwedJ4LFxwHABg9Zp1oSvTerGOkuIiAEB1dfDlt0qcge7+pj0dT5TovvxqGQBg7NiROOvMk5GTkw273Y6cnGycdebJGDt2JADgq29WAABKAvtOW1s7WlpaDetqbm5RT16UlBSFfd+XX3kLXV1unHjCsSgtLUZzYF3ZgWMLAMjNkR8ot29f00F/znJn8IP0iMx41VRsLPniG/U2Qc89/xouuew6XHLZdbjrnn+oY+69/xFcfc1N2LxZfgCt05mCGTOmWN4uRDmmCfU7iIjii6hU5HHKaUJO40Djvv3weDyWfeaHKiBwqVuoS9AqKqrU17mBe//1dLwV5YEP36383rCtHo8XK1d9DwSqwPprPBH1THt7B1pb2yz7XK5UywerNDQ0Wl6CqI8beXly3Jg0aZw6r2rnbsP46po6dT3KPUk9Hk/IZKryI8bj8cLvDx3ne7qO8YE4U1NTh927qw3jly1bCQQekJWfn9ur8USJrrvb+lhGoRy2dQT2T/0DLL/5dqVh7LfLVqmvx40bFXKdlZW78MWX38LlSsU5Z58CAMhITwNMCZGuLvmy+6SkpJ58JEuXDwmf0CUCAJfz4P9fo2BSlA8Sdrvd6OiUq9u7utzqA3TNlGMa5XiGiOKbHRIAAbrKPOWBO1qb/eyP1/7DXVNTM276xR+RlubC3GNnY9y40cjNyYJfklBZuQuvvvoOEEhwjBw5FADw6mvv4O13PsLQoeU4bu4clJYWI8nhwPfrNuHNt94HAEycMBYZGWm9Gv/Ci2/iy6Xf4uSTTsBppy4AAMw/cS6WfrUcBw4046F/Pan+SHn9jfdw4EAzBEEwPBwm1uOJqGdu//O9aNjbiNmzZ2DalIkoLMyH3W5DfUMj3nnnQ/WE1NQpEwAA69Zvwt33PIScnGzMO/4oDBs2GBkZ6di9qxovK3EpNRVTJo8HAAwuH4RJk8bh++834sWX3kRmRgbGjx+N+oZGPPHk8wCAjIw0NSn5l78+gMrKXZg6dSJmHjkNhYHbh6zfsBkffbwYADB61HC1gmfZ8lV45tlXMHLEMPzspz+EIAg9XsfMmdPw8itvoaWlDf/45xO46ooLkZOThaVfLceK7+QH7J10khZnejqeKNGNHDEUK1euxaZN2/DmW+9rl/C3tmHJkq/VarARI+TjmYKCPDVuvPLq2/KxzoihqNheiVdefRsAMGPGlLAPlHvm2VeAwC0DlJPOQwaXAQDWfr8B5517OgBg3frNAIDhwwcf9Oc8oSQH9wgCnq6sxc5ON9p5r0sKEATAbhOR6kxCUpJtoDcnLp0w7xjMmT0j6ATq1m3b8fAjTwEAfnjNpZg2dZL62+buvz2EiopKTJs6ETNnTkNhYT48Hi8WL/kaGzZuAQAcNefIAfg0RNTf5OtZA0lUrTIPxgo99rM/nvsPYynOZOTkZKGxcT/eXfQx3l30cdAYh8OBa39yJZKT5UvGSktLIAgCKit3obJyV9D47OxMXPN/l6jtno7/5NPF6O724N13P1YTqCNGDMVppy7Au4s+xsqVa7Fy5VrDOs45+1TDPYhiPZ6IeqaktAjVNXX44otv8MUX31iOOevMkzBy5DAAQG5ONlJTndi/v8nwcCmF3W7HtddqcQkArrn6Evz1rgdRX78X//jn44bxNpsNP/nRFbDb5cOWweWDsH17leX+jsDTt6+4/AK1veSLb3DgQAtWfLcGu3fXoLy8tMfrcKak4EfXXIb7H3wUNTV1+OtdDxrGT5o0DifMO6bX44kS3fwT52LZ8lWorNyF115fZBk7hg4tx/wT56rtq668ELfdfi+am1vwyL+fMozNy8vBZZecF/L9vvnmO2zdtgOlJUU4Yd6x6vyJE8di6JByVFbtwm9/dwcgCKipqcPQoeV9djXLccXZOK6YT+wmGghOZwqczhTDPP3D67IyM9TkKQK3Ftq2bQdWrvpevbJNb9y4UTj1lBNjvNVEdCiwjZz109sEQUsyKZV68lQexH72x2v/+Sdmhdg1+qY69Z2lxietXrQg1Pv1jsNux/HHHYWszAx4PF50dnWpl8Clpblw7DGzcN1PrlSrNRA4CJh55DSINhvcbje6utwQRRsKC/Jx3Nw5uP7aq9R7ivZmfFtbOyoqKpGcnKQmUAFgwoQxKCoqQFNTM9o7OpCcnIShQ8pxySXn4MQTtB8u/TWeqD+0tLlht2mXiwmCoMYmQH5trIYPFXuUQKabExj6WNNqw/xfDDqqz7ZfMfPIaSgrK4XP60NXlxudXV1q34wZU3DVlRdi7rFz1Hnp6WmYd/zRSE11wt3djc7OLkiSH9lZmZh+xGRc++MrMXqU8f6oqalOHDXnSNjtdjS3tMLt7kZqqhOTJo7DtT++AmPGjFTHTps6ESNGDAEAuN3dcLu7YbfbUJCfjzmzZ+D666823LdZFG1YvkL+Oy2YfxwyMtJ7vA4E7lc6edI4HDjQjNbWNggCUFRUiFNPmY/LLjlPTfD2djxRb/RHnHmx7oBh/g+Hl/TZ9ivsdjuOPmom0tJc6Opyw93lhs/nQ6rTiSFDynDSD+bhqisvQnKydmmzy5WKObNnoLOzC83NLfB4vMjNzcZRc47EtT++Ajk5oY+73n73Q+zZU4Prr7vKsK8LgoApUydgb0MjqnbuRleXGzOOmIzrrr0aKSm8fyklrv6INcmNLxvmOwZf1WfbH44zJQXLlq9CqtOJs8482bCvT506ESNHDoPkl9DldsPt7kZKSjIGl5fitFMX4orLz4fNxophor5gjDOCGme0thJ7BMM8ALp5UOOPPiYpr30+OV9SVxf8nIJQiouL5XWc/PMK48PIzfGMbbbjuP36PfKlWPpqVEkpUQ0MlCRJ7ZcnkjpP/qefpywvt6+523i/nLfvHYJYu/UPd6Oyahf+8uebMWzowV9q1hu/u/VO5Ofl4qaf/3hA3p/oUCBJEvbUNiPZ4dceXmf4sSFCEMz34lJeG2OSJAkA/IG2cg8veTp9xxOG990989ex/mh4/oXX8f4H/8PFF52FU06eH/P36wvPPf8avly6DI/86x6IIh/OQfGhv+LMaasrDe+7bMH0WH+0mNvfdAD19XsxVndyhois9VesSd98luF9nccsifVHI6JDiD7OHHwCVbJMoHa75Xucr169OngDQpg6dSoAQFQr86BV5rHNdsK045DypHmHwzEg7//tspXYvbsGZwfuQ0pE8UeJLwMVZ3pq374mfPzJEpx7zqlMnhIRACAnO4vJUyIiIopa8D1Q2WY70dpx5vLLzkfVzt0oG9T3l9dFY9So4fjtzT/F4PJBA/L+RBR7Cxcch7Q0F445etZAb0pUsrIycP21V+HII6cO9KYQEREREdFhSE6gClpSiVNOE2oah4YOLcfQoeUD9v452VnIye7be70S0aElMzMDJ590wkBvRtRsNhtmzpw20JtBRERERESHKfk6NqUQj1NOE3FKREREREREREQUgmh4gpQAsM12IrX7HrOyRBROX8QIxhkiCodxhoj6A2MNEcXaoRUjREGfRZIAttlOpDYREREREREREVE4ooTwlXrsZ3889/ccs65EFEsS4wwRxRjjDBH1B8YaIoq1/o0xooDwlXrsZ3889xMREREREREREYUjhqrUY5vtRGj3JUEQIAhMzBJRaL2JE5K+gJ5xhogiYJwhov7AWENEsXawcaaviVaVepJF5R772R+P/aFJUe14ys7ML38i6gk5ZqjRKKqxjDNE1BOMM0TUHxhriCjWep53iU0WVVeBqk0FU5v97I/X/t6IlFjlAQERWYkUG/SxhXGGiHqDcYaI+gNjDRHFWk/iTH+xaxV6SmUe22wnTrsvaGddzfOIiLRLT8xf8j2JE4wzRBQO4wwR9QfGGiKKtVCX7R8KcUKUJFNlHttsJ1A7WofqDkxEhz+rS1J4exAi6kuMM0TUHxhriCjWBjI3IwqCEEgmaYGNbbYTpd1b5h3UfBZ2IMrJiejQFSlGRHMgwDhDROEwzhBRf2CsIaJY602c6Q+iJMnJJGNlnq7NfvbHcT8REREREREREVE4WgWqrjJP0lfqsZ/9cdxPREREREREREQUjqECVZsC1vPZz/746o8NJmaJyEpfxgbGGSKywjhDRP2BsYaIYu3Qiw12CIGkkiBX5rHNdkK1wxDCPiFSP18K6pd4iwCihGe+N48Q9ERJCYIghhivxR9BECBJ/qBxDDNExDhDRP2BsYaI+ptVnIGuCE7ut14uVslXEUoyKVCZxzbbCdUOMB8UIMo+/Rj9OPn1wNzYmIgONYIhRgQfDET3wAXrdTDOEBEYZ4ionzDWEFGsBedWos3J9KavJ+QKVEhqZR7bbCdUO8TOFb6CVFLPkurPmvLMKRFFQw5F2o8GLaYYK9slST9G/sfqdiKKBuMMEfUHxhoiirVAGseQSJXnSWFPvPRV0lRPrkCFoFbmsc12QrXD4pc6EcVaNHGGsYiIDgbjDBH1B8YaIjoUxC7OiHIuSV+ZxzbbCdSOtOvphoS/PMV4H1TlDAkRkXVM0MefcJeoMM4QUWSMM0TUHxhriCjWIsWZcHmZWBe2i1DK7tXKPLbZTqB2L4X6gucXPxGF05PYwThDRL3BOENE/YGxhohi7VCLHboKVF1lnqHNfvbHcX8vhDooEAQh5mc8iOjwJklWFRky/TzGGSLqLcYZIuoPjDVEFGvRxpn+IkICIBgr84xt9rM/jvsjUMYEjw1+kFTwsge/gxLR4S9ULNBih/zQheAfG9qN0RlniCgcxhki6g+MNUQUa5HijBT0oLpweZu+ZVe3QP/kcbbZTqR2gKCbJ1j0W803to0HC72tcCWi+KOcOZVjhh+AYDoI0MZZLQs1pkgQRVE9aGCcISIF4wwR9QfGGiKKNa3qNPgETKQ4Y57fl0lVMbBGrTKPbbYTrR2WVmlqZt4prQ4ciIgUSmwwX4aihCSr8fowxThDRJEwzhBRf2CsIaJYCx1nrPM4kkVlal8T5YSurjLPPGU/++O5v5eUS1GCV6FVsA7EPTmI6NBjjAfGoKF80Yeu0mCcIaLIGGeIqD8w1hBRrPU2zvQHUdKqYY0VeoEp+9kfz/3hmO+jEW15uLmsnIgSl766wursqVWcCTcPjDNEZMI4Q0T9gbGGiPpLqDhjJdq8TV8QBeiSuhaVe+xnfzz3R8d4ttS8Eyt9wWdJBAwrsRvW5PHy6IAoUXR7fLCJgu4sjlZlAd2Bgdan/7IXDOPDxZkJKQWG93VLvlh9JCI6xPRXnBntSjG+r5/HM0SJpL9ijd85yvjGUneMPhERHWp6FmeMr5XK1FhT74EqwVipJ1fu6Sr52M/+eO3X6cnZCuVSFPNy+jMl5UXGBGp7pz/q9RPR4a2zywNR/pYNqsLQ/2gIF3fMccZqHWNS8gzLtHi7YvFxiOgQ1F9xZrgr2bBMm5cnaogSSX/FGsk53LiQty0Gn4aIDkWh4gwM+ZaeXb7f19Wo8uZZVOoJMFbssZ/9cdsfhXBl4cqZVOOBgNw+eXYq0pza2D0Nnqjfk4gOXx6vH+3tbjjsYiA2yPP1l6pZnXgx/9P3h4ozV+VMRaZNS25s79rfnx+ViAZIf8aZ84pzkW4X1bFV7TxRQ5Qo+jPWePPPhWRLV8f6O3b150clogHSmzhjNY010ZBCUir12GY7QdqR6M90WOXpRijsAAAgAElEQVRb9WdSrZYpzLHhlxdnISVJnvPW4mawaIMofnm9fjS3dKJhbytSkm0QRetKdZkUVLkhScZLULT+0HGmPCkTj5SdhlRBrnh/tGY5PBKr3Yni1UDEmZKUJPx1TDmc8s2/8HxlLby8aSFRXBuIWIPkYniG/gWSKN82xLP7ZUDyxvaDEtGA6U2cMTPHmVgSTvrpNh79UMJ68/8NhWTxA0A/T3ktn/Uwz9OmSr/8Wt8vwOeT0NTmgzOpR4WvRHQYEQRAFAXYRAEOu/YjQT5rKpnOoOqX0/q1+4JBN08fj4xxRusX4JX82NvdgQwpGZK/f87CElH/GvA445ewv9sDF0TwPA1R/BroWCNJXvjdzehGOnx+0WILiehwFy7OIKj6NHTVqT4OWV/2D8M8d1c7AGD16tVRb+vUqVMBAHY5RGm3euaU00SaRrdjC4Yv9VAnNfTjAOOBgigCuRk29cyIPimrb5v79WO0ttSjdj9VsxMdksz7T6SzkuZ+84+CwCtD2+oLW94Pg38s+P3B8/TLSJKuCgPGEzLKe8vr0L8PIEl+iBJQ6EiNSZyx2lY9xhlKZAkVZwDkJdkZZ4gGQCLFGkkSISRlI5mxhqhfRYozkdtWfZHijBYrrJOngrqvW22vOfEaS3ZzMoltthOp3TPaThucVNUnT6WgMeoaJBgOQMxnZK2/38N/6VsFsUgHCkSJwvpLPLrxwcsIpvnGL3lljNXBgbJPWlVwGMfEPs5oBzH6T2qOGeH/VowzRBrGGcYZov7AWMNYQxRrPY0z4fY3fRV6T+OMcRuClzNuW//tv6xA5TShp8rOF3zm0fqLVP7Stj4zqU+CWlWtGi9nMa9bMgQGfbCx3obwQUJ7HyJCiH0peEzwIP2+pPUr1RKC6cdC6C95URQDVRZWBw6BtRpuE2J9AKOPM6Ioho0zoT8z4wxRLDDOGD6V+h6h/jaMM0S9w1hj+FTqe4T62zDWEPVcX8eZEGsImyCV9/3QlaXhYkOobTtYhgpUQ1IpUtKJ/eyPg/5ohUuymvu0JKvW7/fLNwqTJD8AJagIEQ8GrLcl2m2ObhwRyawPnvVPgdTPM365h/uhEerg36piQ4lMVj9IIsUZqynjDNGhhXFGv22R/lo9G0dEGsYa/bZF+mv1bBwRyQ4+zsj5EWUfF0XRMMYqzsAUS8x9ofr7il0NSkpSiW22E6gdTnBiVH9GFGopuvUXPdR7+pgvRdG9g+7SE331qWTxBd67IMADAaLge/mEZj4wD94XjfuyuUJDWYfxC1w7QAj+4lcqLrSDBP2Pi8hxxvyDw+ozMc4QxR7jDOMMUX9grGGsIYq1gYozWvGZBFEMPnmjn+oTrLFMmJrZDcklJTCyzXaCtNVd2ZQsjUT/Za+fp1WaSkEHF+aDhcBSgT5lHdr6jNtj3jalHT5Y8FIUomj0bEcJ3l+lwPzgfVw7kRL8o0ER+iEMygGE+eEIxvF+v7YtyjxtvH4583ZH+jswzhD1HcYZ678D4wxR32Kssf47MNYQ9Z3IO4o+4Wm+pF9/giVUYlQfG5TKVPXdIzxYKtz2HCztHqiHWGUg22z3RzuaHc2qClU766mcJfEb+rV1y+9odRCiJVkldZzfH/xefbWzE1Eoxi/uoF7dF3/wWVMELauMFwQh6L49Vq/lig2/YZ4SF+QDBuOPC/OBRjRxRv9ZteoN4wEKEcUS4wzjDFF/YKxhrCGKtZ7EGS1vAst9PnKcUeKF/hJ/8/r042NJuwfqIVYZyDbb/dE272xWVajhkqjy7OADAfNr89T8PsYdPfROHyoe9KR6lojCC787Sbpx5oN6+bVWfeEPigf6sZJ6mZtxncZt8ZsexGB8T/045SSMuXLD+FpSf5won9X8efm7gyj2GGei/EMR0UFhrInyD0VEEYVKVgbHGcFQ1W6+pQd0+78+eQqEP0mjnDBR4ky0ydO+TKraJYvkjiHZxH72x3H/wVC+vM339IFFElW7tF8fIEIfrGjrN26pfGBgdSQUKlgc5IckigPRnl/Qznwa5gZVO8DiC924vBTxAAC62BGJYLrvsn49wSdr5G0MFVtCV2YEH9REGyUZZ4gYZxhniPoHYw1jDVGshYoz5vnW+6A5uRk+zijLSKZL9UPHGcmQT+lvdugyvpK8dYZKPfazP677TfRf3tHMR4gDAePZWKtLT8JXpOrf1zTH0Ip0QMDCVKJIIu0kguWXtH6efL8uQf3yN//4ML+G6T5igDF2WLWV91FuqA7T/h/8WjlhY67u6O2PCsYZot5jnGGcIeoPjDWMNUSxZnVCRb/jWO9f+gRpqBM0yj6utI3FZeFPcIRKqPZ1otWOUBV6nHKaANOeEHSVpEpbOzDQHzTIU/1Bg/kAwlyRaixzD5XE1SdgYVgfEfVW8D4UzRew/keCVXWGebz+RwcA6O+FbjVO39bHGW1+cGyx+qFiPmGjX0eoONib+EhE4TDOmDHOEMUCY40ZYw1RXzPvT0p+JXicoEuuSpJ2SxCrilME7e/GOGOVA1HihHk9sWRXKvKUSj1D2zxlP/vjrd+C/ktbT598tRqrJFGVs7DmACDpKk2t+5QDAiUQBJ9VNR7shPoERHQwrA62JQmm/VcKGhtq/1ZeaxUbxmXNMQUW+7e2Lgnm+4KZxwcv69e9Nr9f8GcnothjnCGi/sBYQ0SxYI4rwbmL4FhhnBrjjDJPv14l4RqugCxccVwsTp6wApXThJ6GYj4AMB8MWLW1ABBcYm4+CJEPFuQbpOvPuuqrVyXJ+qBDGdObgMADCUoEB/Nlqewi5svQ9A9FiFSZYTVPiwnGAwWrHxqwiDPaJS8SlHuY6eOMfrzxfYNPvBg31RxnlM8b7q8UHuMMJQLGGcYZov7AWMNYQxRrfRNnzPusPvmpT5rKhW1yHDDmW0LFGUnS4kyo7TYvfzCfKZzAPVAlU6Ue22wnSDsMc2LUqg+mYGFOoipf7PIOrN0CQBAk9SyN1XtoAcaYVEUg6Jjxy51IE+3+YP3FGqpKwvo99Puqeb2S6ayr/geM+QSNeV64PuNr48mXUJ8/9N/EOsYxzhCFxzjDOEPUHxhrGGuIYq0v4ow5cWp1j2JBEHSVqloc0SdTw1Wd6mNYqFhmlWjtS2ErUJUsEPvZH7f9EYQLJoLpnqhW8+S3EOH3+yGKkqG03Xw/Vav55nWbhRpLRJGZfzBEGmc11modwT8yjMv37MdApB8P2okV84+OcOuNfKBk/eOGiHqGcSYcxhmivsJYEw5jDVFfUPYf4z1Hw5+gMN+fVL8ObR+XAg+WEyEIfovkqnH5cPc81SdZYyFQgWqqzNMln9jP/rjujyDUgQHCnEXVzpAobX/g5ur6ClToxgUfjOjXF/xaX5ouBo0jop6x2n1CffHqxxr3Va0v1I8Mq/eyqvaIrt883/ijA+oJHOt4Eu4JmRZbYTmWiKLHOIMQY8KPJaKeYaxBiDHhxxJRZNb7fvCJl1D5DH11qHJyBoEkqShKAPy6y/W15c3rDpckjWXyFEoFqrlSj222E6UdjvaFHZxENQcCcyWo8jbKsvJ4/ZnU4GRqcLJULn03J06tNjvaQMFEK1G0gveV4P3MeAmbdk8xqxMiodan/TAw75+R+qGLB/ofHfo4o//hEU0lR4yPOYjIgHGGiPoDYw0RhXYwSUftuS3auuTXwYlPBC7Rh1qBqpws8atjtNscBscEfeWpVRJVn5yNVSLVDugr9QJJG7UNsJ/98d1vzepLX5lnlUwNrjo1rseYSIV6QCAFHhalbJu2rHbWJdTZWiZDifpO9CchjMtY/cCItL5wZ0z1MSPUctY/Eqz6rH94QHfiJhLGGaK+wzhjjXGGqG8x1lhjrCGy1pt9Q9nnzDkLbZ1CIDeixQPlRIrcNt7O0Jz8FARtWX1uxVzdqm1H8C1JYpFEtQPGy5055TShphZCBRDrSlN91aj2BS6ZLss3H0Bo69EfXGjJU0mS1LMz2vvzi58oVoJPUBj7raourKsrrPsQ4cdCpO3pzRjzDw9jn/W2xOA4g4gCGGeUbYz4tkR0EBhrlG2M+LZE1EvBV+QGxxDtxIykKzTT8h+hKkqV16GqUc3xKdQ9UWORRLWrySSYkktss50I7R4w79RWyVO98IlUUa02VRKz2jDrs79yf6hL/Ymot6wuYzML9+NBGxN+/ZFCjtWZ0whLRBgXbn3WyyhxpmfbQUSRMM7ox0Rajoh6i7FGPybSckTUc9b3JLUcaZqvJDolSbCsUteqT82X5hvzLeZxsbxk38yuvllgi9hmO5HaZtHu/MY+485sXsZYuapsg3YJP8IEnuAEqWQxLvS28cwrUTQiH0xbfymHX86qwiP82ODKiWgO9K3iT7hxetbLsIKDqO8xzpjmRlyOiHqDscY0N+JyRGQUaVcNv39aJzODE6ZSII8SXJFqrlQ1XtIfepus3revk6t2AboMkCSBbbYTqX0whMB9VLWbHwcnT5XX+orTSGO1hKlV4LFOtoZO/Pb20xHFv558mUZbsRDpkrdQ43t26VpksaiwYNUGUc8xzvQM4wxR7zDW9AxjDVHPBVeGWlWkC4GiMaUdnAwNToxqFalWVaVaxam8/oE8EWKXdB+CU04TbaoXOglpnazUzoAY742q9SvLKe+nzdMHDkmXNJVnKWO019q6w28rEUWvL/ajaONIqGV7Mv5gtpcxg2hgMM4QUX9grCGiWOvZPh48Tx9izMlR/RSmHKUyTqtQ1arazSd6rE4mhZrfG3YBxsq84Cn72R+//ZGESp7KCU8tAWo+42pMshqTp/p1yv2iOk8UzYlV60Bl3A4iirVQX7o9PYY3fsn3eCt0y/Z04VDbzx8hRIcKxhki6g+MNUR0cMLdQtCY+BQEfTWqcgUvQiRKJVglR62qUpV8TLRJ1L5ilyAnmSRdaS3bbCdKW7+j9YRSUWqepxACT6LTB4dujx9enwRRFODx+M2rDMMqADBxSnR4OtQO7hlLiOIP4wwR9QfGGqLEFM2+Jpmmwex2EZLkh90mIMkhV5cqCVdRDJ0U1RKs0W9xXyVW7YG8rbEyD8bKPfazP177w4l86b5Vxak2RqkmFQQB7Z1eZKanwGYT+eVORERERERERAlOgs8noam5A+kuB6BelWusRDVP9Q+V6s8qVFG++6Kg3HVRngpyhZ7SZj/747U/WlaXzIe6xN5clt7l9iMnKxU2m43JUyIiIiIiIiIiCLDZRORmu9Dl1vIrVs/8ts6/CBbzYkfUKvJCVeqxn/3x248QO1uoHTBcqbgkSRbJUy/S01KYOCUiIiIiIiIiMhEEAWmuJLjdPsCURA2Vm9HnXcx6kuPpCVF/ZwJBUCr1YKzYYz/747S/Z0JXn8pT4/okSYLPZ7x/BxERERERERERaWw2AV6/ZJHojPSg7f7Lt4iCklyCVpmnpYJMbfazP876o6HfSa2qT839ciWqPE+0MXlKRERERERERBSaADGQcFFyKvoqU6sK0kj9fc10D1QlucQ22wnS7kVpt9UOar50X+n3ePxh10VERERERERElOg8Xn9QTsV8P9RoE6axuIxf1N8bUqnMY5vtRGlHon94VOjqU8Ew1uqBU0REREREREREFE7o/EqoKlTzMrEiShJ0ySUBbLOdSO1ohbvnhv7Sfq2//54ER0RERERERER0uFMezg1dfsXqal+raayJEIyVeWyznVBti53VSrjqU6udOdT9UomIiIiIiIiIKJj5uTIwFK2Fq0IN1teJVRFKRV5gyjbbCdUOI9Sl+FZnPqzGswKViIiIiIiIiCg64fIqoV6HGt/X1ApUTjlNyGkUIpWFs/qUiIiIiIiIiOjghapCtdKfl/GLkCRDZR7bbCdUu5f0l+8baWc9WIFKRERERERERBQdYy7FmHAJdxl/fxAhyA/W0Srz2GY7gdoRWSVJZVaVp1B3aiIiIiIiIiIi6in9g7qjqURVkquxJN8DVTBV5rHNdqK0dcLtlKHKwo1tQd25WX1KRERERERERNQzxryKYJhvHhduvlXfwdDdA/UQqwxkm+3+aEcQemfTKlND34sj8vqJiIiIiIiIiCh0HsV4xa91pWmsC9lEdet0lXlss50w7V6w2in58CgiIiIiIiIior5h9TApxUBc9SvKWxSozJOULTRW6rGf/XHb30vhngDHy/eJiIiIiIiIiHonXG5l4B4iJQUeR241RYj57Gd/vPRHoK8ojXT/U2PfwO3URERERERERESHGzlxap4b+T6oMOVvYkFXgcoppwk4DSvy3sckKRERERERERFRbEWXf4ldFtUu37cxcH2zIIBtthOpbSXyTilAELSzIsqT4ZTV9qeVm7vwybJWVOzpRkeXH7lZdowpT8ZJc9IwrDSpz96nsrYbmyrdWDAzHXZbn632kLNsQyc+Xt6KHXs86PZIyM2wYdoYJ045Kh352b3/4G8tacEHX7fh1qvzUVbo6NNt3rvfi1sersfRk13/n737Dm/rPu/+/zkH4ADBTZEUKWoPytpb1rBsDTveju1YTpw6TmKnzmrStGmfjl+b/J5cadI+Sdsn+XWkSTySOJ7ynpJtWXuLWpQoUZsUKS5xD4AAzu8PECBAkdCwJIjA+3Vdur68z30AfAES0OHN+3yPvnJP5nn5w6dd+udn6/XA0nTdvThNnS5L/+v/OyuPx9JPvz1U6U7zgo8RL99/AAAAAMD1I1C2CdZygtsiF0pD979S7IZCikmWREwcT3Hom6v/N1x4LlAs7W/f0Dvsja/eXz/+5/VGfbi9TZKUnGhoSIZdja1erStp18a97frl9ws1JPPKVLue/6BZe450aVRBgiaNTr4i93m9+dXrjfqo5/XMzbIrJ8NQdb1H725u1bqSdv2vR4do4qiky7rvI6fdamz1qrrBc8ULqGcbvGrt8Olopbvf/KnqbrV1+nSiyp/3+Sy1tvvU7bXU7bm4in88fP8BAAAAANFm9ZRs/LWUQD2mv1poaJE08HV/F/e+UsVUu7+qFP1OQGLiqMSX4fw3pBEsnl6ri0it3dmuD7e3KcFu6PF7srRkllN2m+TzSTsOderwKZcy065cq6DH639OXs9VXlTkU/JZknkZU1y7s10fbW+TI8nQ974wRDMm+IuELrel37zRqHUl7fr3Fxr0b98rkCOpvwL6gA3NV8zlPre+nA5T//U3hbIs9ftc+nMlv/9X6nkAAAAAAGJTb+E08Mtj3+vOnF8ovdrsUp/OPGLiuIqvBiOsG/VqeGtjqyTpgaXpWjbXGdxumtL8yQ7Nn+yQJDU0e/X3/1Wjm2c59YXbMoL7/fUva+R0GPrBE3mSpIqabj33fpMOnXTJZ0lFuQlaMdepoqEJ+t+/qQt2Kv7o6VpJ0m3zU/XEfVlqbvPpj6ubtLusU+2dPuVnJ+jW+U7dsSAt+GH202frVNfk1eP3Zurpt5pVVd+tUQWJ+rOV2Tp2xq2X1jSrrsmj0YVJ+vbKbBXk2KWeouS7m1u1Zlu76ps8ysu2a8U8p25fkCbTkNq7fPruz6u1Ym6qsjNsenVti1KSTf3rnw/VzkOdWvVxi07XdCspwdDY4Yn67JJ0TR7Tfwdp4PVcuSIjWDyVpKREQ08+kK2y0y7VNHi0ZV+Hls11qvSYSz/9fZ2++/kc7TnSpQ0l7bppplNP3Jul6gaPnnqrUWUnXXImm7pjUWq/j1lyuEur1rboZLVbGammZhU79PnbMuRMNoOvtadbevjWDD31VqOq6z36v39ZoCEZn74w/q9/rFdDs1c/+85QGcbV/f4P9DyeerNRZxs8+um38pWY4N/Z65P+8Ve1yskw9RePDPnUzxMAAAAAMBhdf103dkuhba4Dd+qRJx+L+cGoo8tSZW23JGnBFEfEfatqPTrX4lV5hSu4ze2xdLLaHVzL0u2x9KOn6tTl8unuxelKSpIOHnPp9Q2t+qdv5OuBpen6eGe76ho9umlGivKy7Jo6Lklen/Tjp+t0stqtyWOTNDI/UTsOdeqZt5tUe86rL9/tX4+zvMKt1g6ffv5cg+ZOdshul8orXPrRU3Xq6PLpxikpOlHlVnmFS799s1H/z1dyJUnPvN2k97a0as5Eh+5enKrDp9165u0mdbktPXBLus7We9TS7tO7m1vl7rY0eliibpzi0PEzbv2fP9QrP8uuh29Nl8ttaVdZlz7Z1d5vATX09Zw76fzX026TZk5I1vtb2nS4wqVlc506VuWSy23ply82yGdJ44YnalaxQ+2dPv3wf2rV2OpVmtNUVppNL65ulq9PPX3rgU796x/rNSI/QY/ekammVq/e2tCqqoZu/cNX/EXtI6fccrkt/ewP9UpLMXXTzJSI65WeqXPrx8/Unbe9ocl73rayky51uS25ui2Zpq7q93/A52FJlbXd2ry/Q7fM8v8RYMfBTpVXuDQ0J2XA5wkAAAAAwLUWXAPVuECnHnnysZgfjNo7fcGv01M/fTdiQ7NXTa1eTRufrJUr0iVJ993Um39wabpKj3eprtGjW2amaup4fxFy7a52nax2a9r45GDR84Gl6frOz6v0/pZW3bskTdnpvfN74rPZWjDFoZZ2n5748RnVNXr0d1/O1YwJyWpq9epPf1KlshP+Qm9do1fvb23VmGGJ+usv+TsRV8yTmtv8hcYHbkkP3m+X29IPHs/T5LH+eX20vU2WJS2d49S9N/n3e2h5b/dtxNfT2f/rGXgerW2+sO3JiaZ+8q38YP79LW1qbPVq5NBE/ejreUpONHSiyq2/+8+asNs990GT7DbpH5/ICxZFkxIN/fGDZp0669bIob0XALtjYWrE+Qd0dFnae6TrgvsppD/asq7d97/v87htfqp2lnXqo+3twQLqmu3+TuDbF/TftQsAAAAAQDQM2IHKyBgP4+Wy+pz+H2hqHSi+kjJSe7sQW9q8SnVc+CrqkeRl2TViaIL2lXfp+784q+KRSSoekaT5kx1KShz4NTpS4b8o0Zzi3lPe052mxo9I0t4jXTpe5VZ2em9HZ/GIxOA+dpvk8UrFI/3FuMw0m0zD3w3r80nllS5ZlnT8jFuP/ENF8D48Pc2U7V29hcy8bHuweCpJk8cmKznR0AtrmrX3aJfGFiZq6thkzSju/+JHoa/nuRaPCoecf5Gnlnb/46WmhL/WMyYkhxUJT9f4O1nnT/HPQZJGFyZq4ugklR7zF4eb23yqafBIkr7+0zPnPbe6Rq9GDu19jKWzL66YOH54kn78jbzztq/e1qbfvNE44O2u1fe/7/OYPiFZhUMSdPi0SxU13UqwG9p/1KXxw5M0fvjlXawLAAAAADC49S3V9HdRqGic4h/WgWoFO/X6H8mTj7X8xepbMB1o27WQmGBo5NBEnTrr1pYDnXpwaYSruvfzmeLxhMc2U/rRk/nauKddZadc2n+0S2u2ten1dQn66bfzlWg3+l3tIHAhIF+f7d3dPdv7JOy28+/E1k/DZ+irOmeiQ1+8I7z7MjnRDK4TKkmJ9vD7HZpj18+/W6CNe9t1tNKtdSXtemtjq26Z7dQ3H8w+7/ESEwyNKkjUyWq3tpd26rM3h7+ePp+0u8zf2TlxZNJ5t+1v7qHzk/q/aFJmmk0/eCI3bJvNNJSXbY/4GFfatfr+930ehiHdfqNTT73dpI92tAd/Pu4cYM1YAAAAAEB8668Z7tM2yF0s05K/chvsRA2J1ScmTz7W8lfCQMXVq1lgvaunyPTq2hZ9srtdXl/gcaXdh7v03HvNcndbciT7n2PoOph7j55/mrcjydCt81P1Zytz9Iu/LNDcSQ5V1naroqej0pHoLwjWNHYHbzNumL+jdOehzmAturXdpxNVLpmGNKYw8bzHuViB+z5V060hGXYNy00I/ku+iCvH52bZdP8t6fqrPxmi//6bYcpINbV1f8eA+weKdq990qKdhzqD211uS79+s1FV9d3KSrNp0fTIa3OOzPcXX0tCTqVv7/Sp/LQ7GGekmsrNsqulzSuvV2HPLc1pRuUK9dH6/t88O1WOJEMf7WzT6m2tysmw6cYprH8KAAAAAPFooFpKtBrYQtn91wsP7cwjJo6f+HJc6PT8a/HGvmW2U+WVbq3Z1qb/fOWcnn6rURmpNjW3edXpsmQa0op5To0cmqC0FFPVDR796OlaZaXatOtQeAF1X3mXfv7Hes2d5NCogkS5ui3/FeQdZvB09iljk7X9YKeeeadJe450yWZK33ooR29tbNWBYy798Ne1GjssUTvKOtXpsnTP4jQNybz89Vnzsu267cZUrd7apr/4xVnNmpAsS9K+I11qbvfq2R8UDXjb51c3a31Ju+ZPTlFetk2157xqafdpyriBTwu/ZZZT5RX+1/Nffl+vzDSbstNtqq7vVqfLUkqyoe89khPxlHZJWjwjRa9+0qI9R7r0w1/XaUxhgnaWdarLHf4z8cXbM/TvzzfoH35Vo/lTUuRMNnWs0q2yUy795Fv5Gjvs8ovPffU348A2w4ju99+RZGjp7FS9u9m/9un9S1Nl+3QrUgAAAAAABrkLdZVG45rgtrHz/uyHRqBDT0ZPfx4xcXzEn78ta4C3Rv+nLffVWyy1Qrb15r0+Q86UK1cMCzV7okOjCxPV6fKptcNSU6tXWel2zSpO1jcfylZRXoJspqFxw5J0osqtE2fccnVLT96frYZmr4YOSdCSmU5lptnk9fnXn9x+sFPHKtwaU5Sob30uW3lZ/tPJxwxLVHe3VFXv0clqt7Iz7LpltlMLpqaovcvSkQq3So93KcVh6uEVGbp/aXrw9Tt0wiWvJd27JD3YXbm33CVHsqk7F6YFn8++Yy5lptp06zx/N+iMCQ6lp5g6U+vR/qNdOlPnUdFQu75yV5byc+xKSjT0ya52TR6drLmTetfazM+yq7HNq91lndp+sFM1jV7Nn5yir92XHVyXdKDXc8TQRLV1edXU4lV9k0cZqTYtmOrUd1bmaGRB7/fR45G2HOjQstmpGrcryJEAACAASURBVB1S7ExMMDRrYrKqGrpVftqtmnMerZiXqhkTknXqbLfuXpSmjFSbhucnaMLwJNU0eVR6rEtHK91KSTb14NJ0zbnBIcOQSk90yZShe0Jet/6YhrS+pEMzJzg0c4B1Xjft7dDi6U5NGOEvIh866VKC3dCdC9OUdZW//xd6HplpptZsb1ei3dB3Vl64SA0AAAAAiD0dnW7ZbYHCqSHDMEKKqP4xsC2wPXT0/wvfNyDwtdfrP6vy7NmzFz2vgoIC/3185ttHLH8xSX2KS8TEsR+/8bMxUp+u0d4Fia1gHMiHjr3/5O9r7Sd2dZvKzWFNR2Ag725u1TNvN2n5vFQ9+dmB/qABAAAAAIhldQ1tSkrwhRRQFVIsDY8HKqD6+es5/RVQ3S7/0n4lJSUXPa+ZM2dKkszAhXUG7NQjTz6G8wCi653NbZKkuxbyhwYAAAAAwPXJlKGQolJPd11oTJ58LOcvGUVX4ErxeP2N3jfPcqooLyHa0wEAAAAADBrXtj5jV2innmGEFZfCRvLkYzB/5fWe+g8gMrtN+o+/Koj2NAAAAAAA153rq4HNVE9HXm+nnsI69ciTj/U8AAAAAAAAMBDTX1vqWXRVhqw+MXnyMZ0HAAAAAAAAIghZAzW8U08Dde6RJx9LeQAAAAAAACCCYAdqsDNvgJE8+ZjMAwAAAAAAABEEO1AZGeNyBAAAAAAAACIwgzWkkM48YuK4iQEAAAAAAIAITPkXhwzrzCMmjpsYAAAAAAAAiMAMFJPCOvP6xOTJx2weAAAAAAAAiCCsA7W3My88Jk8+ZvMAAAAAAABABGa/RSYNXHwiTz6m8gAAAAAAAEAE/XagMjLGzQgAAAAAAABE0H8HKiNjvIwAAAAAAABABHSgMsb3CAAAAAAAAERgWpYVVlQiJo6nGAAAAAAAAIjENGSEdeQRE8dTDAAAAAAAAERiWv6qUrAzj5g4nmIAAAAAAAAgkmAHKiNjPI4AAAAAAABAJL0dqIyMcTgCAAAAAAAAkdgNGbL6dOYRE8dLfC3UNbRdmwcCAAAAAADAFWe3ZMkwDFkWI2P8jddCUUHGNXkcAAAAAACAwaiyujnaU4jIDO3IY2SMtxEAAAAAAACIxLRkyZB/TUijZ21IYuJ4iQEAAAAAAIBITMnoKSqFdOaFxOTJx3YeAAAAAAAAGJipQDEptDMvJCZPPrbzAAAAAAAAwMDMQDEprFOvn5E8+VjMAwAAAAAAAJGYluUvJgU79aw+RSby5GM4DwAAAAAAAERiyujTkUdMHE8xAAAAAAAAEIHZtzOPmDi+YgAAAAAAAGBgZmBtyEBnHjFxfMUAAAAAAADAwExZ/qKSAh15fTr1yJOP6TwAAAAAAAAQgemvIYV05Bnq06lHnnwM5wEAAAAAAIAITH9NKbRTj5g4jmIAAAAAAAAgAjPYkRfs1CMmjqMYAAAAAAAAiMD015BCO/N6474jefIxlwcAAAAAAAAi8K+BavXpzLPCO/bIk4/ZPAAAAAAAABCBvwPV6NOZR0wcLzEAAAAAAAAQQVgHKiNj3I0AAAAAAABABKZl9TTi9XTmERPHUwwAAAAAAABEYhoKFJP8HXmG0ScmTz6G8wAAAAAAAEAkpiV/MSnQmWf16dQjTz6W8wAAAAAAAEAkZqAjL9CpZ/Tp1CNPPpbzAAAAAAAAQCRmeKee0adTTyJPPpbzAAAAAAAAQCRmYCnIYGdeWCyRJx/LeQAAAAAAACASs2dJyLBOPWLieIkBAAAAAACASMzg2pCBzrx+RvLkYzUPAAAAAAAARGK3ZMmQEdKZZ8noWSsyGJMnH6P5wez48Qpt275HtbUN6nK5lJmZrhsmjtWN82cqMTFBlmXpl//xez288i7l5+VEe7oAAGCQ6+xyaevWEh05ckJNza1KTLBrWNFQzZ87XSNHDovq3Hbs3KfKMzW6/75bozoPAAAQm+zB4lKwM8/o07lHnnzs5gerA6VH9NbbH+vG+TM0b950JSUlqr6+UbtLSlVRUa0vPnKfvF6f2tra1dHRGe3pAgCAQa6726Pn/viGDMPQwoWzlJOdqY6OLp06fUYvvvyOPr/ybo0YURi1+bW1dai1pS1qjw8AAGKbvwPVMPrv1JMh8uRjOT9YrVu/XfPnTdfSW24MbisaNlTTp01UW1t7VOcGAABiT9nhY2poaNJ3/uwxOZKTgtvHjRup+fNnyJGcHNX5AQAAXE323o68fjr1FNqxR5587OUHK4/Ho/T01PO2G4ahtLTw7e3tHVr16vs6cbJSpmlqyuQJunXFIhk9axhYlqVNm3dpz95DamvrUFZWuubPm6EZ02+QJG3YuEOdnS7dduvi4H3W1zfqf37zgp54fKXycnuXB1jz4UY5nSlauGDWVXz2AADgWvN0e5SYYA8rngakOlPC4pOnzmjdum2qrWuQ05miKZPHa9HCObLZTEnS4SMnVLKnVNXVderu7tawYUN15+03KysrQ5K0c9d+nT1br+HDC7Rx005lZqTpi4/cJ8uytG37Xu3ctV/t7R3KyszQ7FlTNHv2lOBj79t/WJs271JLS6uG5GTp9ttv1rDCfElS6cFyfbx2i5746ko5HBR8AQDAxTP9a6CGXJ2cmDiO4sFq0g3jtXnLbh0+fFzd3Z6I+65es1HFxWP05Ne+oHvuWqbdJaXat/9wML9+ww7tLjmou+9cqj/71pd00+K5+vCjTdqxc78kKXdItvbtL5PH4w3eZs/eQ5KkvXvLgts8Hq/27itTfv6Qq/CMAQBANI0dO1Jen0/vvveJzp1rGnC/iopqrXr1fd04f4b+8nuP67FHH9Cp01X6ZN3W4D7l5Sc0sXisvvLYg/rGk48oKSlRb7+zNphvbW3XobKjKtlzULeuWKQH7v+MJOmTddu0dWuJli9bqG9+/YtasXyRTldWy+v1SZLOVNXo8JHj+twDt+vJr31B6elpeu311cH7TU9PVWFhvhIS7FfpVQIAALHKrj6decTE8RUPTiuWL1RmZprWb9ihV19frSFDsjR8eIEmTRx33vpj8+fN0JTJEyRJaWlOjR5VpIqKKk2fNlHd3R5t3bZH996zXKNGFUmSJt0wTs3Nrdq8ZZfmzJ6i8eNHyTRNHT12ShOLx8iyLB08VK5FC2dp794yrVi+UIZhqPzoSSUmJGjM6OFReU0AAMDVk56eqi8/9qDWb9ih3z79sux2uwoL8jRmzHBNnVKs5J7O1HUbtmve3GkqLh4jSXI6Hbr7zqX67dMva/myhZKku+9aFnbfc+dM03N/fCN4sU/Jf1bN51feFbxft7tb27bv1Z133KIbJo6VJKWlpWrMmN7jjsTEBH323luDBdLFi2br6WdXqbm5VRkZaRpeVKDhRQXX5PUCAACxxS6FrBXJyBhn42BlGIbmzpmmuXOmqbOzS2dr6nXq1Bm98ur7mjRpnG6/bUlw36FDwztCU1Iccru7JUnnzjXJ6/VqxPDwouuI4QVa+8lWtbV1KC3NqRsmjlXpwXJNLB6jkyfPyDRN3bR4rvbuLdPJU2c0elSRSkvLNXny+OAvPgAAILYMycnSA5+9TT6fTw0NTaqqrtXBg+XauGmXHv2Tz2pITpYqK8/q9OkqlR48GrydZVmy22zq7vYoIcGu4ycqVLLnoBoaGmX5LDX0dLR6PN5g8TM7OzNYPFXPMYvP59PICBeqys7ODOsuTUlxSJLc3d1X5fUAAADxI9iBysgYn+Pg53Aka/SoIo0eVaSRI4bp+Rff0uKFs5XcczEH0zTPu03guXu8/tPyfT5vWN5ms/n362nTnTa1WH/445tyudw6UHpYU6dMkGmamjRpvEpLj6iwIE/Hjp/SVx773FV+tgAAINpM01RubrZyc7M1fdpE/e73r2l7T3eoaRp68IE7NH7cqH5vW1vXoBdefFv33L1ME+9eroQEu6qra/X0s6uCxx2SZPb5g6zP5z9N34pwCpGtn2Me/40u73kCAAAEmL3nMfvXhpTVM4bE5MnHbH6Qahho7bGeJxVYC+xChuRkyWYzdbqiOmz76YoqOZ2O4IWqhg0bqvT0VJWWluvwkROaMqVYkjR1ygSVHT6uAweOKCc7S3l5Of0+DgAAGNxaW9uCZ7D0J3DsMTQ/V6dOnRlwv9raBtntNk2dUhzsFh3wuCbEkCHZstttOhnhvgEAAK4Wu/9KOlZvR57hP705NCZPPmbzg1BbW7t+89uXNGb0cBUXj1FWZrpsNlM1tQ3auGmnxo0bqYyMtLCLPg0kKSlRc2ZP1UcfbVZSUqIKC/JUUVGtDRt3asXyRWH7Tp1SrPdXr1dBQa5ysjMlSfn5Q5SRnqYP1mzQ8mULrtpzBgAA0bVl6x6VlR3TzJmTNXToEKWlOtXZ6dL+A4dVVV2r5cv965vedNNcvfzKu0pPTwuunV5+9KSOHjulz6+8WwUFefL5LO3ctV8zZ0xWXV2Dtu/Yd8HHT0xM0Ly507V27RYlJSaoqKhA9Q2N2r//sO65e9kFby9JFZXV2rFjn+69Z7nsdi4kBQAALp5dPYu1W5YVLDYZMoKLuFvkycdwfjBKTXXqya99Xlu379GWLbvV0tomwzCUkZGmuXOmac7sqZIkm81UWppTzp71vwLS051yuz3BeNnSBUpOTtIHqzeotbVdGRmpuu3WxZra02UaMH3aRO3avV9z50wL2z537jRt2Lgj2JUKAABiz60rFik/f4gOHizXrt0H1NXlUkqKQ8MK8/TYow+ooCBXkjR6VJFWfu5Obdi0U+vWb5PdbtewwnzdtHiuJCknO1MrH7pTq1dv0NpPtqqoaKhuv+0mrXpttex2/xJCaWlOpWeknTeHW26er+TkJH2yfptaWtqVmZmmBTfOlGEY/tv0nDkTkJSUqJQUhxwO/7JGLc1tqjxTo+5uDwVUAABwSYwV3yyzAh16vWNA3+3kycdW/q1/Hef/KmQ9Lf/Xgf39cSDvH6zgNv+/0G2B2/tjV7epooIMAQAAAAAAoH+V1c1KSvD1NLsZMgxDhqGQWD3bjLBtkkK2KVjPCW2aC3ztdnVIkkpKSi56XjNnzpR610A1etaGNHrXjAyLyZOP0TwAAAAAAAAQgRlcI9IIWTPSsnrXiiRPPpbzAAAAAAAAQARhHaiSgsWl8O3kycdoHgAAAAAAAIjAHtqhFywuERPHSwwAAIAL6nRZOtfiUZfbkrubYyjEh8QEQ8mJhrLT7XIk0XwBAPHMDF4wp6e4REwcTzEAAAAia2j26mS1Wy3tPoqniCvubkst7T6drHarodkb7ekAAKLI9Dfk9XbmERPHUwwAAICBnWvxqrbRE7bN/wdpILb1/TmvbfToXAtFVACIV3Z/LcnfmWcY4Z16Rj8jefKxlB/samqa1dLaKdNmqr3dFe3pIAY5U5Lk8/mUnu5Qfl5GtKcDALiG3N2W6kKKpx1dXrV3eOWzLHmpIyHG2WySzTSU4rApJdkmSapr9CjVYSoxYfD/HgEAuDT2QEdeWGdeSEyefCznB7Oyw1XKzU3XsGHZciQnxERBGNcfy7LU2dWtzk63Dh2u0g3FhdGeEgDgGmlq9crXc7jU0eWV1+PT1HEOZaXboz014Jo419ytoxUudXRJKck2+Sz/+yIvm/cAAMQb078kpKHe0eoTkycfu/nB6lDZGRUNy1ZOdqpSHIkUT3HVGIahFEeicrJTVVSYpbIj1dGeEgDgGnGFrHfa3uHV+BHJFE8RV7IzEjRueLI6Ontbrl2sAwwAcck0FOjQ6+nM6+k4CnbukScfw/nBqLauRUPzM5WamhztqSDOpKU5lJuTppra5mhPBQBwDXS6fFLPsZPPsiieIi5lZ9jl8ym4JmqXe3D+DgEA+HRMS30683o6joIde+TJx3B+MGpu7lByckK0p4E45XAkqKW1K9rTAABcA6a/1UKGYbDmKeKax9t7/YRB+isEAOBTMkM79azQjr1+OvnIk4+1/GBkmqYcjsRoTwNxyuFI7PmPAwAAAACA+NCzBqp6O/Okfjr1yJOPzfxg1N7hivYUEMcMw+BnEAAwaHz3ez+I9hQAAEAMMANLQUbu3CNPPjbzAAAAAAAAQCRmeGee+nTuGSJPPpbzAAAAAAAAQCRm6NqQgU49K7RTjzz5GM4DAAAAAAAAkdh7logM6cyziInjJo51lmVp8+adeu/9tfrrv/qm0tNTw/JVVTV65dV3dPp0lVJSHLp5yXwtX7Y4avPF1ffqa+9Ikh64/65oTwUAEOfWfLhBx0+c1pNf++IVv+///p8/aPy4UVf8fgEAQHyyK1BMCunIIyaOpzhWuVwu/fq3z6ury6XWtna53O6wfGdXl/7jv57VzUtu1Fe//LBq6xr0zLMvyeFwaOGC2VGbN66eV197R6tefScYU0QFAETTrJlTNG7s1SlyfubWm5Wenqo331pzVe4f16/2Lo9WbanQvHHZKi5KDzZNWJalkzVt+nh/nVYuHq40R0K0pwoAGERMhXag9mwkJo6nOFb5LEtzZ0/Xn3/n8X7zO3bsVUFBnm67dYlSU50aM3qEPnvf7Vq3fss1nyuuvr7F01WvvhPsRgUAIBpycrI0evTwq3Lfo0cPV05O1lW5b1zf3t1+Rn9YfUx//9QebT/cIMuyZFmWSo416u+f2aMXPz6uN7dURnuaAIBBJtiBysgYr2OsciQna/78mfL5fP3mT5ysOK/rY/y4UXr2d3VyudxKSkq8RjPF1da3eBoQ2EYnKgDgSti796AOHDys5KQk7dlbKpvNppUP3aPWljat+XC9WlrbNWvmFD288h4ZhqFdu/ap/OgJff7h++Tz+fTe+2u1Z+9BtbW1KyXFofs/e7umTC6WJK169V1lZWXqyJFjOl1RpezsTD32pYe0YeM27dlTKq/XpzvvWKZFC+dIkl586U2NGTMyyq8IomHRpFy9seGkKmvb9c/P7dWPn5gtR5JdP/ldieqauzQ0J0ULbxgS7WkCAAYZu2TJkBHsyAsbjcAFd8iTj818PGtrbde4Pr9YpKY6/bm2dgqoMeSB+++iSAoAuOra2tq1ffse/ekTj+jBB+7U9h179MyzL2v69Bv0t3/zbXV0dumffvJLzZwxWcXFY9Xa1q7mljZJktfrU2qqU9/6xmPKzEzX4SPH9PQzL+nHP/pr2Ww2tba2a9fu/fqLP/+acnKy9PwLb+hnP/9v3XfvbfrfP/y+Dh85pl/9z3OaM3uakpIS1drartbWtmi/JIiCwiEp+quVk/Uvz+1RRU2LfvjrbTINQzX17crPduj7D0/R6IK0aE8TADDImOopLqm/Dj1LIk8+tvPxK9IasIYZ59VlAABwWYYXFWhyT9fo5EkT5HK5tGLZTbLZbEpLdWp4UaFq6xrOu11Cgl03L7lRmZnpkqTiCWPldneruaU1uM+8uTM0ZEi2DMPQ5EkTlGC3a+GCOcH9LcvSucama/Zccf2aPn6IfvS1uRqWnaAz1Q2qqKpXQWaCfvj4XM0pzo329AAAg5BdwY68CJ165MnHaD6epaU51drWHrYt0KmR6kyJ0qxwNQx0Cr8kPfgA3akAgCvH6XQGv7bb7ZKk1NTe4wqb3Sav13ve7bxer9at36qyw8fk8XhkGIa8Xq+83t6liJwhxyd2u03O1PDjFbvdJp+3/6WLEH/spqXurnZ1d/mPb12dhmwGPx8AgMtjKtiRF6FTjzz5GM7Hq1Gjhuvo0ZNh28rLT6iwMF+JiZy+H0seuP8uPfjA+UVSiqcAgOvF9h17tWXrbj326Of0nW9/VV97/JHg1dOBS1VSdkbf/clrOnbqjIZk2JSflaBTldX63k9f1/b9p6I9PQDAIGSGnsdsSCImjqs4js2dM11V1TX68KON6ujo1MmTlXrjrdVaesvCaE8NV0HfIirFUwDA9cYwDCUk2GVZlj76eGPE5YaAgZysbNDf/uxVlZ+oVHaqqZ99/y794m/vVV6mXRVV1fq7f31dh45VR3uaAIBBxh56JR1LEjFxXMUx7MSJCv3yP56Wz+c/VenH//QLmaap737ncY0cMUwpKQ594+tf0iur3ta7732s9LRULVu6SPPmzoj21HGVhBZMKZ4CAK601FSn0tJCT+G3KTMzXQkJCcFtaWlOpaWl+r9OdSoj3f/1/HkzdPZsrX76L/8pu92/HurQoblKTk4K3i5wsUtJSnGmKCMjPezxs7Iy5HAk9+yfGnwcxJdNu8t1tq5OGanJ+sdv3qGJo/NlGIZ++K279A//vkr1DQ3aUnJUN4wtiPZUAQCDiLH86wetnsuVi5Ex3sa3/22cJIV1OPi/NoIlVsuygnn/YAW3+f+Fbgvc3h+7uk0VFWRc0TftvgMVmjZl+BW9T+BS8DMIAPHhaKVb3R7/MVBVrUvL56Vf8DbXm+9+7wf6v//2/0Z7GriGOrvcev6tzZp2wwjNnjw6bCmIg0fPaP32Q/qT+xYr1Zl80ff50fYWFeb5i/kJdkPjiljuCgCutMrqZiUl+Ho+tw0ZhiHDUEisnm1G2DZJIdsUrOeEfv4Hvna7OiRJJSUlFz2vmTNnSmEdqIyM8TgCAAAAiBmO5ER99aFb+s1NGjdMk8YNu+ZzAgAMfmaw826AkTz5WM4DAAAAAAAAkZhG6GnNUvhpzoE2V/LkYzQPAAAAAAAARGIGiklhnXrExPESAwAAAAAAABGY/o688zv1wmLy5GM1PwilOJOiPQXEMcuy5EzhZxAAMDhwASkAAHAl+NdANS7QqUeefIzmByPLZ6mz0x3taSBOdXa65Rukf3wAAAAAAOBynLcG6nXTGUie/DXID0aZ6Q51dlFARXR0dHYrPd0R7WkAAK4hy7Jktw/OPzwDV4LdzhJgABDvejpQe/9DCIuNPjF58jGWH4xyc9NVW9eqtrauaE8Fcaa5pVMN51qVn5se7akAAK6BpITeP0CbhnSu2RPtKQHX3Llmj0yjpxEj5H0BAIgvwQ5URsZ4HAeriRMKVFnVqIZzrerocPEXcVw1lmWpo8Ol+oZWna1pUvH4gmhPCQBwjYQWilIcNh2t6NK55u6ozgm4ls41d6u8oktOhy24jQIqAMQnu9VTTGJkjMdxMJs4oUA1tc06U90k0zDU3uGK9pQQg5zOJPl8ltLTHRRPASDOZKbZ1Njqlc+SUpJt6uiSSo93yevrlNcb7dkBV5fNZshmSk6HTY5kfwHVNPzvCwBA/LEbPR1Gwc48GX1i8uRjNz/Y5edlKD8vI9rTAAAAMSgxwVBull015/yn7qck25SSbIuJP0QDF9Lfz3letl2JdKACQFwyrZ51jazA2pCy+sTkycduHgAAAAPLTrepYEiCbGbvcRPFU8SD0J9zm2mocIhdWXSfAkDcsgc78gJ/ZQvGfUfy5GMvDwAAgMgyU02lOhLU3OZTa4dXnS6OoRAfHEmG0lJsykyzyWZGezYAgGiyh3bkMTLG2wgAAIALs9sM5WTYlJNBBx4AAIg/pvp05hETx1sMAAAAAAAADMRUYI1I9XbkERPHUwwAAAAAAAAMxAysDalgZx4xcfzE8e7QoaNqb++8qH2fevplfbJu21WfEwAAAAAAwPXEtCQF+vD8nXmSIaNPTJ58bObj3QerN+j4idMXte/06Tdo9Kiiqz4nAAAAAACA64ldkgJ9eMHOPPXp1CNPPobz8cyyrIt+HWbPmnLV5wMAAAAAAHC9saunIy9YVAqL+47kycdWfjDbtfuAduzcr9bWNmVlZWjB/JmaPHm8JOns2Tq9/sYa3XPPcq35cJNqaurldDq0eNEczZh+g3bvLtX7q9dLkt5+Z63efmet8nJz9MTjK7Vz136dPVuv4cMLtHHTTmVmpOmLj9yn115frdGjh2vG9BskSd3dHn2ybpsOHiqXx+PV0PwhWrZ0oQoKciVJHo9HH360WWWHj8vt7taQnEzdOH+mJk0aF8VXDQAAAAAA4NL0dKD26dSTNcBInnzs5QejTZt3a/+Bw7r/vluVnz9ENTX1euGlt5WUlKhx40aqvaNT5xqb9fHHW3TbikXKysrQnr2H9O57n2jEiELNmjVZ06dP1C9++axuueVGTZ1SLJvNlCS1trbrUNlR1Tc06tYVizS8qECS1NzcqubmluAcXnn1PSXYE/TVLz+k1NQUHTx0VM+/+Jb+9ImHlZrq1PoNO1RVXavHHn1AqakpOl1RpUOHjlJABQAAAAAAg4oZGhgyFFpT6tuhR558LOcHi+5ujzZv2aU7br9Z+flDJEn5+UN085L52l1SGrbv8mULVFiYL4cjWQtunKnExARVVp6VJNlstp7RlN1uC1sT1jAMfX7lXZowfrQcjuTz5nD6dJUqK8/q3nuWKy3NKcMwNHnSeI0dO0KlB8slSQ3nmjRyRKGystKVkGDX2DEjdPddy67qawMAAAAAAHCl2UMDS5ZCa0p9O/TIk4/l/GBRV39O3d0evfPuWplm799A3O5u5eflhO2blzckLE5OTlK3u/uCj5Gdnank5KQB82eqatTd7dFTz7wStr2ry6UhOdmSpBnTbtDrb65Ra1u7RhQVauTIYcrJybzo5wkAAAAAAHA96C2gWgorLhETx1U8mPRc9OmJr65UYmJCxF1N8/wneTGFY9O48IszNH+IvvqVhwbMjx8/St948hEdO16hyspqrduwXWPGDNd996y44H0DAAAAAABcL3rb1/rWS4iJ4ykeRIYMyZbdbtOpU2c+9X3ZE+xyudyXfLuhQ3NV39Co9vbOiPulpjo1fdpE3XXnUn35Sw+qtLRcTU0tEW8DAAAAAABwPTHPa0YjJo6neBBKTEzQjfNn6r0P1uvwkRNqb+9UfX2jPvp4s9Z+svWS7quwMF8lew6qurpOra3tF327USOHqbAwX6+8+r7OnDmrjo5OVVae1auvr9bhw8clSW++9ZEOHjyqzi6Xurs9OnrslBITE5Sa6rzk5wwAAAAAABAt9qh3/hETRzMepJbcNFdOp0Pr9lErAwAAIABJREFU1m9TY2OLnE6HxowersWL5kiSnCkOpaenhq2RKkkZGWlKS0sNxretWKS3312r3/3hNSUmJugrjz2otDSn0jPSznvMjIw0paf7txuGoYcfukvr1m/Xq6+vUUdHpzIz0jR58gSNGTNCklRcPEbbtu3R+6vXy+v1amh+rj7/8N2y221X+dUBAAAAAAC4coxlTx60ZPiXVTSMkLUh+4zkycdi/p1/Hy9Jsqze1lT/14Gd/HEg7x+s4Db/v9Btgdv7Y1e3qaKCjKi8uQEAAAAAAAaDyupmJSX4ZBiGJEOGYcgwFBKrZ5sRtk1SyDYF6zlGyLVdAl+7XR2SpJKSkoue18yZMyVJpoIPFvI4/YzkycdkHgAAAAAAAIjADHbeBQZi4jiKAQAAAAAAgEhMwzB6T2sOtLUSE8dJDAAAAAAAAETi70A1ejvziInjKQYAAAAAAAAiCXagMjLG4wgAAAAAAABEEt6BGjZqgO3kycdOHgAAAAAAAIjENGTIsqywzjzLkv+q5ZZEnnws5wEAAAAAAIBITEtWT1Gpt0PPCO3UI08+hvMAAAAAAABAJGawIy+kU88K69QjTz528wAAAAAAAEAkZrAjL6RTz+jTqUeefKzmAQAAAAAAgEjM8zrziInjKAYAAAAAAAAiMc/rzCMmjqMYAAAAAAAAiKS3A7XPqAG2kycfS3kAAAAAAAAgEn8HqozezryeUaExefIxmgcAAAAAAAAisUvqLTL107lHnnys5webyurmaE8BAAAAAADEsaKCjGhP4ZqyS+pdEzK0U8/qZyRPPsbyg1W8fVABwLVUWd3M5yxwHeK9CQAXh89LXG3x2NhlKrQzT6FrQ/Yzkicfc3kAAAAAAABgYKZ6ikq9a0ISE8dTDAAAAAAAAAzM9A99O/KIieMpBgAAAAAAAPpnSpKh0M48YuL4igEAAAAAAICBmJJ61oZUT1GJmDi+YgAAAAAAAGAgpr+GFOjEMxQaG31i8uRjLg8AAAAAAABEYPprSCEdeSGx1ScmTz7m8gAAAAAAAEAEvR2oA3XqkScfy3kAAAAAAAAggt4O1IE69ciTj+U8AAAAAAAAEIFphdWQDFkhNaawmDz5GMwDAAAAAAAAkZhGWA3JUjA2+sTkycdgHgAAAAAAAIikpwO1tzOv/5E8+djMAwAAAAAAAJH0dKD2duaFjVYgJk8+NvMAAAAAAABAJGbEzj3jAp195MkP8jwAAAAAAAAQiWkY/mJSaGee1adzjzz5WM0DAAAAAAAAkZiBYlJoZx4xcbzEAAAAAAAAQCRhHajBzrw+MXnysZoHAAAAAAAAIrFbliWjZ61If1GJmDh+4niy9pOtOlR2TF94+B5lZaWH5dzubv36ty9q6pRiLblpbtTmCACDVVNTi373h9d0w8SxunXF4qjOpaOjU/v2H9aUyROUmpoS3P7aG2t07Ngpfe6B2zVqVFFU5whcS2Vlx/T6mx/K5/MFt5mmqcyMNE2cOFYLF8xSYmLCVZ3DqVNn9Nrrq7V8+UJNnVJ8VR/rUrW0tOm3T7+szs6u4Da73a70NKdGjirSvDnTlJOTecn3e6T8hLxen26YOPYKz9jvpZffVXNLq5746koZF3lgP9DnI4Dz7di5Xxs37tCtty7WlMkToj2dy2ZZlnbvLlVBYZ4KC/KiPR0MYqah0OKSREwcT3E8qaioVlNTi15e9a7c7u6wXHNzq5qbW1VZWR21+QHAYNbY1KK2tg6dOVMT7alo774yfbx2i0r2HAzb3t7WIbe7W64+/wcAsa6mtl4+n095uTmaPm2ipk+bqOIJo9Xlcmvzlt16ZdV7V30O1Wfr1NHZpdrahqv+WJfq3LkmdXZ2KTk5SePHj9L48aOUm5ut9o5OlZSU6jdPvaiDB49e8v2+/sYavf7GGllX6aC7orJadXXn5HK5L/o2A30+AgjX0dmltZ9slc1u14cfblJ3tyfaU7ps1Wfr9MGaDVq7dku0p4JBzm4FL6xzfXUGEhNfizge1dc36s23PtLnHrw92lMBAFwFXq+/y87n84Ztf+QL98jlcsvhSI7SzIDoGjt2hJbecmMw7uxy6b9/9UedPHVG5xqblZ2VcVn3O9iPKwPlzeysDD304B3B7d3dHq3fsF3btu/Vm29/pIKCvPPOYorE6/XJsqzr6vUZ6PMRQLidO/dJsrTyc3foqWde0Z69hzR3ztRoT+uyeL3entF3wX2BSOzXSycgMXE04niUmZmuI+UntGHjTt20eM6A+52uqNKOnftVWVGtzi6X0tKcmjZ1YvA23d0e/ed//0HFxWOUl5ujTZt3qavLpfHjRumuO5dqy9bdKik5KJe7WxPG+7clJNglSS6XW+vWb1dZ2TG53G7lDsnWkpvmacyY4dfsdQCAaDh7tk7r1m9XRWW1LMtSft4QLVo0W2PHjAju09Xl0voNO1RWdkydXV3KyszQrFmTNWf2VDU3t2rzlt06fqJCra3tSk5K1NixI3XrikWy2+36j//8vdo7OiVJmzbv1qbNu5WTk6knv/YFbd22R1u37dFXHntQWT2FokNlx7Rla4nq6hqUkJCgkSMKdcstNyon23+67qlTZ/TSK+/qvntX6NSpMzpQWq7ubo/GjB6uu+5aKkdyUpReSeDTcyQnKTMzTZ2dXers7FKr3a6nn31F06ZO1C03zw/u99unXlJycpK++Mh9kqTnX3hLHo9Xt9w8Xx+s3qCGc0365tcfUWqqUzt3HdDOXfvV3Nwqp9OhicVjdMvNvUVbj9erNR9uHPC9dKHjL0kqLz+pDZt2qq7unBIS7CosyNOCBbM0ckSh1NNR+vHarTp1+oxM09SwYflasWyhsrMv7TT8hAS7li9bqOrqOp2uqNLuklItX7ZA6unk3L//sGpq6+XxeJWTk6nFi+ZoYvEYbdu+Vx99vDl4Pz/9l1/JMAzde/dyTZ48/rLmd+z4aX2ybpvq6xuVnZWhZT3zCPVpPh8lafuOfdpdUqqWllZlZqRr5sxJmjN76nVT/AWuFbe7Wzt3HdDkSeM1dGiuxo0dqa3b9mj2rMkyTTO4X+WZs3r+hbf0mduWqLq6VgdKj8g0Tc2fN10zZ07W+x+s17Fjp2Sz2TR3zlQtXtT7OXah46HW1vZL+jy+eck8fbR2s2prG5Sa6tQtS+Zr8uTxennVeyovPxmc7z/99L+UkGDXE199+JL+IARIkun/i6BkyQrpzPP/JTI8Jk8+9vLx6P77blVmZro2bNyhI+UnBtxvw8adqqqq0bhxIzVv7jSZpqkNG3cET3lqampRe3undu8u1ZatJRo3dqSSk5N08NBR/fq3L6r04FFNKB6j5OREHTx0VDt27pN6/vL3xxfe1K7dB3TDDeO0bOkC2e12vfDS26qsPHvNXgcAuNaam1v1++de1/ETFZowfrSmTJ6gmtp6vfjSOzp8xP957PP59Ifn3tDOXfuV7EjS1CnFSkpK1NpPtsrj8Wj/gcMqPViugoI8zZ83Xbm52dp/4LA+WL1BdrtNixbN1ojh/iJKUdFQLVo4SwtunCVJqqw8q64ulxrONUmSyg4f12uvr1ZTU4tmTJ+kUSOH6fCRE3rm2VVqbm6Vek576+726JVV7+v06SpNnDhWKSnJ/j/EbdgRtdcS+LTc7m7t21+ms2frZbOZysnOVH1Do9raOlRV1bsUh8fjVU1tgyrP9B6jVJ45q4rKar286j15PB5NnTJBDodD76/eoDUfbpTL5daUyeOVnz9Eu3aXqvpsbfC2u3Yd0P4DR5SdlSHLss57L13o+Ovs2Tq9vOo9uVwu3bxknubOmaaOzi7t23dI6jk+e/rZVaqoqNKCG2dq4YKZqqs7p9/94XV1dbku67UaP36UJAVfF5/Pp/c/WK8ul0tTpxRr5oxJampq0Wuvr1Z9Q6PGjB6uxYtmB2+/cMEsLV40W0VFQy9rfmfOnNWLL72jmpp6paU5JUkvv/Leeafuf5rPx9VrNurDjzYpJztTt65YrMLCPK35cJM2bym5rNcMGMx2l5Sqq8ul2bOmSJJmz56i1tY27T9wJGy/sz3HCG+/87HO1tRrYvEYud3d+mTdNj39zCtqa2vXDRPHyu12a/2GHTrT8zl6McdDl/p5vOq1D5STnaVxY0equblVb73zsdraOzRzxiRNneJfvzUtLVWLFs7S4kVzgp8lwKWwK9CZF+zI67tGJHnysZyPP8nJSXrowTv0zO9W6c23PtKXv/Rgv/t9fuVdstlswXjChNH63e9f09GjpzRzxqTgdsMw9NijDyg1NUVlh4/r1dc+UHt7h779rS/JkZykkSMK9foba1RRUS0tkA4eOqrq6jrNmztdK5YvlCTNmH6D/v0Xz2jr9j36XBFLCwCITes3bFd3t0c3L5mvRQv9v7RPLB6r5198S598slXFE0Zr774y1dY1qKAgV489+kCw08Pn88k0TS1aOFsLF8wK2/7zf/utyo/6uyvmzJ6qri63TldUaeSIQt28ZP75E+n5/+/DjzZJklY+dKeKhg2VJH2ybps2b9mtzVtLdMdnlgRvkpebo69+5SEZhqFTp87oueff1OnTVVf5FQOurC1bS7Rla3hBzDAMLV+2UMmX0U09d860YGfouXNNKikpVUKCXY9/5aHgL+eB925Vlb+Imp6eqse/ulKO5CQdPnxcq177IOy9dKHjr+qzdZKk6dNu0I3zZ0hSWHfqps275HK59dDn7tD4cf7C5/CiAj3zu1e1/8CRyzoFNz09VZLU5fIXOE3T1Pf/4vGweTqdKVq3fpuOHz+teXOnKzd3njZt3i3LsrTkprnBz6x33l17yfPbtn2v1HO8eOcdt0g9hegP1mwI2+9yPx9bWtq0c9d+DR2aq4c+51/CYOaMSWpr79C27XuCn9dAPPB6vdq+fa+GFeZr6NBcSdLYMSOUlZWuLVtLNG1q8Xld2bm52Xrs0fslSfYEu3btOiBnikOPfvGzkiTTZlNJSakqKs9q2LChF3U8dKlu/8yS4AXrfv/c66qoqNaZMzUqnjBaSUmJ2n/giDLSU/s/LgIukl0KrA3JyBh/Y7zKzc3WvXcv16rXPtDLq97V3XctO2+f0xXV2rFjn2rrGtTZ2RVcOLyzqytsv6zM9OBVTAO/LORkZwZPRQtsc7n9XQKBvzxu37FXu3bvD96P1+sLdjwBQCwKXGBqQk83lySNHl0km82mhnNNcru7VV3tL7IUTxgTdppc4OumphZt3LRTZ87UqK29Qx6PN3hl8Uv5v62trUMtLW1yJCcFi6fq6TTbvGW3qqvCL4Y1YkRh8L4zMtKkkM91YLDIy81RQYG/IGCz25SRnqbiCaMv+dT2gOnTJga/rq72FzaHFxWEdTaFvo8lafy4UcFjpPz8IVKf99KFjr9GjSxSQoJdn6zbpuMnKlQwNE+jRg0LnvYa6Mx6+ZX3ZLMFCon+v5o0N7dc1vNsafEfn4UWmffuK9OB0iNqPNcsl9stj8e/xmBnZ+Qu18uZX23dOUnS1CnFwW2zZk3Wmo82BT//9Ck+HwPHpmfP1umf/8+vgtsD6yW6XG4lJSVGfF5ArNi3r0xt7R1yud16460Pg9sbG/3vz8OHj2tiT6EyIPQ4Ii3V//k3rJ9tga7xizkeulSjRxUFv87MSFNFRfUlXWAOuBjBDlRGxvgc41dx8RgtWjhbmzbv0muvrwnLNTe36oUX31ZSUqJuu3WxcrKz1NLSqlWvfdB7pYEepi38FwP188uCpPNud/OS+ZpYPCZsm9Pp+DRPCQCua4Ff3n0h/wH5fP6LrCikUy2SF156W42NLbp5yXyNGlmohMQEPfPsq/J4PMECwcXUUPubi3pOj+tvuy3ksz5wWyve/yPFoNP3IlJ99ffWCVx8pD/2nrXdJck0e94XfQ94+t7G3tu12fe9dDHHX1lZ6Xrya1/QgdIjqqqq1f79Zdq2fY+mTZ2ou+9aGrzvLz16vxzJIReMM6SM9LSIcxtIefkpSdKwwnxJ0oHSI3r/g/XKzx+iu+5aqrRUpw6Ulmvb9j3nH/AN4JLm1/P6JCWHFzH7FkQ/7efj+HGjtGxp+NqqiYkJFE8RNyzL0pZte6Se612Ulpaft8/mLbvPK6D2d+xi6+d3xMDnw8UcD13q53H4HAK37nm8fu8NuHT+DlQZPWtE9nTmERPHSRzvbl4yTzU19Tp67FTY9oaGJlmWpaJhQzVlsn/NmIZzjVfkMQsL87W7pFS1tfVhp0RZlhX8xR0AYlFBQZ4azjWpvPyE8vNyJEmnTlXJ5/MpKytDyclJKijIk0pKVVZ2TDfOnxH2C4HX61VjY4sSEuzBz8/W1jZ5PJ6wx0lM9P+y39g0cLeZ0+lQenqqWlr+f/buK7qt69wX/R8gWNBIEOy9ipREiUViUaEaVaxuW7YsK5Lt7MRx4uy9s8+44z6ccZ7u8x33jJ2cbCc5OYmd2HIsy1azilUsUb2REkVKFKtIir2TIAGwACDuA8BFLBCgqBZLwP83hsf0t76FhbVgYxKY+OZcerS0dCAuLgoA0NjYAgCIjgp/Aa8A0cttcqBsaEgvbJt8TzxOlP0909LSiaEhvTDt/UnM9vNXYKAKy5ba+gCLZQK//+RzVFXXY+uWNYiJjkBf3yC6unqF9QthHwxxPaDhnslkxuUrJWhuaYePjxSLcjIAAD32itCM+XOQmpIAALh95/60x/v7+2F0dAyDg0NCle/TnF94eAj6B3R4+LAZ4WG2vrO5pUM0mPIs/ePkf7vunj4EBqqEm57CoWKOyBs8qKrH4OAQli1dJLpx06QTJ4tRXlGNhoaWZ7r572w+Dz1Lf+zMz88XAKAbGvb6maj0bGwVqLZb6kxV5jFm7DUxvb59HT77+0H0228qAgCRUWHw8/NFQ2MLLl8pASBB2d3K5/J88+elorS0AlXVD6H7/BBiYyIxMjKC+vpHiImJxDs7Nz+X5yEi+mea/Cje2zeAfV8eFeX8A/ywedNqLFu6CNU1Dbh0uQQ9vQOQy/1x335DhvXrlgMAMuan4tatcnR29eIvfz2A+Pho9PUNoKd3AP/tNz9FdHQE2tu7cOz4eUREhKC8vBo+Pj6igYSEBNtNUh48qMeIcRQ+Pj7YsL5w2smuXJGP4yfO4+tvTmBBRhpGR8fwoKoe/v5+WLki7wW/YkQvn/DwEMgD/NE/oMNX+49BqVQI62c+jkYTiKzMuSivqMann32DtLQkjI6Oof5hMz54f8esjjGbz18XLt7Evfs1mJueDI0mCIODQzAaR4Tpq8uWLUZNbSNOn7mMxsZWBAcHon9Ah4aGZqxeVYCC/OxpzzvZf/X1D+LANycBAHqDEf32qbQ+Pj7Yvm0tNBrbHasT4mNw/UYZbpVUwMdHir7+QVQ+mF6plpgQg+qaBnz51XeIiY5AWFjIU51ffn4WqmsaUHzhBrq6eyEPCEBVVb1oHx8fn2fqHxctysCdO5X481/2IzUlAVZY0djYAoNhBP/3//XhrP77Eb3qbtjXiM7KnOcyn5M9H+UV1bh2484zDaDO5vPQs/THzkJDg6FSKjA8bMCnn32DIE0gMhekI+0p1lol7+aTuPjX/49tBN5qL22eHJG32v+cTsXMM+9p+b2bQty8NZ7Pr1KWCQkC1QGz2HP2hvRjT3XM3r5B6PUG0eL6sE8lS06KQ21dE5KT45GUaFtbKy4uCl1dvaipaYTBYMSWTavR0tqBlBTbPn5+viivqEJcbBTS7VPxpVIp7t2rQWJSrFCR4CuTobyiGnNSE5CcFAepVIr58+dgYmICHR3daGpqhUFvRHJyPFatKoBC/nxfLyKiJ/U0/axEIsG9+zUYGxuHbmhY9I/BYERGxhyEhgYjNTURw0N6PHrUho6OboSFhWD71iIk29cvnOwjx0bH0G2/06yPjw+WLs1BVFQ4UpLjMDAwhLr6R+jq7kV+fhb8/f3g6+cr3OBPqVRAowlCb08/urr7YJmYwKKcBRgZGUVnVy+WLV0EuTwAERGhCAvVoq9/EI2NrRgY1CE5OR5vvblRWOfUYrGgqvohsrPmISLctl6jr68v7lfWIjY2EnPTU2Z4VYier6f9DDQ6Moa6+kdYvGgBwkK1bveTSqWIjgpHZ1cPOjp7YDabsXnzagzp9AjWBglrcDY3t0MiAZbkZ4sqmeakJkIm80Ff3yCaW9oxOjqGzIVzMX9eKqxWK2rrGrFwYbqw9qmvry+qquoRHROBuekps/r8pdEEwmAwoq7+EWpqGzA4qMO8uSnYuHEV/Hx9IZcHYO7cFBiNI2hu6UBLSzvMZguys+YhLzdTtISA43Xfu1eD0bFx9A/o0D+gw+joGNQqJebOS8W2rUXC3esBIDg4CCqVEm1tnaita4Kfry/WrVuOhw+bkbt4IULs1abxCTHQDQ6ht3cAff2DiI+LRnpa0hOfX2CgClGR4ejp7UdLSyfGxsaxYcMK2+Cu1Af5eZmQSCTP1D/Om5sChSIAfb0DaGxqRV/fIMJCtdiwbgWCgwOf+P85oh/bk/aXk9P356YnI9NhfWdHarUKXV19GBrSY/HiBZiwWlH5oB6ZC9MRZb/h1Nj4OGpqG7EoOwNhYbb+1mQ2CzfCCw3VQqGQz+rz0Gz640fN7ZBKJCgomPrxxaA3oq2tE/l5mVCrVZBIJIiPj0FPTx+6e/qh1xuQMT+N7+1n9LR/kx93TJnP5JiNRFh6ZSqGfZtEtA2AwzYI4zmOf6Mn/91isa2x29nZOevzioqyzdSSrP6o0qEOb2rQSdwyz7xn5r//X7aO13EdN9u/T+5niyfztsYqbLP947ht8vG2eMwkRWxUEJ6n1g7dcz8mERFNYT9L9HLie5OIaHbYX9KL9iL+H2vt0MHfd+I5DaBaXQ6gjo8ZAQBlZWWzPq+cnBwAgHRykMixQs+5co955j03T0RERERERERE5J7UsSLP6jC4BIc1I5ln3nPzRERERERERERE7knhNKgkbuFmO/PMe0qeiIiIiIiIiIjIPan7wSW2bL2hJSIiIiIiIiIick8qvmGOBIwZe1NMREREREREREQ0E6ntPjpTg0qMGXtTTERERERERERENBOpbQxpqjLP6hQzz7xH54mIiIiIiIiIiGYgtZXkTVXmObfMM+/ReSIiIiIiIiIiohlIp1fm4TGVe8wz7zl5IiIiIiIiIiKimUglEsBqdarMs4or95hn3lPzREREREREREREM5HaxpKcKvQk4so95pn31DwREREREREREdFMpI6Vea4q9Zhn3pPzREREREREREREM5FOjiGJK/XgUKnHPPOemyciIiIiIiIiIpqJfQ1UOFXqMWbsHTEREREREREREdFMnNZAdV2px5ixp8ZEREREREREREQzkTquDTlZmceYsbfEREREREREREREM5FODSpNVeYxZuwtMRERERERERER0UykEKY12yrzGDP2tpiIiIiIiIiIiMgdGeBYkceWrXe1r6rWDt2PfQpERB6N/SzRy4nvTSKi2WF/SfR8CRWogHhwyXk788x7ap6IiIiIiIiIiMgdFxWoVhdrRTLPvGfmX1WxUUE/9ikQEXms1g4d+1milxDfm0REs8P+kl40b6xwnlaBCkhmrOBjnnlPyxMREREREREREbkjBaYq8cSt1c125pn3rDwREREREREREZE7LipQX95KQeaZfxF5IiIiIiIiIiIid6TA1CjSZGUeY8beExMREREREREREbknBaZGkSYr8xgz9p6YiIiIiIiIiIjIPYcKVLZsvbElIiIiIiIiIiJyz6EClS1bb2yJiIiIiIiIiIjcm1aBan1MxR7zzHtWnoiIiIiIiIiIyD17BapVqMiTOMXMM+/ZeSIiIiIiIiIiIvekk4NJ4so8CaxWp5h55j0yT0RERERERERE5J6wBqpzZZ5EMnPlHvPMe0aeiIiIiIiIiIjIPelkJZ7VXeUe88x7cJ6IiIiIiIiIiGgm0slKPIm7yj3mmffgPBERERERERER0UzsFagOlXqMGXtRTERERERERERENJOpClS2bL2wJSIiIiIiIiKxqqr6H/sUiF4qThWobNl6V0tEREREREREU0ZGx3D46Nkf+zSIXipSicQ2rXmqMo8xY++JiYiIiIh+bKdOX0JlZd0LO/5f/noAQ0P6F3Z8IvIsVi55RzSNzGq13VhnclCJLVtvar1RdU0D7pRVoqOjGyaTGYGBKqQkx2PpkhwEBqpgtVrx+0++wK53tiAiPOS5P//BQ6eQlBSHRTkZz/3Yk65eu42Wlg68u2ur2330egM+/du32LVzCyIiQp/5Oauq6hEfHwOlUi5s+/Szb5CcHI/Vqwqe+fhE9HIzmcz45A9fYMebryE+Ptrtfhcu3kR//yB2vPkaAOCHc1fR1t6ND95784WeH/sj8naVD+pwq6QCPT19kEgkiIoKx+pVBYiNiRTt19zSjgsXb6KrqxcymQxpcxJRVLQM8gB/YZ/29i5cuXobLa0dMJvN0Go1yM/LQlbmXGEfk8mMsruVuF9Zh4EBHSyWCYSHabFs6SKkpSWJnnNiYgKVD+qwePECAIBON4xzxdfR1NQKi8WC2NhIrC1ahvCwqc9lv/3dZzCOjLq81rVFS1GQnz11vh3d0BuMUKuVwrbhYQPOnL2MoWED/uWDt6YdYzbXSESep69/EOft/Q/sfU1ycjxWFOYiODgIAHDo8GlU1zS4fHxqagLeeXszAGB4WI/LV0pR//ARjMZRqFQKzJ+XilUr8+Hj4yM8ZjZ9njv37teg+MINbNq4CnNSE0W5kdEx/P6/PofZbJ72uE2vrUTOC/w+Sp5J5liRZ31MxR7zzHta3tucOnMJZWUPsGhRBvLzMuHn54v+fh3ullfhs799i//4zU9hsUxArzfAaBx5IecwPGzA8PCLrYDQ641oaGxBdU0D5qYnu9yn+MJN6PVGt18+ntTpM5exdu0yLFyQLmzLypqH0JDg53KDPwMoAAAgAElEQVR8Inq5mcxmGEdGceS7H/Dv//qeyx/p+gd0uHb9jmjAJiU5ASH/hH6C/RF5s/PF13G/sg5Ll2QjKnI5TCYzbtwsw1f7j+HjX+2BSqkAAHR29eKr/ceQl5uJjRtWwjgyivPF13HgwAl88P4OAED9w0c4fOQMchcvRF5uJnz9ZKiqqseJk8VQKuRITU0AANy4WYb29m7k52VCq9XAYrHgfmUdvj10Ch/+7B2EO/xI3djUCoVCjrBQLUwmM/b94yhCQ4Kxa+dmSKU+KCmtwL4vj+KjD3dBpbINgv7iw3cxPj4uus7u7j4cPHwa0dERou01NQ1Im5Mo9EsV92pw9ocrGBsbh0qlmPZ6zfYaiciz6A1GfP7FYUREhGLnW5sQGKiC3mBEWdkDfP7FYfzHb34KANiyeQ3WrF4ieqzZbMGnf/sG0VG2/sc4Moo//fkrzJmTiI0bVkKlVqK9vQvni6/DarVibdEywP5j02z6PGcGwwi+O/4Durv7YDCMYMTFd7rxsXGYzWa8u2srQrQaUc7xByWi2WIFKluvbr1JdU0D7typxM63N4l+nYuPi0Z21rwXPqj5zxYbG4kLF29iTmqC6BdO2L8g9fUNwN/f77k9n9VqhdVpqsviRQue2/GJ6NUQog1CeUU1srPmTcudO38NSYmxMJmmKiGSkmL/KefF/oi8WUFBNlauyIdMNvV5ICYmAv/zP/+KR01tyMiYAwC4crUUqSkJKFqzVNhv51ub8Mkf96H+4SOkpiQgMSEGv/54L5SKqRknsTGRaG3rRG1dozC4uKIwb9p5xMVGoaKiCj29/aIB1NraRuEH37vlVbBYLHhrx0bhfLdtLcJfPj2Am7cqsLbIdm5KpVw06wUAzpy9gpTkeMTFRom219Q0YP36QiFubGzBti1FGNQN41ZJ+bTznO01EpFnefCgHlKJBLt2bha+P2m1GsTHRYuqOP39/aZ9j7px8y78/f2Rn5cJAFDIA/DRh+8iKEgt7BMdFY6hIT1qahuFAdTZ9nnOurp7EahW4Y3XN+APf9w343WpVUrReRA9LYcKVDgNLjlvZ555z8t7k9t37iMxMXba1IZJarVKFBsMRhw8dAqNTa2QSqVYkJGG9euWCwPPNbWNKLtbiY6OHphMJsTERGLzxlXC1I7S2/fQ2dmLuLgoXLlaCk2QGnt+8rrL5zaZzLhw8SYeVNXBbLYgMiIURWuWISoqDABgNpvxw7lrqK5pwPi4CaEhGiwpyMH8+alurzdYE4Tw8BCUlN7DkoJsUe6Hc1exelUBDh4+Ldr+NNc0b24qTp25BAA4fqIYx08UIzwsBB/+/B0cPnIGSUlxyM6aB6vVik/+uA/bt67FrdIKNLl5XYno1bZyRT6OHvsB8+elws/PV9je3NyOkZFRzE1PQXX1Q2H77dv30dbehe3b1gIAOjt7cKukAo+a22A0jkAbrMGaNUuQmmIbsOjp7ceBb05i29YinDl7BX19g4iICMX2bWvR29OP4os3MDg4jIjwEGzfthZae8WFY39E5G0cBwIn+frKIJVKhPep1WpFU1MrNm9cLdpPrVYiNiYSjY0tSE1JgEwmg0wmm3Y8f39/0Xve2cjoGEpKyqFWq5CcFCdst1qtqK1txM6dtimvjY0tmJOaKBrslUgkmJuejJraRgCuBxOaW9rxsKEZP//ZO6LtPb39MBhHkJQ49WPN69vXAQBulVS4PNbTXiMRvdosFgv8A/ynFZ/A3i+4Mzo6hmvX72DlijxRH+Fq0NLf30+0z9P2eclJcaK+lOifgRWobL269Sbt7V1YtnTRrPc/c/YKNqwvxIb1K9DZ2YODh08jIiJUWPuqrq4Rc9NTsHHDSvj4SHH67BUcP1GM9/a+Adin6ldV16O3bwDr1y2fVg3h6NtD38NX5ouf/XQnVCoFHlTV46uvjwnTNi5dLkF7Rzc+eG8HVCoFmlvaUVVVP+MAKgCsWJ6Hv352AJkL06Gwf3mqrW2ERCJBYuL0qq+nuSa5PABZWXPxv37/d6xevQQLF6TDx0cK2Nfz0emGAAAWywSGhvQ4dPg0Nm5chS2bVqOjswfffHtS9LoS0astMFCFeXNTcO36HdF6oz+cu4r16wrR0dkj2n9oWI/BwSEhbmxqhVYbhKVLc6BQyFFeXoXDR87gN//2Afz9/WA0jkKnG8blK6V4ffs6BPj748h3Z7H/6+NQqRR4e8cm+PnJcPjoWZw+cxm7390GOPVHRATU1TfBx8cHsbG2JTWMxlGMj5ug1QZN2zc4OBADg+7fPwbDCFpaOrC0IGda7vMvDqO9oxsTExNQKOTYvWsr5PIAId/a2gmpjxTRUeEAgIEBHRISpq+jrNEEifoKZ8XFN5Axf8609etrahqQmpoAqVTq9rGzMdM1EpFnSE9LwqXLJTh95jJycxdOm/buzvUbZfD390NO9uPXFK2paUBKcrwQP22f9yTqHz7CiZPF6OsfhEIhR3bWPCwpyPa68QB6dlJAXKHHmLG3xd7AarXCZDJDHhAwi71tCvKzsSAjDWq1EnPmJCIpMRYtLe1CfuuWImRnzYNGEwi1WoW83Ey0tHaIXleJRIJ339mCtDlJoi8Ljpqb29Ha2ont29ZCrVZCIpEgY/4cpKTEo/KB7W60ff2DSIiPRnBwIHx9ZUhJjsfWLUWPvQalUo6szHm4eOkWYL9Jw/ni69PW7HnWa5r8ldbHRwqZzGfGP8YFBdmYm54MuTwAyUlxSEqME72uRPTqW7ZsMcrLq6DTDQMAKu5VQ6lUIC7O/Q9Jk5YuyUHh8lyEhWqhVMixpCAbZrMFnV29ov1Wr8xHWKgWarUSi7IzMDg4hA3rVyAkRAO1WoWc7Plobet8YddI9CozGEZw5uwVLFu6SPhbPrmeqKsqK5mvDGazxeWxrFYrjp84j4T4aJdLcrz91kb84ue7sHfP60hJjsf+r49jaGhq2aTqmgakp02t1z42bnJ5Dr6+MtHyH45qaxvR0dmDVSvzp+VqahowN831evCz9bhrJCLPoNVq8NP3d2BYb8BfP/0G//nbT3Hg25Mor6jGxMSEy8fo9QaUlFZg5Yp8oYjEnWvX70CvN4pmBz5Nn/ekKu5Vo6AgGz95dzsWL1qAy1dKcenyredybPIuMoAVqGy9t/UWEokE/v5+GBmd/Q2TIiPFd6ZXKOQYHzcJcUNjC8ruPkBf3wCsE1b09Q8C9gXEfX1tfwS1Wg0CHO5a60pbexdMJjM+/du3ou2jo2MIDdECALIz5+HId2cxrDcgPjYaCQkxCAmZ3S+iSwqy8af//Q/kLl6IxqZWhIZphSoPZ8/rmmYS7lQZIpcHiF5XInr1yQP8kZu7EOeLr2PrliJcvHRLuCPt4/T1D+Lmzbvo7OzBuP2Lg+1HMHE/4XjjqQC5rU9yvEmUPCDguX3xIPIko6Nj2P/1McTGRGLpkqlqysm/867eN2aTGf5upq6fOFmMQd0Q3t/7psu8QiGHQiFHSIhtHcFP//YtSm/fE9ZZra1rFP0o7G7QwGQyu1y73Wq14sLFm8jOtv0A7EinG0Zfvw7JDtVeT+Nx10hEniMiIhRv79iIiYkJdPf0o7m5HZcul6DiXjX27N4+rZr98pVSBAcHYYF9LWl3yiuqce36Hfxk93bRd6kn7fOeRGCgCps3rcaCjDRhiYCoqDDhRoKrVhY89hhEjmRwqsxjzNirYi8SFRWOR83tWL5s8az2dzXVa/IV6+7pw/6vj2Pb1iLM3boWvr4ydHR047O/HxS9rtJZDlJHRoTiZ/+y021+zpxEfPzLn+BhQwtaWztw8fItJCfH4fVt6x57bH9/PyxZkoNjJ85jSDeMvXvecLnf874md2Z6XYnIc+TnZeGPf/oS3xz8HnGxUYiICH3sYyYmJvDll0eRPjcZ7+7aKiw98v/+f/9nWkfhqi+RSr3nh0GipzE2No5/7D8GjSYQ27etFf2YrlQqIJPJ0D8wKKzBPqm/XzftzvYA8P2pi2ht7cTePW+4nWnjLCxUi/5+HWBf83h83IR4h+r04OBADAzopj1uYGBw2gApAFTcq4FuaBiFy3On5aprGpCcFCcMDj+Np7lGInr1SaVSREaEIjIiFKkp8fjTn79CW1uXaDZNf/8g7pZXYedbm2YsTrpfWYuzP1zBrp1bphWyPGmf9yQkEonLtd9jYyIwNjaO0dGxZyqMIe8jhRWA/f91iUQCWAGJU8w88x6b9yKLcjLQ1NSKuroml3nH6WSP093dB5nMBwsXpAsfyierNR/Hx8dHNA0uMjIMvX0DMBhGZnycSqVEVuZcbNm8Bj99/y1UVtbNel2c3MULMDBgq8AIDQ12uc+zXBPs0/vGxsZnvT8ReTZfXxkKC3PR1NSKlS6m1bpiMIxAbzBi4YKpdZv1eoPozrdE9HTGx03Y//VxqNVKvPnGhmk/QkgkEiQlxqLK4SZvADA8rEdbexeSk8U3Kzl99jKaHrVi757XoVIppj2fwej6c013Tx/UgUoAQE1tA9LmJIo+kyYnxaGuvkn0WclqtaK6pgEpTudgNltw6XIJ8vMyoVJOP4eamgakpz/99P3HXSMReRajcQQWy/Sp+pNT7K1Ov+ZeuHgTMdERSE1NcHvMB1X1OHX6Ena+vdnlUkZP0uc9KbPZDOPI9BmY3T39CAjw5+ApPbHJd4KtESrzIKrUY555j857ibnpyVi8eAG+PXQKixZlICU5Hv5+fhgYHEJ5eRX6+gbw3/7jX2Z1rKiocExMWFF6+x5ysjPQ09Pn9k6uzsLCtaipbUTG/DnQajVITIhBdHQEvj10CuuKliI4OAj9/TrcKq1AxrxUpKcn47tj55CakoCk5DjIfHxQ//AR/Px8oVIpZ/WcPj4++OjDXfD3d/9H8lmuCQCioyNQdvcBYmOioFIpoFbP7tyIyHMtyslAYkIMtMHTb0rjikqlQFCQGiWlFdi4YSVMJhO+P33J5d1wiWj2zGYzvj5wAuPjJmzbWoThYYOQ8/P3g9z+JbpweS7+/sUhnC++jgUZaTCOjOL8+WuIjYkU3cX+3PnrKC+vxu53t8JimRDWO/bxkQqfTQ4ePIWxsXHk5i5EeJgWExNW3C23LRM0OYOmpqYRRUXiO0xnZ83HrZIKHDx0CoWFufCRSnHzVjmMhhHk5maK9i29fQ8mkwlLXNzYyWAYQUdnN95Jnb58iMEwArPZjNHRUUxMWKHTDUMikSAwUPVE10hEnuXipVuof/gI+XlZiImOgK+vDAODQ7h6tRSRkWGimwJ3dHSjuqZBuNmuK7W1jThy9Cy2bF4DTZBa6Edgn15vqxCdXZ/3/amLSEiIwfx5tpsIWywW6PVGwP49f/ImmwEB/sLU/7r6Rzh2/BwW5SxAUlIslAo5Wlo7cOHiTawozHshryF5NtEaqJDAXqE3uUakbbCJeeY9Ne9tXlu/AgnxMbhz5z4ePKjH2Ng41Gol0tOS8dZbGwH7B2O1WgmlvfppUmCgEuPjtiqoEK0G7+zcjDNnLqP4wg3ExkZi44YVOHj4jLC+jFqtRGCQeto5FC7PRX/fIP7+xWHk5S5E0Zql2LVzCy5euoVDR87CaByBJkiNjIw0Yc2u9PRk3Lx5F6fOXILFYkFkRBje3bVVeC5nKpVi2rqiarVq2n6BgSoo7NPRnuWaAGDDuuU4frIYn+87DD8/X/zLB28hKEiNwEC1w+uqmvF1JaJXl69MBqVSPm29Lq3THWxVSgVUDj+wBKpVCNLY+gmJRII9u7fj2PHz+N3v/watVoMN6wqh1xugUNr6DoUiACqVUtT/KZW2gVfHijqlUi6a+ubYHxF5m9bWTrS0dgAA/vTnr0Q5jSYQv/7VHsC+Nt67u7biwoUbKCm9hwB/P6SlJQnrlcJeyXqn7D7MZjO+2HdEdCypVIpffbQbGk0gdr+7Dbfv3Edp6T30DwzCx8cH0dER2PuT1xEaGoz+/kEMDetFA7MA4Ofni70/eR0/nLuGr/YfAwDExUZh7943pn2GqK5+iFUr812uE1hb24D4+OhpFVYmkxl/+NM+0ZqDn/xxHwBg1ztbkJIcP+trJCLP8tqGFQgr0+J+ZR0uXLwBi2UCGk0g0tOSUbh8saha/kHVQ8yblyoaVHV2q9RWjHLiZPG03Lata7FwQdqs+7y2ti7RjzfXrpfh8pUSIT5ffB3ni68jJjoCH7y/AwAwb24KfH1lKC29h4p71TCZTNAGa7Bu7XLkZM9/5teLvI9k5Yf3vKsMj8jB6f+aCzith2qdLFGFVYhF1auwCtts/zhum3y8LR4zSREbNbvKo9lq7dA992MSEdEU9rNELydPem8+qKpHY2MLtmxe80KOf+r0JcTERGLhgrQXcnwierk9a39pHBnFb3/3Gf7Hf//4uZ4XeY4X8Te5tUMHf98J+2C9BBKJBBIJHGLYt0lE2wA4bIMwnuM46D/57+NjtsrlsrKyWZ9XTo5tpodoRXGhUo8xYy+JiYiIiIj+2ebPSxWmor4IG19b+cKOTUSez1cmQ3AwK82JHIlWT3deE5IxY2+KiYiIiIiIiLydr68MH/9yz499GkQvFdsA6uMK8Zhn3pPzREREREREREREbtgGUB9XiMc8856cJyIiIiIiIiIickNqdRpdEsUSp5h55j0sT0RERERERERENBOpxGkUSRRbnWLmmfewPBERERERERER0Uykk2NI7ir1mGfek/NEREREREREREQzkU7W47mr1GOeeU/OExERERERERERzURqtTpV6jFm7EUxERERERERERHRTKQSiVOlnkQCq1PMPPOemiciIiIiIiIiIprJVAWqQytxipln3lPzREREREREREREM5mqQJ2szGPM2ItiIiIiIiIiIiKimUhnqtxjzNjTYyIiIiIiIiIioplIJRKJbTDJsTKPMWMviYmIiIiIiIiIiGYinRxMElXmMWbsJTEREREREREREdFMRBWoQutUqcc8856aJyIiIiIiIiIimonU5SCTU6Ue88x7ap6IiIiIiIiIiGgmUjhV5oliq1PMPPOeliciIiIiIiIiIpqBDDNV6rFl6+Htq6q1Q/djnwIRkUdjP0v0cuJ7k4hodthfEj1fssmKPLZsvbJ9RcVGBf3Yp0BE5LFaO3TsZ4leQnxvEhHNDvtLetG8cYBeOlmBypatV7ZEREREREREREQzkMJ+Qx3HijzGjL0pJiIiIiIiIiIickcKYFpFHmPG3hQTERERERERERG5IwWcKvMYM/aqmIiIiIiIiIiIyD0pYJvOjMnKPMaMvSomIiIiIiIiIiJyTwoAcKrMY8zYq2IiIiIiIiIiIiI3bAOoTpV5jBl7VUxEREREREREROSGQwUqW7Ze2hIREREREREREbkhFQ0hCRV5U5V6zDPvyXkiIiIiIiIiIqKZSEVDSEJF3lSFHvPMe3KeiIiIiIiIiIhoJrYp/HCq1INkWss8856bJyIiIiIiIiIics0+gOpUqQfrtJZ55j03T0RERERERERE5Jp4DVRInGY1T6/cY555T8oTERERERERERHNROpcmSe+r870yj3mmfekPBERERERERER0UyECtRprdXNduaZ96A8EREREREREYlVVdX/2KdA9FIRKlCntRI325ln3oPyRERERERERDRlZHQMh4+e/bFPg+ilIrXaS/HcVu4xz7wH54mIiIiIfmynTl9CZWXdCzv+X/56AEND+hd2fCLyLJPfo4loikwisd1ox7EyTxwzz7zn5r3J1Wt3cPHSTSGWSqVQKuWIjYlEXm4mYmMjn+vzVdc04NTpS/jFh7ugVMjd7vd//vo11q1djqTEWLf7HD5yBjExEcjPy5rVc1utVvz+ky+w650tiAgPearzJyJ6EiaTGZ/84QvsePM1xMdHu93vwsWb6O8fxI43XwMA/HDuKtrau/HBe2++0PP79LNvkJwcj9WrCl7o8xC9rCof1OFWSQV6evogkUgQFRWO1asKEBsj/vzT3NKOCxdvoqurFzKZDGlzElFUtAzyAH9hn/b2Lly5ehstrR0wm83QajXIz8tCVuZcYR+TyYyyu5W4X1mHgQEdLJYJhIdpsWzpIqSlJYmec2JiApUP6rB48QIAgE43jHPF19HU1AqLxYLY2EisLVqG8LCpzzS//d1nMI6MurzWtUVLUZCfPXW+Hd3QG4xQq5Uwmcy4easc9+/XYFA3DH9/PyQlxWLtmqVQq1VPdI1E5Hn6+gdx3t7/wN7XJCfHY0VhLoKDg0T7VtyrRmnpPfT0DsDPzxdpcxKxamU+VColAKD4wg1cv1E27TlUSgV+8+8fCPFs+jxX2to6celKCdraumC1WhEXF4VVK/IRFRX+zMcmckVmtdoHlaxW22CTEDu3zDPveXlvMjioQ0JCDLZuXgMAMFss0A0O40FVPT7fdxhrVi/B0iU5z+35IsJDsCgnQ/SFw5WhIT0MBuOM+wwPGzA8bJj1c1ssE9DrDTAaR2b9GCKiZ2Eym2EcGcWR737Av//re5C4+CPTP6DDtet3RAM2KckJCAkJfuHnl5U1D6H/hOchehmdL76O+5V1WLokG1GRy2EymXHjZhm+2n8MH/9qD1RKBQCgs6sXX+0/hrzcTGzcsBLGkVGcL76OAwdO4IP3dwAA6h8+wuEjZ5C7eCHycjPh6ydDVVU9TpwshlIhR2pqAgDgxs0ytLd3Iz8vE1qtBhaLBfcr6/DtoVP48GfvINzhB97GplYoFHKEhWphMpmx7x9HERoSjF07N0Mq9UFJaQX2fXkUH324SxiY+MWH72J8fFx0nd3dfTh4+DSioyNE22tqGpA2JxESiQT7/nEUAFBYmAutVgOdbhjFF27gm4On8LOfvv1E10hEnkVvMOLzLw4jIiIUO9/ahMBAFfQGI8rKHuDzLw7jP37zU2HfK1dv48bNMqwozEVcbBRGRsdwv7IWX371HX75i9224+mNSEmOx8bXVoqex9fPV/j32fZ5zpoeteHrA8eRnTUfy5ctBqxAY1MLvvzqO/zqo91QqZRPfWwid2RCRd5kpZ4QO7fMM+95eW/jK5MhKEgtxCFaDZKT4xAbG4mT319AfHw0Ypw+dD+t4OAgrFyR91yORUT0qgjRBqG8ohrZWfOm5c6dv4akxFiYTGZhW1KS++r752nxogX/lOchehkVFGRj5Yp8yGQ+wraYmAj8z//8Kx41tSEjYw4A4MrVUqSmJKBozVJhv51vbcInf9yH+oePkJqSgMSEGPz6472i2TWxMZFobetEbV2jMLi4onD6Z6C42ChUVFShp7dfNIBaW9uIuenJAIC75VWwWCx4a8dG4Xy3bS3CXz49gJu3KrC2yHZuSqUcSqV4hs+Zs1eQkhyPuNgo0faamgasX18IAHjrzdcQGDhVaRodFQ5fXxkOfHMSer0BKpVy1tdIRJ7lwYN6SCUS7Nq5GT4+tv5Hq9UgPi4aZvPUZxedbhiXr5Tg3Xe2ij7HpCTHY2JiQnRMma/4+6ez2fZ5zr4/dREF+dmimTXx8dFYUZgHqVT6TMcmckc2vTKPMWPvickmO2seSkorUFZWKQygdnb24FZJBR41t8FoHIE2WIM1a5YgNSUB7R3dOHL0LH7x813w9ZUJxxkY0OGLfUfwb//6Hnp6+nHoyGl8/Ms9Qv5ueRWu3yjD0JAe4eFarFu7/KnO12q14uq127hbXgW93ojg4EAU5GdPG7AwGIw4eOgUGptaIZVKsSAjDevXLbf/P2DFJ3/ch+1b1+JWaQWaXOwDAIODQzhz9goeNbdBKpUiJjoCq1YWICoqDAAwMjKKc+evoa6uCSazBZGRoVizagni4qKE1/HI0bPYtm0tzv5wFV1dvVAq5ShcnutygIWIXm0rV+Tj6LEfMH9eKvwcKiyam9sxMjKKuekpqK5+KGy/ffs+2tq7sH3bWuAxfS8A9PT248A3J7FtaxHOnL2Cvr5BRESEYvu2tejt6UfxxRsYHBxGRHgItm9bC61WA9iXQklKimO/Q17J1VJCvr4ySKUS4X1qtVrR1NSKzRtXi/ZTq5WIjYlEY2MLUlMSIJPJIJPJph3P399f9J53NjI6hpKScqjVKiQnxQnbrVYramsbsXPnZgBAY2ML5qQmigZ7JRIJ5qYno6a2EYDrL/zNLe142NCMn//sHdH2nt5+GIwjwlJJjoOnkwL8/e2vie38n/YaiejVZrFY4B/gLwyeOnLsE6qqHyIsTOvyR+DJwcvZepo+r6OjBwMDOhTkT1/ezfH5n7Y/JXJHBsfBJdhK8xgz9pqYBAnxMXj0qE2IG5taodUGYenSHCgUcpSXV+HwkTP4zb99gLBQLUZGRvGgql60FlZJ6T2EhmkhlUqhNxgxMDCEiYkJSKVSVD6ow6nTl/DahhVIS0vCQL8OP5y7irGxcTdn5N6lyyUor6jG9q1FCAsLwaPmNpz8/gJMJjPychcK+505ewUb1hdiw/oV6OzswcHDpxEREYqszLmwWCYwNKTHocOnsXHjKmzZtBodnT345tuTwj4AcPjoGYSHheDffv0eYF/btaGxRRhA/fbgKUgkEuzZ8zrkAf4or6jGl199h5++vwORkWEwGEfQP6DD+fPXsWHdcgQHB+FueZVQ8at1WkuIiF5tgYEqzJubgmvX74iqIn44dxXr1xWio7NHtP/QsB6Dg0NCPFPf6+/vB6Nx1F75UYrXt69DgL8/jnx3Fvu/Pg6VSoG3d2yCn58Mh4+exekzl7H73W2AvVpEpxsCEdnU1TfBx8dHWAPeaBzF+LgJWu30v8vBwYEYGHT//jEYRtDS0oGlBdOXQvr8i8No7+jGxMQEFAo5du/aCrk8QMi3tnZC6iNFtH3NvoEBHRISpq+jrNEEifoKZ8XFN5Axf860td9rahqQmpow46BGVfVDxMREwt/f76mukYg8Q3paEi5dLsHpM5eRm7sQIfYfYZ11d/chMiIMrW2duHDhJnp6+qBSK944QwEAACAASURBVJG7aAFycjJE+46PjePUmUuorW2ExWxBdHQEioqWIixUCzxln9fd04egIDXMZguOHD2LpkdtkMl8MG9uClauyBcKfJ62PyVyRwqrdaoyD7bblDNm7DUxCeRyf4yOjQnx0iU5KFyei7BQLZQKOZYUZMNstqCzqxe+vjJkZc7F7Tv3hf1NJjPu3a9Bfm6my+PfvFWO7Ox5yMmeD6VCjtjYSGzYsOKJz9O2btldrF+3HImJsVAq5Zg/LxXLly3Gteu3RXeMLMjPxoKMNKjVSsyZk4ikxFi0tLSLjldQkI256cmQywOQnBSHpMQ40T79/Tqkp9nycnkAcrLnY/myRYB97Z3Wtk688cZ6hIeFQK1WoXB5LpISY6ctmL62aCmioyMglwdg6ZIc+Pn5orW184mvn4hefsuWLUZ5eRV0umHAfpMFpVIhVKbPZKa+19HqlfkIC9VCrVZiUXYGBgeHsGH9CoSEaKBWq5CTPR+tbexjiFwxGEZw5uwVLFu6SBjMnFxP1FXlpcxXBrPZ4vJYVqsVx0+cR0J8tMtqrLff2ohf/HwX9u55HSnJ8dj/9XEMDemFfHVNA9LTkoV4bNzk8hx8fWWi5T8c1dY2oqOzB6tW5k/L1dQ0YK7D8Z01t7TjTlkl1q5xX4n1uGskIs+g1Wrw0/d3YFhvwF8//Qb/+dtPceDbkyivqBZNzR8dHYPROILvjp1Dfl4m9u55Awsy0vD96UsovX1P2E8isa/xLJfjzTc24M03NsBsNmPfviMwGGz3qniaPm90dBR+fr74+sAJxMREYM/u7VhXtAwVFdX47vg5Yb+nOTbRTGST05mnKvMYM/aemKYYR0aFKVyw34Hx5s276Ozswbj9D4zVaoXJZAIA5C5eiFslFejs7EFkZBjuV9ZCoQhASkq8y+P39PRhSUG2aFt0VLjLKSIz6e8fhMViQXyc+NfE+LgoFF+4Ab3eKHwZiowMFe2jUMgxPm4SbQt3qtSQywNE+yzKycCxE+cxf14qYmIikJQUJ0wF7O7ugzY4SLj5xKS4uCiUV1Q5PY/4XAIC/GFyOhci8gzyAH/k5i7E+eLr2LqlCBcv3cI7b2+e1WMf1/dOcrzxVIDc1nc73iRKHhDALwdELoyOjmH/18cQGxMpunnmZMWSq/eN2WSGv5up6ydOFmNQN4T3977pMq9QyKFQyBESYltH8NO/fYvS2/eEdVZr6xqxdUuR6DxcnYPJZHZZIWq1WnHh4k1kZ8+DRhMoyul0w+jr1yE52fVns86uXnx78BTWrV0mVOI+zTUSkeeIiAjF2zs2YmJiAt09/WhubselyyWouFeNPbu3QyqVQuYrQ3X1Q/zsX3YiMsL2HScsTAuz2YxbJRXIXWybEbjIXpHqeI+N6OgI/NcfvsD9yloU5Gc9cZ8H+w9dPT39WLd2GfLsxTthYVrIFXJ8+Y+jGBrSIzBQ9VTHJpqJ1GqvyBNV5jFm7CUxTWlubkeUffrYxMQEvvzyKHxkPnh311b86qPd+NVHu22/4NkHnjWaQKSmJAhVqLfv3Efu4kyXd56e5LyoOABIpU/2H8JssdiPJa4EmRyIdaxAdTVdzXnc/HH7rFm9BHt+sh0aTSCqaxrwhz/uE67ZbDbD4uKafHyk0wboXV2nlQtJEHms/LwstLR04JuD3yMuNgoREaGPfcxs+t5JrvquJ+1PibzN2Ng4/rH/GDSaQGzftlb0mUWpVEAmk6F/YHDa4/r7ddBopk/t//7URbS2dmLP7tdF0/JnEhaqRX+/DrCveTw+bkK8Q3V6cHAgBgZ00x43MDA4bYAUACru1UA3NIzC5bnTctU1DUhOihOtVz+pu7sPX331HZYvWzzjTeae5hqJ6NUnlUoRGRGK/LxM7Nm9DS0tHWhr6wIAaILUkEgkwuDppJjoSGH2DezFMs43KPbz80VYmBZDQ7b9nrTPAyDclCo6Snzs2BhbrHuGYxPNRApIbAMO7ir1mGfeo/ME+/TSnp5+LFpkW7PGYBiB3mDEwgXpUNirLfV6g+juiwCQl5uJygf1qH/4CIODQ6L1UJ2FhYWgpaVDtK2zq3dWFVIG44jw4T80JBg+PlI0Ox2ruaUdSqXc5c0RnlV4WAgK8rPw9o6NWL+uUJieHxkRBp1uWDQVDwCamzuEwWgi8k6+vjIUFuaiqakVK11Mq3Vltn0vET258XET9n99HGq1Em++sWHajxASiQRJibGocrjJGwAMD+vR1t6F5OQ40fbTZy+j6VEr9u55HSqVeCYK7J9dXOnu6YM6UAkAqKltQNqcRNFAbnJSHOrqm0RLBlitVlTXNCDF6RzMZgsuXS5Bfl7mtNkwsE/fT0+fPn2/t28A/9h/DEuW5Li8Cctsr5GIPIvROAKLZXpxyOQ0+Mnij5TkeFitVnT39In2a+/oRrDDwKTzdyTYb1TV3z8o/Cj1JH3epPi4aPj6ytDZJV5Xvr2jGwCgCQp86mMTzUQGWIU7UrNl622ttzGZzcKvghaLBYODw3hQVY9792tsa3TaB/1UKgWCgtQoKa3Axg0rYTKZ8P3pS9Om2yclxSIoUIUD35xEXu7CGe/MWpCfhe+OnUNYmBZz01MwPKzH2R+uut3farWir38QlZV19gXAbWtu+fv7IXfxQpw7dw3+/n6IjgpHS0sHLl8pxbq1y5/TK2UzNKRH8cUbyMmej6jIcJjMZjxqbkNIiEa4/sjIMBw+cgavbVgBlVqJiopqPGxoxi9+vuu5ngsRvXoW5WQgMSFm1jeLm23fS0RPxmw24+sDJzA+bsK2rUUYHjYIOT9/P8gDbMtgFC7Pxd+/OITzxdexICMNxpFRnD9/DbExkcJd7AHg3PnrKC+vxu53t8JimRA+W/n4SKFS2QZHDx48hbGxceTmLkR4mBYTE1bcLX+Avr4BvL5tHQCgpqYRRUXitUezs+bjVkkFDh46hcLCXPhIpbh5qxxGwwhyndaZL719DyaTCUtc3NjJYBhBR2c33kkVLx8yMKDD3z8/hPnzUjF/XqqoWkyhkAs/WM/mGonIs1y8dAv1Dx8hPy8LMdER8PWVYWBwCFevliIyMgxxsbZq+YSEGKSmJODANyexaeMqaDSBaGhoxuUrJdi0cZVwvP1fH4fMV4bcxQsQGhKMsTETbtwqg1QqxcIFacAT9Hnfn7qIhIQYzJ+XCj8/X6xckYdz56/BRypFfEIM+vsGcfL7C8jImAO1WvlExyaaLZlQmeemUo955j0670U0mkCUV1Tjkz/uA+zTMpRKOWJjo/De3jcQGzO19pVEIsGe3dtx7Ph5/O73f4NWq8GGdYXQ6w1QKOWi4xYuz8XZc1eRnyeuYFAqFdBoAoUKj4z5c2AymXH9RhnOnb+O8PAQbFhfiNNnLkPpomqitq4JBw+dgkqlxLq1y5EQP7XmadGapQgI8MfpM5cxPGxAUJAKG9YXYuGCdMD+4V6tVgprlU4KDFRifNzssI9qxn3UaiXCQrU4ffoyBgaH4CvzQUJiLLbZ1yqTSCR4d9dWnDt3DV99fRxjY+OIjAzD+++9KQyyKhW2qljnSpegIDXU6udfLUtEPw5fmQxKpXzamlpapzvYqpQKqNRTgw+BahWCNLapaLPpexWKAKhUSshkU4OqSqVt4NWxn1Eq5aLpaUFBagQGql/AlRO9/FpbO9HSapu58qc/fyXKaTSB+PWv9gAAoqLC8O6urbhw4QZKSu8hwN8PaWlJwnqlsFey3im7D7PZjC/2HREdSyqV4lcf7YZGE4jd727D7Tv3UVp6D/0Dg/Dx8UF0dAT2/uR1hIYGo79/EEPDetHALOzTW/f+5HX8cO4avtp/DAAQFxuFvXvfmPaZpbr6IVatzHe5ll9tbQPi46MREOAv2n6/shZjY+Mou/sAZXcfiHJZmXOxZfOaWV8jEXmW1zasQFiZFvcr63Dh4g1YLBPQaAKRnpaMwuWLRQVIb+14DZcul+D7UxdhMBgRrAnC5k2rRTMS39v7Bq7fKMO1a3cwqBuGn58vkpLi8P7eN4W+abZ9Xltbl+jHm4L8bAQEBOBWSTnO/HAVcnkAMjPnYuWKPGGfJ+lPiWZDUviz8snFIYXKPMaMvSU+88k8wGndTNu/S4SVMK1Wq5C3NVZhm+0fx22Tj7fFYyYpYqNmV3k0W60duud+TCIimsJ+lujl5EnvzQdV9WhsbMGWzWteyPFPnb6EmJhIocqLiLzLs/aXxpFR/PZ3n+F//PePn+t5ked4EX+TWzt08PedsA/WSyCRSCCRwCGGfZtEtA2AwzYI4zmOg/6T/z4+ZgQAlJWVzfq8cnJsMz1kgG0wybFSjzFj74mJiIiIiP65JqfQvygbX1v5wo5NRJ7PVyZDcDArzYkcSYGpijxIAMaMvSsmIiIiIiIiokm+vjJ8/Ms9P/ZpEL1UpEJFHlu2XtkSERERERERERG5Z6tAhWSqMs9VyzzzHpsnIiIiIiIiIiJyz3671sdV6DHPvCfniYiIiIiIiIiIXLMNoEoksLqt1GOeeQ/PExERERERERERuSGsgWobSnJfqcc8856ZJyIiIiIiIiIick86VZnnulKPeeY9OU9ERERERERERDQTqXNlHmPG3hQTERERERERERHNRGobQpqqzGPM2JtiIiIiIiIiIiKimQgVqGzZemNLREREREREREQ0E6ltFrNDZR5jxl4UExERERERERERzUQqkQBWx8o8xoy9KCYiIiIiIiIiIpqJ1GoFJE6VeaKYeeY9OE9ERERERERERDSTqQpUh8o8Ucw88x6cJyIiIiIiIiIimom9AhWiyjwJIKrcY555T80TERERERERERHNxF6BOjnINFmZB6fKPeaZ98w8ERERERERERHRTKTiijy2bL2rJSIiIiIiIiIimolMXJE31cLNduaZ96T8q6q1Q/djnwIRkUdjP0v0cuJ7k4hodthfEj1fMqvVPqjkspXAarUyz7zH5l9VsVFBP/YpEBF5rNYOHftZopcQ35tERLPD/pJeNG8coJfCcVAJ9so8IbaCeeY9Ok9ERERERERERDQDKRwr8mC7XTljxl4TExERERERERERzUCoQGXL1itbIiIiIiIiIiKiGUiFUjx7ZR5jxl4VExERERERERERzUBqK8VzrMhjzNibYiIiIiIiIiIiIvekgFNlHqxOMfPMe3aeiIiIiIiIiIjInak1UIXKPMljKveYZ96D8kRERERERERERDOYWgMVk2tDuq/cY555j8sTERERERERERHNYGoNVOfWuXKPeeY9Mk9EREREREREROSeVKjMc26dK/eYZ94j80RERERERERERO65r0Bly9YrWiIiIiIiIiIiIvekVmEUyWofU2LM2HtiIiIiIiIiIiKimUglkNgGk+wVeYwZe1NMREREREREREQ0E1sFqkQiVOYxZuxNMRERERERERER0UxsFahWq1CZx5ixN8VEREREREREJFZVVf9jnwLRS8W+BupkRZ5TK3GznXnmPSRPRERERERERFNGRsdw+OjZH/s0iF4qUol9MMmxQk+I7WtGMs+8p+aJiIiIiH5sp05fQmVl3Qs7/l/+egBDQ/oXdnwi8ixWK78sEzmTWZ0Gldiy9abWm1y9dgcXL910mStcnouVK/JQUlqBtrYuvPH6eiH36WffIDk5HqtXFTzzOXR09ODg4VP4t1+/98zHqqqqR3x8DJRKubCtpLQCrW1deNPh/J/U96cvobenH+/tfWPWjxka0uPTv32Lj3/5E/j7+z31cxPRq8tkMuOTP3yBHW++hvj4aLf7Xbh4E/39g9jx5msAgB/OXUVbezc+eO/NF3p+z7MvJ3oVVT6ow62SCvT09EEikSAqKhyrVxUgNiZStF9zSzsuXLyJrq5eyGQypM1JRFHRMsgD/IV92tu7cOXqbbS0dsBsNkOr1SA/LwtZmXOFfUwmM8ruVuJ+ZR0GBnSwWCYQHqbFsqWLkJaWJHrOiYkJVD6ow+LFCwAAOt0wzhVfR1NTKywWC2JjI7G2aBnCw0JEjzObzbh67Q4qH9RhaEgPtVqJrMx5WFKQBZlMNnW+Hd3QG4xQq5XP9RqJyPP09Q/ivL3/AYDf/u4zJCfHY0VhLoKDgwAAhw6fRnVNg8vHp6Ym4J23Nwtx2d0HuFVSjsHBIahUtj5q+bJFkNhng46MjuH3//U5zGbztGNtem0lcnIyXD5PTU0DSu/cR29vP0ZGxqDRBCJzYTqWLsl55mMTuSNzPaj0uEEn5pn3jLw3GRzUISU5Hps3rZqWUygUAAC93jitOiErax5CQ4KfyzkYR0YwNKTHxMQEpFLpMx3r9JnLWLt2GRYuSBe26fVGDD9DdcXg4BBqahoQGKhC/cNHSE1JmNXjRkZGYTSOYHx8nAOoRF7KZDbDODKKI9/9gH//1/eED++O+gd0uHb9jmjAJiU5ASHPqY+dyfPsy4leNeeLr+N+ZR2WLslGVORymExm3LhZhq/2H8PHv9oDldL2Oaizqxdf7T+GvNxMbNywEsaRUZwvvo4DB07gg/d3AADqHz7C4SNnkLt4IfJyM+HrJ0NVVT1OnCyGUiFHaqrts8ONm2Vob+9Gfl4mtFoNLBYL7lfW4dtDp/Dhz95BePjUYGhjUysUCjnCQrUwmczY94+jCA0Jxq6dmyGV+qCktAL7vjyKjz7cBZVKKTzum2+/h043jJUr8hCi1WBgcAglpfcwPKzHpo1Tn/dqahqQNicREonkuV4jEXkWvcGIz784jIiIUOx8axMCA/9/9u78K6oz3xf/uyYKqoqpmCcZRBAVBQVEBZyNs3FMbM3YOZ1O33O6z4933T/h3HPWOX375qa/Od3pdIaO0SRqnEcERGaQQWVQZhkECoqhgKqC+v5QxaY2hYhGo6Her7Wydj77s/euvUl4qP3sz/NsDQaHDCgru4svvjyJP/z+XQDAju3rsX5dqmhfs3kMn31+AsFBAcK6ktIqXM/Mw+ZNaQgJCUDXIx0uX8mByWQS9jeOGmE2m/HmGzvho/USHXPioc9U9Q0tyM0rRfySWKSnJUEhl6OltR2ZN/Lh4qJA0or4Zz420UzkFosFEoldJxNjxk4UOxu5Qg53d81T7bNi+ZIXdj4/hcViee5DS/ILb2NpfCwC/H2Rn3971h2oREQTfLSeKK+oRsKyOIfcteu3EBkRCpNpshIiMjL0ZzmvV7UtJ/o5rFyZgIz0FMjlMmFdSEgA/uM//4qmxodYvHgBAOBmbjGi54djw/pVwnYH92/Dx598JTxYjQgPwe8+Ogq1anIETGhIIFofdqC2rkHoXExPS3Y4j7DQIFRU3ENXt07UgVpb24CFsVEAgNvl9zA2Nob9+7YK57tr5wb85bPjKCiswMYN1nOrulOL9o4ufPibw8K5BAX5Y1FcNMbHx0WfW1NTj82b0577NRLR3HL37n1IJRK8cXA7ZDJr+6PVemFeWLCoilOpdHEoGskvuA2lUomU5KWA7V4tJ6cI69elCt+J/Hy1kEolOPXjVaxKTYSrXdW7u0YNT0/3WZ1nVGQYoiLDROuCgvzxoL4ZXV06h+2f5thEM5FLJBBX5tnFlikx88zPtTw92clTlxEZGYaEZXG4c6cOp89cddhmw/pVSF2ZgI6OLhQWVaCp+SEMhmFovb2wfn2qQ0dkZ2c3rlzLRUdHF9RqFZKT4pGSvEy0TUlplVBF4e3tiVUrE7F48QKUlt7BxcvZAICz5zJx9lwm/P188MGvDwn7VlTWIPdWCfr7B+Dr442tW9ciJDgAMzEMj6Cysga/+eBNaDRqXL2Wi7b2RwgO8hdtNzY2jhtZ+aiqqoXRZEJ4eAiWTxn+MThkQGFhOWrrGqHX90OlckPSinisSk0Utvn4k6+w9bUMFBVVoLmlHRqNCps3rYGXlwcuXcpBW3snNBo1Nm9cgwULIoT9ioorhJ+Lu7vGNlRlOWSyn1bRS0TPR0Z6Ck6fuYpFcdFwcVEI65ub2zA8PIKFsfNRXf1AWF9SUoWHbZ3YvWsjADyxHe3q1uH4ifPYtXMDLl+5iZ6ePgQE+GL3ro3o7tIhMysffX0DCPD3we5dG6G1VVzYt+VEzsa+I3CCQiGHVCoRfk8tFgsaG1uxfes60Xbu7mqEhgSioaEF0fPDIZfLRcPjJyiVStHv/FTDI6MoKiqHu7tGdONvsVhQW9uAgwetQ14bGlqwIDpC1NkrkUiwMDYKNbUNAKwdn3fv3kf8kphpr81+lE9Xtw5DhmFERoS+8Gskol+2sbExKF2VQuepvenahAkjI6O4lVeKjPRkoY3o6OiGYXgECxfOF207cV/T3NzmMJ3JszKZzHjwoAkd7V3ImObhFdHzIrdYrH+Uhco8Lrl0oiU9mV4/AL2+HwCwePECLFwYhYnCz/r6Zvx49hribH8YGxpbodV6YtWqRKhUbigvv4eTpy7j9//8jugp5cXL2di0cQ28vT1RX9+Mi5eyIZVKheEWubdKUVlVg717NiMgwBednd04dvwslEoXLF++GMuWLcT/+dPfsW5dKuKXxIo6Dx+2dcJN5YoD+7ZCoZDjytVcnDx1+YnzrpaUVCI8PER4OpmQsAh5eaXYv2+raLvLV3JQd78Je3Zvgp+fD5qaH+LCxSzRNp2d3TCZzNi5Yz203p7o6OjG8e/OIyjIHxHhIcLP9ezZ69i9axN2796EW7dKcer0FWi1XtZ5zvx9kJtbjNNnruJff/8e5HIZ7j9oQnZOEQ4d3I6gQH909/SitLQKAwOD8PLy+Cn/mYnoOfHw0CBu4XzcyisVzTd69VouNm9KQ3tHl2j7/oFB9PX1C/GT2lGDYQR6/QBybhZjz+5NcFUqcerHKzj27VloNCoc2LcNLi5ynDx9BZcu5+Dwm7uAKW05EQF19xshk8kQGmqdUsNgGIHRaIJW6+mwrbe3B3r7Hv/7MzQ0jJaWdqxameiQ++LLk2hrf4Tx8XGoVG44/MZOuLm5CvnW1g5IZVLhgW1vrx7h4Y7zKHt5eYrais5HPYiLm4/yimoUFpVjcGAIvn5aZKSnINxuHuaamnpER4dDKpViaGj4hVwjEc0NsTGRyM4pwqXLOUhKincY9v44efllUCpdkJgwWVTS26eHQiEXpkiZIJPJ4OGhcWhv7j9owrnzmejR9UGlckPCsjikrkyY8Z79RlYBCgpvY2zMWnW/e9dGhEyZ1/pZj000nckKVC65dMKls6mtbcD//o//Fq2TSqV4++he+PlpZ3WMiSeSQ0PDuHAxCzu2rRM6He0rLAEgdWUCsrIL0dHZLfoyvy4jFWGhQQCApfELodPpUVBYjqQV8TCZzLiVV4JDB3cgIMAXABAQ4Iu1GStRWnYH0dHhwjnIZFJRhQYAuLgo8PruzVAorE9J09aswN/+/j30+oHHDt0wmcwoLqnCnt2bhHXLExfj40++gq5XD61twvSRkVGUV1Rjz+5NiIiwDrtdFBcNvX4AmTfyhX3nR83D/Kh5QhwVFYbQkEC0tLQJHagAkJS0VBi+m7pyGQqLyhG/JEbYZmVKAoqKK9HVpUNQkB90Oj28vT2Fn11ggC+2bxNXkRDRy7d69Qp8+uk3SExYBE9Pd1RUVkOtViEsLMihA3Wq2bejKfDztbbbyxMW4/SZq9i39zX4+FhvdhITFuHipewXcn1Ev3RDQ8O4fOUmVq9aLnRmGo1G4DFVVnKFHGbz2LTHslgsOHvuOsLnBU87JceB/VsxPDyKIYMB5eXVOPbtWbz37gF4eFinVKquqUdsTJSw/ajRNO05KBRy0fQfIyMjuH+/CQODQ9i6JQMKhRyFRRX45tgZvPvOfgTavkPV1NQjbU3SC71GIpobtFovvPv2PuTkFuOvn52AQi5DSGggYmOiEL8kZtp3WAwODqGouALbtq4TFbUYjSYoHlO1qpDLHV7sVFFZjYz0FHh5eqCltR03sgpgNBqxNuPxL79cs3oF4pfEYtRoRGNjK85fyIKrq9Jh9OOzHJtoOqxA5dKpl84mMjIUr21OF62TSqXPNCfMmXPXsGBBBOLiooV1Pbo+FBTcRkdHF4y2L/kWiwUmk0m077x5QaI4LCwIt/JKYTSa0N3TC5PJjHPnM0V/pI1GEwL8xW+fnY5W6yV0ngKAyja0zTjlHOyVV9yDm6tSNKTO3V2NmAURKCi4LbyIoUfXh/HxccwLE1eGzAsTX8/oqBF5+WVobm6DwTAMSCTQ6foQNGU6AD/fyRe6uLpab+DsXyYzMS/QxM8vNiYSeXml+PofpxEVNQ9hYUEICQ5wyv+XiV5lbq5KJCXF43pmHnbu2ICs7ELRG2lnMtt2VNRWuFnbCvuXRLm5uoo6W4jIamRkFMe+PYPQkEDRA4uJ7w7T/d6YTWYoHzN0/dz5TPTp+/H20b3T5lUqN6hUbvDxsc4j+Nnn36G4pFKYg7S2rgE7d2wQncd052AymUWjeRRyOR7UN+MP//KucO67d23EwMAgSkoqsWP7euj1A+jR6RFle6j7oq6RiOaOgABfHNi3FePj43jUpUNzcxuyc4pQUVmNI4d3O3Si5twshre3J5bY5pKeoJDLYTJP/z3EZJ5szzw8NNi+bR2WLI4RCmOCgvyEl/3N1MmpUMiFB8fBQf4wGEaQc7NI6ED9Kccmmo4cEtg6k2wVeUKFnmQyZp75uZp3MgqFAt7ejsO2nlZBYTn69YM4YDe8fXx8HF9/fRqxC6Pw5hs7hY7Lf/v3/8bUH/XY2Lhobh2Z7Q+xRCLBxPwAH7x/6Jnm2ZJN82QUgMM5CKstFhQUlkOvH3CozjWZzJBIJMhIT4Fa7Sac2/i4uEJj6jxB585nYnDIgF07N8Lb2zq0/tvj5xxOYrqnuNOtm9jL09MdH/32CBoaWtDS2o6z5zIhk0px9OjrcLObhJ2IXr6U5GX45M9f48T3FxAWGiRU1M/kadrR6dsPPkwhmsnoqBH/OHYGXl4e2L1ro+gBpFqtglwuh663SPRTVgAAIABJREFUD0FBfqL9dDo9gqeZS/3CxSy0tnbg6JHXRcPyZ+Lnq4VOpwdscx4bjSbRg1hvbw/09uod9uvt7RNN1+Pp5Q6lUil6aAwAwcEBaG9/BNiqW6Miw4Rtfq5rJKJfPqlUisAAXwQG+CJ6/jz8+dNv8PBhJ8Ls2iudrg+3y+/h4P5tDgUd3t4eMJnMGBw0QKOZHMZvNo+hv39y+jGJRDLt/OyhIQEYHTViZGRU9LKpmfj7a1FecU+In+exiQBACqECFdYX7diWFotlMmae+bmaJxGZTArz2PTDtyZ0dHThZm4x9r6+RTQEbGhoGINDBsQviRVu+gcHhxyGZwBAS2u7KG5uaYenpzsUCjl8fbWQy2Voano443nIFXKMjhqf8god3at+gMHBIfz6vYP44P1Don8++vBX8PR0R1FxBWCr+JJKpWhuEZ9/Q2OrKO581I0F0RFC5ykA6Ka5GXoWLi4KxMZGYdPGNfjwn96E0WRCbW3Dczk2ET0/CoUcaWlJaGxsRUZGyqz2eZp2lIiejtFowrFvz8LdXY29r29xeAghkUgQGRGKe3YveQOAgYFBPGzrRFSU+I3Pl67koLGpFUeP7BF1DkwYMgxPex6Punrg7qEGANTU1iNmQYSo4yEqMgx19xtFw+ktFguqa+ox3+4c5keFo7tb5zDsvr2jS3hYXlNTj9jYyekBnvc1EtHcYjAMC/OJ2pu455tagHQjqwAhwQGIjg532Ccw0A9urkqH9qa2rgFSqVSYksxsNsMwPOKw/6MuHVxdldN2cI6OGqedcqSzswce7hohfpZjE81EPlGRN1Gpx5ixU8VOxmwyY2Bg0GG9SqWCTCaFn58Pcm+Vou5+I0KCA4Qb+AkmkxknT1/B2owU+Ph4YXzc+gdWKpVCo1EJnY1bt2TAZDLhwqXsad/imHOzGDKpFP7+PqhvaEF+wW1sWJ8K2DoIU1cm4sKlbIxbLAgNCcTw8AjKK+5BKpVi/TrrdsHBASi7fRehIUHQaFRwd1c/088kv+A2kpOWPrY6LD0tGZev5GD1quVwdVVi2dKFuHbtFpRKFwQH+aOlpR0lpVWifUKCA1F1pxaL4qKhUrnhRla+w/DbZ5F7qxQymRSLF1mP+/BhJwyGYWHoChG9WpYnLkZEeIgwj/KTPE07SkSzZzab8e3xczAaTdi1cwMGBoaEnIvSRRjFkbYmCX//8gdcz8zDksUxMAyP4Pr1WwgNCURkxOTcn9eu56G8vBqH39yJsbFx6PUDgO1BtEZj/T7y/fcXMTpqRFJSPPz9tBgft+B2+V309PRizy7rnOs1NQ3YsGGV6FwTli1CYVEFvv/hItLSkiCTSlFQWA7D0DCSkpYK26UkL0V5RTW+PXEO69auhEIhR3FxJVpa2rB54xoMDQ2jveMRDkWLpw95ntdIRHNLVnYh7j9oQkryMoQEB0ChkKO3rx+5ucUIDPQTOj0BoL39Eapr6vHW0denPZZUKkVaWjJuZOVDoZAjNCQQjx714NKVHKxKTRCG8Nfdb8KZs9ewPHEJIiNDoVa5CfOUpqclC8e7cDEL4eEhWBQXjfyCMpSV3UVy8lKEhARC6aJAQ2MriksqRe+HmO2xiWZLbq3Qs45MnZwbkjFj54idiZeXB8orqvGnj790yKWtWYGM9BQsjI3CsqULcfrHq/D18ca77+yHp6c7PDysc6Q+eNCE3l49Ll+5ictXbgr7x8RE4sC+rThyeDfOnL2OP/7pc2i1XtiyKQ2Dg0NQqa0dsWqVG7y8PLBt61pcupyNjo4uqNUqrFubgqQV8cLxMtKToVa7ISu7AL29/VCr3RAVGSa8BAEAtmxag7PnM/HFVyfh4qLAe+/sh7u7WngpwwSl0gUqldu0w84GB4cwMDCIZLsbkqkWL4pGfn4ZWls7EBUVhi2b0+HiosDZc5kwmUyIiAjFgX1b8e3xc3BxsX4R2L5tLS5czManfzkGNzdXpK5MwKK4aNENh6enu3VaABuZTAoPD41onVwug0ajhtrWkb0gOhxZOYUoKLyNkREjvL08sGVzOkKnedskEf28FHI51Go30RyFsM3LbE+jVkFj98DHw10DTy9rGyuRSJ7YjqpUrtBo1KIX6KnV1o5X+4o6tdpNPNzXri0ncjatrR3C6Jc/f/qNKOfl5YHf/fYIYJsb7803duLGjXwUFVfCVemCmJhIYb5S2CpZS8uqYDab8eVXp0THkkql+O1vDsPLywOH39yFktIqFBdXQtfbB5lMhuDgABz91R74+npDp+tD/8CgqNMStgfJR3+1B1ev3cI3x84AAMJCg3D06OvC9wHY5kl/5629yLyRj+MnzsNkMiEoyB9HfrUHfn5alJXdwbx5wQ4VVs/zGolobnltSzr8yrSoulOHG1n5GBsbh5eXB2JjopC2ZoXo/vnuvQeIi4sWdapOlZwUD6lEgrz8Muj1A/Dw0GBVaiJSVyYI28QtnC88AKqorIbJZILW2wubNq5BYsIiYbuHDzuFe6m1GSvh7++L4uJK5OWXYWxsHL4+Xti5Yz3il8Q+9bGJZkuy+r3b1kps+74kxoydJL72yWLrKrtqVOu/S4SZJy0Wi5C3LizCOus/9usm9rfGoyYpQoN++pyj9lrb9c/9mERENIntLNGraS79bt69dx8NDS3YsX39Czn+xUvZCAkJRPySmBdyfCJ6tf3U9tIwPIL/+uPf8L/+50fP9bxo7ngRf5Nb2/VQKsZtnfUSSCQSSCSwi2FbJxGtA2C3DkJ/jn2n/8S/G0cNAICysrJZn1diovWlk3K8IpWAjBm/jJiIiIiI6Oe2KC4ai+KiX9jxt76W8cKOTURzn0IuF73PgYgAqWhuSFvhHWPGThMTERERERERkUChkOOjD4+87NMgeqVIheHME3NCMmbsTDEREREREREREdEMrG8bsK/MY8zY2WIiIiIiIiIiIqLHkAOTFXlccul0SyIiIiIiIiIichoTL4Z6GpMVqJjSuTR1PfPMz9U8ERERERERERHRY0gtsExW4tm9YEeImWd+DueJiIiIiIiIiIhmIpVAIqrIY8zYmWIiIiIiIiIiIqKZWIfw21XqWfCYyj3mmZ+reSIiIiIiIiIioscQ5kCdqMyTYObKPeaZn3N5IiIiIiIiIiKix7DOgToxmnmiMm+CXcw883MxT0RERERERERENBOpBBJYJvqSJirzJthi5pmfq3kiIiIiIiIiIqKZSC2wQAL7Sj3HJfPMz9U8ERERERERERHRTKQTFXmTlXqT8dQl88zPtTwREREREREREdFMpK9KJSDzzL+MPBERERERERER0Uxsc6BaplTqMWbsHDEREREREREREdFMpBOdSeJKPcaMnSMmIiIiIiIiIiKaia0CVVyZx5ixs8REREREREREREQzkVssFkgkdp1LjBk7UfxL1dquf9mnQEQ0p7GdJXo18XeTiGh22F4SPV9y2HcuwQJxDDDP/JzO/0KFBnm+7FMgIpqzWtv1bGeJXkH83SQimh22l/SiOWMHvRQWu8o8SCCOAeaZn9N5IiIiIiIiIiKiGUgnKvKEyrwpMfPMz+k8ERERERERERHRDIQK1MdV6jHP/JzOExERERERERERzUBq7Uuyr9RjzNiJYiIiIiIiIiIiohlIraOZ7Sv1GDN2opiIiIiIiIiIiGgG1jlQLVMq8xgzdpaYiIiIiIiIiIhoBlLYOpXsK/MYM3aamIiIiIiIiIiIaAZSSCB0Kk1U5gkxpsTMMz/X8kRERERERERERDOQwgJbRd5kZZ4QY0rMPPNzLU9ERERERERERDQDuwpULrl0wiUREREREREREdEM7CpQYRvmbCvMm7KeeebnZJ6IiIiIiIiIiGgGUkBckSfBROeSXYUe88zP5TwREREREREREdFjWDtQhco8W0UeY8bOFBMRERERERERET2GUIEqgbhijzFjp4mJiIiIiIiIiIgeQ2qBbTgzbJV5jBk7UUxEREREREREYvfu3X/Zp0D0SpFaK/Fskf0ckYwZO0FMRERERERERJOGR0Zx8vSVl30aRK8UoQJV6FOyj6cumWd+juWJiIiIiF62i5eycedO3Qs7/l/+ehz9/YMv7PhENLdYWGxE5EA+UZEnjGq2j6cumWd+juWdSe6tUmRlF0ybS1uThIz0ZBQVV+Dhw068vmezkPvsbycQFTUP69au/Mnn0N7ehe9PXsQ//+6tn3yse/fuY968EKjVbsK6ouIKtD7sxF67839aFy5lo7tLh7eOvj7rffr7B/HZ59/how9/BaXS5Zk/m4h+uUwmMz7+f19i397XMG9e8GO3u5FVAJ2uD/v2vgYAuHotFw/bHuGdt/a+0PN7nm050S/Rnbt1KCyqQFdXDyQSCYKC/LFu7UqEhgSKtmtuacONrAJ0dnZDLpcjZkEENmxYDTdXpbBNW1snbuaWoKW1HWazGVqtF1KSl2HZ0oXCNiaTGWW376DqTh16e/UYGxuHv58Wq1ctR0xMpOgzx8fHceduHVasWAIA0OsHcC0zD42NrRgbG0NoaCA2blgNfz8fYZ/7D5pw/MR5h+uUSCT44P1D8PPTTp5v+yMMDhng7q6e9TXW1NSjuLQK3d06DA+PwsvLA0vjY7EqNRESToNFNGf16Ppw3db+AMB//fFviIqah/S0JHh7ewIAfjh5CdU19dPuHx0djkMHtovWPWzrxKVL2QgPD8HGDasd9plNmzfVbNqo4ZFR/On/fgGz2eyw/7bXMpCYuPgpfzrk7OQWW6eSxTYlpMXCmLHzxM6kr0+P+VHzsH3bWoecSqUCAAwOGhyqE5Yti4Ovj/dzOQfD8DD6+wcxPj4OqVT6k4516XIONm5cjfglscK6wUEDBn5CdUVfXz9qaurh4aHB/QdNiJ4fPqv9hodHYDAMw2g0sgOVyEmZzGYYhkdw6ser+Jf/8da0HQy6Xj1u5ZWKOmzmR4XD5zm1sTN5nm050S/N9cw8VN2pw6rUBAQFroHJZEZ+QRm+OXYGH/32CDRq6/egjs5ufHPsDJKTlmLrlgwYhkdwPTMPx4+fwztv7wNsHZcnT11G0op4JCcthcJFjnv37uPc+UyoVW6IjrZ+d8gvKENb2yOkJC+FVuuFsbExVN2pw3c/XMQH7x+Cv/9kx0BDYytUKjf4+WphMpnx1T9Ow9fHG28c3A6pVIai4gp89fVp/OaDN6DRWDtBDYZhuLoq8ev3DoquVSqVwN1dI1pXU1OPmAURkEgks7rG+oYW5OaVIn5JLNLTkqCQy9HS2o7MG/lwcVEgaUX8C/4vRkQvw+CQAV98eRIBAb44uH8bPDw0GBwyoKzsLr748iT+8Pt3AQA7tq/H+nWpon3N5jF89vkJBAcFCOssFguuXruFstt3YDaPwW+aDtHZtnn2ZttGGUeNMJvNePONnfDReomOMfFAiehpyIXOJExW5jFm7Cyxs5Er5A5fqp9kxfIlL+x8fgqLxfLch5bkF97G0vhYBPj7Ij//9qw7UImIJvhoPVFeUY2EZXEOuWvXbyEyIhQm02QlRGRk6M9yXq9qW070c1i5MgEZ6SmQy2XCupCQAPzHf/4VTY0PsXjxAgDAzdxiRM8Px4b1q4TtDu7fho8/+Up4sBoRHoLffXQUatXkCJjQkEC0PuxAbV2D0IGanpbscB5hoUGoqLiHrm6dqAO1trYBC2OjAAC3y+9hbGwM+/dtFc53184N+Mtnx1FQWIGNGybPTQLA09P9iddfU1OPzZvTZn2NUZFhiIoMEx0jKMgfD+qb0dWle+LnEdEv09279yGVSPDGwe2Qyaztj1brhXlhwaIqTqXSxaFoJL/gNpRKJVKSlwrrhgzD6Ovrx3vvHMCNx4yEfJo2b8LTtlHuGvWs2kqiJxFXoHLJpZMt6clOnrqMyMgwJCyLw507dTh95qrDNhvWr0LqygR0dHShsKgCTc0PYTAMQ+vthfXrUx06Ijs7u3HlWi46OrqgVquQnBSPlORlom1KSqtQVFyJgYFBeHt7YtXKRCxevAClpXdw8XI2AODsuUycPZcJfz8ffPDrQ8K+FZU1yL1Vgv7+Afj6eGPr1rUICQ7ATAzDI6isrMFvPngTGo0aV6/loq39EYKD/EXbjY2N40ZWPqqqamE0mRAeHoLlU4Z/DA4ZUFhYjtq6Ruj1/VCp3JC0Ih6rUhOFbT7+5CtsfS0DRUUVaG5ph0ajwuZNa+Dl5YFLl3LQ1t4JjUaNzRvXYMGCCGG/ouIK4efi7q6xDVVZDpnsp1X0EtHzkZGegtNnrmJRXDRcXBTC+ubmNgwPj2Bh7HxUVz8Q1peUVOFhWyd279oIAE9sR7u6dTh+4jx27dyAy1duoqenDwEBvti9ayO6u3TIzMpHX98AAvx9sHvXRmhtFRf2bTmRs7Hv7JygUMghlUqE31OLxYLGxlZs37pOtJ27uxqhIYFoaGhB9PxwyOVyyOVyh+MplUrR7/xUwyOjKCoqh7u7RnTjb7FYUFvbgIMHrUNeGxpasCA6QtTZK5FIsDA2CjW1DQAcOxNm0tWtw5BhGJERobO+xqlMJjMePGhCR3sXMqbpGCaiuWFsbAxKV6XQeWpvunZvwsjIKG7llSIjPVnUDmrUKhw8sG3Gz3webR7bKPq5yF+FTiwuuXxZS3oyvX4Aen0/AGDx4gVYuDAKE4Wf9fXN+PHsNcQtnA/YhqBptZ5YtSoRKpUbysvv4eSpy/j9P78jekp58XI2Nm1cA29vT9TXN+PipWxIpVJhuEXurVJUVtVg757NCAjwRWdnN44dPwul0gXLly/GsmUL8X/+9HesW5eK+CWxos7Dh22dcFO54sC+rVAo5LhyNRcnT11+4ryrJSWVCA8PEZ5OJiQsQl5eKfbv2yra7vKVHNTdb8Ke3Zvg5+eDpuaHuHAxS7RNZ2c3TCYzdu5YD623Jzo6unH8u/MICvJHRHiI8HM9e/Y6du/ahN27N+HWrVKcOn0FWq2Xdc4ffx/k5hbj9Jmr+Nffvwe5XIb7D5qQnVOEQwe3IyjQH909vSgtrcLAwCC8vDx+yn9mInpOPDw0iFs4H7fySkXzjV69lovNm9LQ3tEl2r5/YBB9ff1C/KR21GAYgV4/gJybxdizexNclUqc+vEKjn17FhqNCgf2bYOLixwnT1/Bpcs5OPzmLmBKW05EQN39RshkMoSGWqfUMBhGYDSaoNV6Omzr7e2B3r7H//4MDQ2jpaUdq1YmOuS++PIk2tofYXx8HCqVGw6/sRNubq5CvrW1A1KZVHhg29urR3i44zzKXl6eorYCtu+yBYW3UXb7HoaGDNBqPbFm9QrELJicY7Wmph7R0eGQSqUYGhp+qmu8kVWAgsLbGBsbBwDs3rURIVPmjCWiuSM2JhLZOUW4dDkHSUnxDsPeHycvvwxKpQsSE55+TtGnafOmmm0bdf9BE86dz0SPrg8qlRsSlsUhdWUC53Ompya3WCyQSCR2nUoWSGAXM8/8HM47m9raBvzv//hv0TqpVIq3j+4VvWxgJhNPJIeGhnHhYhZ2bFsndDraV1gCQOrKBGRlF6Kjsxvhdi9VWZeRirDQIADA0viF0On0KCgsR9KKeJhMZtzKK8GhgzsQEOALAAgI8MXajJUoLbuD6Ohw4RxkMqnoaSUAuLgo8PruzVAorE9J09aswN/+/j30+oHHDt0wmcwoLqnCnt2bhHXLExfj40++gq5XD61twvSRkVGUV1Rjz+5NiIiwDrtdFBcNvX4AmTfyhX3nR83D/Kh5QhwVFYbQkEC0tLQJHagAkJS0VBi+m7pyGQqLyhG/JEbYZmVKAoqKK9HVpUNQkB90Oj28vT2Fn11ggC+2bxNXkRDRy7d69Qp8+uk3SExYBE9Pd1RUVkOtViEsLMihA3Wq2bejKfDztbbbyxMW4/SZq9i39zX4+FhvdhITFuHipewXcn1Ev3RDQ8O4fOUmVq9aLnRmGo1G4DFVVnKFHGbz2LTHslgsOHvuOsLnBU87JceB/VsxPDyKIYMB5eXVOPbtWbz37gF4eFinVKquqUdsTJSw/ajRNO05KBRy0fQfgAQjI6Po7OzB5k1r4OqqRFVVLb77/iIOv7FLOJeamnqkrUl6pmtcs3oF4pfEYtRoRGNjK85fyIKrq5JTHBHNUVqtF959ex9ycovx189OQCGXISQ0ELExUYhfEjPtOywGB4dQVFyBbVvXPdOIuNm3eY5m20ZVVFYjIz0FXp4eaGltx42sAhiNRqzN4Is16enIIepcgrjzCQDzzM/pvJOJjAzFa5vTReukUukzzQlz5tw1LFgQgbi4aGFdj64PBQW30dHRBaPtD57FYoHJZBLtO29ekCgOCwvCrbxSGI0mdPf0wmQy49z5TNEfaaPRhAD/x7+JcYJW6yV0ngKAyjZszzjlHOyVV9yDm6tSNKTO3V2NmAURKCi4jW1b1wrXNz4+jnlh4qek88LE1zM6akRefhmam9tgMAwDEgl0uj4ETZkOwM938oUurq7WGzj7l8m42t6GO/Hzi42JRF5eKb7+x2lERc1DWFgQQoID+PSU6BXj5qpEUlI8rmfmYeeODcjKLnR4I+3jzLYdFbUVbta2wv4lUW6urk+88SByRiMjozj27RmEhgSKHlhMfHeY7vfGbDJD+Zjh+efOZ6JP34+3j+6dNq9SuUGlcoOPj3Uewc8+/w7FJZXCHKS1dQ3YuWOD6DymOweTySwazRMVGYp9r2/BQtsoIAAICQ6ATteHopIKREaGQq8fQI9OjyjbQ92nvUaFQi48lAkO8ofBMIKcm0XsQCWawwICfHFg31aMj4/jUZcOzc1tyM4pQkVlNY4c3u3QiZpzsxje3p5YYptL+mnNts173L4ztVEeHhps37YOSxbHCEU3QUF+wosE2YFKT0uOiYo8oVKPMWPniZ2NQqGAt7fjsK2nVVBYjn79IA7YDW8fHx/H11+fRuzCKLz5xk6h4/Lf/v2/HXqrx8bGRXPryGx/iCUSCSbmB/jg/UMzziX2OLJpnowCj+8xt1gsKCgsh14/4FCdazKZIZFIkJGeArXaTTi38XFxhcbUeYLOnc/E4JABu3ZuhLe3dWj9t8fPOZzEdE9xp1s3sZenpzs++u0RNDS0oKW1HWfPZUImleLo0dfhZutsJaJXQ0ryMnzy569x4vsLCAsNEirqZ/I07ej07Yfz/V0jehqjo0b849gZeHl5YPeujaLvgmq1CnK5HLrePgQF+Yn20+n0CJ5mLvULF7PQ2tqBo0deFw3Ln4mfrxY6nR6wzXlsNJpED2K9vT3Q26t32K+3t080XY9GoxZ1nk4ICQlEbV0DYKtujYoMEzpOn+Ua7fn7a1FecW9W10lEv2xSqRSBAb4IDPBF9Px5+POn3+Dhw06E2bVXOl0fbpffw8H925753nq2bd5sTG2jJBLJtHO/h4YEYHTUiJGRUaFghWg2pLBV5E1W6olj5pmf23myJ5NJYR6bfojahI6OLtzMLcbe17eIhlsMDQ1jcMiA+CWxwk3/4OCQ6I2NE1pa20Vxc0s7PD3doVDI4eurhVwuQ1PTwxnPQ66QY3TU+JRX6Ohe9QMMDg7h1+8dxAfvHxL989GHv4KnpzuKiisAW8WXVCpFc4v4/BsaW0Vx56NuLIiOEDpPAUA3zReDZ+HiokBsbBQ2bVyDD//pTRhNJtTWNjyXYxPR86NQyJGWloTGxlZkZKTMap+naUeJ6OkYjSYc+/Ys3N3V2Pv6FoeHEBKJBJERobhn95I3ABgYGMTDtk5ERYnf+HzpSg4am1px9MgeaDQqh88bMgxPex6Punrg7qEGANTU1iNmQYSo4yEqMgx19xtFw+ktFguqa+ox3+4cDIbhaacVeNTVI3Q61NTUIzZ2cnqA2V7j6Khx2mN3dvbAw10z7XUR0S+fwTAszCdqb+KezzLlDvpGVgFCggMQHf3sVemzbfPszbaNMpvNMAyPOGz3qEsHV1clO0/pqcnxilQCMmb8MmJnYzaZMTAw6LBepVJBJpPCz88HubdKUXe/ESHBAcIN/ASTyYyTp69gbUYKfHy8MD5u/QMrlUqh0aiEzsatWzJgMplw4VL2tG9xzLlZDJlUCn9/H9Q3tCC/4DY2rE8FbB2EqSsTceFSNsYtFoSGBGJ4eATlFfcglUqxfp11u+DgAJTdvovQkCBoNCq4u6uf6WeSX3AbyUlLH1sdlp6WjMtXcrB61XK4uiqxbOlCXLt2C0qlC4KD/NHS0o6S0irRPiHBgai6U4tFcdFQqdxwIyvfYfjts8i9VQqZTIrFi6zHffiwEwbDsDB0hYheLcsTFyMiPESYR/lJnqYdJaLZM5vN+Pb4ORiNJuzauQEDA0NCzkXpIoziSFuThL9/+QOuZ+ZhyeIYGIZHcP36LYSGBCIyYnJ+02vX81BeXo3Db+7E2Ng49PoBwPYgWqOxfh/5/vuLGB01IikpHv5+WoyPW3C7/C56enqxZ5d1zvWamgZs2CB+w3TCskUoLKrA9z9cRFpaEmRSKQoKy2EYGkZS0lJhu+ybRaitbcDKlGUICvSHTCbFnbv3UVfXiLeOvo6hoWG0dzzCoWjx9CGzucb8gjKUld1FcvJShIQEQumiQENjK4pLKjn3OtEclpVdiPsPmpCSvAwhwQFQKOTo7etHbm4xAgP9hPcwAEB7+yNU19TjraOvz3jM/v5BWCwWmE1mGKVS6PUDkMvl1tF9T9HmXbiYhfDwECyKi551G1V3vwlnzl7D8sQliIwMhVrlJsyBmp6W/EJ+hjS3yaevzLM8oXKPeebnSN6JeHl5oLyiGn/6+EuHXNqaFchIT8HC2CgsW7oQp3+8Cl8fb7z7zn54errDw8M6R+qDB03o7dXj8pWbuHzlprB/TEwkDuzbiiOHd+PM2ev4458+h1brhS2b0jA4OASV7Q+kWuUGLy8PbNu6FpcuZ6OjowtqtQrr1qYgaUW8cLyM9GSo1W7Iyi5Ab282UPwJAAAgAElEQVQ/1Go3REWGCS9BAIAtm9bg7PlMfPHVSbi4KPDeO/vh7q4WXsowQal0gUrlNu3QusHBIQwMDCLZ7o/zVIsXRSM/vwytrR2IigrDls3pcHFR4Oy5TJhMJkREhOLAvq349vg5uLhY5+nZvm0tLlzMxqd/OQY3N1ekrkzAorho4aYKtuH4E18cYLvp8vDQiNbJ5TJoNGqobR3ZC6LDkZVTiILC2xgZMcLbywNbNqcjlG/EJXrpFLabganzdWmnvMFWo1ZBY/fAx8NdA08vaxsrkUie2I6qVK7QaNSiF+ip1daOV/uKOrXaTTT0zb4tJ3I2ra0dwuiXP3/6jSjn5eWB3/32CGCbG+/NN3bixo18FBVXwlXpgpiYSGG+UtgqWUvLqmA2m/HlV6dEx5JKpfjtbw7Dy8sDh9/chZLSKhQXV0LX2weZTIbg4AAc/dUe+Pp6Q6frQ//AoKhjFrYHyUd/tQdXr93CN8fOAADCQoNw9OjrwvcBANiyKQ2+Pt6orKpBVnYRJBIgKNAfRw7vRmhIIMrK7mDevGCHCqvZXOPajJXw9/dFcXEl8vLLMDY2Dl8fL+zcsR7xS2Kfw38RInoVvbYlHX5lWlTdqcONrHyMjY3Dy8sDsTFRSFuzQlQtf/feA8TFRYs6VadqanqIr7/5UbSupqYeMpkM//r7d6FUusy6zXv4sFO4l5ptGxW3cD4UCjmKiytRUVkNk8kErbcXNm1cg8SERc/1Z0fOQZL6dqlFIrGrzOOSSydaXv//lgC2YQITrP8++Zopi8Ui5K0Li7DO+o/9uon9rfGoSYrQoJ8+56i91nb9cz8mERFNYjtL9GqaS7+bd+/dR0NDC3ZsX/9Cjn/xUjZCQgIRvyTmhRyfiF5tP7W9NAyP4L/++Df8r//50XM9L5o7XsTf5NZ2PZSKcVtnvQQSiQQSCexi2NZJROsA2K2D0J9j3+k/8e/GUcMzn59QgTr90vKY9cwzP0fyREREREQ/s0Vx0VgUF/3Cjr/1tYwXdmwimvsUcrnofQ5EBEgn3ioNi8U6I6QoloB55ud0noiIiIiIiIgECoUcH3145GWfBtErRQqJrZPJrjKPMWOniYmIiIiIiIiIiGYgnehMElXmTYmZZ37O5omIiIiIiIiIiGYgqkAVKvOmxMwzP2fzREREREREREREM5A+rpOJSy6dYklERERERERERDQDxwpUYOZOJ+aZn0t5IiIiIiIiIiKiGThWoAKP73xinvm5liciIiIiIiIiIprBZAUqplbqMWbsBDEREREREREREdEMpMILdWBdMmbsTDEREREREREREdFMpBKI54RkzNiZYiIiIiIiIiIioplILYCoMo8xY2eKiYiIiIiIiIiIZiJUoHLJpTMuiYiIiIiIiIiIZmKtQIVdZR5jxk4UExERERERERERzUQqAWCBuDKPMWNniYmIiIiIiIiIiGYitQCQTKnMY8zYWWIiIiIiIiIiIqKZWCtQp1TmMWbsLDEREREREREREdFMrBWogKgyjzFjZ4mJiIiIiIiIiIhmIsdEZ5KoMm8yZp75uZ7/JWpt17/sUyAimtPYzhK9mvi7SUQ0O2wviZ4vOewr8oSlZHK4M/PMz+H8L1VokOfLPgUiojmrtV3PdpboFcTfTSKi2WF7SS+aM3bQSyc6lSDqZHLsfGKe+bmYJyIiIiIiIiIimonUYoFQiSeBBBOx0NnEPPNzOE9ERERERERERDQTKSTiyjxxDDDP/JzOExERERERERERzUCKiYq8iUo9xoydKSYiIiIiIiIiIpqBUIHKJZdOuSQiIiIiIiIiIpqBFBZbN5JQoTf5dvKJmHnm52yeiIiIiIiIiIhoBlJIJieFtFbmSYTKvImYeebnbJ6IiIiIiIiIiGgGUlgskEimr9SDbck883M2T0RERERERERENAOpUJE3TaUeYFexxzzzczFPREREREREREQ0A/EcqJIplXuYUrnHPPNzLU9ERERERERERDSDaedAtcYzVO4xz/xcyRMREREREREREc3AWoE6pTKPMWOniYmIiIiIiIiIiGYgta/I45JLp1sSERERERERERHNQGqxr8iTAIwZO1NMREREREREREQ0E6nE2qskVOQxZuxMMRERERERERGJ3bt3/2WfAtErRWqBtTNpojKPMWNniomIiIiIiIho0vDIKE6evvKyT4PolSJUoArLKZV6zDM/l/NERERERC/bxUvZuHOn7oUd/y9/PY7+/sEXdnwimlssvFcmciC3wNqpZLFwyaXzLZ1RbV0DSsvuoK3tEYxGE9RqFSLCQ5CamgA/X+3LPr2fbGxsDKVld1B1pw49Pb0YGxuDl5cHYhZEInVlAtzcXF/2KRLRHGQymfHx//sS+/a+hnnzgh+73Y2sAuh0fdi39zUAwNVruXjY9gjvvLX3hZ7fZ387gaioeVi3duUL/RyiV9Wdu3UoLKpAV1cPJBIJgoL8sW7tSoSGBIq2a25pw42sAnR2dkMulyNmQQQ2bFgNN1elsE1bWydu5pagpbUdZrMZWq0XUpKXYdnShcI2JpMZZbet30d6e/UYGxuHv58Wq1ctR0xMpOgzx8fHceduHVasWAIA0OsHcC0zD42NrRgbG0NoaCA2blgNfz8f0X5msxm5t0px524d+vsH4e6uxrKlcUhduQxyuXzyfNsfYXDIAHd3NUwmMwoKy1FVVYM+/QCUShdERoZi4/pVcHfXPNU1EtHc06Prw3Vb+wMA//XHvyEqah7S05Lg7e0JAPjh5CVU19RPu390dDgOHdguxGW376KwqBx9ff3QaKxt1JrVy0X34rNt8+zV1NSjuLQK3d06DA+PwsvLA0vjY7EqNVE49vDIKP70f7+A2Wx22H/baxlITFz8E35S5IzkEth1Jtkq9SxTKveYZ36u5p3N5Ss3UVJahcTERUhOWgpXpQt6+/pRV9eIz/52Ah/+02F4eXm87NN8ZiaTGf/45kfoevVISV6G0HWpkEgk6OnpRXlFNaprHuCjD4+87NMkojnIZDbDMDyCUz9exb/8j7emfUin69XjVl6pqMNmflQ4fHy8X/j5LVsWB9+f4XOIXkXXM/NQdacOq1ITEBS4BiaTGfkFZfjm2Bl89Nsj0KhVAICOzm58c+wMkpOWYuuWDBiGR3A9Mw/Hj5/DO2/vAwDcf9CEk6cuI2lFPJKTlkLhIse9e/dx7nwm1Co3REeHAwDyC8rQ1vYIKclLodV6YWxsDFV36vDdDxfxwfuH4O8/2THQ0NgKlcoNfr5amExmfPWP0/D18cYbB7dDKpWhqLgCX319Gr/54A1oNGphvxPfXYBeP4CM9GT4aL3Q29ePouJKDAwMYtvWtcJ2NTX1iFkQAYlEgq/+cRoAkJaWBK3WC3r9ADJv5OPE9xfx/rsHnuoaiWhuGRwy4IsvTyIgwBcH92+Dh4cGg0MGlJXdxRdfnsQffv8uAGDH9vVYvy5VtK/ZPIbPPj+B4KAAYV1JaRWuZ+Zh86Y0hIQEoOuRDpev5MBkMgn7P02bN6G+oQW5eaWIXxKL9LQkKORytLS2I/NGPlxcFEhaEQ8AMI4aYTab8eYbO+Gj9RIdw93d8bhET8IKVC6deulMamrqUVxSiYP7t2HBgghhfUhIIJYsjkFXlw6enu4v9Rx/qswb+ejR9eHX7x0UXcu8ecFITFyMR109L/X8iGju89F6oryiGgnL4hxy167fQmREKEymyUqIyMjQn+W8Vixf8rN8DtGraOXKBGSkp0AulwnrQkIC8B//+Vc0NT7E4sULAAA3c4sRPT8cG9avErY7uH8bPv7kK9x/0ITo+eGICA/B7z46CrXKTdgmNCQQrQ87UFvXIHQupqclO5xHWGgQKiruoatbJ+pAra1twMLYKADA7fJ7GBsbw/59W4Xz3bVzA/7y2XEUFFZg4wbruVXdqUV7Rxc+/M1h4VyCgvyxKC4a4+Pjos+tqanH5s1pAID9e1+Dh8dkpWlwkD8UCjmOnziPwcEhaDTqWV8jEc0td+/eh1QiwRsHt0Mms7Y/Wq0X5oUFi6o4lUoXKJUuon3zC25DqVQiJXkpYJsCICenCOvXpQrfifx8tZBKJTj141WsSk2Eq6ty1m2evajIMERFhonWBQX540F9M7q6dA7bu2vUv/j7XHo1yB0q9RgzdqLYmRSXViEyMlTUeWrPz088fN9kMuNGVgHu3quD2TyGwABfbFi/GkFBfsI21dUPcPNWCXp6euHm5oYlixeIblB+OHkJUVHz0N2tQ2VVLZJWxCM9LQnDI6O4fCUHdXWNkEmliIuLRvT8cNzMLca77+wXjl9SWiVUUnh7e2LVykThJmeqsbEx3C6/i7Q1SY/9A2k/DKS4pBIdHd0ICwvCzdxieHm648iv9szqc/v6+nH1+i00NT2EQi5HeEQINm5YLVSw/HDyEiIjw9Dbq0dFZQ2MRhPC5wVjx471wjZENDdlpKfg9JmrWBQXDRcXhbC+ubkNw8MjWBg7H9XVD4T1JSVVeNjWid27NgIAOjq6UFhUgabmhzAYhqH19sL69amInm/tsOjq1uH4ifPYtXMDLl+5iZ6ePgQE+GL3ro3o7tIhMysffX0DCPD3we5dG6G1VVycPHUZkZFh03bsEs119h2BExQKOaRSifB7arFY0NjYiu1b14m2c3dXIzQkEA0NLYieHw65XC4aHj9BqVSKfuenGh4ZRVFROdzdNaIbf4vFgtraBhw8aB3y2tDQggXREaLOXolEgoWxUaipbQBg7Uy4e/c+4pfETHttUqlU+Peubh2GDMOIjLA+rLHvPJ3gqlTafibW83/WaySiX7axsTEoXZVC56m96dqECSMjo7iVV4qM9GShjejo6IZheAQLF84XbTtxL9rc3IaYmMhZt3kzMZnMePCgCR3tXciY5uEV0fNirUCFBKJKVMaMnSR2Jm1tnVizesWst//uhwtQyBV4/92D0GhUuHvvPr759owwlKKxsRWnfryK17akIyYmEr06Pc5dyISuV48D+7YCAPr7B3Hl6k0sjI3Cvte3IMQ2bPWbY2cgk8nw1tG9ULkpUVFZgzNnr4m+8OfeKkVlVQ327tmMgABfdHZ249jxs1AqXaatfOjq0sFsHkN4eMisrm9gYAj3qu+ju6cXmzetQVho0Kw+1zA8gi++OonEhMXYvXMjpFIJbmQV4MR3F/Du2/sgkUjQ3z+IS5dzkJGejA9+fQjDwyP4/odLuH49T+gkIaK5ycNDg7iF83Err1Q03+jVa7nYvCkN7R1dou37BwbR19cvxA2NrdBqPbFqVSJUKjeUl9/DyVOX8ft/fgdKpQsMhhHo9QPIuVmMPbs3wVWpxKkfr+DYt2eh0ahwYN82uLjIcfL0FVy6nIPDb+4CbPOL6fX9ICKruvuNkMlkCA21fjcxGEZgNJqg1Xo6bOvt7YHevsf//gwNDaOlpR2rViY65L748iTa2h9hfHwcKpUbDr+xUzQfe2trB6QyKYKD/AEAvb16hIc7zqPs5eUpais6H/UgLm4+yiuqUVhUjsGBIfj6aZGRnoJwu3mYa2rqER0dLvqONdW96gcICQl0qCib7TUS0dwQGxOJ7JwiXLqcg6SkeIdh74+Tl18GpdIFiQmTc4r29umhUMgdikdkMhk8PDRCmzrbNm86N7IKUFB4G2Nj1qr73bs2Cveb9u4/aMK585no0fVBpXJDwrI4pK5McLr+APrp5BIAQieqxQL7GFNi5pmfa3lnYbFYYDKZoZpSpXA9Mw9lt+8Ctid9bxzagZDgADQ3t6G1tQN/+Jd3haeIixctwP0HTbhztw4rUxKQc7MYCQlxSExYBNiqO3bt3IjP//49unt6hbn2AgP8sGvnZKdhfX0LOju78c+/e0uYe2bN6hV4+LAT7e2PANtTxFt5JTh0cAcCAnwBAAEBvlibsRKlZXem7UAdGTUCAFRTXhL19y9PorvbOpTDxcUFv/vtr4SnqhKJBG8e2gFX24shZvO5JSVV0Hp7IT0tSfiMTRvX4E8ff4HOzm4EBlordCMiQrB61XIAgEatQsKyOJSUVj3zf0Mi+uVYvXoFPv30GyQmLIKnpzsqKquhVqsQFhbk0IE61apUcedE6soEZGUXoqOzW9Qpsi4jRXjx3/KExTh95ir27X0NPj7Wm53EhEW4eCn7hVwf0S/d0NAwLl+5idWrlgudmUaj9XvEdFVWcoUcZvPYtMeyWCw4e+46wucFTzslx4H9WzE8PIohgwHl5dU49u1ZvPfuAaEStLqmHrExUcL2o0bTtOegUMhF03+MjIzg/v0mDAwOYeuWDCgUchQWVeCbY2fw7jv7EWj7HlNTU4+0NUkOx5vQ3NKG0rI7OHJ492O3edI1EtHcoNV64d239yEntxh//ewEFHIZQkIDERsThfglMdM+iBkcHEJRcQW2bV0HmWwybzSaoHhM1apCLhemBJhtmzedNatXIH5JLEaNRjQ2tuL8hSy4uiqFUTsTKiqrkZGeAi9PD7S0tuNGVgGMRiPWZvDFmvR05BZgsiLvcZV6zDM/R/POQiKRQKl0wcjIqGh9RnqyMC/eseNnMTRoAAA8bOuEyWTGZ59/J9p+ZGQUvj7WG/ZHXT3C22InBAf5QyaToaOjS+hADQ72F23T1d0Drbenw8TdUVFhQgdqV7cOJpMZ585niv5QG40mBPhP/zbGiRugqdf4xsHtGB01YnTUiL98dhwmk1k0p4+r3Vt1Z/O5bW2daG5pw58//Ub0OSaTGaNGkxAH+PuK8iqVK4x2eSKau9xclUhKisf1zDzs3LEBWdmFojfSzqRH14eCgtvo6OiC0XbjYH0IJm4/7F885epmbcfsXxLl5ur6xBsPImc0MjKKY9+eQWhIoOiBhUJhvYGf7vfGbDJD+Zih6+fOZ6JP34+3j+6dNq9SuUGlcoOPj3Uewc8+/w7FJZXCPKu1dQ3YuWOD6DymOweTySyqEFXI5XhQ34w//Mu7wrnv3rURAwODKCmpxI7t66HXD6BHp0dU1Lxpz62jsxvffX8RmzauFipxn+UaiWjuCAjwxYF9WzE+Po5HXTo0N7chO6cIFZXVOHJ4t0Mnas7NYnh7e2LJlGnWFHI5TObpv4eYzJPt2WzbvOkoFHLhwXFwkD8MhhHk3CwSOlA9PDTYvm0dliyOEaYICAryE14kyA5Uelp2FaiPq9Rjnvm5m3cmQUH+aGp6iNSVCcI6uVwuzBc6da6bwABfvP/ewccez2wec3hJAQBIpRJRce/UP7JjY+MwjzlWcUgldtvZDvDB+4dmPdeWj9YLLi4KNDW3IShostPW1VUJV1elQ8eq9TOndKLP4nMtsCAleRk2bVw94/lIpdN00DtR1TORs0tJXoZP/vw1Tnx/AWGhQUJV+0zGx8fx9denEbswCm++sVMYNfBv//7fmPona7oqkGnbHSISjI4a/3/27vyrqTzPH/8zN4EASVgiOwiCCKLiCuICqLjvlpalltYyPTU93fOZ6Zkfvud75swf8DmfM2c+Z7pPT3dX90wtXVZ1WVpqVblvCK4gKAIiIAooO0ggbAESks8PCZdcEiKitpo8H+f0efu6r5ube6nmkrzv674u/nLoBAID/bFt62rJ7ZsqlR8UCgV0nV2Sfu8AoNPpERkZ5rC9M2fz0NDQggP7d0huy3clJFgLnU4P2HoeDw0ZETM1QswHBfmjs1Pv8LrOzi4EBvqLcUCgBkqlUpw8HREZGSZekK6sqkF83FSHdQCgra0D3377E5YvW+TyIXOTOUYievsJgoDwsGCEhwUjYXoMPv3Tt2hsbMVUu/OVTteFuyUV2L1ro8Pt8EFB/jAaTejt7YdaPXobv8k0jO7uXvF8NtFz3kSEhmpRUlohxjKZzGnv9+ioMAwODmFgYFBSTEP0LMJoBerYStSxy5ln3v3ynmThgtl4VPMEj2qePHPd8PAQPO3oRF+fYdx1wsKCUV/fLFnW0voURqPJ4YvH2Nfp9T0OfyhrauvFfwcHa6FQyPH4ceMz93WEQiFHSkoS8gvuoru7d8KvszeR940ID8GTJxPfLyLyTF5eCmRkpKKurgFZWYsn9Jq+PgN6+/qRMidJnDzt7e2TPPmWiCZnaMiIQ9+dhEajwjs71jlchJDJZIibFo0Ku4e8AUBPTy8am1oRHy994vO5C1dR97gBB/Zvl0wOjOjrd/4Zqq29Axp/6104VQ9qkDhjmmTiIT5uKqof1klaBlgsFlRW1WC63T5Mj4/F06c6h9YCzS3tCAqy9nGtqqpBUlI8xnra0Ym/HDqBJUsWIH3xvHF+Ys8+RiJyL/39BrGfqL2RW+zHFiDl5hUgKjLMaXu18PAQ+PooHc6pD6prIQiC+PyJiZ7z7A0ODjltq9La2gF/zeiD8kwmE/oNAw7rtbXrxCIbouehgH1lnu0Xwr5ij3nm3T3vKWYmxSN1UQqOfH8GCxfMRkJCLFR+vjAMDKKtrQNtbR3iB/hpsVGIjAzD98fOYk32UgQFBUCn0+NWUSlmJycgKSkey5ctxNFj5xASosXMpOno6enFydOXMWd2ouQ20rHipkUjNHQKjh0/h3XrMuGvUeNeeTWamlvFdby9vbAkfQHOnLsCs8WC6KhwGAwDKCmtgCAIWLVyidNtZ69ciubmdnz+5fdYnDYXU6dGwEuhQF+/AY8eWSeOXTULn8j7LlqUguK7FTh9JheLF8+Dr48PGhpbcKuwBNu3rnH6dFsi8kwLF8zGtNgoaIMcH0rjjFrth4AADQqLSrFhXRaMRiPOnLvi9Gm4RDRxJpMJ3x0+haEhI7ZuyUZPT5+Y81Z6w9f2JTpjeSr+fPAYci7fxJzZieg3DCAn5waio8LFp9gDwKWcmygpqcS+vVswPGyGXt8DAJDLBajV1snRo0fPYnBwCKmpKQgN0cJstuBuyX10dHRi+9Y1AICqqlpkZ0ufMD1/3izcKizF0WNnkZGRCrkgoOBWCfr7DEhNnSuutzhtLkpKK/HdkVNYuSIdXl4KFBWVob6+CWtXL0dfnwHNLW14L0HaPqSzU48/f3UMs5ITMCs5Qdx32NoNjFSrTuQYici95F25hYePHmNx2jxERYbBy0uBzq5uXL9ehPDwEHHSEwCam9tQWVWDDw7scLotQRCQkZGG3Lx8eHkpEB0Vjra2Dpy7cBVLl8wXb8+f6DnvzNk8xMZGYVZyAvILilFcfB9paXOtD8Dz9kJtXQOKbpdh08aV4muqHz7GiZOXsHDBHMTFRUPl5yv2QM3MSHulP0tyTwo464HKkaOHjJ5m3doMxE2LRvHd+zh5Mgf9hgH4+CgREKDB0iULEGN7QIlMJsOe3ZuRd+UWjv1wAf39BgQGaDB7dqLYR2tGwjTs2L4W12/cxqWcG1AqlZg3dyayMkcrrfz91ZKrgLD9Md27ZwvOX7iGw0dOQ5DJMHt2IrIyF+Pa9SJxvazMNKhUvsi7UoDOzm6oVL6Ij5vq8kEIXl4KfHhgB+4Ul6O8vBoFBXcxZDRae49pA7FubYb4x1qjUcHf1r7A3rPeV63yw8cf7kRObj4OHjwO0/AwQoK1SE1NESdP/f3V0Iw5brVKhYDnvA2FiN4eXgoFVCpfh35d2jFPsFWr/KC26wHtr1EjINB6LpLJZNi/bxtOnMzBb377JbTaQKxbk4He3j74qawVqX5+PlCrVWIvL9huPQ4I0Egq6lQqX+ntvgEa+Ps7nvOIPEFDQwvqG6x3zYztYR4Y6I9/+MV+wNYbb++eLcjNzUdhURl8lN5ITIwT+5XCVsl6p/geTCYTDn79g2RbgiDgFz/fh8BAf+zbuxW379xDUVEZdJ1dkMvliIwMw4H3tyM4OAg6XRe6e3olE7OwXcw98P52XLx0A98eOgEAmBodgQMHdkBl9zBQHx8lPvrgHVzOzcfhI6dhNBoRERGK/e9vR0iIFsXF5YiJiXSosLpX/gCDg0MovntffJDoiHlzZ2LzplUTPkYici/r12UipFiLe+XVyM3Lx/CwGYGB/khKjEfG8kWSQpT7FY+QnJwgmVQdKy01BYJMhpv5xdDre+Dvr8bSJQskLeUmes5rbGwVL96syEpHaGgwiorKcDO/GMPDZgRPCcSWzauQMidJfE3yzOnixaXSskoYjUZogwKxZvVy8UHIRM9DtviD255VhkdkJ++/rVe1LHa9Ka3/ttaojsQjeetgEZdZ/2e/bOT11njQKCA6YmKVRxPV0Kx/6dt8E1y5egtP6ptx4P3tr3tXiMjDuet5luht506/m/crHqK2th6bN616Jds/e+4KoqLCkTIn8ZVsn4jebC96vuw3DODXv/kC//avv3yp+0Xu41X8TW5o1kPpZbZN1ssgk8kgk8Euhm2ZTLIMgN0yiPM59pP+I/8eGuyf9P4JsACjbyEDY8YeFdNrcei7k7h95x50ui709xvwoLoWhUVlmDfXsck3ERERkbuZlZzwyiZPAWDD+ixOnhLRpHkpFAgKYqU5kT2FbU4JGOkJyZixJ8X0WixduhC3bpXg+vXbMAwMIjBQg5VZ6fygT0RERERE9Jp5eSnwy7/f/7p3g+iNooDFWspqsdhK8+ximcx6yzLzzLtrnl6P2JhIxNr6rRIRERERERERvckEa0We5L5maaUe88y7c56IiIiIiIiIiMgFwe5+ZrFHJGPGHhMTERERERERERG5IGDkYeP2lXqMGXtKTERERERERERE5IIwMplkX5nHmLHHxERERERERERERC5YK1BhN6nEmLEnxURERERERERERC4IFottFsk2uTQSjsbMM+++eSIiIiIiIiIiIlcEmUwmua1ZNqZSj3nm3TlPRERERERERETkimCxr9Szm1wSC/eYZ96N80RERERERERERK4IMrEyz3mlHvPMu3OeiIiIiIiIiIjIFWGkMm9spR5jxp4QExERERERERERuSLIIJNW6jFm7EExERERERERERGRK4IFI2Uqfh4AACAASURBVBV5tpExYw+KiYiIiIiIiIiIXBmtQIUMFvsKPcaMPSAmIiIiIiIiIiJyZbQCFRbI7Cv0GDP2gJiIiIiIiIiIiMgVwVqJZxlTmceYsWfEREREREREREREriislXi2SSWOHD1sfFs1NOtf9y4QEbk1nmeJ3kz83SQimhieL4leLoV9Rd7oCDhfzjzz7pV/W0VHBLzuXSAiclsNzXqeZ4neQPzdJCKaGJ4v6VXzxAl6wQLbpNJIJSoskAFjYuaZd888ERERERERERGRKwJgN8lkARgz9qyYiIiIiIiIiIhofALsK/QAMGbsWTEREREREREREdH4xApUjhw9cyQiIiIiIiIiIhqfANuDdUYq8xxG5pl35zwREREREREREZELAmRwqMiTxMwz7855IiIiIiIiIiIiFwQAYyr14FChxzzz7pwnIiIiIiIiIiIaz2gP1NddCcg8868lT0REREREREREND4BFuukEuwq9Rgz9piYiIiIiIiIiIjIBcE6hySt1GPM2GNiIiIiIiIiIiIiFwTrHJJdZR5jxp4UExERERERERERuTBagcqRoyeORERERERERERELgiWkTkksTJPOjLPvDvniYiIiIiIiIiIXBFkMrEl5GhlnmW0Qo955t05T0RERERERERE5Iq1B6psTKWebEylHvPMu2ueiIiIiIiIiCQqKh6+7l0geqMIIxV5kko9i8VhZJ55t8wTERERERERkcgwMIjjP1543btB9EYRxIeR21fqMWbsITERERER0et29twVlJdXv7Lt/89nh9Hd3fvKtk9E7sXCYiMiB4qxlXmMGXtS7Emu37iN+vpm7N2zZdx1env78PmX32PP7s0ICwt+off7/IsjiI+PwcoV6ZN6fV1dAy5cvI6/+2TPC+0HEdFfg9Fowu9+fxA731mPmJjIcdfLzSuATteFne+sBwBcvHQdjU1t+OiDd17p/r3oOZnobVd+vxq3CkvR3t4BmUyGiIhQrFyRjuiocMl6T+qbkJtXgNbWp1AoFEicMQ3Z2cvg66MU12lqasW167dR39AMk8kErTYQi9PmYd7cmeI6RqMJxXfLca+8Gp2degwPmxEaosWypQuRmBgneU+z2Yzy+9VYtGgOAECv78GlyzdRV9eA4eFhREeHY3X2MoSGTJG8zmQy4fqNOyi/X43u7l5oNCrMm5uMJenzoFAoRve3uQ29ff3QaFTisp6ePpy/cBXdPX34m492Ofy8JnKMROR+OnRdyLGdfwDg17/5AvHxMcjMSEVQUAAA4Njxc6isqnH6+oSEWLz37ibJssamVpw7dwWxsVFYnb1MkjMMDOK3//UVTCaTw7Y2rs/CggWznb5PVVUNiu7cw9OnOhgMgwgM9MfclCQsXbIAMluh1GS3TTQehcViawnJkaMHjp6kt7cfNbX1qKyqwcykeKfrXM4tQG9vP/oNAy/8fvPmJSN4StCkX9/b148uffcL7wcR0V+D0WRCv2EAP/x0Ef/0vz4QP7zb03XqcePmHcmEzfT4WEx5gXPlRL3oOZnobZZz+SbulVdj6ZL5iAhfDqPRhPyCYnx76AR++Yv9UKv8AAAtrU/x7aETSEudiw3rstBvGEDO5Zs4fPgUPvpwJwDg4aPHOP7DeaQuSkFa6lx4eStQUfEQp05fhsrPFwkJsQCA/IJiNDW1YXHaXGi1gRgeHsa98mp8f+wsPvnZewgNHZ0Mra1rgJ+fL0KCtTAaTfj6Lz8ieEoQ9uzeBEGQo7CoFF9/8yN+/skeqNWjk6BHvj8Dvb4HWZlpmKINRGdXNwqLytDT04uNG1aI61VV1SBxxjTxvFRaVoULF69hcHAIarWfw89rosdIRO6lt68fXx08jrCwYOzetRH+/mr09vWjuPg+vjp4HP/8q48BAJs3rcKqlUskrzWZhvH5l0cQGREmLrNYLLh46QaK75bDZBpGyJiLQAAwNDgEk8mEvXu2YIo2UJKzv+hjr6a2Htdv3kHKnCRkZqTCS6FAfUMzLufmw9vbC6mLUia9bSJXxApUhxHjLGeeeTfKe5ro6HDk5hVgRkIs5HK5JNfS+hQdHZ1QKr1fynstWjjnpWyHiOhtMkUbgJLSSsyfl+yQu5RzA3HTomE0jlZCxMVF/1X2i+dk8mTp6fORlbkYCsXoZ5+oqDD83//8DI/rGjF79gwAwLXrRUiYHovsVUvF9Xbv2ojf/eFrPHz0GAnTYzEtNgr/8MsDUPn5iutER4WjobEFD6prxcnFzIw0h/2YGh2B0tIKtD/VSSZQHzyoFS9u3y2pwPDwMHbt3CDu79Yt2fifzw+j4FYpVmdb9+1e+QM0t7Tj73++T9yXiIhQzEpOgNlslrxvVVUN1q7NEOPa2nps3ZyNLn0PbhWWOOznRI+RiNzL/fsPIchk2LN7k/hdUasNRMzUSEkVp1Lp7fCdMb/gLpRKJRanzRWX9fUb0NXVjb/56F3kXilw+d4atQoBAZoJ7Wd83FTEx02VLIuICMWjmidob9e90LaJXFFYLBbIbL0hnVfqMc+8++Y9TVBgAEJDp6CwqAxL0udLchcvXcfKFek4evycZHnVg1oU3y1Hc3M7jEYjoqLCsWnDCvEWjqLbZWhpeYqpUyNw7XoRAgM02P/+dhz/4Tzi4qZi/rxkmM1mFBaV4X5FNZ4+7YRcLkfijGlYvy4LXl4KTJbBMIBLOTdQXV0Ho2kY4eHBWLViCaZOjQBsVz3/6/dfY/u21Si6fQ81NU8gl8sxc+Z0rMleJnnv23fuiVUbQUEBWJq+QPxCdfpMLu6WVDi8/0cf7kRUZJjDciLyXFmZi/HjiYuYlZwAb28vcfmTJ00wGAYwM2k6Kisfictv376HxqZWbNu6GgDQ0tKOW4WlePykEf39BmiDArFq1RIkTLdOWLQ/1eHwkdPYuiUb5y9cQ0dHF8LCgrFt62o8bdfhcl4+urp6EBY6Bdu2robWVnFhf04m8jT2E4EjvLwUEASZ+HtqsVhQV9eATRtWStbTaFSIjgpHbW09EqbHQqFQSG6PH6FUKiW/82MZBgZRWFgCjUYt+eJvsVjw4EEtdu+23vJaW1uPGQnTJJO9MpkMM5PiUfWgFoB1AvX+/YdImZPo9NgEQRD/3f5Uh75+A+KmjV6s2b5tDQDgVmGp032d7DES0dtteHgYSh+lQ6ENbOeF8QwMDOLGzTvIykyTnCPUKj/sfnfjK9vfEUajCY8ePUZLczuynFy8InpZFDKMTi6NVOZJY+aZd9+8J8pcnobPvjiMuSlJ8LN96H7woBYymQzTpjlWQlVX12Jm0nRsWJcFuVzAuQvXcPLUZXxwYAdg66FVUfkQTzs6sXbNckyNtk5e6vU90Ntuwe/rM6C5pQ2Zy9MQHh4Cg2EAR4+dxc38O8jKXDzpY/n+6FnIZDLs378dvj5KlJRW4ptvf8LHH+5EeHgIhofN6OnpxdGjZ7Fxwwps3rgS7U91OHEyBz+duIhdOzcAAK7fuIOye1V4Z/tahIUFo7X1KQ4dPgml0hsJCbHYtHEl1q3NFN/3cm4+6huaEREeMul9JyL35O+vRvLM6bhx846k3+jFS9exdk0GmlvaJet39/Siq2u0XUltXQO02gAsXboAfn6+KCmpwPEfzuNX//gRlEpv9PcPQK/vwdVrRdi+bQ18lEr88NMFHPruJNRqP7y7cyO8vRU4/uMFnDt/Ffv2bgXGnJOJCKh+WAe5XI7oaGtLjf7+AQwNGaHVBjisGxTkj86u8X9/+voMqK9vxtL0BQ65rw4eR1NzG8xmM/z8fLFvzxb4+vqI+YaGFghyAZERoQCAzk49YmMd+ygHBgZIzhWtbR1ITp6OktJK3CosQW9PH4JDtMjKXIxYuz7MVVU1SEiIlUyqToarYyQi95CUGIcrVwtx7vxVpKamONz2Pp6b+cVQKr2xYP7ke4o+fPQYp05fRoeuC35+vpg/LxlL0uc7bYk0IjevAAW37mJ42Fp1v23rakSN6Ws92W0TOSOMPIzcYrHOLo3GGBMzz7z75T2RSuWLeXOTkXflFmB7cEHO5ZsOfWxGbNmcjfnzkhEY6A+NRo201Lmob2iWPJlRJpNh73ubkTgjTvKlYIRGo8KObWuRkBALtdoPISFazJ49A0+eNE/6OOoeN6KhsQU7dqxFaMgUaDRqZCxPRdy0aNzML5asu2DBbMycOR1KpTeio8KxcX0Wqh7UQq/vgdFowo2bt7FxwwrxwVlhYcFYkZWOO8Xl4jYUCjkUCjkaGltQWlaJd7ave+EvI0TknpYtW4SSkgro9T0AgNKySqhUfmJ1vCtLlyxAxvJUhARrofLzxZL0+TCZhtHS+lSy3sqsxQgJ1kKjUWHh/Nno6urGurWZmDIlEBqNGgvmz0JDY8srO0ait1lfnwHnL1zDsqULxc8tQ0NDwDhVVgovBUymYafbslgsOHkqB7ExkU5bcry7awP+7m/34MD+7ZgeH4ND351Ed3evmK+sqkFS4mhv+sEho9N98PJSSNp/DAwM4OHDxygprcCGdVnYt3crAvw1+PbQCcn5oqqqBjMTnfe+n6hnHSMRuQetNhAff7gTPb19+OzzI/jPX3+Ow9+fRklppUNrkBG9vX0oLCpFVuZiyOWT/25UWlaJ9PT5eH/vNixaOAdXrxXhytVbLl+zfNkifPKzPfj4o11YuSIdp8/k4eGjxy9l20TOKMSKvJFKPTEeOzLPvPvlPdWS9Pn49I9/QeqiFNTWNSA4RCtWPoxVU1uP4rv30dHRCYvZgg5dF2BrFD5yC7xWGwgfu6fTOnOnuBxVD2rQrbd+aejQdSH8BSo429o6oA0KEB/8MGLq1AiUlEpvtx/7ROyRapP2dh38VL4wGk04dfqyZEJ0aMiIsFBpo3ODYQA/nbiIDeuyEBTkP+l9JyL35uujRGpqCnIu38SWzdnIu3LL4Ym04+nQdaGg4C5aWtoxZJsssVgsMBqNkvXsHzzl42s9/9o/JMrXx0cy2UJEVgMDgzj03QlER4Vj6ZLRasqRzzTOfm9MRhOU49y6fur0ZXTpu/HhgXec5v38fOHn54spU6x9BD//8nsU3S4T+6w+qK7Fls3Zkv1wtg9Go0nSc9BLocCjmif453/6WNz3bVtXo6enF7dvl2HzplXQ63vQodMjPj7mOX5Cz3+MROQ+wsKC8e7ODTCbzWhr1+HJkyZcuVqI0rJK7N+3zaGA5Oq1IgQFBWCOrfXZ8/L3V2PTxpWYMztRbF0SEREiPuxvRVb6uK/18lJgyhRrlWxkRCj6+wdw9Vqh2PboRbZN5IzCgrE9Ihkz9pzYUymV3liyZAFOnMpBt74HB/bvcLpeW3sHDn13Elu3ZGPmltXw8lKgubkNX/z5qKQCVXjGD/P27Xu4er0I7+7agMiIUAiCgPyCu7hf8XDSx2AymTDs5EqoXC44TI6bh6XriX/47WbSP/nZe8/s63Xy1GXEx8WIvVGJiMazOG0e/vDpNzhy9AymRkeIFe6umM1mfPPNj0iaGY+9e7aIbVb+/T/+26HtjLMKeEHw4D9sRBMwODiEvxw6gcBAf2zbulpy+6ZK5QeFQgFdZxciIqQXeHU6PSKd9Dw/czYPDQ0tOLB/h9M7cJwJCdZCp9MDtp7HQ0NGxNhVpwcF+aOzU+/wus7OLgQGjl68DQjUQKlUOvSSj4wMQ3NzG2Crbo2Pm/pC/eYnc4xE9PYTBAHhYcEIDwtGwvQYfPqnb9HY2Cq5m0an68Ldkgrs3rVx0rfDy2Qyp/3Zo6PCMDg4hIGBwWcW6owIDdVKCmle5raJAEDAmMo8xow9K/ZcqYvmoLPTWpUQHBzkdJ22tg4oFHKkzEkSP3yPVKA+j9a2p4gID0F0VLj4pV83ie3YCw8LgV7fI7kNDgCePGlGxJhq2if1TWPWscYhwVoEB2uhUMjx+HGjy/crul2GDl0X1q/LdLkeERFsVREZGamoq2tAVtbEej339RnQ29ePlDmjPap7e/skT74loskZGjLi0HcnodGo8M4OxzY8MpkMcdOiUWH3kDcA6OnpRWNTK+LjpU98PnfhKuoeN+DA/u1Qq6V3w8D29Gln2to7oPFXAQCqHtQgccY0ycRDfNxUVD+sk7QMsFgsqKyqwXS7fZgeH4unT3UOrQWaW9rFB31WVdUgKWnyt+8/6xiJyL309xvEfqL2RtqKWMZczc3NK0BUZBgSEmIn/Z4mkwn9hgGH5W3tOvj4KJ1OcA4ODjltq9La2gF/jfqFtk3kigJiBaqTETJYmGfejfOeTC6X4+ef7IFSOf4fjoiIUJjNFhTdLsOC+bPR3t4x7hNbXYmKCsf5C1dR39CMqMgw3K94iJraenGCYDwWC9DR4TjRqlL5Ii4uGuHhITj+w3msX5cJtUaF0tJKPKp5gr/72z2S9UtKKjBlShASpsdC19mFM+fykJQUj4AADQBgSfoCnDl3BWaLBdFR4TAYBlBSWgFBELBq5RK0t+uQm1eA/fu2Qy4XxB5A7IFKRK4sXDAb02KjoA1yfCiNM2q1HwICNCgsKsWGdVkwGo04c+6K06fhEtHEmUwmfHf4FIaGjNi6JRs9PX1izlvpDV/bl+iM5an488FjyLl8E3NmJ6LfMICcnBuIjgqXPMX+Us5NlJRUYt/eLRgeNov9juVyAWq1dXL06NGzGBwcQmpqCkJDtDCbLbhbYm2JtH3rGgBAVVUtsrOXSvZ1/rxZuFVYiqPHziIjIxVyQUDBrRL09xmQmjpXXG9x2lyUlFbiuyOnsHJFOry8FCgqKkN9fRPWrl4uPsDzvQTH9iF9fQaYTCYMDAzAbLZAr++BTCaDv//oxMNEjpGI3EvelVt4+OgxFqfNQ1RkGLy8FOjs6sb160UIDw8RHxYMAM3NbaisqhEfLDye7u5eWCwWmIwmDAkC9PoeKBQKqFTW74HVDx/jxMlLWLhgDuLioqHy80V9QzNy8wqQmZEmbufM2TzExkZhVnIC8guKUVx8H2lpcxEVFQ6ltxdq6xpQdLsMmzauFF8z0W0TTZRitCJPNqZCT2a7vsA88+6c9xxqtR+GhqQ99DR2V+hG+Pur4We7RWuKNhDv7d6E8+ev4nJuPqKjw7FhXSaOHj8v9pHRaFTwt01E2gsI0MDf37p83tyZMBgGcOzYOZjNZsxMTsCqlUtQUfHI4XXi/qr8MDw8jD/+97cOuaTEOOzauQF792zBpUs38O13JzE4OITw8BB8+ME7Yi+cERvWZ6GyqgYXLl6DIAhInjkda1YvF/NZmWlQqXyRd6UAnZ3dUKl8ER83FRnLUwFb/9ahISO++PP3ku2uXZOBtNSUcY+BiDyHl+3LgH2PQth6RNtTq/yg1oxOPvhr1AgItJ4rZTIZ9u/bhhMnc/Cb334JrTYQ69ZkoLe3D362Lxp+fj5Qq1XiORi2W48DAjSSizoqla/0dl+7czKRp2loaEF9g/XBlZ/+Sfq5IjDQH//wi/2ArTfe3j1bkJubj8KiMvgovZGYGCf2K4WtkvVO8T2YTCYc/PoHybYEQcAvfr4PgYH+2Ld3K27fuYeiojLoOrsgl8sRGRmGA+9vR3BwEHS6LnT39EomZgHA29sLB97fjouXbuDbQycAAFOjI3DgwA6o7C48+/go8dEH7+Bybj4OHzkNo9GIiIhQ7H9/O0JCtCguLkdMTKRDhZXRaMLvP/1a0mf1d3/4GgCw573NmB4fM+FjJCL3sn5dJkKKtbhXXo3cvHwMD5sRGOiPpMR4ZCxfJKmWv1/xCMnJCZJJ1bEeP27EN9/+JFlWVVUDuVyOf/nVx1AqvZE8c7p4Aai0rBJGoxHaoECsWb0cC+bPEl/X2NgqXrxZkZWO0NBgFBWV4WZ+MYaHzQieEogtm1chZU6S+JqJbptoomSp+wstYqXe2Iq9scuZZ97N8lc+mwfYbo0aYf23DCMN5ywWi5i3DhZxmfV/9stGXm+NB40CoiMmVnk0UQ3N+pe+TXdlMg3j3//jT9i3d6vDFxQiovHwPEv0ZnKn3837FQ9RW1uPzZtWvZLtnz13BVFR4UiZk/hKtk9Eb7YXPV/2Gwbw6998gX/711++1P0i9/Eq/iY3NOuh9DLbJutlkMlkkMlgF8O2TCZZBsBuGcT5HPtJ/5F/Dw32T3r/rBWotjewr9hzupx55t0uT0RERET01zUrOQGzkhNe2fY3rM96ZdsmIvfnpVAgKIiV5kT2BMBi6wTJkaMnjuTORvp0jfTYISIiIiIiIte8vBT45d/vf927QfRGsVWgWsZU6jFm7CkxuTOZTIZf/eOHr3s3iIiIiIiIiOgtZqtAlY2pzGPM2FNiIiIiIiIiIiKi8QnOK/PGjswz7655IiIiIiIiIiKi8QkQnz5uq8yzewL5aMw8826aJyIiIiIiIiIickGAzDqZJFbkSWKAeebdOk9EREREREREROSCIFbkOR0xznLmmXeTPBERERERERERkQujFagcOXriSERERERERERE5IJgGVOZx5ixJ8VERERERERERESuCNZCvNGKPMaMPSkmIiIiIiIiIiJyRbA+T2e0Ms8yJmaeebfOExERERERERERuSD2QB2pzJPJZLbReeUe88y7VZ6IiIiIiIiIiMgFwWllnuwZlXvMM+8meSIiIiIiIiIiIlcEa0GefYWeY+Ue88y7a56IiIiIiIiIiMgVwTqXZF+h51i5xzzz7ponIiIiIiIiIiJyRbCvzHNWqcc88+6cJyIiIiIiIiIickUYKcSTVuphTMUe88y7Z56IiIiIiIiIiMgVhbQlpAWMGXtS/LZqaNa/7l0gInJrPM8SvZn4u0lENDE8XxK9XAprIZ5MvL15tFKPMWP3j99W0REBr3sXiIjcVkOznudZojcQfzeJiCaG50t61Txxgl6wFuLZVeYxZuxBMRERERERERERkSvCSCtIsRKVMWMPiomIiIiIiIiIiFwRMKYyjzFjT4uJiIiIiIiIiIjGI0BSkWddyJixJ8VERERERERERETjEStQIanMG42ZZ97d80REREREREREROOxVqDaAmtlnkUSM8+8u+eJiIiIiIiIiIjGY61AtQXWijzZmJh55t07T0RERERERERENB5pBapktIyznHnm3StPREREREREREQ0HmkFqmSUjbOceebdK09ERERERERERDQewf4+5pHKPEnMPPPunCciIiIiIiIiInJBsH+SzkhlniRmnnl3zhMREREREREREbkgiNNIYqXeOCPzzLtlnoiIiIiIiIiIaHyCWJEnVuqNMzLPvFvmiYiIiIiIiIiIxieMrcyzjK3UY555d84TERERERERERG5YOuBahEr8mRjYuaZd+s8EREREREREUlUVDx83btA9EaxVaDKRivzGDP2pJiIiIiIiIiIRIaBQRz/8cLr3g2iN4ow0htSrMxjzNiTYiIiIiKi1+zsuSsoL69+Zdv/n88Oo7u795Vtn4jcCwuOiBwpLBaLdTLJYp1cYszYk2JPcv3GbdTXN2Pvni3jrtPb24fPv/wee3ZvRlhYMLq7e/H5F0ewZXM2EhJiXW7fYrHgt787iD3vbUZY6JRXcASjjh47i7i4qVi4YPa463x76ARiY6OwbOnCcdd5+OgxTp/Jxa/+8aMX3qeenl40NbcjKTFOXPY8Pz8iersZjSb87vcHsfOd9YiJiRx3vdy8Auh0Xdj5znoAwMVL19HY1IaPPnjnle7f518cQXx8DFauSH+l70P0piq/X41bhaVob++ATCZDREQoVq5IR3RUuGS9J/VNyM0rQGvrUygUCiTOmIbs7GXw9VGK6zQ1teLa9duob2iGyWSCVhuIxWnzMG/uTHEdo9GE4rvluFdejc5OPYaHzQgN0WLZ0oVItPusAABmsxnl96uxaNEcAIBe34NLl2+irq4Bw8PDiI4Ox+rsZQgNGf189fDRYxw+ctrhOGUyGT752XsICdGO7m9zG3r7+qHRqMRlPT19OH/hKrp7+vA3H+1y2E5VVQ2K7tzD06c6GAyDCAz0x9yUJCxdssBWiEBE7qhD14Uc2/kHAH79my8QHx+DzIxUBAUFAACOHT+Hyqoap69PSIjFe+9ukixrbGrFuXNXEBsbhdXZyyQ5w8AgfvtfX8FkMjlsa+P6LCwY5/veRM5Rk9020XgUYyeTGDP2pNiT9Pb2o6a2HpVVNZiZFO90ncu5Bejt7Ue/YQAA4Ofni4ULZ0s+hI9neNiM3t4+9PcbXvq+j9XT04eeHtdVFD29fcjNK8Cc2Ynw91c75M1mM47/cB5GowlmsxmCILzQPj2orkN+wV3JBOrz/PyI6O1mNJnQbxjADz9dxD/9rw+cTjDoOvW4cfOOZMJmenwspkwJeuX7N29eMoL/Cu9D9CbKuXwT98qrsXTJfESEL4fRaEJ+QTG+PXQCv/zFfqhVfgCAltan+PbQCaSlzsWGdVnoNwwg5/JNHD58Ch99uBOwTVwe/+E8UhelIC11Lry8FaioeIhTpy9D5ecrXjDNLyhGU1MbFqfNhVYbiOHhYdwrr8b3x87ik5+9h1C7i821dQ3w8/NFSLAWRqMJX//lRwRPCcKe3ZsgCHIUFpXi629+xM8/2QO12joJ2t9vgI+PEn/7N7slxyoIMmg00s89VVU1SJwxTTwvlZZV4cLFaxgcHIJa7efw86qprcf1m3eQMicJmRmp8FIoUN/QjMu5+fD29kLqopSX/t+IiF6/3r5+fHXwOMLCgrF710b4+6vR29eP4uL7+Orgcfzzrz4GAGzetAqrVi6RvNZkGsbnXx5BZESYuMxiseDipRsovlsOk2kYISGORTZDg0MwmUzYu2cLpmgDJTn7iz72JnqOmsy2iVwRK1A5cvTE0dNER4cjN68AMxJiIZfLJbmW1qfo6OiEUuktLlMo5MjKXPwa9vTliI2JxOW8fGzfusYhV3T7HqKjwlFru7r6oiwWCyxjbnV5239+RPT8pmgDUFJaifnzH10sZAAAIABJREFUkh1yl3JuIG5aNIzG0UqIuLjov8p+LVo456/yPkRvovT0+cjKXAyFYvSzT1RUGP7vf36Gx3WNmD17BgDg2vUiJEyPRfaqpeJ6u3dtxO/+8DUePnqMhOmxmBYbhX/45QGo/HzFdaKjwtHQ2IIH1bXiBGpmRprDfkyNjkBpaQXan+okE6gPHtSKF7fvllRgeHgYu3ZuEPd365Zs/M/nh1FwqxSrs0f3TQYgIEDzzOOvqqrB2rUZYlxbW4+tm7PRpe/BrcISh/Xj46YiPm6qZFlERCge1TxBe7vume9HRG+n+/cfQpDJsGf3JvG7olYbiJipkZIqTqXSW/KdEQDyC+5CqVRicdpccVlfvwFdXd34m4/eRe6VApfvrVGrJnQ+wyTOUc+zbSJXxApUjhw9cfQ0QYEBCA2dgsKiMixJny/JXbx0HStXpOPo8XPiMovFgt9/+g3e270JIcHWKsqOji5cuHgN9Q3NUMjliJ4agXVrMqCyVW/09fXj6LGzqK1rgCAImDM7EWvXLBcnrFta2nGrsBSPnzSiv98AbVAgVq1agoTpo7e4d3V142LODTx+3AgvhQKx06y3e4xUiEzUnDlJKCwsRVNTKyIjR6+GDgwMorCoFJs3rZJMoJrNZhQWleF+RTWePu2EXC5H4oxpWL8uC15eCsB2y0p8fAyePtWh7N4DpC5KwZ3ie+jrs1be/u//8wcAwK6dG5A4Y5rk59fS0o4ffryArVtX48LF62htfQqVyhcZy1Mlky2ujl+v78Ef/vgXmM1mybFOj4/Bnvc2P9fPh4hevqzMxfjxxEXMSk6At7eXuPzJkyYYDAOYmTQdlZWPxOW3b99DY1Mrtm1dDUzgHNn+VIfDR05j65ZsnL9wDR0dXQgLC8a2ravxtF2Hy3n56OrqQVjoFGzbuhpaW8XF8R/OIy5uqtOJXSJ3Zz/ZOcLLSwFBkIm/pxaLBXV1Ddi0YaVkPY1GZb3gWluPhOmxUCgUUCgUDttTKpWS3/mxDAODKCwsgUajlnzxt1gsePCgFrt3W295ra2tx4yEaZLJXplMhplJ8ah6UAtgqdPtj6f9qQ59/QbETRu9WLN9m/XC8q3C0gltw2g04dGjx2hpbkeWk4lhInIPw8PDUPooHQptADg9740YGBjEjZt3kJWZJjkPqlV+2P3uxle2vyN4jqK/FlagcvTo0RNlLk/DZ18cxtyUJPjZvlA8eFALmUyGadOklVDDw2bo9T3o7e1HSLAWfX0GfPnVUcxImIaPP9wFLy8FSssq8aS+GckzpwMAzl+4hnVrM7BubSZaWtpx9Pg5hIUFi33BausaoNUGYOnSBfDz80VJSQWO/3Aev/rHj6BUeqPfMICvvj6OBfNnY9uW1RAEGXLzCnDk+zP4+MOdz/XfTSYDVq5Ix4WL18Vb7wDg6rVCzJubLOlnBgB9fQY0t7Qhc3kawsNDYDAM4Oixs7iZf0esJO3u7sWFi9cwMykeO3esQ1RUOJYvW4ii2/dwq7AEv/j5+5DJALlcDpNpWPrz6zdA16lHTs5NrFuzHEFBAbhbUoHTZ3IRExMJbVDAM48/IECD////+zuYzdYLAL29ffjsiyOYP3/WpP8/QUQvj7+/Gskzp+PGzTuSfqMXL13H2jUZaG5pl6zf3dOLrq5uMX7mObJ/AHp9D65eK8L2bWvgo1Tih58u4NB3J6FW++HdnRvh7a3A8R8v4Nz5q9i3dytg66mo13eDiKyqH9ZBLpcjOtraUqO/fwBDQ0ZotQEO6wYF+aOza/zfn74+A+rrm7E0fYFD7quDx9HU3Aaz2Qw/P1/s27MFvr4+Yr6hoQWCXEBkRCgAoLNTj9hYxz7KgYEBknMFbI9DLbh1F8V3K9DX1w+tNgDLly1C4ozRdkJVVTVISIidVKui3LwCFNy6i+Fh60XbbVtXI2pMz1gich9JiXG4crUQ585fRWpqisNt7+O5mV8MpdIbC+ZPvqfow0ePcer0ZXTouuDn54v585KxJH2+y+9+Ez1HTWbbRM4I1kI8+8o8xow9J/ZEKpUv5s1NRt6VW4Ct6jLn8k2HPjbOFBaVws/PB1u3ZCMkRIvAQH9kZS5GypxEcZ30xfMxZ3YiNBoVZsyYhrhp0aivbxLzS5csQMbyVIQEa6Hy88WS9PkwmYbR0voUsFVjaYMCkZmRCm9vLygUCqxZvRy9vX1ota3zPBISYiETZLh//yFg60FYWVUjub1khEajwo5ta5GQEAu12g8hIVrMnj0DT540S9YLDwvB1i2rERsbBYVCDkEQIAjWP8AKhdzpVVt7q7OXIjIyDL6+Pli6ZAG8vb3Q0NAy4eMXBMH2PgJOncnF7NkzJL1Xiej1WrZsEUpKKqDX9wAASssqoVL5YerUiGe+9lnnyBErsxYjJFgLjUaFhfNno6urG+vWZmLKlEBoNGosmD8LDY0tr+wYid5mfX0GnL9wDcuWLhQnM4eGhoBxqqwUXgqYTMNOt2WxWHDyVA5iYyKdtuR4d9cG/N3f7sGB/dsxPT4Gh747ie7u0T7ulVU1SEoc7U0/OGR0ug9eXgpJ+w9AhoGBQbS2dmDtmuXYu2cLIiPC8P3Rs6itHb27pqqqBjMTnfe+f5blyxbhk5/twccf7cLKFek4fSYPDx89ntS2iOjNp9UG4uMPd6Kntw+ffX4E//nrz3H4+9MoKa10uPttRG9vHwqLSpGVuRhy+eSfKVFaVon09Pl4f+82LFo4B1evFeHK1VsuXzPRc9Rktk3kjML6PJ3XXwnIkePrGD3VkvT5+PSPf0HqohTU1jUgOEQrVj640tbegeioCJc/u/DwYEns5+eLoSGjGHfoulBQcBctLe0Ysn0RsFgsMBqt6zQ1teJJfRM+/dO3ku0YjSYM2m3neWSvXIoffrqAxMQ4XMq5gSXpC8a9ze5OcTmqHtSgW98r7m94eIhkncjIZ/+sXAkNlf6MfHyUMA49//HfzC+GoX8Aa3Yvf6H9IaKXy9dHidTUFORcvoktm7ORd+WWwxNpx/Osc+QI+wdP+fhaq+ntHxLl6+MzZrKFiGC71fTQdycQHRWOpUtGK0ZHWvU4+70xGU1QjvO54dTpy+jSd+PDA+84zfv5+cLPzxdTplj7CH7+5fcoul0m9ll9UF2LLZuzJfvhbB+MRpOk52B8XDR27liHmbY7gAAgKjIMOl0XCm+XIi4uGnp9Dzp0esTHx0zwpyPl5aXAlCnWCrTIiFD09w/g6rVCSdslInIvYWHBeHfnBpjNZrS16/DkSROuXC1EaVkl9u/b5lDNfvVaEYKCAjDH1kv6efn7q7Fp40rMmZ0oti6JiAgRH/a3Iit93Nc+6xz1ItsmckYxOpkE6eQSxsTMM++GeU+lVHpjyZIFOHEqB936HhzYv2NCr7NeeXT9c3N2i9jIK8xmM7755kckzYzH3j1bxBYC//4f/y2uZIEFi9PmYc3qZc97WOOKjg5HaOgUHPn+NDp0Xdi5Y73T9W7fvoer14vw7q4NiIwIhSAIyC+4i/sVD595jM9jpFrVnsX2A5jo8Tc1teJmfjE++nCnpE8aEb0ZFqfNwx8+/QZHjp7B1OgIhIUFP/M1EzlHjnB2HnJ2biGiUYODQ/jLoRMIDPTHtq2rJReEVSo/KBQK6Dq7EBEhvXCq0+klvdRHnDmbh4aGFhzYv0NyW74rIcFa6HR6wNbzeGjIiBi76vSgIH90duodXtfZ2YXAQH8xVqtVksnTEVFR4XhQXQvYqlvj46aKk8MvKjRUi5LSipeyLSJ6swmCgPCwYISHBSNhegw+/dO3aGxsldxNo9N14W5JBXbv2jjp4iSZTOa0P3t0VBgGB4cwMDAInzFt18Yz9hz1MrdNBADC6KTSmEpUjK1MZZ5598t7stRFc9DZaa1KCA4OmsArrFf2ntQ3j3sLx7P09RnQ29ePlDmj/Vd7e/skT3WMCA/BkyeNLrcz0l/0eaxasQS1dQ0uby9pbXuKiPAQREeFi5MTOl3XhLavUCgklbaTNZHjHxwcwg8/XcTq7GWSijMienN4eSmQkZGKuroGZGUtntBrJnKOJKLJGRoy4tB3J6HRqPDOjnUOFyFkMhnipkWjwu4hbwDQ09OLxqZWxMdLn/h87sJV1D1uwIH926FWOz7ksq/f4HQ/2to7oPFXAQCqHtQgccY0yWfS+LipqH5YJ/mcY7FYUFlVg+l2+9Dfb3D6WaitvUOcaK2qqkFS0vPfvj84OOR0262tHfDXqJ97e0T0dujvN4j9RO2NtBWxjLmam5tXgKjIMCQkTL4q3WQyod8w4LC8rV0HHx+l0wnOiZ6jJrNtIlcUGFupNyZmnnl3z3squVyOn3+yB0rlxP9wLFw4B7dv38NPJy5h+fJF8PbyQmlZFYKDgzAjYdozX69W+yEgQIPColJsWJcFo9GIM+euSHqGLlqUguK71gcrLV48D74+PmhobMGtwhJs37oG/v5qhIRqUfWgFrNnzYBWG+jyqbcjQkK0+Puf73PZDD0qKhznL1xFfUMzoiLDcL/iIWpq68WJDFciI0MxMDCIm/nFSJ45Hb6+Ps/sherMRI7/7LkrCAsLxtyUJHEyWyaTefxFAaI3zcIFszEtNgraIMeH0jgzkXMkET0/k8mE7w6fwtCQEVu3ZKOnp0/MeSu9xYdKZixPxZ8PHkPO5ZuYMzsR/YYB5OTcQHRUuOQp9pdybqKkpBL79m4RH7gJAHK5ALXaOjl69OhZDA4OITU1BaEhWpjNFtwtuY+Ojk5s37oGAFBVVYvs7KWSfZ0/bxZuFZbi6LGzyMhIhVwQUHCrBP19BqSmjvZvv3KtEA8e1CJ98TxEhIdCLhdQfv8hqqvr8MGBHeKDMd9LcGwf0tdngMlkwsDAAMxmC/T6HshkMvj7Wyce8guKUVx8H2lpcxEVFQ6ltxdq6xpQdLsMmzaufMn/dYjoTZF35RYePnqMxWnzEBUZBi8vBTq7unH9ehHCw0MwNXq0+rS5uQ2VVTX44IDrOxm7u3thsVhgMpowJAjQ63ugUCigUlm/X1U/fIwTJy9h4YI5iIuLhsrPF/UNzcjNK0BmRpq4nTNn8xAbG4VZyQkTPkdNdNtEE6WAQ6UeR46eM3oStdrPoUJS46SKwN9fDT/bbWhyuQB/fzXUKmtlhVrlhw8+eAc5OTfx56+OQRAExMdNxfx5MyGXC9BoVFCNmWz091dhaMhaPSWTybB/3zacOJmD3/z2S2i1gVi3JgO9vX3ws/0RVav88PGHO5GTm4+DB4/DNDyMkGAtUlNTxA/2GctToevowp8PHkdaaorYR0x6bCqoVNKKkLGTp76+PtBo1GIVyry5M2EwDODYsXMwm82YmZyAVSuXoKJitBrF31/ttPoiNGQK1q/NxI38O8i7cgsLF8zG2jXLJT8/lZ8v/P3VDlUvAQEa8b/Fs46/t68f9ysewmKx4P/8+x8lx/Ivv/rY4/5/TfSm8LJ9GbDvUQjbAxnsqVV+UGtUYuyvUSMgUANM8Bzp5+cDtVolad2hUlknXu3PLSqVr+R234AADfz9Na/gyInefA0NLahvsD4QcmyP8cBAf/zDL/YDtt54e/dsQW5uPgqLyuCj9EZiYpzkc8bQkBF3iu/BZDLh4Nc/SLYlCAJ+8fN9CAz0x769W3H7zj0UFZVB19kFuVyOyMgwHHh/O4KDg6DTdaG7p1cyMQsA3t5eOPD+dly8dAPfHjoBAJgaHYEDB3ZIPmOtW5OB4ClBKLtXhbwrhZDJgIjwUOzftw3RUeEoLi5HTEykQ4WV0WjC7z/9WtJn9Xd/+BoAsOe9zZgeH4MVWekIDQ1GUVEZbuYXY3jYjOApgdiyeRVS5iS98H8PInozrV+XiZBiLe6VVyM3Lx/Dw2YEBvojKTEeGcsXSb5n3K94hOTkBMmk6liPHzfim29/kiyrqqqBXC7Hv/zqYyiV3kieOR1eXgoUFZWhtKwSRqMR2qBArFm9HAvmzxJf19jYKl6gmug5aqLbJpoo2aJ9tyR1eLIxHQ4ZM3bn+PoX1ocH2FejWv89uqbFYrGrZoX15gWL/f/sl4283hoPGgVER0ys8miiGpr1L32bREQ0iudZojeTO/1u3q94iNraemzetOqVbP/suSuIigpHypzEV7J9Inqzvej5st8wgF//5gv827/+8qXuF7mPV/E3uaFZD6WX2TZZL7PdZQm7ePTOS/tlcLgj0zqfYz/pP/LvocH+Se+fwrFXpAUyyGCBi8o95pl3kzwRERER0V/brOQEzEpOeGXb37A+65Vtm4jcn5dCgaAg/wmsSeQ5BIz0hLSrwrNgTMw8826cJyIiIiIiIiIrLy8Ffvn3+1/3bhC9UQSMVKBai1/BmLGnxUREREREREREROMRK1Bhq8xjzNjTYiIiIiIiIiIiovFIHgU9tickY8aeFBMREREREREREY0lmUAd2xOSMWNPiomIiIiIiIiIiMYSnC18Vl0e88y7c56IiIiIiIiIiGiE0wnUZ9XlMc+8O+eJiIiIiIiIiIhGCA6zSYwZe1JMRERERERERETkguBwPzNjxp4UExERERERERERuTB6C79lnJF55j0hT0RERERERERE5MToBKpsnJF55j0hT0RERERERERE5IRgsdhK8UYGi7Q0j3nm3TlPRERERERERETkiiCTyayTS7aKPJlMWprHPPPunCciIiIiIiIiInLFWoEqG63Ms4yp1GOeeXfOExERERERERERuSKMVOSNVOrJxlTqMc+8O+eJiIiIiIiIiIhcEcav1HMyMs+8m+WJiIiIiIiIiIhcEWQyGSwWaaUeY8aeEhMREREREREREbmisFgstkkljhw9b3xbNTTrX/cuEBG5NZ5nid5M/N0kIpoYni+JXi6FfUUeR46eNr6toiMCXvcuEBG5rYZmPc+zRG8g/m4SEU0Mz5f0qnniBL1grcQDOHL0xJGIiIiIiIiIiMgVAbC/rRmQjYmZZ96980REREREREREROMTgJHJJFtl3piYeebdO09ERERERERERDQ+YaQiT1qpZxmt1GOeeTfOExERERERERERuSKMVORJK/Vko5V6zDPvxnkiIiIiIiIiIiJXhLGVeXhG5R7zzLtXnoiIiIiIiIiIaHzC2Mo8PKNyj3nm3StPREREREREREQ0PrEClSNHzxyJiIiIiIiIiIjGJwDWySTYV+yNiZln3n3zRERERERERERE4xOsg7Qiz4KxFXrMM+/OeSIiIiIiIiIiIucEAGJFnrVSD2Mq95hn3r3zRERERERERERE4xEgVuTBNqmEMZV7zDPv3nkiIiIiIiIiIqLx2G7ht6/Mw5jKPeaZd/c8ERERERERERGRc3Y9UN+8ykDmmf/r5ImIiIiIiIiIiJyTVKBy5OiZIxERERERERGNqKh4+Lp3geiNIqlA5cjRM0ciIiIiIiIiAgDDwCCO/3jhde8G0RtFsEjmkGRgzNiTYiIiIiKi1+3suSsoL69+Zdv/n88Oo7u795Vtn4jci0X6xZmIAChkkjkkCxgz9qTYk1y9VoSr1woly/x8fRAWFozMjDRER4e/tPcqLCpFY2Mrdmxf6zT/6998gX7DgMttpC5Kwbq1GTh67Czipk3FwoWzX9r+ERG9bEajCb/7/UHsfGc9YmIix10vN68AOl0Xdr6zHgBw8dJ1NDa14aMP3nml+/f5F0cQHx+DlSvSX+n7EL2pyu9X41ZhKdrbOyCTyRAREYqVK9IRHSX9/POkvgm5eQVobX0KhUKBxBnTkJ29DL4+SnGdpqZWXLt+G/UNzTCZTNBqA7E4bR7mzZ0prmM0mlB8txz3yqvR2anH8LAZoSFaLFu6EImJcZL3NJvNKL9fjUWL5gAA9PoeXLp8E3V1DRgeHkZ0dDhWZy9DaMgU8TWuPkutzl6K9MXzR/e3uQ29ff3QaFQv9RiJyP106LqQYzv/wHauiY+PQWZGKoKCAgAAx46fQ2VVjdPXJyTE4v+1d+dfUZ1pAse/tbBWUeyyyyq4ixF3JXGJ+5K4RG1NTHp60kkvmflxzvwJM9Nnpk8n3X3S3ZksJmoS2wWNiuIeQMUFcAEXFgEpQRBkr4WaH6q41KUKR21NIjyfczyX933r3rq3jrzUfe7zvu8b65ap6uru3uPw4VMkJsaxYP4sj30ep88bqLy8gqKLV7h/v5murh5CQkxMnJDBzBmTlcWju7p7+MOHn2Oz2Tz2X7o4m8mT5f5SPBm9wwEaDai3GhwOh5d6aZf2odU+nDx82EZSUjyrVi5wVjigo6OTi5ev8dWOfbyzdR2RkWHP5L3a2zsfmeXwz7/YiMViUcrbd+4nfVQSU14ar9QZjc4v+W1tHbS1S8aEEOKnzWqz0dnVzZ59R/ntr99Uvry7a37QSn7BRVXAJjUlkfDw0Od+fpMmjSHiB3gfIX6Kjh0v4MrVm8yckUlM9GysVhuFZy+xfUcO77+3GaMhEADzvfts35HD1KyJLFmUTWdXN8eOF/D11wfY+tYaAG7drmb3nlyypkxgatZEfHz1XL9+iwPfHccQGEBaWiIAhWcvcfduA9OmTiQsLAS73c6Vqzf59u+H+MXP32DEiP7AQGVVLYGBAURGhGG12tj21V4iwkPZsH4ZWq2O80UlbPtyL+/+YoPy/WjgdymAhoYmdu0+TGxslKq+vLyC9FFJaDSaZ3qNQoihpb2jk8+/2E1UVATr1y7FZDLS3tHJpUvX+PyL3fzLB28DsHzZPOa9MkO1r81m55NPvyE2pr//cTgcHM3L59Llq9hsdiK9BEQft89zV1FZw/cFF5kwPoO5c7Lw0eupqa3n+IlCfH19yJoyAQBLjwWbzcbGDSsIDwtRHaPvgZIQT0LJQFVvHXivl3ZpH1rtw41ep1NuEgCMxkCWLs6mrtZMWfntZxZA/f8YDAEYDAFKWavV4u/vrzzVFEKIF1V4WDDFJWVkThrj0ZZ3LJ/kpHis1v5MiOTk+B/kvNwfUAkx3Eyfnkn23Gno9TqlLi4uit/999+orqpj3LhRAJz5voi01ETmz5upvG792qV89Kdt3LpdTVpqIkmJcfzq/S0YAvu/x8THRVNbZ+bGzUoluDh3zlSP80iIj6Gk5DqN95tVAdQbNyoZnZECwOXi69jtdtauWaKc78oV8/nrJ19z9lwJC+Y7z23gdymA3CNnSE0ZSUJ8jKq+vLyCV1+d88yvUQgxtFy7dgutRsOG9cvQ6Zz9T1hYCCMTYlVZnH5+vvj5+ar2LTx7GT8/P6ZNnajUdXR20dLykHe2ruPEqbNe3/Nx+zx3KckJpCQnqOpiYkZwu+IOjY3NHq8PMhoIDg564s9DiIH0j87ck7KUh3ZZOPn46LHbewEov1HJpctXqa9vxGq1EhcXzbIlLyvBzfyCi7S0PGTZ0leU/c3mRnbtPsyv39/yXM6vt9fBseMFlJSWY7FYSRwZy/Ll81TB4LKy25zJv0BT0wMCAgIYP26U6mZpb85R4mKjaGpq4crVG2i1WqZmTWRq1gQO5Z7i5s0qdFotWVkTmTsnC1xPTT/84zZWr1pA0YUrVFTcQafTMXp0Kgvnz8LHRw+AzWbjaF4+ZeUVWCxWIsJDmDF9MmPHpgHQ1dVN3rF8bt6swmqzEx0dwbyXZ5CQEKO8z0d/2saqFQs4V1RCVVUtWq2W8ePSeXXhbPm/KsQLJHvuNPbmHGXsmDR8fX2U+jt37tLV1c3ojFTKym4r9RcuXKHu7j1ldIDZ3Mi58yVU36mjs7OLsNAQ5s2bQVqqM2DReL+Zr7/5jpUr5pN75AxNTS1ERUWwauUC7jc2c/xkIS0tbUSNCGfVygWEuTIudu/JJTk5wWtgV4ihzj0Q2MfHR49Wq1F+Tx0OB1VVtSxb8orqdUFBBuLjoqmsrCEtNRG9Xo9er/c4np+fn+p3fqCu7h7Ony8mKMiouvF3OBzcuFHJ+vXOIa+VlTWMSktSBXs1Gg2jM1Iov1EJeAYTcA3Lv11xh3/6+Ruq+sb7zXR0dpGcFP/cr1EI8WKz2+34+fspwVN33vqEPt3dPeQXXCR77lRVH2E0BLJ+3dJHvufT9nnurFYbt29XY65vJNvLwyshnhV9fzAJJTNPylIeLuXhzmKxUlxynbv1Dcp8NDdvVjI6I5Uli7LR6bQcPnKG/QeO8+aW18A1pH7g8PyOzi5aW9vo7e1Fq9U+8/MsPHuZ2bOm8M7WtXR1dbN7by7HjhUoAYeqqlr27DvK4kVzSU9P5kFzKwcOHqf5QSvr1ixxnvfDDo5c+57Fr87l/fc2U11dx+49uVy5eoMZ0zN5deEcqipr2bPvCMnJ8cTHRWO399LW1s6uXYdYuuRlli99hcb7zeTsP8a+nKOsdR371Onz3K1vYOubazAaA7lTc5fr128pAdRvdx1Co9GwefNqAvz9KC4p48vt+3j7rTVER0dit/fy8GE7f999mCWu96k3N/LNt98RFRUh840J8QIxmYyMGZ1KfsFF1XyjR/O+59WFc6g3N6pe/7CtnZaWh0q5sqqWsLBgZs6cTGBgAMXF19m9J5cPfrMVPz9fOju7aW1t4/SZIlavWoi/nx979h1hx879GI2BrFuzFF9fPbv3HuFw7mk2bVwJrvnFWlsfIoRwunmrCp1Op8wB39nZjcViJSzMczRMaKiJBy2D//50dHRRU1PPzOmTPdo+/2I3d+sb6O3tJTAwgE0bVhAQ4K+019aa0eq0xMaMAODBg1YSEz3nUQ4JCVb1FQMdP17IuLGjiBqhHiJbXl5BWloiWq2Wjo6u53KNQoihISM9mVOnz3M49zRZWRM8hr0PpqDwEn5+vkzOfPI5RZ+2z8M1r/zZc5eVRKBVKxcQF+e5rset29Uc+O44Tc0tBAYGkDlpDDOmZ0qSinhig8yBKlvZDo/tcHO74g7/+bu/AM7PwGazYTIZWblivnIDsWL5fNU+U7Mm8uVXe13Zuz/Oh5aUGEf2XOdr762HAAANTklEQVTTxODgICZnjuPCxStK++kzRWRmjmFy5lhwZZqsXLGATz/bxf2mB8q8f0mJccpiVGNGp3IiNJjwsBAlI2vs2DSOnyykttasmqNw8uRxjB6dCq4hbEsXZ/PVjhxaW9sIDg6iqbmFxJGxhIaaAEhNGUlqykgAqqrrqK0z89vfvKVkzM6ZnUVd3T0KCi/x+muLlPeZPj1TGcKXkpxAclICNTV3JYAqxAtm1qwpfPzxdiZnjiU4OIiS0jIMhkASEmI8AqgDzZyhDk7MmJ7JyVPnMN+7T6Lb4lSvZE8jMsI57cpLmePYm3OUNa8vJjzcebMzOXMshw6fei7XJ8SLrqOji9wjZ5g18yUlmNk3n6i3LCu9jx6bze71WA6Hg/0HjpE4MtbrlBzr1i6hq6uHjs5OiovL2LFzP++8vQ6TyQhAWXkFGekpyut7LFav5+Djo1dN/+Huxo1K6s2NrF610KOtvLyCObOznus1CiGGhrCwEN5+aw2nvy/ib598g49eR1x8NBnpKUwYn+41Uaa9vYPzRSUsXfIKOt2TJ9I8TZ/XZ/asKUwYn0GPxUJVVS3fHTyJv7+fMmqnT0lpGdlzpxESbKKmtp4TJ89isVh4OVsW1hRPRjUHqntQScpSHg7l4WZkQozb0HsNgYH+HvPXVFTWcOnyNZqaHuDoddDU3AKuicH7hqz/0KKiIlTlwEB/LBarUm5obFJWru0TGzMCnU6H2dyoBFAjItQLqAT4+3nWBfh7/LEeuKJ2X7C5sbGZ4OAgMieOYc++I7S1dzAyPpbExDgliNHQ0ERYaLBqugGAhIQYikuuq+pGDMgaCQhQX6cQ4sUQ4O9HVtYEjh0vYMXy+Zw8dc5jRdrBNDW3cPbsZczmRiyuvsjhcGC1qvsC94Wn/AOcK2e7LxIV4O/ZlwkhnENNd+zMIT4uWvXAou87jrffG5vVht8gQ9cPfHecltaHvLXlda/tgYEBBAYGEB7unEfwk0+/pehCqTIH6Y2blaqH14MFDaxWm8d3Nlz9w4mTZ8nMHENIiEnV1traRlNzKymuh7rP6xqFEENHVFQE69Ysobe3l4bGZu7cucup0+cpKS1j86ZVHkHU02eKCA0NZrxrLukn9aR93sB9++65YmNG0NnZzekz55UAqslkZNnSVxg/Ll2ZIiAmJlJZSFACqOJJaR2uKFJ/Zp6UpTx8ysONj48PoaHBrn8mjz9KDY1N7Ni5n/RRSbyzdR2/fHcT72xdC/R/dnj53Hp7e5/reXt9mukWAbfZ7F7PQavVqALl3p6aarXe/iOoo+u9dvWxleO4dh01Kon3f/kzkpMSqDc38Pm23ezNOeo6Nxt2L+em02k9gvjezm8YxvmFGBKmTZ1ETU093+w6SEJ8jMeDIG96e3v58su96PQ6Nm5YwXvvbuK9dzc5MzMeo7/w3p8JIfr09Fj4akcOISEmVq1coBpZYzAEotfraX7Q4rFfc3MrISGew94PHjpJba2ZzZtWq4blP0pkRBjNza3gmvPYYrEyMqF/0afQUBMPHrR67PfgQYtHgBSgpLSc1odtSpapu7LyClKSE5TA6Q91jUKIF59WqyU6KoJpUyeyedNKamrqqau7p3pNc3MLl4uvM+/lGU89UvFJ+7xHGTGiv3/FNZdq5qQxqvlVAeLjoujpsdDd3fNU5yyGL61zYR33DD2NKrgk7dI+lNuFWkNDE3q9jgnjM5Qv230ZqH18fXzo7OpW1d2926Aq63RabHbvw8Ceh6ioCGpq6lV15nv3sVptxMRE/sPHv1NzV12+4yz3DZ8FMBoNTJo4muXL5vH2W2u5evUmLS0PiY6KpLW1zWPe2Dt36olxzXcmhBh6fHz0zJmTRVVVLdnZ0x5rn46OLto7OpkwPoNA16I37e0dqpVvhRBPx2KxsmPnfoKCDLz+2iKPhxAajYbkpHiuuy3yBtDW1k7d3XukpKhXfD585DRV1bVs2bwao1E9ygTX/PDeNDQ2EWQyAFB+o4L0UUmqwENKcgI3b1WphtM7HA7KyitIHXAONpudU6fPM23qRI+RLriG72dk9E8P8KyvUQgxtHR2dinzibrrG2LvGPA098TJs8TFRpGWluixz+N6kj6vT0+PxeuUI/fuNWEKMiplm83mcd8K0NDYjL+/H/7+fk993mJ40rpn5rkPc/aWuSft0j7U2oVaTMwIensdFF0oxW7vVVaDdjdyZCxmcyOlV8ppbW2j9Eq5aj5SgMjIcO7du8/NW1V0DnID8SzNnvUSxSVlFF0opb29k/r6BnL25zF+XLpqSOvTKi6+TnFJmXMBhdp6Dh4+SUZGCsHBQQDsy8nj2rVbdHX3YLXauHW7Gl9fH4xGA8nJ8URHR7J7Ty5mcyPtHZ3kF1zkdsUdWSVSiCHupcnjeO/dTYSFemZ1eWM0BhIcHMT5ohJ6eiy0t3dw8PApr6vhCiEen81mY+fXB7BYrCyYN5O2tg7XwmptdLllIM2ZncWtW9UcO15AQ0MTVdV1fPPtQeLjoklO6p/7M+9YAcXFZaxYPh+7vVc5Vnt7h/KaXbsO8Ze/7uTS5WvU1ZmpqaknZ38eTU0PmDLZOe1QeXmlKsAJkDlpLFqtll1/P0Td3XuYzY3sy8mjs6OLrKyJqtcWXSjFarUyw8vCTh0dXdSbGxg1ILDxLK9RCDG0nDx1jj/+eRtnzxVTW2vm3r37lJVX8M233xEdHUlCfH+2fH19A2XlFcybN+ORx3z4sJ3W1jZsVhsWq5XW1jY6OvrvDx+3zzt46CTXrt8CoPDsJT786HO+z79AVXUd9fUN5BdcpOhCKdOmTVL2uXmrmg8/+pyjefncrriD2dzI+aISTpwsZNbMl57xpyeGA723zDwpS3m4lIcTkykInf7RN+HhYSG8sX4ZubmnOX6ikPj4aJYsmsuu3bnK0IfUlJHMnjWFvLx8rDYbSUnxrH19MTkHjinZHKMzUpg0cTR79x0lIjyUt13TAAwmONiIyZWNMVCQyUiQ0aiqMxgCCXYb0jEqLYnXVr/K9/kXyDuWj5+fH5MmjiZ7bn/Wl8lkJChIfRxTcJDqKSWAKcjzdUsWZ1NWXsGRo2fQarWMGZ3KwgWzlfaMjBTOnr3ModxT2O12oqMi2bhhhfKZbdywgry8fLbv3E9Pj4Xo6EjeevN1Zc4enU5LUJARgyvjrP+cDVgsknkmxIvAR6/HYAjwmBolbMAKtkZDIMag/v7OFGQkOMT5MEaj0bB50ypy9h/j93/4lLCwEBYtnEN7eweBBmf/EBjoj9FoUA1HMxicgVf3jDqDIUA19C04OAiTKeg5XLkQP321tWZqap0jVf788XZVW0iIiV+9txlcc+Nt3LCCEycKOV9Uir+fL+npycp8pbgyWS9euoLNZuOLbXtUx9Jqtbz37iZCQkxs2riSCxevUFRUSvODFnQ6HbGxUWz52WoiIkJpbm7hYVu7KmgJ4Ovrw5afreZoXj7bd+QAkBAfw5Ytr3l8Tygru83L2dO8zhN440YFI0fGemRYPctrFEIMLYsXzSXyUhhXrt7kxMlC7PZeQkJMZKSnMGf2FFW2/LXrtxkzJk0VVB2ourqOL7fvU9WVl1eg0+n41w/exs/P97H7vLq6exiNzu9PL2dPZ8SICIqKSikovITd3ktEeAgrls9jwvgMZZ8xo1Px8dFTVFRKSWkZVquVsNAQFi6YrSw+LMST0GRuKHSog0sOpCzl4VLO/9T55Mk9I9X5s0aZfdLhcKgyWsGh1Dn/udf17e8s91i1xMc8XubR46qtb33mxxTe2Wx2/uO/PmbTxpUeNzhCiKFL+lkhfpqG0u/mteu3qKysYfmyec/l+IcOnyIuLpoJ49Ofy/GFED9t/2h/2dnVzf/8/n/59397/5melxg6nsff5Nr6Vvx8el3Beg0ajQaNBrcyrjqNqg5wq0OJ57gH/ft+tvR0PvX56UGdmSdlKQ+vshBCCCGEED+ssWPSGDsm7bkdf8ni7Od2bCHE0Oej1xMaKpnmQrjTOqOyfZl5IGUpD6+yEIPT6bQYjQYMhoDHeLUQQgghhBBCvPh8fPS8/8vNP/ZpCPGTomSgyla2w3MrxOA0Gg0f/OatH/s0hBBCCCGEEEII8SNSMlBlK9vhuRVCCCGEEEIIIYQQYnCuDFTHgMw8KUt5uJSFEEIIIYQQQgghxHCzdevWQds+++wzVdmVgaoBHKBk5mkGZOpJu7QP1XYhhBBCCCGEEEIIMdwMDJI+ql7rnpHHoJl60i7tQ7VdCCGEEEIIIYQQQgxHA4OlgwVVteAKLrln6sGAsrRL+1BtF0IIIYQQQgghhBDDVV/QdLDgKX0ZqH1Bpr7MvP6yA2mX9qHdLoQQQgghhBBCCCGGs0cFTxmYgeqkDjpJu7QP7XYhhBBCCCGEEEIIIQanHTzYJFvZDoetEEIIIYQQQgghhBCD03oMcx4QZJJ2aR/K7UIIIYQQQgghhBBCPIrWuY5Of1DJGVJyK0u7tA/hdiGEEEIIIYQQQgghHkXrDCG5Z+qhytSTdmkfyu1CCCGEEEIIIYQQQjzK/wEReFRaTd0HhwAAAABJRU5ErkJggg==' />]]>
    </system-out>
  </testcase> <!-- dashboardTest -->
  <testcase classname="com.example.tests.vendorportal.VendorPortalTest" name="dashboardTest" time="2.645"/>
  <testcase classname="com.example.tests.vendorportal.VendorPortalTest" name="logoutTest" time="6.216"/>
  <testcase classname="com.example.tests.vendorportal.VendorPortalTest" name="loginTest" time="0.502"/>
  <testcase classname="com.example.tests.vendorportal.VendorPortalTest" name="loginTest" time="0.518"/>
  <testcase classname="com.example.tests.vendorportal.VendorPortalTest" name="logoutTest" time="1.375"/>
  <testcase classname="com.example.tests.vendorportal.VendorPortalTest" name="loginTest" time="0.665"/>
  <testcase classname="com.example.tests.vendorportal.VendorPortalTest" name="logoutTest" time="0.000">
    <skipped/>
  </testcase> <!-- logoutTest -->
  <system-out>
    <![CDATA[<img width=700px src='data:image/png;base64,iVBORw0KGgoAAAANSUhEUgAABVAAAANtCAYAAAB2SlABAAAAAXNSR0IArs4c6QAAIABJREFUeJzs3XecXHW9//H3mbq9J5tNIwlpJJCQhC5IrwoCAlIFlZ9exXqxXStevaLYvUoRvKhIFRFQOgiYgLR00hvpu5uts212Z+ac3x+zMzt9Z3dnZtvr+XjkMTnn+z1nvjO75zNnP/M532NcdPMuS8A49cRPZwz3EAAAAAAAAJBlHo9n0NvaMjoSAAAAAAAAABhDSKACAAAAAAAAQBIkUAEAAAAAAAAgCRKoAAAAAAAAAJAECVQAAAAAAAAASIIEKgAAAAAAAIBx68knn0zZTgIVAAAAAAAAwLgUSp6mSqKSQAUAAAAAAAAw7sQmTZMlUUmgAgAAAAAAABhXkiVLE6135GA8AAAAAAAAADBiXHTRRWn3pQIVAAAAAAAAAJIggQoAAAAAAAAASZBABQAAAAAAAIAkSKACAAAAAAAAQBLcRAoAAAAAAADAuLB69eq0+y5ZskSiAhUAAAAAAADj0b6DrcM9BIwSJFABAAAAAAAAIIkxfQl/ebFdkyc4VFZkl91uqNNr6lCLX/vqfAqYwz06AAAAAAAAACPdmEugzp7m0hnLinT8kYWqKrMn7NPjt/TuDq+Wr+7QijUd6vFbOR8nAAAAAAAAMBqYpimv16uenh75/X75/X5JksPhkMPhkNvtltvtls02Ni92HzMJ1OMWFOijHyjXtGpnv31dDkNL5+Vr6bx83fDBCv31ny36+wqPTKpSAQAAAAAAAEmS1+tVS0uLLCtx8aHP55PP51NXV5ckyTAMlZWVKS8vL8cjza5Rn0CtKrXrU5dW6riFBYPavrTIpo9fVKFTlhTpZ/fX62CDP+NjBAAAAAAAAEYLn8+npqYmmQOsNrQsS83NzbLZbKqsrJTDMepTj9Jov4nUtGqnfvKFyYNOnkaaM82lX/7nFJ28uDAjYwMAAAAAAABGG4/Ho4aGhgEnTyOZpqlDhw6pra0to2MbLqM2gTpriku3fqZGFSWJ5zkdjDyXoZuvmaATjxp6QhYAAAAAAAAYTZqbm9XR0ZGx/bW3t6uhoSFj+xsuo7KOtijfpm99vFrFhZnP/9ps0pevnajv3V2rddu9Gd8/AAAAAABAIv7tW+S59w7539shs6W53/5GfoEc02eq6MqPyn3c+3IyxqHqfus1tT/yZ/nf2yGrqzOqzSgskmP6TBVfd6Nci5cN2xjHq8bGRvX09GR8vz6fTw0NDaqqqsr4vnPFPu+kL94y3IMYqC9dPUHzDnNnbf82m3TU4fl67s02BQJZexqMAFedUzbcQwAAAAAAQIF9e9TwhRsVOLBPljfNgi6/T2bjIXlffVHOWbPlmHZYtoc5JN0r31DzLV+V2VAv+X3xHXw9Mhvq1fXSs3ItOEr2milZHY+nvVslxWPrZkeD1dbWFr4RVDKrVq3Xo48+pf37D+rtt9aosalF1dUT5HT2f0N30zTl9/uVn5+fwVEPTHd3tySptrY27W1qamqk0ViBesrRhTppUfYvsZ9QbteVZ5fpj0/1/40PAAAAAADAUHQ8/kjipGKa2v9yv9wnvj+jY8q0jr89PIC+D8m15NisjgdBPp9P7e3tSds7Ojr1o1t/o3feWSun0yGfzy+Xy6meHp+Kigr1yU9dq7PP7v93z+v1qqenRy6XK8OvIPtGVQLVZpOuOb98SPt4d4dXz73Rpromv6rKHDrjmCIdc0Ti7PdF7y/VE//yqKWNMlQAAAAAAJB5O3fVK2Baqtz7XtT60pu/LdcRR0qmKc9dv1L3yjdS7scfs/1IFNi/p2/B4VTVL+6WkZ8vw+WSraJKdZefG76sfzS8nrGiqakpZXsoeSpJPp9fktTTE0z2t7d36Oc/u0veLq8uvOictJ5r0qRJGRl3Lo2qBOrxCwtUUzn4IT/6z1bd93RfRemW3d16bW2HPn5RhT70/pK4/g67dOrSQj3xqmfQzwkAAAAAAJBId49f7R3By4oDMfOBdjzyJ7Xu3S33sSeq6Kob+k2gWp2Zu/FPtgRaW/oW/D41fO4GSVLhJVfKteSYqDlRzQzeyAjJdXd3yzTNpO2rVq0PJ09Tuf32P+qEE5dpwoTKlP0sy1JXV9ewXso/GKMqgXrGMUUp27fv61Fdo09L5xco321EtW3a1a37nm6WzZBOXVqkJfPyZVqW/rW6Q/vqk5fIn3lMccYSqDVVDv34s5N1sNGnW35Xq65uK66Pwy59+xPVOnyqW9+4/aD21AbHNrnKoVtvqtGhloC++usDMns3/dSllTrzmCL97yMNWr6mL7jUVDr05WsnqqrMrs/+dL/aOkzZDOnHn6vR3Onx88ealvTICy168PmWuDYAAAAAAJA5/oCpPXsb1d7eN9ep1+tT5EyS/r27JUm24lKZrX3FYHmnnyPD6VLX8//I6Zgj1da16lCDR1Z8WiOlCZYlI2adkV+gwsuvVdN3bs7kEEe0P/7pMZ1x+omaNq0mrm3Xe/v073+v0tVXXaSOzi797u6H9OlPXS2Xy6nb77xfn/3MdRkdS0tL6jzQ00+9lLTtsKoKdfv9qm0J5s3e+PfKtKpQPR4PCdRscdilxXOSv7nL13Top38+JEmaVu3UL/9zihz2vvZ124MT4X7xqgk6dWlheP3py1InZQ+rcaq6wqG6Jv+QX8OMGpdKi2wqLXLruvPL9bvH40ukLz+zTEfPDb7OmZNd4QTqnOlulRXbw/+aPMFpBZbMzZfbZWjRnLxwArWm0qH/+UyNKkvt2lvnk7c3UVtWbA8nT709lgJmX6QzTamrO/k3DgAAAAAAYOgCpqXtO+rU09NPnsHpUtXP7pRj5mx5bv+Z5HCo7MvfkWPyVMmwyb3seLX8/AdS741xcqn+0OAKzSwpLoFaeOmV6nl3rfzbt2RkbKNBq6dNz7+wXJ/4+BVxbc8+9y/ZbTZJUmFBvj5+w2XKy3PL7w/I42mXaZqy9bYPlWmaKatPJWnbtl1yu5y6cOlCeX1+5Tnsqikv1aTyUp0w+zC5nA5d/vP/U22LR+3t6VUNh543U68jF0ZNAnVatUtuV+xh1ueVlX2T3e6t8+m9Az2aPa1vUtozjy1WdYUzKnmarnmHuTOSQDUihn/+SSV68e127dzfE143qdKhS88oHdB+QpHH6P1PTZVD//PpYPJ090Gfvn3XQfn8Vtx23/99nd7dkeZd/QAAAAAAQEbU17f2nzw1DDkmTVbD5z8ue80UTbjrAXU+93e1/Og7yj/rfBlOtzqfeTxXQ46Tn+9SV1dPGj1TM0pKVfihK9T45U9nZFyjhcPhkM8f0JYtOzVv3qzw+g0btsmyLNnsfYnF0tLirI2jpye9n+G5i4/Qty49N2n7bdd+SB/9zX0qKk5dpBj73Hl5eWn3H26jJtU7uSp1rnf+jL43vbTIpmnVzqj2qjK7Tls28OSpJE2Z4Eyj18AYhvTpD1dGJTU/dUmlnPbkSeL+1FQ59MPeytOd+3v0zTsOqrWdqlIAAAAAAEaKVk9Xv30Md56KP/5pTbjnYVV8/+dqf+gPwUtHJVldnTKHeb7Tw2dOVEX5wHMsRkz9af77z5R3xcvy79mVwdGNDmef9T69+q+3ZPXOg2Cappa/9o7OPOOkcB/TNPWb2+8L94n0yqtv6rkXlku9N3J69LFn9cBDf9f9DzyhFa+tTGsM3WlUL8+eOU0XHH1Eyj6Lpk/W3Z+6StMnV6f1vBpA8nakGDUVqEUF9pTtl51RqvJiu/bX+3TW8UUpq1UT6e6xZBiSyxm/XVlx6uceqJa2gDbs9Op9iwt1zvHFeu6NNp20qEBL5+dr+eoOLZiVp8rSgT3npN7kaUWJXVv3dOuW39Wpw5s8efrtT1RHXcLf0WnqB/fWaffB5PPBAgAAAACAoQndxTyWWVoh7Q8mEi1vl5q/97WE/byvvZpwvX1i+smrodq2o1aHTatSUWGe9h1okmmmngzVZjM0dXKFesrKZNbXhdd3/uOxpNvYJ46+O7UPRHV1laZMqdaatZu05OgFWrV6g2bOmKqqyvJwH9O05PG0RyVQTdPUP556WQHT1EUfPEOS9Ne/Pa/jj1us+b3VrE/8/UVt375bs2cflnIMfn//V1tf9ZGLdIK//yuYjzpsivbMmdVvv5DRlkAdNRWo/TEM6azjinT9B8vTqhg1TWnrnm498mKrvnF7ra7+9m59+kf7lOiYdzgGXxWazH3PNCtgStddUK6JFQ594kOVCpjS/c82p7F1vKMOz1NFSTDp+szrbSmTp5KU5zJUmGcL/ysqsMuZhdcJAAAAAACCLMtKeuMl/+QZQ9q3Y9acIW0/EN3dfm3bUauAaWru7EnKz0ueh8nLc2ru7EkyTVNd1akTepGcOXw9w+XUU4/Xm2+tVUdnl955Z71OOeXYfre57/7H5c5z6ZIPnS273a72jk7t31+rTZt36G9PvKC/PfGC2to61NHZf6Wzz9d/Ed3sBXMVcLn67WcrKVbxAC7hT+e5R5JRU4Ha3jX0S9EPNPi1dmuX1mzt0rrtXer0RkethtaAurymCvOj88pd/SQjB+Ngg1/Pv9Gm808q1t3fmCpJeubfbTrYOLi5Vles7VBVmUPzD3Prpsur1N5p6q2NnUn7f/OOWuZABQAAAAAgh7zdyf/m73z/B5S/8lXZmhsGvF8jL1/FN/zHEEc3MJYl7T/QrJKSfM2cMVH1hzxqaGyL6lNVWayJE0q0/0CTWj1dsp9zuVxb18voTp3cMwqLVHzdjVl+BcOvqLBARx05T7+7+yGdeMISFeTnqaszda5mQlWlGg41qbu7R263S7Kk/Pw8XfKhswf8/IZhJJweIJanulrle/em7NNWUzPg5x9NRk0Cta5p4Jnp1nZT67YHE6ZrtnapoSXQ7zaBBLnShpah30AqkYdeaNHpxxQpz2Wou8fSw8+3DHpfXV5Lt/yuVt/9f5N0xAy3vnb9RN36hzq9s6n/bxwAAAAAAED2tbUl/xvdcuer8Ys/Vv4bL8rw9aiwwKWiojRusmPYVHD2BbJNyN0l/JE8ni5t6wpe0l9clKcDtcEraydPKpfdbtO2HbXy+YL5mMDEqWr8ys80Y/cqKZAkR2O3q+DcC2Urr8zlyxg2xx+3WO0dHTr2mEVp9b/g/FP11tvrdN+fH9dHrrhAxcVFKi8v1br1W7ToqHmSpAMH65WX51ZFeeoblTscjrQupfeWl8vb2qo8jydhe8DlUk/hwObEdThGTUpSGk0J1N0HffIHJEeKqUF7fJY27vJq7Vav1mzt0s4DA5tPweU0VFIYP6vBrgHuJ10tbQH99Z8tuua8cj32cqua2/pP8KbS1W3pe3fX6rs3TtIRM936+vUT9cM/1GvVZpKoAAAAAAAMJ58/oIaGtpR9rLwCdZ52kSSpy2aoYvYkuVwjP3Xj8wW0fWedJk4o0eEzg4ncxqY21dXHJ9zM4nIVXXnDMIxy5CgsLJCzN4HocNh17tmnhNucTocKCvKl3rljS0qKZLPZJJkqLi6UYRg64fijVVZWor/89Vl9/IbL9OFLztVzLyzX22+vlc1uV2lJkc4+6339jiPdBKokNc+YocodO+Tq6AiWH4fuim4YsmwDnyHU6cz8DduzaeQfhb18fksbdnq1eE78ty9d3ZZ++ud6rdnaJf8QcpALZ8Xvu8dnadOu/u9Klo5QVXRkcfQjL7Zq+ZoOHWzoq3Ltr3g6qro6vM/gf7q6Ld1yd61u+X/BJOo3bpior/z6oHYd6InaLvYmUqYpPfpSix5/NfG3CQAAAAAAYPB272mQP9Flr0mYpqVduxs0b87ouZlS/SGP6g+RV+jP9dddkrStpKRIV195oSTJZrPps5+5Lvz/z9300XC/+fNmhW8aVVxcqMsuPW/A43C5XOrsTD79Y6yu8vJgAtWIuIeOZcnh9crX2i5nafpzoLrd7oEOd1iNqptIvfxOe8L19c1+vbNpaMlTSTptafwP+q2Nnerx9z8fRDr21PnU3mVq/fbo+Swik6eStG5blzq6TL0XUfm6fW+PWttN7dzfo5b2vhe6akuXunusqH16e4JJ1Lc3Bt+Tot45XVvaAtq6J5gMjr2JVGG+TfnuUfXrAAAAAADAqGEzBn7jZtsYvNfzIN4GZMlAk5j+FP2/95O/65VXN2XtuYebcdHNuzKTHcwBt8vQn26ZrjxX/NH2nbtqtXbb4G+KNH2SU7+6eUpccPrG7Qe1YWdmKlAx8jzx06Hd5RAAAAAAgPGmtq510JWmEyeUaFJ16rk5c2XfwVZNrRkZYxkudXV1Ms3+K6NbWjr10vOr9dn5xXFtG2rb9f3nd0iSKsoLteToGVq6ZKYmTy5Pur+aYbjplKd3DtfVq1envc2SJUuk0XQJvyR191j6xwqPLjsj/pf7k5dU6uZfHpC3Z+D5YJfD0JeunhCXPF233UvyFAAAAAAAZMXmrQfV0xO8KtVut2nhEVOGe0hpmVRdOmKSoBiakpIStbSkvqn5W2/v0N+eeFuzppZLik+g7mzsu/dOU3OHXnp5g156eYMmTijRsqUzteToGZowoSTcp7R09P3ujLprth9+oUX1Tf649VMnOvXlayfK6RhYLbjLaehr10/UrMmuqPXdPZbueLRhyOMFAAAAAABIZOrkcjmddjkcNk2bUjHcw8E4lJ+fLyPJvArt7V7d/ft/6sGHX5fX61NZXuI6zE21iW+OVn/Io2eeW6sf/vhxffM7D+uFF9dLkgoKCjL4CnJj1CVQe3yW7vhro8wEhabHLsjX9/9jkmqq0iusnTvdrds+V6NjjsiPa7vnySYdaIhP1AIAAAAAAGRCUVGejpg3WQvmT1FJSXxuAsiF8vL4S+3Xrd+jW297Qhs37Q+v27q7Ua/tatGhDp+6/aa2HOrU7Sv2aOW+/qZzMNTZ2aOnn10jw3D103dkGlWX8Ies2tKlOx5t1E2XV8a1HTHDrf/98hS98Fa7XnizLe7u85Wldi2Zl6/TlhbpyMPzEk5e/PLKdj3/RuLsOQAAAAAAADBWuN1u5eXlyev1yuv16YGHXtf6d/fE9Wto69b/Lt8dtz5ZBassSRFNC46YqkmT4nN5o8GoTKBK0vNvtinPbejjF1bEJUGdDkMXnFSsC04qVle3pbomn0xLqip1qKQwddHt82+06fa/NmZ38AAAAAAAAMAIUV5eroaGBv38l09r794GJaw4HII8t1Pf+saVGd1nLo3aBKokPfkvj3bX9uiLV05QRYk9YZ98t6EZNf2XB/sD0qMvtejB51NPnAsAAAAAAACMNVVVVTJsRsaSp5YRLEC12wz97s7PyWYbdTOJho3ekfdau9Wrz/90v15Z2RF1qf5AbNjp1Rd/vp/kKQAAAAAAAMatH/3PxzRlSoUspZdkS9YrdPX+tKmV+tMfbpbLNaprOEd3BWpIW6epXzx4SI+93KILTynVyUcXKt+dOlve6bX0+roO/fOdNm3Y2Z2zsQIAAAAAAAAjkc1m6Ge33ag3396q3/3uaXV09qTsb8TMcxrejyFdfeVpuvCDx2VvsDk0JhKoIbtrffrNXxp052MNWjAzT7OnuVVT6VBRgV2WpLaOgOoa/dq+r1ub3+tWj3+QJasAAAAAAADAGHX8sXN17LI5euzx1/SXv74uWVbCm0XF5k/tNkOXXnyiLrnkZI3iK/bjjKkEaog/IK3b7tW67d7hHgoAAAAAAAAw6thshi679GRddunJ2rxln3bvrtXWbfu1Z2+DamtbZFmSy2lXQWGejl48U+ecdbSmT68e7mFnxZhMoAIAAAAAAADIjPnzpmr+vKk695xjhnsow2IMFdMCAAAAAAAAQGaRQAUAAAAAAACAJEigAgAAAAAAYNyZWlM63EPAKEECFQAAAAAAAACSIIEKAAAAAAAAAEmQQAUAAAAAAACAJEigAgAAAAAAAEASJFABAAAAAAAAIAkSqAAAAAAAAACQBAlUAAAAAAAAAEiCBCoAAAAAAAAAJEECFQAAAAAAAACSIIEKAAAAAAAAAEmQQAUAAAAAAACAJEigAgAAAAAAAEASJFABAAAAAAAAIAkSqAAAAAAAAACQBAlUAAAAAAAAAEjCMdQdTJ7gzMxIgEE4cMg3pO1bPR2yLMmyLBlG8FGKfOz7v2SFt+tbF+wTyYpdodTthjGklwAAAAAAADCixaZKjH6SIbHtkYvRbUZ4XWh1qN0wDFlWX9tQ0i9DTqAONYEFDLfgcWX0JlFjHxU+GEMHe/wxHpswJSMKAAAAAAAQEptL6T+Bmrx/KDGqqGRp7HJ08nSohpxABUaz2ERpsDrUkGRFHJyhBGkokWpFJEmtBAd96gpUEqwAAAAAAGA86y+pmTjB2lfglixxGuoXmzw1DKP/dE0KJFAx7kUnURVxoClcjRoUeaRFV6X27Sud58vMuAEAAAAAAMaiyCrTyHVBVsLEaWTVabI+g0UCFeNa/CX70Y+SkSCRGreXQT73kIYOAAAAAAAwqvRz25gIsZfeRxe+JUqcRidP+y7lV5KE7ECQQMW4Fjq4kidIB5JI7d3CMGIu8wcAAAAAAED/xWTJ8zPxN5ZKlDiN7zvU5KlIoGK8i02exlahRvSM2S7HAwUAAAAAABjz4hOl4RYjdjrFUJVq9E3AY6tP+4rnBj8qEqgY56zeytLgUrKEarREN5PqS6qmU6UKAAAAAACAxOKTpYq5MVT0Jf2R2yim6jTUfyhIoGJci75BVOrkaapkamSfdC/dJ8cKAAAAAADGk3SrQKOTpeG1KZOmSlB1GjklwFBSqCRQgajKU8XNe6q0k6mR85+G1+Rg9AAAAAAAACNf6mIyK6Jf4nlQE7VFJk37Eq9WivlUB44EKsa1RNWmkYnU2LZEy5G4fB8AAAAAAGAwEidGE/aMytNEX9ofmzjNRJ6GBCqQJJGqJMnUyMrUyH7K0EEJAAAAAACAoNhcS2SlabA9Mmma2cRpCAlUjGuRidNUy4pKpiomoaqIMvKBj8Eaym3gAAAAAAAARrjBJDND6ZLIG38rnDBVwqRpoueiAhXIkP4Sp7HrFJdQjdpbXL9+nn1wgwYAAAAAABgF+kuNxCc5E+VcEidME29PBSqQQUZUIjQ2kaokydTY9Yn0JV4zPWYAAAAAAICxJLZ4rf9kSrK8TKJL/oeaTCWBinGub47TyITnQJOmiapMmQ8VAAAAAABgaNLJryRKmobWh+ZIHQoSqIAUUxqePJka7h2TMCVZCgAAAAAAkH3Ji9v62iPnSc0EEqg5YrcZyncbcrtscjoMOR2Swx78gfsDlnx+Sz6/1N1jqrPblGkO94jHh0SX7CdLpiricvx0L98HAAAAAABA+tItUotMvaRKmnITqRHObjdUWmhTYb5NLqctaT+XzZDLGd5KktTjM9XRZaq1w1QgQDIu25Jdsh8/aXGihGv8PKdUpAIAAAAAAAxdbI1aKOfSlzBVVpKmkUigZoHdbqisyK7SItugf2AuZzDpWlZsqbXdVEt7gERqjsTPmxF/QCb+sfZ/qT8AAAAAAADiJc6hxRa2KeFl+dkuZCOBmkGZSJzGMgxDZcXBfba2m2ppCyhgkpTLFMMw+k1ypjMHau/aBNsOaXgAAAAAAADjRHr5rsHk3IaapyOBmiGGpIpiu0qK7NnZf28i1WZIDS3+DE2BC6W8fD+9bfpDFSoAAAAAAEBy2aggzeQ+SaBmgM0m1VQ6ledOPs9pppQU2eVyGjrY6ONGU1mQ+vL9zOwTAAAAAAAAmZXN/Ev2M37jQE1VbpKnIXlum2oqnWn0xFAF7+IW/w8AAAAAAAC5Nxy5GipQh6iqzK48V+7z0Hlum6rK7GpoCeT8uUFVKQAAAAAAwHhBBeoQFBfaVFo0fDno0iKHigv5EQ4FiVAAAAAAAICxbaj5H7Jvg2S3SRPKhr+Ad0KZQ3Z+ikPC5fkAAAAAAABjR6ZzPaTeBqm8xD4ikm2GYais2D7cwxhTmPMUAAAAAABgdMhFHmf4SyhHIYddKi0cOUnL0iK7WtoCCpjDPZKxa7AHn2VZGR8LAAAAAADAWDOSC9hIoA5CRYlDGkE/VMMwVF7CDaVGotDBv3rNet11173q6fHF9XE4HCoqKlB5Wblmz56lRYsWaOHC+cMw2tTuuedPWrt2g77ylc9p+vSpOd9+rHjjzXf0hz88oIsuOl8XnH/2cA8HAAAAAAD0g0v4B8HtGjnJ05B8Nz/KkWzL5m3h5GlsWbnf71dLi0e73tutF158WT/7+W91yy0/1vbtO4d72FG2bNuhjs5O7X5v77BsP1bs2LFLPT0+bdu6Y7iHAgAAAAAA0kAF6gA5HYZczpGXrHQ5bXI6DPn8XDI+Epm9l/IfccRcfeXLn4tq8/v9am/v0J49+7R23QatWPGG9uzdpx/f9ivd8NGr9L6TTximUUczen+1LA3ud2yo248VVvh9AAAAAAAAo8HIywSOcIX5mXvLbDZp6bx8HXtEvuwZ2G0mx4bccTgcKisr1aJFC3XdtVfo1lu/o8NnzVQgYOrePz6ozZu3DfcQAQAAAAAAxi0ybgOUl6HL9202adm8fE0od6ii1KHqiqEXA7ucI29qAQxcRXmZbr75Jk2qrpZpmvrDHx+UaXKHMAAAAAAAgOFAAnWA7PahJylDydOK0mDStKHFr9pG/5D36+CnOWbk5bl17bWXS5Lq6w/pnZVrhntIAAAAAAAA4xJzoA7QUC+1T5Q8Xb2lS2YGJkTMRHIXI8eCBfNUXT1RdXX1WrvmXR137NK4Pu+9t0dvvLlSW7dsV11dvXp8PpWUFOnwWTN15lmnat7c2Un3v+u93XrpxVe1desOtbR6ZLfbNXFilY5ceITOOOP9qqwsT7qt3+/X8uVv6LXX31RtbZ0CAVMTJlTp+OOX6rxzz5Tdbk/52gKBgF5/7S39a/m/VVtbJ9MKbb9Mp512svLz8pJu29Li0fPPv6x16zeosbFRNsOmispyLV50pE477WRVVVUk3bapqVmv//ttbdi4SQf216oJ+Sb6AAAgAElEQVSjo1OFhQWaPGWS3nfSCTr5fcfHbePz+fWd794qp8Oh7373a2ppadWzz76k9e9uVGurRx+54mKddtrJ4f7Nza166aVXtWbNejU2Ncntdmvq1Mk666xTdfTio1K+LwAAAAAAYOQhgTpADtvQkpSL52QneSpJDhKoY868ebNVV1evrdvj79h+55336q23V4WX3W63yspK1NTUondWrtHKVWv1sY9dkzAp+OKLr+qBBx+VJBUVFWra1CnyB/w6cOCg9u7dr3++vFyfvelGLVw4P25bb3e3fv7L27V50za5XE4VFhaopcWjffv2a9++/dq0aatu/s+bZBiJfx99Pr9+/evfaf27G+VwOFRaVqL2tuBNtPbs2acVK97Ul7746YSJ0HXrNujOu+6V19stSSopKZLD7tD+/Qe1f/9BvfTPf+nGG6/TsqWL47Z96aVX9eBDj4WnQ7Db7aooL1Orx6Mtm7dry+bt2rp1uz7+sWuitmtt9aiurl6StG3rDt1x1/+pra1dkmSz2aKSxdu379T//ubucHt+fp6cLqe2bNmujRu36Nxzzkj4ngAAAAAAgJGLBOoAWZKGkqYkxYmBmFxTLUlqbmqJa3tv915NmzZFZ51xqhYtXqjS0hJJUnd3jx5+5G965ZUVuv/+v+iYZUcrL88d3q6+7pAefOivkqTrrr1Cp576PtlswdLqzs4uLV/xbz3zzAs6eLAuYQL1ySefkcPh0E033aijFx8lu90mn8+np556Xk/+/Vlt3LhFb721Sscfvyzha3rmmRfU0dmpj91wtU488Vg5HA6ZpqnVq9frj396UAcP1urOu+7VN7/xn1FJ2D179uk3v71Hfr9fixYt1FVXXqrq6omSpKbmFv3lL4/rzTdX6o47/k/f+ubNmjFjetTz7tm7X8XFRTr99FN03HFLVD1xogzDkGVZWrHiDd37hwe0YsUbOunE4zR//py+Da2+bzh+/4c/y+/z68MfvlALFszT1ClT5HQGw2h7e4d+89tg8rS6eqKuv/5KzZ8X3I/X262X/vmqHnvsH6qsSF7ZCwAAAAAARh4SqAPkD1hyDaEKdc22rvAl/FVlDi2Zl5+xKlR/IEOlrBgxCgsKJEmmaaqry6v8/L5L2//nB9+SPcGcEm63S1df9WGtWrVWHk+bNmzcHFWRuWHjZlmWpXnzZ+v000+J2ragIF/nnnNGykrJzs4u/ff3vq6pU6eE1zmdTl188Qe0dfsObd60TWvWrEuaQG1qbtGXvvhpHXXUgvA6m82mZcsWq7yiTD/84c+1c+d7cUnYhx55TH6/X3PnHq4vfP5TUcnVivIyfeqTN6inu0er16zXffc9om9/+8tRz3vD9VdJUlxlrGEYOuWUE7Vm7btavXqdVq1aG51AjdDR3qH/vuW/VDWhMq7tqaeel8fTrsLCAn39a18IJ7TVO6ftBy44R06HQw89/Lek7y0AAAAAABh5uO3QAAWGmKQ0TWnlli41tQZvGhVKog5xZoCMjA0jT6qfaKLkaYjD4dDkKZMkSYcONSTuZA5uTMcfvywqeRpp/ry5kqT6+sak28+Zc3hU8jTSrJmHacmS4DyhkdMTNDY2a/OmbZKkiy/+QNLpAS659INS7/yutbV1UW2GYSTdTpIOO2yqlOr9knTRReclTJ5K0jsrV0uSzjrr1KjkaaQzzzwtaRsAAAAAABiZSKAOkH+QSadIiZKokyqHXgycibFhZOns7JR6KzQjq08T8fn8am31qOFQo+rrDsnvC0iSujq9Uf3mzZ8jwzC0Zet2Pfrok2pubh3QmGbNOixpW3FRoSSpo3fciSxcOC/l/hccEZw24L33dofX7di5S5Lkcjk1d87hSbedOmWySkqKJUnbt+9K+Tymaaq9vUMNjU06VN+gzo4uSVJnlzfpNrMPn5VwvcfTrsbGZknSwgXx0x6E2O22lDf2AgAAAAAAIw+X8A9Qjy8zVZ6hJOrRc/NlN6S6Jv+IGRtGjv0HaiVJFZXx82Z2eb169dXXtH79Ru3ff0AeT3vCfVhW9O/F5JpJuvaay/XgQ4/p6Wde0NPPvKAJE6o0c8Z0zZkzS4uPPkpVlcnvZO92uZO2hWb5tVLUzpaXlaXYXqqoCLZ7PG2yLEuGYai1NZjkLSktCc/XmnT78nJ5PG1qbomeN9ayLL351kq98/Zq7dmzT41NzXHvTW/HpPvOS5LE9rR5wv8vK0/9+sr7aQcAAAAAACMLCdQB6ugyVVmamX2ZprRqc1dmdtY7NowtW7ZslyTNmxNdtdjR0anvff82NRxqVEFBvo46aoFqaiapvLRUDpdDDodDDzzwqFpbPQn3e/rpp2jRoiO1cuVqbdy0NTjn6Nur9Nbbq3T/A4/qtNNO1jVXXxZ1h/lMMfpJgJpm/O+xzbBFPaazvRkzsfBvfnuPVq9eJ5vNpgUL5+mkk45TaWmp3HluOR0OvfLqCm3atHWAr6ZXRNK1vwRv7LgAAAAAAMDIRgJ1gHx+Sz0+Uy7nyJr9oMdnyucnMTOWbNywRfX1hyRJRx99VFTbiy+9ooZDjaqoKNd3vv1VlZQUxW3/2mtvat26DUn3X1lZrnPOOUPn9N4wqr7ukN5euVpPPfW8XnllhUpLivWhD12Q8dfV3Nycsr2pKVg5WlJSHJ6ztKy3arW1tVWmaaZMUoYqT8si5hrdvGWbVq9eJ8Mw9LWvfUFzZsdfit/Y1DjoBGpJSd+3Ks3NzapIUWXa3+sHAAAAAAAjy8jKAo4Snd6RV+lJ9enY0t3drT/f/xdJUnX1RC1duiiqfe+e/ZKkhUfOT5g8laSDB+sSrk9mYvUEfeCCc3T5ZRdLklatXjfI0ae2cWPqJOW7GzZJkmbO6Jtrdeasw2QYhrq7e1LObfre7j1qawtOZXD47Jnh9fv2Bt+vCROqEiZPJWn/gYG9X5FKSorC0x5s2LAlab9AIKBNmwdZ5QoAAAAAAIYFCdRBaO0wE8+dOEwsy1JrOwnUsaK5uVU//elvVVtXJ7vdphtuuCru7vFut0uS1HAo8d3u1659N+nd5P1+f8rf34KCfElSd3fPEF5Fclu2bNOGDZsTtm3fvlNr174rSTru+GXh9RXlZZo/f44k6fEnnko4fsuy9Njf/iFJmnHYdE2dMjnc5nIF36/W1lb5fPHzDTc3t+q1FW8M6XUdc8wSSdJLL70qj6ctYZ9nn3tJHR3Jb7AFAAAAAABGHhKog+D3W2ppCwz3MMJa2gIKMK/iqBUIBNTS4tH69Rv15/v/ov/6xve0Y+cu2e123XDD1Qnv2r502dGSpE2bturll1dEJRTXr9+oe35/n4qLE1em/vi2X+urX79Fy5f/W15vd1RbXV29nvz7s5Kko45ckOFXGjRx4gT99vZ79Pq/31YgEEz8W5alt99ZrV/96i5J0uzZs3Rsb0Iy5JprLpfT6dTmzdv0m9/crYaGpnBbQ2OT7rzzXr27fpNsNpuuvPLSqG0XLVooh8Oh7u4e/em+h6KSw7V1dfrVr+5M+n6l64ILzlZJSbHa2tp1222/1vbtO8NtXV6vnnjyGT322D80qbp6SM8DAAAAAAByizlQB6mlLaDSIrtsNiON3tljmiMrmYvEbL0VpJs2bdUnbvx8VFuiasrp06bq2msv1+wkl5svW7pYp7z/RC3/1791358f1lNPP68JE6rU1NysQ/UNOuH4Y+R0O7X8X/+Oq15dtGiBHn/8ad37hwf0xz89pEnVE1VYWCBPW7vq6uql3grOiy+Jnv/U6t2NoeS/80aKPqHtzz/vTK1Z+67uuedP+vOfH1ZJSYk8Hk84mTt16hT9x6duiBv35JpJ+txnP6m77rpXq9es1+o161VVWSHTNNXc0irLsuR0OvSJT1ynuXMPj9q2rKxUH/3olbr33vv12mtvas3q9Zo8pUbd3m7t2btPk2sm6aILz9f9D/yl70XEvqh+XntRUaE+//lP6de/vksHDtbqh7f+QiUlRXK789TU1KxAIKALzj9bpmnq2efqUuwJAAAAAACMJPZ5J33xluEexGhkSfIHLBXl26RhS4VYqm/yq9tH9elgXX5maRq9hs4f8Gv16nXhistIDodDxcVFqplUrWXLjtYlH/qArvjIxaqoKE+5zyVHH6XqSRPV3t6ppqYmNTY2qrysTBdddJ4+/OEL1dHRpY0bN+vMs05VzaS+qsd5c2fruGOXyOV0y+f3qaGxUfWHGmSapmbOPEznnXuWrrvuCuW53VHPt2fPPjU0NOr8C85SWVni982SpbffXqVFixdqScyNr/bs2aemxmZdeNF5OvOMUzWhqlJNTS1qbgreVGnKlBqdd96Z+uh1VyStBp04sUonnnic3C6XOju71NrqUXdPtyZMqNIJJxyrT37y+qRznE6fPlVHHXmEOjo71dzSqvr6Q3I4HTr1/e/TJz5xrYqLC/Xmmyt19NGLtHDh/PB2LpdTK1etU15eni644Gw5HMm/dyovL9MJJxwrh8OhjvYOtbUH52OddfhhuvbqK3T66Serp6dHa9e+qxNPOk5z5hyedF8AAAAAACBzAn6fJKm2tjbtbWpqaiRJxkU37yL7NgQVJXaVlwxPIW+zx68mD9WnQ/HID6cN9xAAAAAAAACQZd3eDknS6tWr095myZLg9ILMgTpETZ6AvN25v4FTp9ckeQoAAAAAAABkGQnUDKht9Mvvz10S1R+wVNfoy9nzAQAAAAAAAOMVCdQMCJiW9tT65GnPfkWopyOgPQd7ZDLxAgAAAAAAAJB1wzN55xhkSTrU4le3z9SEMkf8nbyH/ASWDrX45enI/XQBAAAAAAAAwHhls6zoUkaWh7bc2h7Qnjqf2joCwbaY9oEuW5alto7gPj0d5rC/vrG2DAAAAAAAAKTiMGIqJVke+rLPb6m+2a9Gj6HyYrtKCm19/WIrU5Msm6YlT4eplvaAAgEronn4X99YWgYAAAAAAABScViSjN7KPMMwZFnBHF54mfZBtwcCwcv6G1okt1MqKnDI7TJkt0k2m2S3Bbe3zOA8qqYpdXWb6vCa8nabwz7+8dAOAAAAAAAApOIIpZBCyaS+QsneZdoz0t7tk7pb/UrXSBv/WG0HAAAAAAAAUnGM1MpA2mnPRftYwLyuwODxZUp6iDPA4BFn0kOcAYaGWJMeYg0weOM9zjgik0tKUrlHO+1jtX2k4QMdyK3BHHOj/cSBOAPkFnEGQC4QawBk23iMM5FswYq8vjci0SPttI/V9uFiWVbCfwBGvtFy/I6WcQKIN1qO39EyTgCJjZZjeLSME0C8sXT8OvrmhgxV6kUsK2aZdtrHWHuujNYAASB9scd5rr9tJc4AYx9xBkAuEGsAZNtwx5nBsKWq1DP6qeSjnfbR3p5No/3bFQBDk4sYQJwBxjfiDIBcINYAyLbREAN650C1Yir1WGZ5fCxnWiYP9pEcOIDxZqgxI/J4zuS+hoo4A4wcxBkAuUCsAZBtIynOZJItlEyKrtRjmeXxsZwp1hC+KbHG0JwgwFiVyeN0sNsSZ4CxjTgDIBeINQCybSTEmWzorUCNrsxjmeXxspwJA91PNg7+kRJQgNHEyMC3mbHH3kD2GYpJg3meTPcfrn0CYx1xZmCIM8DgEGsGhlgDDNxoijPZ4uhLKvHI4/h7HIqBfPAO5kOaD3YguwZyjA3mj4J0tgn1T9aXOAOMbsQZ4gyQC8QaYg2QbaMhzmSbQ4pOKkUvS7TTPrbbByfd4JFOv4F92EcHCk4UgKGL/wCOP64SHWv9fXAP5AM+0Zc6xBlg7CDOxCLOANlArIlFrAEybaTGmVxwSCOjEpBHHofjcaAy9eGfut1I2Cc43ETrAAxNog/96OW+eGFF9EnvEpR0TwYGelJPnAFGE+JMeC1xBsgiYk14LbEGyJKRFWdymUgNV6CGH2Mq9WinfWy3py+d/qn6JG+LHothhALB0McDID2xH7zxx1/weIs87ILbJD4pSPRBns6H/ED6DKyNOAMMN+LMwJ8LwMARawb+XAAGZqTEmVC/XCVRqUDlcVw/pqu/D9yBf/j3ffAbhhUXcPiAB3IrnWPOMIyYY9UKnxQkOyEYyMlA5BgSxSjiDDC6EWcA5AKxBkC2jYQ4E9snF0lUR3hARl9QsmIq9GinfSy396e/fsna49cn/+BPZyycGAC5k+rDO7JPX7fEJwT9nQyE1ic6vvtrT7yeOAOMFsQZALlArAGQbbmOM4n0154JjtDgrBFSEcgjj7l87E9/H7zJThCihZ4vvQ/+gXzYc2IADF06H/iJ+kb2SXRCkM7JwGBiTOL1xBlgJCPOpEacATKDWJMasQYYuuGOM8OZRHXEVeqxzPK4Wh68RNtHr4v/8O9/m3TajLj/czIADFxfJUTk2vhjKdkHf/Q+Ep0QJD4ZGMiJQLL+ESMgzgAjGHEmVRtxBsgUYk2qNmINkAmjIc5kmyM4sOAAQ5V5LLM8XpZTGciHc/yyBvzhH9/HiEr4htcaiYJU8teR+jmAsSf9D9REx2X8voLrUn/4JzpRiD8ZiG+P/EIn2R8VlmVF9Y0cK3EGGB7Emfh9JFsmzgCDR6yJ30eyZWINMDijKc5EbjOQL2syxdH7FFEDCyVVo5dpp32stscbfPI09M1pOn0TbxteirmjZN+JR9KhAcjQyW7fh278cRd74p9oOXIcoZMBK+YbVdM0k54IxL6G6L7EGWC4EWeIM0AuEGuINUC2jZY4E5sYHY4kam8CNTSo3sfQaGPX0077mGtPfLAlk+pD3ErxzWny7YyIQBG9baJh8C0okH2JKiNC64OiJz2P/VY00XLsN6qpTgRiRVZtSAZxBhgDiDPEGSAXiDXEGiDbchFnIo/14UyiRlWghh+tmGXaaR/T7enpP3marC3R/6Pn+En0oZ/sAz9+fea/WQHGj+jjKdUJQOz60DeioW9Hk334x/7fMCTTTHwikOyEQr1xxmaLGDlxBhgliDMJ3xXiDJBhxJqE7wqxBsig4Ykzg02iZprDCn73o1BlnmVZESHFkCWLdtrHbHusdD94kyVPB/Phn+q5Q9/ORq+L65VwzFJ0UhcYr4ZWfJB4rq74D/3EJwOJ/q8kJwLRY45dVlzMiO1HnAGGD3GGOAPkArGGWANk20iLM9GX9IfGmF4SNdPJVUdvfje099hwI9ppH8vtQ5V+8jS9D//YD/1gU/QJSqITjlTjA5CeyA/z5KyUH+6xJwOpvlGNPRFI+oxJThaIM8DoQ5wJvQ/EGSCbiDWh94FYA2TLSI0z2RSeAzWqUi+8HEI77WO5PWig1af9JU/jvzlN1c8I7zP0oR+a8yP6uVOPFUB2JDrkIo/pRCcGqao1Yk8E+o772D8kjLg4k7pCgzgDjFbEGQC5QKwBkG2ZijOpkqjDUYUangM1qlIvLrlEO+1juT25ZMnTvhtTpU6eWhE3lkp8oqDwSYJigkqqD/zocQAYmuQn1fGXqRlxx1+ik4Hob1QVdVIQeyIQ3T9yLPEnE7HbiTgDjBLEGeIMkAvEGmINkG3DG2f69mWlnUTNFEd4gMHvhMLf9oQGFf72h3bax2B7SKIP2lSi9xO9j+gTgL7lQ60B5TslyzIzeHkI36YCmZPoeEr/GDMMyW6zyem0yRm6vsMwwrHANM24E4HQdsliSrI407ev6DhzoLtDJaZbltnf5TQDQZwBMmf0x5k6r0+Flk2WyfkMMHKN/ljj9zapxypWwExczTY4xBogc7IbZxIlUZUizqQcaYYSq47QPkIVetH77Fumnfax2J5KbFI1NjEavS558nR3rV93P+7R7jq/jjrcrVs+WSOHPeVTAxil/H5TXV6f2jt6lOe2y263wicCSlChEfqjwYi57C3yMrfIP1KUJM5s6j6kb+37pzZ3N+ik4mm674jL5TIINMBYNFxxZnunVz/ddkA7Oru1rLxIvzpmrpwZ+GMEwMg0XLHG1rVDxu5fyOndoYLSJco76ieS4RyOtwBAlqWKM4mSqKHHUJyJ7BOSzSpUW18A5JHH8feYrkSXfSS6rCS079CB3O2z9MuHW7W7zi9J+sDJpSRPgTHM4bCpuMitsrIC9fgCUvhDPD7uJP4Cxoi6NC2dONNl+fSFPc9qc3eDJOmGSUtJngJj2HDEGa9p6nub92lHZ7ck6fLp1SRPgTFuOGKNYXXJtvMHsnl3SJKcky8leQqMYUOJM0FGgnXZYwtX6IUuc45Yjn2knfax1q4kB1uyAzBVqbhlRc/ZIUl/e6VdDS2BcJ+5092JNwYwpuS77XK7HPJ2B4//YMVF8EQg2R8QodjR3xQhVsTlc5J0e/1b2u/zhPsuKZqc7ZcHYATIZZy5b+8h1Xb7wn0XlhVm++UBGCFyGWuMAw/I8NWG+9pKjsj2ywMwAsTGmcgkarLcTGTeJdZAcjwDEVWBakQFNMU90k77WGsfmOTVp33fsiqqz7rtvqh1JYW2wTwxgFGooMClgBl7EwX1U41hxH2T2l+cWdG+N2pduTM/K68HwMiTqzjzTktH1Lqy0GRlAMaFXMUao21l9N6dpVl5PQBGnsHFGcXFkmyyRc4dIEVP2qpwVpd22sdmezoiD9JE28W2h75tlaSDjf6ovk5H7g5uAMPL6bArYEZWWfTFCMV88Pf931JozrBE7YnizHs9LVHP6+byfWDcyFWc2dvVE/W8LhvnM8B44nTYFQhkP9bYuvdFP7Hhyu4LAzBiDOScJqS/9kyzhZJJUZV6LLM8bpbjD7L+DrzEJwrRB2+o3R9IuAsA44BhBP9uCF2Wpog/Fkwz8R8SqdaZphUXZ0zTVI9FoAHGq1zFGV8O/igBMHKFikiyHWtkRV+9B2D8CJ3TxMaPyPyNksSURLJxGX+wAjWmUo9llsfLcn8iL0ExklafJr40JZel5ABGsuQxIrLqIhRngrGmbxviDID+EWcA5AKxBkC2pY4zcb2N+G2yxWZZVu/ckH0VdCyzPF6W0xV78Cb6ViS6PfsHL4DRweq9SYIiYkQoHkX3if8X2U6cAZAMcQZALhBrAGRbunEm0WO22RQxJ6TVW5oXWalHO+1juj1GsgMvVfVpspOGgSRoAYxdoRgR+QHfFyOMqBODyG2UIM4k3geA8Y44AyAXiDUAsi02Rijqi5dUVajxMp1YtSliYlajtzQvslKPdtrHdHsKfQebkWR9sv/npnwcwOiQKjb0zSVmJIgnRkwf4gyAxIgzAHKBWAMg21LFhmT/T9Y/08IVqH2VedHLtNM+ptvT0F9ZONWnAJKJveykvxOA2IqMZH2JMwBCiDMAcoFYAyBX+oszkfrL12RSuAI1WaUe7bSP6fZBCn2TGr+Pvm89+BYVgOLiQXTQCMaQxJeiEGcApIs4AyAXiDUAsm2wcSYXbOEnD1fksczyeFruT6IP+qBE354qfFADQLRQbIj/NjVx3DBCczcrfjviDIBEiDMAcoFYAyDbkseZxImcUHI1m2ySJaM3ogWfkGWWx9Nyn1QHZbKy8OhlI3xw8w0qgEihuBCc+ytxtUVk/Ej2BY1kyDRN4gyAOMQZALlArAGQbdHxw4haH9sv1fpEbUPRW4GqiDJYllkeT8upJe/TV5marA/nAQCUIhb0xY7oE4M+Rm8bcQZAasQZALlArAGQbf3FmVSVptn+MsYmWb3P3VuZxzLL42p54BIdlKFvRwa5SwDjhJFgQvSQ/r4pJc4ASAdxBkAuEGsAZFu6cSZXHFJoQpK+yjyWWR4/y4OT7AOfS1AAJBN5yVryttTrUq0HAOIMgFwg1gDItv7izHB8AdNbgZq6Uo922sdue2qRB2WqeTVid2ZZnBAACAp+sRK7NjJmWDF9rYRtxBkAyRBnAOQCsQZAtvUXZ1LlZbKdVLVFVuT1VeZFL9NO+9htT6X/o48PegBDkU4IIcwAGAriDIBcINYAyLb08i/Zy6IGK1AVqsjrfWSZ5XGzHK//g9KI2jR6MmMASC3RXD7B+BEZROLjDHOFAUgXcQZALhBrAGRbKFakjjPxslHsZgsnk6Iq8mIq92infcy2965JcHCF1vU3CXpofXy/zB+wAEYjKypGxP4/9jHdNuIMgD7EGQC5QKwBkG3xuZV05lFOlL9J1G8ooitQwxlcQ1bcetppH4vtAxd/8BlRbVzWD0AJYkV8fDCS9ifOAEgHcQZALhBrAOTaQOJMrtgSJ5ms3qElS0LRTvtYac+GwSVmAYx1mYwNxBkAiRBnAOQCsQZAto282GAL31CnN7kUXZkXccMd2mkfg+0AAAAAAABAKrbg5KvJK/dop30stwMAAAAAAACp2IIppL5KvfCyYpZpp30Mtg9W7HwbsXeR5K6SACL1FyPSmeycOAMgFeIMgFwg1gDItsHEmVywhSryQpV64eXYR9ppH4Pt6crmndwAjG+J7hiZ6i6SADBQxBkAuUCsAZBtw5mbsQWfJ7JSj2WWx89yJiQ7gDlJAKAU8WAgMYI4AyAV4gyAXCDWAMi2TMSZbLEZhmTFVOqxzPJ4WR6M/i4xGQkHNoCRp7/YEBlbiDMABoM4AyAXiDUAsm0gcSZXbJYlGZGVeSyzPI6WkzPSOiC5JAXAYITmZU7vixyrN34RZwCkjzgDIBeINQCybSB5l2AeJzvZ1b4KVB55HIePmcSlJ7n1jxUedXWP7ff778vH/mscb4YaJ4gzufViyw5t6jw03MMYsmeat2lbV+NwDwM5QpwBkAvEGgDZNtLihMOyghna4GPw2yCWWR4vy6Ndh9fUJ/9nn9q7zPA6h1266xvTVFVqlyQdag7oK78+oOsuKNeZxxaF+63Z2qX/vqdOgd5NC/NsWjw3TzddXqWifJvue6ZZO/f36Nsfr5bNFuyz6b1u/erBQ7rzv6aqo8vUZ27br+/eWK0J5Q7ddNs+3XzNRC2ekxd+ju//vk4nHlWos44LPu+BBr/+8I8mrdvWJUmaNcWty88s1ZJ5+ZKkp1Z49I8VHjW0BDShwqFzT+Qu2NUAACAASURBVCjWh95fEve6d+7v0d2PN+nkxYXausenXz54SD/9wmRV9r5mKfgz/uYdtTp6br6uOKtUkrS71qffP9GoTbu65XIaWjIvXzdcWBF+r77+24NaOi9fV5xVFt7PY6+0am+tTxefWqov/WJ/+P2KdNaxRaosc2hPbY++fv3E8Pq2DlM3/WSfvv+pGh1W49Q376jV+xYX6oKTiiVJz73Rpqdfa9OPPlujfHfw9/Hp19v07Ose/frLU/TcG23q8Vn68BmlA/m1ADLuI5se1uuePVHrbp99oS6snC9JMmXpkg0PaG5+pX4y67xwn9ZAt05afZc8gW5JUp7h0MLCifrhzLO1oGCiXm7dpW/tekGPLbxG1c5CSZLX8uuUNXfrgflXaE5+pa7Y9JA+UDFP11cv0aUbH9CppTP1hSknhp/jjoNvaWtng35x+AWSpLZAj36yb7n+0bhFHr9XM/LKdc3ExfrYpKWSpOWtu3XbvuXa0tmgUodb55XP0VemnaISuzvq9Xktv76841l9f8aZOqJgQnj9D/e8qn+27NRTR31UbqMv5vQ3tv5ea7HdrfPW/1GPL7xaM/LKw/s4e929+uLUk/SBinnhdc81b9dXdz6rRxZcqXn5VeH1P9v3mrZ3NeqOORdFvZYVre/pgbq1um/+ZWn/zIFcu3vHAd2z42B4eaLbqSumT9R1MyfpzUaPvrRquwK9f0QVOew6rrJE/7XwMJU4gsfhjvYu/WLzXq1raZfbZtPxVSX6/NxpmpjnlCR95p2tWtnUFt6/Ien2Y+fpnUaPdnd6tay8WD/etCduXJL03SNn6ILJleHle3Yc1NuNHt1x3DzZIvo1dPt0wxub9N+LZmlped8516v1Lfrhht2649h5mlXUd56Uzut6s9Gju7Yf0La2ThXY7TqmslifPHyyDivM0++2H9DuTq/+Z9Es/bvBo9s27dbdx81XlTv4mrtNS5ctX69fHzNXMwvzBCDEVPeaz8oomCHX3K9Kkvz7Hlag8V9yL/5tdM+Wt9Wz5VblHf+oJFvCbYM7aFfXO9cp78jbZBTNUfe6L8g+4TQ5ai5JOIJA4wr1bLtNeYt+JaNgZt9u9vxBvt33hpcN9wTZK06S8/DPS4Yj6X5jt5MkR83Fcs7+UtS6yO19790ts32b3EfeKikYc0zPu+rZ8kPlHXOfut68TO65X5Wt4sSYfXxJ9sr3yVY4Q93vfk2y/H3jLThMecv+lHLf7gU/kHf1jZIViHtf7NUXyDX3awo0Lpfvvd/L6torw1ku+8Sz5ZzxMclwBd/rtz4iBdqDG9lcshXNkWv2f8oonC3vW1fIOf2jsk/6YO+b3S7vmpvknH697BPOSPjzANJhUziZFFGZF7FMO+1jun3ARlbS1dNuqr3L1H9cWqlbb6rRrTfV6EefnazKkr4/6v/2aqtKimx64LnmqORffbNfAVP6wX9M0m2fq9GnL6vU+h1ePfhciyTpULNfqzZ36b5nmsPbNHkCOtgY/ID0dJhqaQuosTWg9k5Tre2mfvLnejW09H0Q1jX5dag52L++ya8v/ny/Dhzy6apzy3X9BytUUWLXk8s9kqTX1nXqd483adkRBfr8R6p02tJCvfJOuzq88RnLZ15v06zJLpUV29XsCajJE9ADzzZH9fnX6g5t2OlVQ0vw+Q82+PXlXx5QV7elT11aqSvOLtPGXV59/TcHws9R1+jX/c+26J1NXeH9HGryq67Jr6nVTt3yyUn67o3VOn1ZkZwOQ9+9sVrfvbFaHzm7TLWNPtU3+6PG0N4VfF8aW4PrDxzyqbbRF25fdkSBGlr8uvOxBknSrgM9+v0TjTrzuGCCdfGcfL3wZpswnhgjLs5I0s6uJl01cZH+uuAq/XXBVXpswdU6q/zwcPtzTdvU6OvUk42btcPbFF7f7OuUJ9Ctb00/TU8svEZ3z7tYAcvUF3Y8LUmq7W7Tnu5WfXrbE/JbweOwM+BTbU+7GnydkqRdXc3a090qSdrrbdVP963QP1t2hp9jf7dH+7qDccRvmbps44P6W8NGXTtxsb4/4yy9r/Qw/b52pdoCPTrY06aPbfmryu15+tHMc/SZycdrQ2e91nfUxb3mZ5q2qdnfpVPKZoTX1fs6dG/dKpmy9NdD70b1729s/b3Wxv/P3n3Ht1Hf/wN/3UmyLct7j9jZeyeEDEYgkKTsvTdfOlht6YK2tIWWMvpjtbRQKFD23oRNIYEwkpBFduLEzvCME8fbssb9/jjd1GnYsexEej0fjzxOn/t87nQy3Fun973vziv/a/C0G//2XU3YHViH4t49S1GQlIZ/Vn9rmL+zqwk73QeCPsvRmUOwuLkStd2MJ4RDNs7s7nBjsCsFT8wcg8eOHI0zBuXjn9uq8d3+VtR1dsMnSfjXEaPwxMwxuGXcYKzc34r/VNSoy1717SZ0+Pz41dhyXD28GGub2vDD5ZvR5pWPS3a1d2F+UTYePXI0Hj1yNP5z5BhMzHJhT6cbezrcOLE4B3+fPhIPThuJkelOjMtIxYPTRuLv00dibkGWYVvru7qx5kAbPqwxVnY/tr0Ge90eNLq7jfMrapCX7MBTO2oN8yN9rv/VN+GnK7chw2HDTWPKcOWwIuxze/BpvXzMo2w7ADR0daOmsxu/W7tDTch2+nxocHuw3+0BUf87NGMNAPgal0LyNMG39zNInfKJEzF9FPwt6+FvWmEY69n1PATX8EDy1HpZAJC8BwDPfvi75StXpM49kDqN+7xhvTufgJCUC8+u5wzz/Z27IaaPQ8r0/yJl2pNwlF8Bb+3b8O37Kux6/Z27IaaNRvLkh9R/jvIrgsbpl5fcdfA3LYOn8nGtv7sRUlc1INggppbBs+tZ4/s0r4W/eRXEjHGQuuoAyW94z+Rxd0Rct5A6GMkT7kXyhL/BVrAQEJKQPOFvSJ7wNzgGXw5fwyfo3ngrRNdwJI36DWyFC+Gtfg3dm27T/ta+NjiGXofkKQ8jedxfAckH95a/AgBs+fPQXfF3SB1VAIDubfcCvg7Yso8M+d+DDlf9G2PsMFSghqrUYz/747O/70V7/5++VVbowOjBcvWUKED9bG2dfny6vBV3XluMe55twNI17Zg7zWVYdkRZMpzJAkYPTsbilW2oadQOsl0pIt5a3IzRg5Mxa0JqxO0QANz9dD3uvqEEdpux77kPm5DsEHDPjcVwpcgHICfNTlf7t+9xIzNNxDVn5Kjz9JWgemu3dapVq4rPV7bh9LmZGFzkgNcnv5/eCx81IdUp4o6fFCE5Sf4DTR3lxI33VuOzFW047Ri50jU9VcT9L+zFAzeVoDDHri5vE4FJI+TqjYo9bogiMG2McRskPwyX3Ls9FuWqOnmZNtxwfh7ufroBE0c48dbiZkwc4cTpgW0ZVZ6MRUtbUL/fa9gWOpz1ReAZmDhTnJSOaWklQOD+P6Lus/y7dgUuK5yCzR178WjtCvxt6ELDssOdOeqymzsacd/upYb+qq4DuGPXYtw2OHJVQJY9BT+tWIT3J16B8mRjdfarjeuxsaMBb42/BNMD7wcAtwfWu7KtGm7Jh1sHH49RTrma7KrCaZbv81XzTgxNyUaWTavaerJuJY7KGIyTc0bhXzXf4qKCyYb/ouG2rTef1cqS5irUdbfizfGXYMH3/8Ut3ceiNCm4Ul9valoxAOCL5ipckD+xV+9Lh5PDN844bSImZMrHKZOz0vDSznpsbulAeuCgYlymC6mBMR/U7MPuji4AwH8qauCy2/DwEaOQYpOPMWbmZuKirzdgUfU+XDhYvjokLzkJEwPrFwTBUD2aYbdhVq68Lz1XZUeyKGJ2Xvh9698VNTixKAdJooDK9i58WLM/aMy3+1rQ4O7Gf44cg0u+3ojrukpRlJJkGBPqcz24ZTdm5WbgwWkj1bEXDS4Mu027O7rwj617cNPosrDjiA7e4RtrvHtegr34TPg7tsOz52Ukjfw1xMypENJGwVP9GpKzZwAApPYd8DevRvLE+8Iu21P+phWQ3I1ImfJPdK28GpL7RxCSdfu2LQVC6jAAgOCXf5sJjvDxSF7OBTF9vPxagFr5GX6ZNHj3vAQxYxxsuccYuuyDLkD3ht/B37oZYrp81ZG3+jWIGRMgpo+Dr10+aay+JwDors4JuW7BBjFLPv4SW7fAJ4gQs2eq3Z7KG2DLmYOkMX+A8imE5Hx4Kh6A1F4BBI7NhNQy9b1t7Tvg2fkEAMAx5Br4D6yCe/OfYS8+E769S5A8+e+AXbsygA4Xh9ZJGFFJKoWt1GM/++O0P178/pE6nP2bKpz9mypc//+q1fkffN2K0jwHRpQlYf6R6XhzcXPQsq98cgDPfdCEB17ci5WbOzFnopZgHT88BRctzMaDL+5FTaM3aFmzX1ycj33NPjz+VvC99rbtcmPiCCdcKSL8EnD5bbtwzs1VuOl+ucpi9kQXOt0SfvuvWrzyaTPWb++C3yL/6PFKqN/vRUmeQ52XmiLg+CPS8Mx78g+X975qQZpTxHRdgrNitxsThqWoyVMAKC9yIC/Lhoo9bnXeeSdkYVR5Mu5+ugHd3p79T7KjphsX/n6n+u9n99VEXGb2xFQsnJWOh15uRHObDz+7ME9NgA8qkD/j7npWjtDAu3/PVxi6/D4MXX4fhi+/X61m/K6tGuva63Bu/nhcXDAZr+/dgL2mKso3Gjfib7u/xB+qPsU/q7/BSbmj1L50WxIeHnkanqpbhXf3bY64HTeWzMKUtGL8eOvb6JKMcWlNWx1y7alq8vRHW9/C8OX3Y/x3/0Btdyump5VicHIW/m/rm7hz1xJ82LQNHX7r/WtrZyOG6i6l7/B78Fz9GlxcMAmn5Y7GXk87Pm6qiHrbevNZrTxauxzn5k3AiJQczEwvw39qv4u4TJEjDS7Rwfug0mHBJ0no9kv4qrEZrV4fSpxasvHJ7TX4d0U1bltXia8bmzGvUN5HN7a0Y1pOupo8BYBhaSkoTEnC5hYtHr24sx5zPlmFOZ+swtxPV6HT6r48UToqLxPJooBXdjUAAP61dQ/OLsszbAMAPF9Vj1NKcjHElYKp2Wl4cWdwxbvV52p0e9DQ5cGxgerXTS0dOPbT1Tj6k1W4f/Nuy21y2W24c/JwvLqrAZ/WNVmOIUp0/pb18Ldtgb1wIexFp8FX/xHgkX9DOEovgL/pW0id8j7mqX4NgmsYxKwjIi7bE549L8FeuBCCczDEzMnwVr9i3MYDq9D55fHo/PI4uNf8GLa84yBmTo382ZpXoXPpPPnfl/Pg2/tZxGVsWZPhGHw1urfcCalzj7EvZw4EZxm81a8CgapS376lsA+6QP+u2nsunQdPxX1RrTsUqXsfpO5GiDmzjNsSSLD627ao83wNH8NT9Tg82x+EZ/ezsOXNlTsEO5LG/hFSZzU8FffBXn4pxIxJUb0/UTiiklQyVKIiuHKP/eyPx/54ccN5ebjvZyW472cl+NM18tlLj1fCu182Y96MNPj8wPHT01BZ0421W7sMy7Z0+LCz1oPFK9tx6Q+yMX+m8czceSdkYsLwFNz9VD3c3eF/aGSm23DzFQX4eFkrPl/ZZugTRAF+v5yQFAXg/ptKcf15eajbLycvRpYl4ZFbBmHWBBcqa9y466kG/PyBarR2GN9TaTtTjP8BL/lBNtZt78Ky9R149dMDuPq0HMN/Y0EU4PMHJ0RtomBI1AoC8MuL89Ha4cOjr/cs2VCa71BvpXDX9cX41aX5USwFXHWaXHW7YFY6stO1s7Yup/wjrKU9+P5ARP3tsoIpWDThMiyacBk+mHA5ipPkCvJ/1yzHiVnDkWlLwdS0YpQmZ+C/dasMy7Z53ajubsFT9atxRPog3DfsJEP/rPQy3FI+F7/a8WHEJJ8oCHhoxKlo8nbi1spPjX0AfJK2Q/9t2A/w0aQr0eJzY7+3E+m2JHw06Ur8tHQW9nk78Jedn2PW6kexui34UrgD3i6k27TEzYsN38Mu2HBs1hA4BBtOzRmDf9csj3rbIn1WpaLXb6rE8UNSq+Q2dezFl807cX7+BHglP87Pn4AXGr5Hs8+NSDLsKWjydkYcRzSQNrd0YM4nq3DMp6vwi1UVOKEwG8cVaicymj0+VLR24oPa/fjJyFKcXirfA1gUBPWydT2bAOi/+n9QnIOnZo3FU7PG4pnZ4+A0JTt7wiYI+OnoMjy1oxZf7m3GmqY2XD2sxDBmW2snlu9rwSklefBJEk4tzcNbexrR6jV+r1t9LjFwEKN8rjEZqXh+zjicMSgPtZ3GWwToTc1Ow3UjB+GODVWoausKOY4oUXn3vAhbzhzAng4xfRyElEJ4qt8AANjyj4eQnA9v9euAtxm+hk/gKL0wqmWjJbVvh//Ad7AXngRIPtgLT4K3dhHg1X47yZfwP4GUaU8iacyf4Nv3FXyNn0dct5g+BslTHw38ewy2vKOj2iZ7+aWwZU6Be+MfAMMxhQB76fnwNX4OqbsR3po3IKQUwZarX6+oe89H4Rh8TZTrtqY+p8R8f1SlslV3nCd5OyC56+GteRNixkQkjbpFG54yCLb8EwAAjvIro/o7EEViN1TmmSv12GY73ttxorRArjLVW7yyHc1tfjz+9n48/rZ2ZvSNxc2YPEq7JPWaM3LhTBbw0MuNeOfLZpxydIb6QCMEEoo3XZSPXzxYg8fejJxQHDM4GVefnoOHX9sHr0/7Iw8vTcLqrZ1o7/LDlSIiL9OG/GzjZel5mTacMTcDZyADzW1+XH7bLizb0IETdQ+/EgObZi4aycmw4ezjM3HnUw04YqwTE0ek4K0lWsXtiEFJWL2lE13dElICVai76z2o3+9VL99XpLtE3HJ5IW7+Zw0cdgHDSo0PlwklJVnAuKHa2NrGKC6bAZDkkLcnJ9043hf4+yn9RAOpMCkNk11FhnmVXU34KFCFOXS5VnHwbP0a3FCqVQ5cXjQVJ2YNx7GZQ/Dz7e9jfXu9elm54ifFM7CqrQY/3vp2xG3Jtjvx6KgzcPaGF5Ak2jAhVT5xNNFViOca1uK7tmockVaKLHsKsuzGB6e4RAfOy5uA8/ImQAKw4Pv/4un61UHbI0KAN5DM9EHC43XfYZ+3AyOXP2AYt7KtxnC7gFDbFumzFiXJca6icz9mpcuX3la5D8Ar+ZHrkG+h8kitnLBdsO4pw/qerV+NG0qMlRpmXsmPZIG3AqFD2xBXCm6bKD9MpSDFgdwkh6H/pjFlSLWJuGNDFV7eWY/zygvgsokYm5GKbxtb0Onzq0nRyvYu1HR244Jy7cqanCQHxmZEviVRtI7Jz8SojFT8anUFfjpqEDIcxu/x56rqAACXfrPRMP/13Xtx5VAtnlp9ruwkO/KTHfhybzPOLy+AAKAsNRlZSXY0dIW/MuXSIYVY39yGW9Zu77PPShQPpM498O2TbyPUuVS7lY639i04yi8BRCfsJefKD2OyJUNwpMNWMC+6ZaPk2fMiAKBr1dWG+d7at2Avu1Ru6C7ht7mGQdj9AvzN62DLOz78ym2pENPGRL0tGgFJo3+PrtU/RPf2Bw099sKF8FQ9Du+el+Ct/yCQIDWefAr/nqHXbcmRDSE5H77938JecrY627f/a/m90sdq21ZyJmw5c+DLPgLdW+6Ev20rxPRx2jsn5QD2DONtBYgOQoh7oHLKaWJM48XOWq0SIckuYFhpEt7+ohkzxjlx4XytcmNjZReeeGc/qmqDKxcuWpiNxava8M4XzbhgvvHeoy6niFuuKMBv/hH6Ruh6px6dgc073fhytXbZ3NnHZ+Lr79tx80O1WDgrHS6niMWr2tSzjP96dR9q93lwzBQXMlw2rNkqV0qVFxp/PKW7bLDbgFaLqsyz5mZi6043rj4tJ6jvnHlZ+Pr7Dvz+4VosmJUOj1fCW0uaUZhjx0LdvVgVI8qS8KOzcvHwa317yWttoxffrpcfjiOKwMThzpAJ0uZ2OUucnc4vfRp41d0tWN4qX34lQMAEVwEeq12BQocLj48+W71DUavPjcs3v4aXGr7HvKxhhnWclTcOj9Qsx927v8DLYy8Ieo/7h52EU9Y/g33ejojbM9lVhD8POQG3VH6szjsjsP6rNr+Bq4unY3BylvpQJREC3mjciH9Uf4MLCyZhcHImdrqbsaOrCWfnjw9af0GSC/sDD7J6b98W7HG34PFRZ6mJTgD4ecV7+HfNcvxn1JkRty3SZ822OzE7owz37P4C7b5uZNiT8VTdarhEB47NHILa7la8u28zfjHoKMPf9Ym6lXiybhV+WCzfr63F68aHTdvU/omuQhQlpeOAtxP5SS6LLSE6dKQEkqGR/HB4CT6s2Y+Xdtbj/4YV4/KhRfisvgnXrtiCMwblw+P34/mqepQ4k3BWWXRXg/TWL8aU4ZFt1TivvMAwv6HLg0/qmvDD4SU4Kl+7J/JLO+vx8s56XGxxL1Pz57p6eDHu2bgLv1hVgWMLsiAAeL9mH0amR/4b/WHCUFz5zUY0dUe+BRNRovBWvwwhKRdJ4+7Ubq3obYd7/W/grXsP9pJzYS8+FZ5dT8G75yU4hvwQEBxRLWvLCT6RKXXtgW/fl3JDECGmlMO39zM4Bl9luETdW/0aPNWvwz7ofHmGrwtSh3x/UX97FaSOKgjFp4dcry1zmro9/pbv1XFiyiAgKfh3kSV7GpLH/QVda641zheTYS85A95dzwD2NNiLfhC0qP49BUcWBGd5dOu2JMBRfhW6t/0N3Ztugy1nFvxdtfDueQG2/BMhuEZA6jLdaqBgPoTdL8JT+R8kT3og5JqJDpZagcoppwk5PcxluES4UkT8+w0tyWe3AXffUILmNh9+f3UhinO1iqMRZUlYvqED32/rQnmRAwU5diQHknd5WTacOy8L67Z34YL5QH6WHZ3d2h9paEkSrj8vD899KFezprtEZKaJyM20IS1Vfp3h0hJ9N5yXh9q9HuRk2tTl77q+GC9+dAAvfNQErxcoyrOrydoz5mbg2feb8Oz7Teh0+1Gc58DPL8rDqHJj9adNBMoLk1BVK1dfZKfbUJgjH9gkJwn44zXaD5LcTDvysuTPP7jIgTuvK8Iz7zXhiXf2wyYC08em4prTc5Bkl/8GhTl25GZpf6+Fs9Kxo7obHV3Gctf8bDtK84yJ3aJcR9D/UxkuEVnpNuRmyussznNg+YYOLN8gJ0wEAfj9VYU4YqwTRbn2oIrcXXXdsInA8EHRVcASxcpQZzZebPgeLzZoB8gPjzgNK9tqcOvg4zHFVJl6Q8ksfN2yC+fkT0C+w4WSwOX+IgTcOvg43FixCJ1+D4qS0lCWrJ2wSbMl4bFRZ+LiTa8gx+FU31t5INOg5Ez11gEAcEnBZKxvr0ebTz4p5BIdeH38xbh79xd4tn4NDng7UeBIw6UFkzHUmY3S5AysaqvBk3UrsdfTjnyHC9cUH4EfFh0R9JnHpxbizUa5amx56x5cXjgFC7NHGMbcNuQE3LT9fUhRbFs0n/WfI07DHTs/x6O1K9Di7cI4VwGeHnMu8h0uLNq/BSOdufhp6WzYoJ10+UP5cThp3dPY0tGIISnZeHPfJvxw61tq/7XFR+KCgonwSH5DpSzRoWaQMxkei1vtAECRMwklziQki3LVU2FKEq4YVoRV+1vxf8OKMTzNiX/PGI1/bavGg1t2wyYIOCovEzeNKUNy4NKVstQUlKUGf58OciYHXf5fmpqsvpeV/GSHut4RaU7cN1WLDcUpSchLTsK65jYMS0vBVcOKYdOdJ/3Z6DJc9s1GbG/rjPi5zh6Uj1SbDS/trMf9m3fDLgAj0lNx1qD8oG3PT3EY7hfrsom4Z8oI3PDdVmSbKnmJEpWvZQMcw65TH4iksJddCv+B1UDJuYAtDY5BF8Fb9z7sxWdEvay9YCHgyIaYJO+fgrNUvvR+31eBkQLsZRdCSB0Ce/llhgc8JQ27Dl2rroG/vRKiswyehk/RtfKqwBtkwF50MuxFp4Rcb9L4O9Xl3Gtv1Lat+Ew4Rtxk2F7BOQiCU77qRkguBHza7X0E1wgkjfw1PFWPG5ZxlJwNX90HsJeeA4jaMyaElEJAEAzvKaQORsr0Z6Jet5BSCMFpfOidregUJIl2eHa/JFf9OtJhH3QhHOWXy8vYswBHDsRk5cSViKRh18G9+S+AvwsQ5auPxJRiiM5SEPUV4ZSfVwSeqKNU5ikv2GY7/tuv3iWfHZN0B86SkmENXLopSZLaL08kdZ78Tz9PWV5uX3O38aFNb987pB937/j10scH8P7XLXj6T+VxVUlsdu9ze9Ha4cftPwr/xF06NEmShD21zUh2+CEIQqDyXdD9PytCECTtXk8AtJIGY0ySJAGAP9CW5ykxbfqOJwzvu3tmz58GS8G+bd2N8za+hP9NuhqjnLkDvTkH5bmGtbhr1xKsnHYdUkRexh9P+ivOnLa60vC+yxZMj/VHI6JDSH/FmvTNZxne13nMklh/NCI6hOjjDCCocUZrK7FHMMwDoJsHNZ+jj0nK6263XMy0evXqqLdr6lT5IW6iXIqnr8hjm+1EatPhaOHsdHR2SajbF9+XpW2q6sLpx2ZEMZKI+tqs9DKMTy3Aytbqgd6Ug/ZdazUuKZjM5CkRERERUS/ZjY8nt6rUYz/747ifDkvZ6TY89OtSFOXGdzLgjmuLDbdgIKL+9eyYc5FqS4pi5KHtlrJjkeVIiWIkERERERFZsasVeerUVKnHfvbHdT8druI9eQqAyVOiAZbviI+HLukffEVERERERD0nyiV5ckMuyFPa5in72R+P/URERERERERERKFp90A95CoD2c/+/ugnIiIiIiIiIiIKTVeBajFFiPnsZ3/c9BMREREREREREYWmq0C1mCLEfPazP276iYiIiIiIiIiIQhMlU6Ue22wnUpuIiIiIiIiIiCgcUYAQuJxZCOSU2GY7cdpEREREREREREThBCpQBbUyj222E6kdj6qqdmPxkq8HejOIKI61tLTigw/+h64u549kFQAAIABJREFU90BvChERERERUczZlYo8TjlNxGk8evqZl7F12w6MGD4UgwYVD/TmEFEc+vCjz/H2Ox/CZrdjwfy5A705REREREREMSVKkr4iTwDbbCdSOx55PF4AQLene6A3hYjilMfjCUwZZ4go/kiShM8Xf4X9+5sGelOIiIjoEGEXBDmZpFbmsc12ArXjhdvtxvsffIblK1Zh165qAMDtf74PEyaMwdxjZ+PIGVPVsXv37sOtf7wbbW3tluuy2+247idXYubMab0aH843367Exx9/jurqOnh9PpQNKsH8E4/F0UfPHJDxRBQ9SZKw9KtlWLzkG2zevA0A8MKLb2L5ijWYNXM6Tph3DJKSHOr4W/94Nyord1muSxAELFhwHC6/9Lygvm+XrcTixV+jsmoXOjs7kZubg8mTxuPkk05AQUGeOm7fviZ8/MlirF69Dg1790EQgPy8XEyfPhmnnjofrtTUiJ+pN+vYvmMn3n7nQ2zfXon29g7k5eVizuwjcOopCwyfv7fjiRLdiu/W4PPPv8KOyp3o6OhAamoqhg0djOOPOwozZkwJGr+/6QDeeecjrFm7Hk1NzUhPd2HypPE455xTkZOdZRhbW1ePZ599DVu2VkCAgIkTx+Lyy85HdnamYdyHH32O555/DaedugAXXnBmzD8zEQ2s/fubcP8Dj+JAczP+fPvNhtixYsUa/PPhJ+H1ei2XTUtz4S+332w4RiGi+GRXkkmSZEwusc12IrTjQUtLK27/y32oq2swzPd6vVizZj3WrFmPeccfjf+7+mIAQG1tfchkqLJce0eH2u7p+FBefuVtvPPuR4Z5FdsrUbG9ElW79uDSi8/p1/FEFD1JkvD3h/6DFSvWBPVVVFSioqISS5Z8jb/e8VvYbDZ4PN6QyVNlfS0trYZ5Pp8fDz/yX3y7bKVhfkNDIz75dAkWL/kad935OxQXFeK7lWvx93/8B36/3zC2uqYO1TV1WPHdGvz5tt8gNdUZcht6s47Vq9fhgb8/Bp/Pp86rra3H62+8h3XrNuF3v/0ZHA5Hr8cTJbrnX3gd73/wP8O81tY2rP1+A9Z+vwE/WDgPl116rtrX0NCIv9xxP/Y3HVDnNTU1Y/GSr7Fq9fe47Y+/RmFhPgCgvaMDd/z1ARw40IKyQSXweL1YvmI1Ghv348+3/0Y9LmxtbcMbb74HQRBw1JwZ/fbZiWhg+Hx+/P0fj6OySj5u2blzjyGBun1HVcjkKQB0dnaiu9vTL9tKRANLuweqPrkUoXKP/eyPl/548Mxzr6rJ04ULjsOcOTOQ5nJhf9MBrFixGl9+uQx79+5Tx+s/989/9iMMGVxmWJ/DYUdWVmavx1vZvmOnmtycccQUnHXmyYAAvPnW+1ixYg0++OB/OGL6ZIwZPaJfxhNRz3y++Cs1eTpxwlicesp85OXloL29A+s3bMFnn32J/U0H4PF4YbPZDBX+p54yHyeecKxhfYIoBFWGvfnWe2rydPbsI3Ds0bPgSnOhpqYWn33+Faqqdqmr3dvQCL/fj6lTJmDOnBkoLMiH292N/332Jb5dthK1tfX4fPFSnHLy/JCfqafrcLvdeOzx5+Dz+VBaWowrr7gAOdlZ+PqbFXj9jfewddsOLHrvEzn+9GI8UaKrq2tQk6cTxo/BJRefg4KCPDQ0NOL5F17H+g2b8eFHn2He8UehtFS+x/vTz76C/U0H4ExJwVVXXYQRw4egYnsV/vvUi2hpacPjTz6P3//25wCAb75ZiQMHWjBp0jjc/Osb4PV6cctv/4odlTuxYeMWTBg/BgDw6mvvoqOjEyfMOwZlZaUD+Bchov7w+huLULG9UpshWf9GtNlsuO//3RY0PzXVCZcr8lUvRHT4s6uVeeapuXKP/eyPw/54sGrV9wCAGTOm4PLLzlfnFxUVYNzYUbj4onNgs4mWy2ZnZSI/Pzfq9+rpeMVHH30OAMjJycYN118Nu90OALjhuqtx0y//hP37m/Dpp0vUBGesxxNRz3y3ci0AICsrE7/65bXqPgYAw4cPwemnLYDX67WspnS5UiPGjfaODix671MAwIL5x+GKy7VYNnzYYBxz9Cz4fL5AchY46aQTcOyxs4N+sIwdOxIbNm5Ba2sb9uypDfuePV3HN9+sVKtmf3bjNWoC5+yzTkF1dR2+XbYSn/7vS5x5xkkQBKHH44kS3c6de9TXP/7x5epJlvLyUlz7kytx/Y23AAAqK3ehtLQY9fV7sWbNegDAhReepVaLFhbmo7OzC/996kVs3LgVtbX1KC4uxJ49NQCA8eNGA4FbEI0dOxK1dfWorq7DhPFjsHt3NT77fClSU50479zT+v1vQET9a9PmbUFXsIUiCEKvfgcRUfywCwKMFXtKW63cYz/747f/cOf3++H1ypeGZmakW45xOOyW8/U6OjqRnJykJif6evyGjVsAAEdMn2xIvNjtdhwxfRI+/mQJNm7a1m/jiahnvIGH07lSnYZ9TCEIQsRL0d3ubgASkpOTg/pWr1oHj8cDQRBw9lnWFZnmeGNV7eH3+9VL8rNNFa5WerIOJc6UDSpRk6GKmTOn4dtlK3HgQDPq6hpQXFzY4/FEiS49Iy1kn/5EsCvNBej2SQCYZboP+8wjp+K/T70IANi4aSuKiwtht8sxRNJVl4mifPJCuTz3mWdfhSRJOPvMk5GeHnp7Dtbi2iY8XVmLnZ1utPv8USxBh4JF08fEdP2CANhtIlKdSUhKiu4Ym3qvvb0DDz/yFCRJwkk/mIcPPvwsquUkSUJHRydSU508AUqUYOySBOsKPU45TYDp4U4URQwfNhhbt+3A4iXfICsrE7NmTo/6x/ii9z9BRUUlmpqagUAl2fnnna5exnaw4xFImhw4II+32i5lXnNzCzo7uyCKYkzHO50pEf8uRGQ0YsRQbNi4BdU1dXjk0acx/4RjMXRoeVQnUdau3YBvv12Jnbvk6rKC/DycdNIJWDB/rjpmR+VOILC/CoKAx594Hiu+W4POzi4MGlSM005ZgNmzj7Bcf0tLK7rcbjQ0NOLdRR+jvb0DqalOzJt3dNSfL5p1KLdKCRdnAKAmUO3W0/FEiW70qBEoKSlCTU0dHnvsWVx22XnIz8tFfX0DXn7lbQBAbm42JoyXK0jr6vYCgQe4pAWSqor09DSkpbnQ1taO2tp6AMCg0hIAwPoNm3HqKfPh9Xqxbv1mIHCiY8V3a7Bx01YUFRVg/vy5+OrrFVi/fhP8koQpk8Zj1qzpfXLs+L+a/fjd+sooRlKikSTA4/WjubULmekpTKLG2H+eeA779zdhwfy5mDJ5QsQEqtfrxZP/fRFffb0cXV1u2Gw2TJ0yAZdccg4K8vkAKaJEoKtAhfHyZv189rM/TvvjweWXn4+773kIbW3teO31RXjt9UVwpaZi2LDBmDhxLI45eiYyQlSnmh8Is317Fe6+5yH88qafYOrUiQc9HoFLcxUuV/ADXVJ1T7nu6OiEIAoxHc8EKlHPnXbaAqxesw67dlVj6dJlWLp0GRwOOwaXl2Hs2JE45uiZQVWWis1bKgzthr2NePqZl7Fv335cdOFZAIADzS1AoCL0rnv+gaqq3er4nTv34J8PP4nmlhb8YOE8w7q+W7kWDzz4qGFeYWE+fvmLa5GXmxPVZ4t2HUosS7WIMy7dg6Y6Ozp7NZ4o0dlsIm7+9Q24976HsW79Jvzm5j8b+ouLCnHTz3+kVru3d8gPuAx178HUVCfa2trREdjH5syZgdfffA/r12/G72+9C52dXWjY24iyslKMGjUcv/3dXwEAl15yLp5+5hV89vlSdV1Lly5DZdUuXHzR2Qf9OZ+pqjvodVD8a+/sRlJS6Ach0sH57POlWLFiDUpLi3HxRWdjy5btUS33v8++VF/7fD58t3ItNm+pwJ13/A65udkx3GIiOhSIkoTAvSJ1lahK2zxlP/vjrD8eDB1Sjnvu+gNOP22hWsXU3tGBdes34YUX38DPf/FHrF69Th2f6pQPxux2Oy684Ew8eP9f8Phj9+OnN1wDZ0oKJEnCM8+92uvxZpJfS1Rb3pNdN9NmE2M+noh6zpmSgr/cfjMuv/Q8jBo5DKIowuPxomJ7Jd5d9DFu/u0deO31Rep4m82GpCQ5yTH32Nm4+87f48nHH8Dtf/q1mmhd9N4naNy3HwDgD1zCum3bDtTWNuBXv7gWTz35d9x9160YPmwwAOCll99Ce3uHcbucKer7KOrr9+Kx/zyL5kBSNuJni3IdaqyxiDP62CMG4kxPxxMRsHLlWjTsbbTsa9y3Dxs2blXbyj4mhXjgi7LvKZXySUkO3HLzjZg0cSxqauvR1t6OmTOn4Zbf3IiPP1mMhr2NmDRxLLKzMvHZ50uRmZmB+++9HXfe8Ts4U1LwwYefob5+70F/xl2d7oNeB8U/H2/tEDO1tfV49rlXYbfbccN1V0e8BZEz8FsoOzsTN97wf3jkX3/DI/+6B+eecyoAoK2tHW+8+V6/bDsRDSw71Mq8QEUe22wnUjtOZGVl4ILzz8AF55+BtrZ2bN9ehe/XbcL/PvsSbrcbj/z7aTzwwJ/hSk3FiBFD8atfXofiogIUFRWo65g5cxr2Nu7Diy+9iYaGRjQ0NKKgIK/H48301VcdHR1B/fqEiMvlgtfnjel4Iuodu92OhQuPx8KFx6O724Oqql3YtLkCn3y6GE1NzXjzrfcxfvxojB0zEqIo4tbf3QSv14fRo4er6xgxYih+/KPL8cc/3QMAWL9+M46bOweuNK2C7OKLzlIr2ssGleC6a6/CL399GzweL9Zv2IyZR2r3Ohw/bjT++8TfAQCdnV3Yum07/v3oM6ioqMTTz7yCn954TcTPFe06Ul1OYK+xql6hjzNpgTjT0/FEiW7t2g3qCdlzzzkVc4+djYyMdLS0tGLJF9/gtdcX4elnXkZJcSEmTBiD1EDlaUeIKm5lP9NXqJaWFOHm39xoGHfgQAvefudDiKKISy85F6sCJ51nzZqOwsJ8AMD0IyZj6dJl2LBxizqPiA4/Pp8P/3z4SXR3e3DpJeeivLw04jIL5s9FSXEhxo0bZYgnZ515MrZVVGLt2g34ft2mGG85ER0KRKiVeYGKPLbZTqR2HEpLc2Hy5PG47NJzcdWVFwKBitTKHbuAwMNepk6ZYEiGKgYPHqS+Vn549HS8mTMlBVlZmQCA6urgp2JX18iXsuXl5cDhsMd8PBEdvKQkB0aNGo4zTl+IP976S3X+Ot0PiOHDhxiSp4ohFnGjqFCLL+Vlxh8zRUUFavV4W1t7yG1yOlMwedJ4LFxwHABg9Zp1oSvTerGOkuIiAEB1dfDlt0qcge7+pj0dT5TovvxqGQBg7NiROOvMk5GTkw273Y6cnGycdebJGDt2JADgq29WAABKAvtOW1s7WlpaDetqbm5RT16UlBSFfd+XX3kLXV1unHjCsSgtLUZzYF3ZgWMLAMjNkR8ot29f00F/znJn8IP0iMx41VRsLPniG/U2Qc89/xouuew6XHLZdbjrnn+oY+69/xFcfc1N2LxZfgCt05mCGTOmWN4uRDmmCfU7iIjii6hU5HHKaUJO40Djvv3weDyWfeaHKiBwqVuoS9AqKqrU17mBe//1dLwV5YEP36383rCtHo8XK1d9DwSqwPprPBH1THt7B1pb2yz7XK5UywerNDQ0Wl6CqI8beXly3Jg0aZw6r2rnbsP46po6dT3KPUk9Hk/IZKryI8bj8cLvDx3ne7qO8YE4U1NTh927qw3jly1bCQQekJWfn9ur8USJrrvb+lhGoRy2dQT2T/0DLL/5dqVh7LfLVqmvx40bFXKdlZW78MWX38LlSsU5Z58CAMhITwNMCZGuLvmy+6SkpJ58JEuXDwmf0CUCAJfz4P9fo2BSlA8Sdrvd6OiUq9u7utzqA3TNlGMa5XiGiOKbHRIAAbrKPOWBO1qb/eyP1/7DXVNTM276xR+RlubC3GNnY9y40cjNyYJfklBZuQuvvvoOEEhwjBw5FADw6mvv4O13PsLQoeU4bu4clJYWI8nhwPfrNuHNt94HAEycMBYZGWm9Gv/Ci2/iy6Xf4uSTTsBppy4AAMw/cS6WfrUcBw4046F/Pan+SHn9jfdw4EAzBEEwPBwm1uOJqGdu//O9aNjbiNmzZ2DalIkoLMyH3W5DfUMj3nnnQ/WE1NQpEwAA69Zvwt33PIScnGzMO/4oDBs2GBkZ6di9qxovK3EpNRVTJo8HAAwuH4RJk8bh++834sWX3kRmRgbGjx+N+oZGPPHk8wCAjIw0NSn5l78+gMrKXZg6dSJmHjkNhYHbh6zfsBkffbwYADB61HC1gmfZ8lV45tlXMHLEMPzspz+EIAg9XsfMmdPw8itvoaWlDf/45xO46ooLkZOThaVfLceK7+QH7J10khZnejqeKNGNHDEUK1euxaZN2/DmW+9rl/C3tmHJkq/VarARI+TjmYKCPDVuvPLq2/KxzoihqNheiVdefRsAMGPGlLAPlHvm2VeAwC0DlJPOQwaXAQDWfr8B5517OgBg3frNAIDhwwcf9Oc8oSQH9wgCnq6sxc5ON9p5r0sKEATAbhOR6kxCUpJtoDcnLp0w7xjMmT0j6ATq1m3b8fAjTwEAfnjNpZg2dZL62+buvz2EiopKTJs6ETNnTkNhYT48Hi8WL/kaGzZuAQAcNefIAfg0RNTf5OtZA0lUrTIPxgo99rM/nvsPYynOZOTkZKGxcT/eXfQx3l30cdAYh8OBa39yJZKT5UvGSktLIAgCKit3obJyV9D47OxMXPN/l6jtno7/5NPF6O724N13P1YTqCNGDMVppy7Au4s+xsqVa7Fy5VrDOs45+1TDPYhiPZ6IeqaktAjVNXX44otv8MUX31iOOevMkzBy5DAAQG5ONlJTndi/v8nwcCmF3W7HtddqcQkArrn6Evz1rgdRX78X//jn44bxNpsNP/nRFbDb5cOWweWDsH17leX+jsDTt6+4/AK1veSLb3DgQAtWfLcGu3fXoLy8tMfrcKak4EfXXIb7H3wUNTV1+OtdDxrGT5o0DifMO6bX44kS3fwT52LZ8lWorNyF115fZBk7hg4tx/wT56rtq668ELfdfi+am1vwyL+fMozNy8vBZZecF/L9vvnmO2zdtgOlJUU4Yd6x6vyJE8di6JByVFbtwm9/dwcgCKipqcPQoeV9djXLccXZOK6YT+wmGghOZwqczhTDPP3D67IyM9TkKQK3Ftq2bQdWrvpevbJNb9y4UTj1lBNjvNVEdCiwjZz109sEQUsyKZV68lQexH72x2v/+Sdmhdg1+qY69Z2lxietXrQg1Pv1jsNux/HHHYWszAx4PF50dnWpl8Clpblw7DGzcN1PrlSrNRA4CJh55DSINhvcbje6utwQRRsKC/Jx3Nw5uP7aq9R7ivZmfFtbOyoqKpGcnKQmUAFgwoQxKCoqQFNTM9o7OpCcnIShQ8pxySXn4MQTtB8u/TWeqD+0tLlht2mXiwmCoMYmQH5trIYPFXuUQKabExj6WNNqw/xfDDqqz7ZfMfPIaSgrK4XP60NXlxudXV1q34wZU3DVlRdi7rFz1Hnp6WmYd/zRSE11wt3djc7OLkiSH9lZmZh+xGRc++MrMXqU8f6oqalOHDXnSNjtdjS3tMLt7kZqqhOTJo7DtT++AmPGjFTHTps6ESNGDAEAuN3dcLu7YbfbUJCfjzmzZ+D666823LdZFG1YvkL+Oy2YfxwyMtJ7vA4E7lc6edI4HDjQjNbWNggCUFRUiFNPmY/LLjlPTfD2djxRb/RHnHmx7oBh/g+Hl/TZ9ivsdjuOPmom0tJc6Opyw93lhs/nQ6rTiSFDynDSD+bhqisvQnKydmmzy5WKObNnoLOzC83NLfB4vMjNzcZRc47EtT++Ajk5oY+73n73Q+zZU4Prr7vKsK8LgoApUydgb0MjqnbuRleXGzOOmIzrrr0aKSm8fyklrv6INcmNLxvmOwZf1WfbH44zJQXLlq9CqtOJs8482bCvT506ESNHDoPkl9DldsPt7kZKSjIGl5fitFMX4orLz4fNxophor5gjDOCGme0thJ7BMM8ALp5UOOPPiYpr30+OV9SVxf8nIJQiouL5XWc/PMK48PIzfGMbbbjuP36PfKlWPpqVEkpUQ0MlCRJ7ZcnkjpP/qefpywvt6+523i/nLfvHYJYu/UPd6Oyahf+8uebMWzowV9q1hu/u/VO5Ofl4qaf/3hA3p/oUCBJEvbUNiPZ4dceXmf4sSFCEMz34lJeG2OSJAkA/IG2cg8veTp9xxOG990989ex/mh4/oXX8f4H/8PFF52FU06eH/P36wvPPf8avly6DI/86x6IIh/OQfGhv+LMaasrDe+7bMH0WH+0mNvfdAD19XsxVndyhois9VesSd98luF9nccsifVHI6JDiD7OHHwCVbJMoHa75Xucr169OngDQpg6dSoAQFQr86BV5rHNdsK045DypHmHwzEg7//tspXYvbsGZwfuQ0pE8UeJLwMVZ3pq374mfPzJEpx7zqlMnhIRACAnO4vJUyIiIopa8D1Q2WY70dpx5vLLzkfVzt0oG9T3l9dFY9So4fjtzT/F4PJBA/L+RBR7Cxcch7Q0F445etZAb0pUsrIycP21V+HII6cO9KYQEREREdFhSE6gClpSiVNOE2oah4YOLcfQoeUD9v452VnIye7be70S0aElMzMDJ590wkBvRtRsNhtmzpw20JtBRERERESHKfk6NqUQj1NOE3FKREREREREREQUgmh4gpQAsM12IrX7HrOyRBROX8QIxhkiCodxhoj6A2MNEcXaoRUjREGfRZIAttlOpDYREREREREREVE4ooTwlXrsZ3889/ccs65EFEsS4wwRxRjjDBH1B8YaIoq1/o0xooDwlXrsZ3889xMREREREREREYUjhqrUY5vtRGj3JUEQIAhMzBJRaL2JE5K+gJ5xhogiYJwhov7AWENEsXawcaaviVaVepJF5R772R+P/aFJUe14ys7ML38i6gk5ZqjRKKqxjDNE1BOMM0TUHxhriCjWep53iU0WVVeBqk0FU5v97I/X/t6IlFjlAQERWYkUG/SxhXGGiHqDcYaI+gNjDRHFWk/iTH+xaxV6SmUe22wnTrsvaGddzfOIiLRLT8xf8j2JE4wzRBQO4wwR9QfGGiKKtVCX7R8KcUKUJFNlHttsJ1A7WofqDkxEhz+rS1J4exAi6kuMM0TUHxhriCjWBjI3IwqCEEgmaYGNbbYTpd1b5h3UfBZ2IMrJiejQFSlGRHMgwDhDROEwzhBRf2CsIaJY602c6Q+iJMnJJGNlnq7NfvbHcT8REREREREREVE4WgWqrjJP0lfqsZ/9cdxPREREREREREQUjqECVZsC1vPZz/746o8NJmaJyEpfxgbGGSKywjhDRP2BsYaIYu3Qiw12CIGkkiBX5rHNdkK1wxDCPiFSP18K6pd4iwCihGe+N48Q9ERJCYIghhivxR9BECBJ/qBxDDNExDhDRP2BsYaI+ptVnIGuCE7ut14uVslXEUoyKVCZxzbbCdUOMB8UIMo+/Rj9OPn1wNzYmIgONYIhRgQfDET3wAXrdTDOEBEYZ4ionzDWEFGsBedWos3J9KavJ+QKVEhqZR7bbCdUO8TOFb6CVFLPkurPmvLMKRFFQw5F2o8GLaYYK9slST9G/sfqdiKKBuMMEfUHxhoiirVAGseQSJXnSWFPvPRV0lRPrkCFoFbmsc12QrXD4pc6EcVaNHGGsYiIDgbjDBH1B8YaIjoUxC7OiHIuSV+ZxzbbCdSOtOvphoS/PMV4H1TlDAkRkXVM0MefcJeoMM4QUWSMM0TUHxhriCjWIsWZcHmZWBe2i1DK7tXKPLbZTqB2L4X6gucXPxGF05PYwThDRL3BOENE/YGxhohi7VCLHboKVF1lnqHNfvbHcX8vhDooEAQh5mc8iOjwJklWFRky/TzGGSLqLcYZIuoPjDVEFGvRxpn+IkICIBgr84xt9rM/jvsjUMYEjw1+kFTwsge/gxLR4S9ULNBih/zQheAfG9qN0RlniCgcxhki6g+MNUQUa5HijBT0oLpweZu+ZVe3QP/kcbbZTqR2gKCbJ1j0W803to0HC72tcCWi+KOcOZVjhh+AYDoI0MZZLQs1pkgQRVE9aGCcISIF4wwR9QfGGiKKNa3qNPgETKQ4Y57fl0lVMbBGrTKPbbYTrR2WVmlqZt4prQ4ciIgUSmwwX4aihCSr8fowxThDRJEwzhBRf2CsIaJYCx1nrPM4kkVlal8T5YSurjLPPGU/++O5v5eUS1GCV6FVsA7EPTmI6NBjjAfGoKF80Yeu0mCcIaLIGGeIqD8w1hBRrPU2zvQHUdKqYY0VeoEp+9kfz/3hmO+jEW15uLmsnIgSl766wursqVWcCTcPjDNEZMI4Q0T9gbGGiPpLqDhjJdq8TV8QBeiSuhaVe+xnfzz3R8d4ttS8Eyt9wWdJBAwrsRvW5PHy6IAoUXR7fLCJgu4sjlZlAd2Bgdan/7IXDOPDxZkJKQWG93VLvlh9JCI6xPRXnBntSjG+r5/HM0SJpL9ijd85yvjGUneMPhERHWp6FmeMr5XK1FhT74EqwVipJ1fu6Sr52M/+eO3X6cnZCuVSFPNy+jMl5UXGBGp7pz/q9RPR4a2zywNR/pYNqsLQ/2gIF3fMccZqHWNS8gzLtHi7YvFxiOgQ1F9xZrgr2bBMm5cnaogSSX/FGsk53LiQty0Gn4aIDkWh4gwM+ZaeXb7f19Wo8uZZVOoJMFbssZ/9cdsfhXBl4cqZVOOBgNw+eXYq0pza2D0Nnqjfk4gOXx6vH+3tbjjsYiA2yPP1l6pZnXgx/9P3h4ozV+VMRaZNS25s79rfnx+ViAZIf8aZ84pzkW4X1bFV7TxRQ5Qo+jPWePPPhWRLV8f6O3b150clogHSmzhjNY010ZBCUir12GY7QdqR6M90WOXpRijsAAAgAElEQVRb9WdSrZYpzLHhlxdnISVJnvPW4mawaIMofnm9fjS3dKJhbytSkm0QRetKdZkUVLkhScZLULT+0HGmPCkTj5SdhlRBrnh/tGY5PBKr3Yni1UDEmZKUJPx1TDmc8s2/8HxlLby8aSFRXBuIWIPkYniG/gWSKN82xLP7ZUDyxvaDEtGA6U2cMTPHmVgSTvrpNh79UMJ68/8NhWTxA0A/T3ktn/Uwz9OmSr/8Wt8vwOeT0NTmgzOpR4WvRHQYEQRAFAXYRAEOu/YjQT5rKpnOoOqX0/q1+4JBN08fj4xxRusX4JX82NvdgQwpGZK/f87CElH/GvA445ewv9sDF0TwPA1R/BroWCNJXvjdzehGOnx+0WILiehwFy7OIKj6NHTVqT4OWV/2D8M8d1c7AGD16tVRb+vUqVMBAHY5RGm3euaU00SaRrdjC4Yv9VAnNfTjAOOBgigCuRk29cyIPimrb5v79WO0ttSjdj9VsxMdksz7T6SzkuZ+84+CwCtD2+oLW94Pg38s+P3B8/TLSJKuCgPGEzLKe8vr0L8PIEl+iBJQ6EiNSZyx2lY9xhlKZAkVZwDkJdkZZ4gGQCLFGkkSISRlI5mxhqhfRYozkdtWfZHijBYrrJOngrqvW22vOfEaS3ZzMoltthOp3TPaThucVNUnT6WgMeoaJBgOQMxnZK2/38N/6VsFsUgHCkSJwvpLPLrxwcsIpvnGL3lljNXBgbJPWlVwGMfEPs5oBzH6T2qOGeH/VowzRBrGGcYZov7AWMNYQxRrPY0z4fY3fRV6T+OMcRuClzNuW//tv6xA5TShp8rOF3zm0fqLVP7Stj4zqU+CWlWtGi9nMa9bMgQGfbCx3obwQUJ7HyJCiH0peEzwIP2+pPUr1RKC6cdC6C95URQDVRZWBw6BtRpuE2J9AKOPM6Ioho0zoT8z4wxRLDDOGD6V+h6h/jaMM0S9w1hj+FTqe4T62zDWEPVcX8eZEGsImyCV9/3QlaXhYkOobTtYhgpUQ1IpUtKJ/eyPg/5ohUuymvu0JKvW7/fLNwqTJD8AJagIEQ8GrLcl2m2ObhwRyawPnvVPgdTPM365h/uhEerg36piQ4lMVj9IIsUZqynjDNGhhXFGv22R/lo9G0dEGsYa/bZF+mv1bBwRyQ4+zsj5EWUfF0XRMMYqzsAUS8x9ofr7il0NSkpSiW22E6gdTnBiVH9GFGopuvUXPdR7+pgvRdG9g+7SE331qWTxBd67IMADAaLge/mEZj4wD94XjfuyuUJDWYfxC1w7QAj+4lcqLrSDBP2Pi8hxxvyDw+ozMc4QxR7jDOMMUX9grGGsIYq1gYozWvGZBFEMPnmjn+oTrLFMmJrZDcklJTCyzXaCtNVd2ZQsjUT/Za+fp1WaSkEHF+aDhcBSgT5lHdr6jNtj3jalHT5Y8FIUomj0bEcJ3l+lwPzgfVw7kRL8o0ER+iEMygGE+eEIxvF+v7YtyjxtvH4583ZH+jswzhD1HcYZ678D4wxR32Kssf47MNYQ9Z3IO4o+4Wm+pF9/giVUYlQfG5TKVPXdIzxYKtz2HCztHqiHWGUg22z3RzuaHc2qClU766mcJfEb+rV1y+9odRCiJVkldZzfH/xefbWzE1Eoxi/uoF7dF3/wWVMELauMFwQh6L49Vq/lig2/YZ4SF+QDBuOPC/OBRjRxRv9ZteoN4wEKEcUS4wzjDFF/YKxhrCGKtZ7EGS1vAst9PnKcUeKF/hJ/8/r042NJuwfqIVYZyDbb/dE272xWVajhkqjy7OADAfNr89T8PsYdPfROHyoe9KR6lojCC787Sbpx5oN6+bVWfeEPigf6sZJ6mZtxncZt8ZsexGB8T/045SSMuXLD+FpSf5won9X8efm7gyj2GGei/EMR0UFhrInyD0VEEYVKVgbHGcFQ1W6+pQd0+78+eQqEP0mjnDBR4ky0ydO+TKraJYvkjiHZxH72x3H/wVC+vM339IFFElW7tF8fIEIfrGjrN26pfGBgdSQUKlgc5IckigPRnl/Qznwa5gZVO8DiC924vBTxAAC62BGJYLrvsn49wSdr5G0MFVtCV2YEH9REGyUZZ4gYZxhniPoHYw1jDVGshYoz5vnW+6A5uRk+zijLSKZL9UPHGcmQT+lvdugyvpK8dYZKPfazP677TfRf3tHMR4gDAePZWKtLT8JXpOrf1zTH0Ip0QMDCVKJIIu0kguWXtH6efL8uQf3yN//4ML+G6T5igDF2WLWV91FuqA7T/h/8WjlhY67u6O2PCsYZot5jnGGcIeoPjDWMNUSxZnVCRb/jWO9f+gRpqBM0yj6utI3FZeFPcIRKqPZ1otWOUBV6nHKaANOeEHSVpEpbOzDQHzTIU/1Bg/kAwlyRaixzD5XE1SdgYVgfEfVW8D4UzRew/keCVXWGebz+RwcA6O+FbjVO39bHGW1+cGyx+qFiPmGjX0eoONib+EhE4TDOmDHOEMUCY40ZYw1RXzPvT0p+JXicoEuuSpJ2SxCrilME7e/GOGOVA1HihHk9sWRXKvKUSj1D2zxlP/vjrd+C/ktbT598tRqrJFGVs7DmACDpKk2t+5QDAiUQBJ9VNR7shPoERHQwrA62JQmm/VcKGhtq/1ZeaxUbxmXNMQUW+7e2Lgnm+4KZxwcv69e9Nr9f8GcnothjnCGi/sBYQ0SxYI4rwbmL4FhhnBrjjDJPv14l4RqugCxccVwsTp6wApXThJ6GYj4AMB8MWLW1ABBcYm4+CJEPFuQbpOvPuuqrVyXJ+qBDGdObgMADCUoEB/Nlqewi5svQ9A9FiFSZYTVPiwnGAwWrHxqwiDPaJS8SlHuY6eOMfrzxfYNPvBg31RxnlM8b7q8UHuMMJQLGGcYZov7AWMNYQxRrfRNnzPusPvmpT5rKhW1yHDDmW0LFGUnS4kyo7TYvfzCfKZzAPVAlU6Ue22wnSDsMc2LUqg+mYGFOoipf7PIOrN0CQBAk9SyN1XtoAcaYVEUg6Jjxy51IE+3+YP3FGqpKwvo99Puqeb2S6ayr/geM+QSNeV64PuNr48mXUJ8/9N/EOsYxzhCFxzjDOEPUHxhrGGuIYq0v4ow5cWp1j2JBEHSVqloc0SdTw1Wd6mNYqFhmlWjtS2ErUJUsEPvZH7f9EYQLJoLpnqhW8+S3EOH3+yGKkqG03Xw/Vav55nWbhRpLRJGZfzBEGmc11modwT8yjMv37MdApB8P2okV84+OcOuNfKBk/eOGiHqGcSYcxhmivsJYEw5jDVFfUPYf4z1Hw5+gMN+fVL8ObR+XAg+WEyEIfovkqnH5cPc81SdZYyFQgWqqzNMln9jP/rjujyDUgQHCnEXVzpAobX/g5ur6ClToxgUfjOjXF/xaX5ouBo0jop6x2n1CffHqxxr3Va0v1I8Mq/eyqvaIrt883/ijA+oJHOt4Eu4JmRZbYTmWiKLHOIMQY8KPJaKeYaxBiDHhxxJRZNb7fvCJl1D5DH11qHJyBoEkqShKAPy6y/W15c3rDpckjWXyFEoFqrlSj222E6UdjvaFHZxENQcCcyWo8jbKsvJ4/ZnU4GRqcLJULn03J06tNjvaQMFEK1G0gveV4P3MeAmbdk8xqxMiodan/TAw75+R+qGLB/ofHfo4o//hEU0lR4yPOYjIgHGGiPoDYw0RhXYwSUftuS3auuTXwYlPBC7Rh1qBqpws8atjtNscBscEfeWpVRJVn5yNVSLVDugr9QJJG7UNsJ/98d1vzepLX5lnlUwNrjo1rseYSIV6QCAFHhalbJu2rHbWJdTZWiZDifpO9CchjMtY/cCItL5wZ0z1MSPUctY/Eqz6rH94QHfiJhLGGaK+wzhjjXGGqG8x1lhjrCGy1pt9Q9nnzDkLbZ1CIDeixQPlRIrcNt7O0Jz8FARtWX1uxVzdqm1H8C1JYpFEtQPGy5055TShphZCBRDrSlN91aj2BS6ZLss3H0Bo69EfXGjJU0mS1LMz2vvzi58oVoJPUBj7raourKsrrPsQ4cdCpO3pzRjzDw9jn/W2xOA4g4gCGGeUbYz4tkR0EBhrlG2M+LZE1EvBV+QGxxDtxIykKzTT8h+hKkqV16GqUc3xKdQ9UWORRLWrySSYkktss50I7R4w79RWyVO98IlUUa02VRKz2jDrs79yf6hL/Ymot6wuYzML9+NBGxN+/ZFCjtWZ0whLRBgXbn3WyyhxpmfbQUSRMM7ox0Rajoh6i7FGPybSckTUc9b3JLUcaZqvJDolSbCsUteqT82X5hvzLeZxsbxk38yuvllgi9hmO5HaZtHu/MY+485sXsZYuapsg3YJP8IEnuAEqWQxLvS28cwrUTQiH0xbfymHX86qwiP82ODKiWgO9K3iT7hxetbLsIKDqO8xzpjmRlyOiHqDscY0N+JyRGQUaVcNv39aJzODE6ZSII8SXJFqrlQ1XtIfepus3revk6t2AboMkCSBbbYTqX0whMB9VLWbHwcnT5XX+orTSGO1hKlV4LFOtoZO/Pb20xHFv558mUZbsRDpkrdQ43t26VpksaiwYNUGUc8xzvQM4wxR7zDW9AxjDVHPBVeGWlWkC4GiMaUdnAwNToxqFalWVaVaxam8/oE8EWKXdB+CU04TbaoXOglpnazUzoAY742q9SvLKe+nzdMHDkmXNJVnKWO019q6w28rEUWvL/ajaONIqGV7Mv5gtpcxg2hgMM4QUX9grCGiWOvZPh48Tx9izMlR/RSmHKUyTqtQ1arazSd6rE4mhZrfG3YBxsq84Cn72R+//ZGESp7KCU8tAWo+42pMshqTp/p1yv2iOk8UzYlV60Bl3A4iirVQX7o9PYY3fsn3eCt0y/Z04VDbzx8hRIcKxhki6g+MNUR0cMLdQtCY+BQEfTWqcgUvQiRKJVglR62qUpV8TLRJ1L5ilyAnmSRdaS3bbCdKW7+j9YRSUWqepxACT6LTB4dujx9enwRRFODx+M2rDMMqADBxSnR4OtQO7hlLiOIP4wwR9QfGGqLEFM2+Jpmmwex2EZLkh90mIMkhV5cqCVdRDJ0U1RKs0W9xXyVW7YG8rbEyD8bKPfazP177w4l86b5Vxak2RqkmFQQB7Z1eZKanwGYT+eVORERERERERAlOgs8noam5A+kuB6BelWusRDVP9Q+V6s8qVFG++6Kg3HVRngpyhZ7SZj/747U/WlaXzIe6xN5clt7l9iMnKxU2m43JUyIiIiIiIiIiCLDZRORmu9Dl1vIrVs/8ts6/CBbzYkfUKvJCVeqxn/3x248QO1uoHTBcqbgkSRbJUy/S01KYOCUiIiIiIiIiMhEEAWmuJLjdPsCURA2Vm9HnXcx6kuPpCVF/ZwJBUCr1YKzYYz/747S/Z0JXn8pT4/okSYLPZ7x/BxERERERERERaWw2AV6/ZJHojPSg7f7Lt4iCklyCVpmnpYJMbfazP876o6HfSa2qT839ciWqPE+0MXlKRERERERERBSaADGQcFFyKvoqU6sK0kj9fc10D1QlucQ22wnS7kVpt9UOar50X+n3ePxh10VERERERERElOg8Xn9QTsV8P9RoE6axuIxf1N8bUqnMY5vtRGlHon94VOjqU8Ew1uqBU0REREREREREFE7o/EqoKlTzMrEiShJ0ySUBbLOdSO1ohbvnhv7Sfq2//54ER0RERERERER0uFMezg1dfsXqal+raayJEIyVeWyznVBti53VSrjqU6udOdT9UomIiIiIiIiIKJj5uTIwFK2Fq0IN1teJVRFKRV5gyjbbCdUOI9Sl+FZnPqzGswKViIiIiIiIiCg64fIqoV6HGt/X1ApUTjlNyGkUIpWFs/qUiIiIiIiIiOjghapCtdKfl/GLkCRDZR7bbCdUu5f0l+8baWc9WIFKRERERERERBQdYy7FmHAJdxl/fxAhyA/W0Srz2GY7gdoRWSVJZVaVp1B3aiIiIiIiIiIi6in9g7qjqURVkquxJN8DVTBV5rHNdqK0dcLtlKHKwo1tQd25WX1KRERERERERNQzxryKYJhvHhduvlXfwdDdA/UQqwxkm+3+aEcQemfTKlND34sj8vqJiIiIiIiIiCh0HsV4xa91pWmsC9lEdet0lXlss50w7V6w2in58CgiIiIiIiIior5h9TApxUBc9SvKWxSozJOULTRW6rGf/XHb30vhngDHy/eJiIiIiIiIiHonXG5l4B4iJQUeR241RYj57Gd/vPRHoK8ojXT/U2PfwO3URERERERERESHGzlxap4b+T6oMOVvYkFXgcoppwk4DSvy3sckKRERERERERFRbEWXf4ldFtUu37cxcH2zIIBtthOpbSXyTilAELSzIsqT4ZTV9qeVm7vwybJWVOzpRkeXH7lZdowpT8ZJc9IwrDSpz96nsrYbmyrdWDAzHXZbn632kLNsQyc+Xt6KHXs86PZIyM2wYdoYJ045Kh352b3/4G8tacEHX7fh1qvzUVbo6NNt3rvfi1sersfRk13/n737Dm/rPu/+/zkH4ADBTZEUKWoPytpb1rBsDTveju1YTpw6TmKnzmrStGmfjl+b/J5cadI+Sdsn+XWkSTySOJ7ynpJtWXuLWpQoUZsUKS5xD4AAzu8PECBAkdCwJIjA+3Vdur68z30AfAES0OHN+3yPvnJP5nn5w6dd+udn6/XA0nTdvThNnS5L/+v/OyuPx9JPvz1U6U7zgo8RL99/AAAAAMD1I1C2CdZygtsiF0pD979S7IZCikmWREwcT3Hom6v/N1x4LlAs7W/f0Dvsja/eXz/+5/VGfbi9TZKUnGhoSIZdja1erStp18a97frl9ws1JPPKVLue/6BZe450aVRBgiaNTr4i93m9+dXrjfqo5/XMzbIrJ8NQdb1H725u1bqSdv2vR4do4qiky7rvI6fdamz1qrrBc8ULqGcbvGrt8Olopbvf/KnqbrV1+nSiyp/3+Sy1tvvU7bXU7bm4in88fP8BAAAAANFm9ZRs/LWUQD2mv1poaJE08HV/F/e+UsVUu7+qFP1OQGLiqMSX4fw3pBEsnl6ri0it3dmuD7e3KcFu6PF7srRkllN2m+TzSTsOderwKZcy065cq6DH639OXs9VXlTkU/JZknkZU1y7s10fbW+TI8nQ974wRDMm+IuELrel37zRqHUl7fr3Fxr0b98rkCOpvwL6gA3NV8zlPre+nA5T//U3hbIs9ftc+nMlv/9X6nkAAAAAAGJTb+E08Mtj3+vOnF8ovdrsUp/OPGLiuIqvBiOsG/VqeGtjqyTpgaXpWjbXGdxumtL8yQ7Nn+yQJDU0e/X3/1Wjm2c59YXbMoL7/fUva+R0GPrBE3mSpIqabj33fpMOnXTJZ0lFuQlaMdepoqEJ+t+/qQt2Kv7o6VpJ0m3zU/XEfVlqbvPpj6ubtLusU+2dPuVnJ+jW+U7dsSAt+GH202frVNfk1eP3Zurpt5pVVd+tUQWJ+rOV2Tp2xq2X1jSrrsmj0YVJ+vbKbBXk2KWeouS7m1u1Zlu76ps8ysu2a8U8p25fkCbTkNq7fPruz6u1Ym6qsjNsenVti1KSTf3rnw/VzkOdWvVxi07XdCspwdDY4Yn67JJ0TR7Tfwdp4PVcuSIjWDyVpKREQ08+kK2y0y7VNHi0ZV+Hls11qvSYSz/9fZ2++/kc7TnSpQ0l7bppplNP3Jul6gaPnnqrUWUnXXImm7pjUWq/j1lyuEur1rboZLVbGammZhU79PnbMuRMNoOvtadbevjWDD31VqOq6z36v39ZoCEZn74w/q9/rFdDs1c/+85QGcbV/f4P9DyeerNRZxs8+um38pWY4N/Z65P+8Ve1yskw9RePDPnUzxMAAAAAMBhdf103dkuhba4Dd+qRJx+L+cGoo8tSZW23JGnBFEfEfatqPTrX4lV5hSu4ze2xdLLaHVzL0u2x9KOn6tTl8unuxelKSpIOHnPp9Q2t+qdv5OuBpen6eGe76ho9umlGivKy7Jo6Lklen/Tjp+t0stqtyWOTNDI/UTsOdeqZt5tUe86rL9/tX4+zvMKt1g6ffv5cg+ZOdshul8orXPrRU3Xq6PLpxikpOlHlVnmFS799s1H/z1dyJUnPvN2k97a0as5Eh+5enKrDp9165u0mdbktPXBLus7We9TS7tO7m1vl7rY0eliibpzi0PEzbv2fP9QrP8uuh29Nl8ttaVdZlz7Z1d5vATX09Zw76fzX026TZk5I1vtb2nS4wqVlc506VuWSy23ply82yGdJ44YnalaxQ+2dPv3wf2rV2OpVmtNUVppNL65ulq9PPX3rgU796x/rNSI/QY/ekammVq/e2tCqqoZu/cNX/EXtI6fccrkt/ewP9UpLMXXTzJSI65WeqXPrx8/Unbe9ocl73rayky51uS25ui2Zpq7q93/A52FJlbXd2ry/Q7fM8v8RYMfBTpVXuDQ0J2XA5wkAAAAAwLUWXAPVuECnHnnysZgfjNo7fcGv01M/fTdiQ7NXTa1eTRufrJUr0iVJ993Um39wabpKj3eprtGjW2amaup4fxFy7a52nax2a9r45GDR84Gl6frOz6v0/pZW3bskTdnpvfN74rPZWjDFoZZ2n5748RnVNXr0d1/O1YwJyWpq9epPf1KlshP+Qm9do1fvb23VmGGJ+usv+TsRV8yTmtv8hcYHbkkP3m+X29IPHs/T5LH+eX20vU2WJS2d49S9N/n3e2h5b/dtxNfT2f/rGXgerW2+sO3JiaZ+8q38YP79LW1qbPVq5NBE/ejreUpONHSiyq2/+8+asNs990GT7DbpH5/ICxZFkxIN/fGDZp0669bIob0XALtjYWrE+Qd0dFnae6TrgvsppD/asq7d97/v87htfqp2lnXqo+3twQLqmu3+TuDbF/TftQsAAAAAQDQM2IHKyBgP4+Wy+pz+H2hqHSi+kjJSe7sQW9q8SnVc+CrqkeRl2TViaIL2lXfp+784q+KRSSoekaT5kx1KShz4NTpS4b8o0Zzi3lPe052mxo9I0t4jXTpe5VZ2em9HZ/GIxOA+dpvk8UrFI/3FuMw0m0zD3w3r80nllS5ZlnT8jFuP/ENF8D48Pc2U7V29hcy8bHuweCpJk8cmKznR0AtrmrX3aJfGFiZq6thkzSju/+JHoa/nuRaPCoecf5Gnlnb/46WmhL/WMyYkhxUJT9f4O1nnT/HPQZJGFyZq4ugklR7zF4eb23yqafBIkr7+0zPnPbe6Rq9GDu19jKWzL66YOH54kn78jbzztq/e1qbfvNE44O2u1fe/7/OYPiFZhUMSdPi0SxU13UqwG9p/1KXxw5M0fvjlXawLAAAAADC49S3V9HdRqGic4h/WgWoFO/X6H8mTj7X8xepbMB1o27WQmGBo5NBEnTrr1pYDnXpwaYSruvfzmeLxhMc2U/rRk/nauKddZadc2n+0S2u2ten1dQn66bfzlWg3+l3tIHAhIF+f7d3dPdv7JOy28+/E1k/DZ+irOmeiQ1+8I7z7MjnRDK4TKkmJ9vD7HZpj18+/W6CNe9t1tNKtdSXtemtjq26Z7dQ3H8w+7/ESEwyNKkjUyWq3tpd26rM3h7+ePp+0u8zf2TlxZNJ5t+1v7qHzk/q/aFJmmk0/eCI3bJvNNJSXbY/4GFfatfr+930ehiHdfqNTT73dpI92tAd/Pu4cYM1YAAAAAEB8668Z7tM2yF0s05K/chvsRA2J1ScmTz7W8lfCQMXVq1lgvaunyPTq2hZ9srtdXl/gcaXdh7v03HvNcndbciT7n2PoOph7j55/mrcjydCt81P1Zytz9Iu/LNDcSQ5V1naroqej0pHoLwjWNHYHbzNumL+jdOehzmAturXdpxNVLpmGNKYw8bzHuViB+z5V060hGXYNy00I/ku+iCvH52bZdP8t6fqrPxmi//6bYcpINbV1f8eA+weKdq990qKdhzqD211uS79+s1FV9d3KSrNp0fTIa3OOzPcXX0tCTqVv7/Sp/LQ7GGekmsrNsqulzSuvV2HPLc1pRuUK9dH6/t88O1WOJEMf7WzT6m2tysmw6cYprH8KAAAAAPFooFpKtBrYQtn91wsP7cwjJo6f+HJc6PT8a/HGvmW2U+WVbq3Z1qb/fOWcnn6rURmpNjW3edXpsmQa0op5To0cmqC0FFPVDR796OlaZaXatOtQeAF1X3mXfv7Hes2d5NCogkS5ui3/FeQdZvB09iljk7X9YKeeeadJe450yWZK33ooR29tbNWBYy798Ne1GjssUTvKOtXpsnTP4jQNybz89Vnzsu267cZUrd7apr/4xVnNmpAsS9K+I11qbvfq2R8UDXjb51c3a31Ju+ZPTlFetk2157xqafdpyriBTwu/ZZZT5RX+1/Nffl+vzDSbstNtqq7vVqfLUkqyoe89khPxlHZJWjwjRa9+0qI9R7r0w1/XaUxhgnaWdarLHf4z8cXbM/TvzzfoH35Vo/lTUuRMNnWs0q2yUy795Fv5Gjvs8ovPffU348A2w4ju99+RZGjp7FS9u9m/9un9S1Nl+3QrUgAAAAAABrkLdZVG45rgtrHz/uyHRqBDT0ZPfx4xcXzEn78ta4C3Rv+nLffVWyy1Qrb15r0+Q86UK1cMCzV7okOjCxPV6fKptcNSU6tXWel2zSpO1jcfylZRXoJspqFxw5J0osqtE2fccnVLT96frYZmr4YOSdCSmU5lptnk9fnXn9x+sFPHKtwaU5Sob30uW3lZ/tPJxwxLVHe3VFXv0clqt7Iz7LpltlMLpqaovcvSkQq3So93KcVh6uEVGbp/aXrw9Tt0wiWvJd27JD3YXbm33CVHsqk7F6YFn8++Yy5lptp06zx/N+iMCQ6lp5g6U+vR/qNdOlPnUdFQu75yV5byc+xKSjT0ya52TR6drLmTetfazM+yq7HNq91lndp+sFM1jV7Nn5yir92XHVyXdKDXc8TQRLV1edXU4lV9k0cZqTYtmOrUd1bmaGRB7/fR45G2HOjQstmpGrcryJEAACAASURBVB1S7ExMMDRrYrKqGrpVftqtmnMerZiXqhkTknXqbLfuXpSmjFSbhucnaMLwJNU0eVR6rEtHK91KSTb14NJ0zbnBIcOQSk90yZShe0Jet/6YhrS+pEMzJzg0c4B1Xjft7dDi6U5NGOEvIh866VKC3dCdC9OUdZW//xd6HplpptZsb1ei3dB3Vl64SA0AAAAAiD0dnW7ZbYHCqSHDMEKKqP4xsC2wPXT0/wvfNyDwtdfrP6vy7NmzFz2vgoIC/3185ttHLH8xSX2KS8TEsR+/8bMxUp+u0d4Fia1gHMiHjr3/5O9r7Sd2dZvKzWFNR2Ag725u1TNvN2n5vFQ9+dmB/qABAAAAAIhldQ1tSkrwhRRQFVIsDY8HKqD6+es5/RVQ3S7/0n4lJSUXPa+ZM2dKkszAhXUG7NQjTz6G8wCi653NbZKkuxbyhwYAAAAAwPXJlKGQolJPd11oTJ58LOcvGUVX4ErxeP2N3jfPcqooLyHa0wEAAAAADBrXtj5jV2innmGEFZfCRvLkYzB/5fWe+g8gMrtN+o+/Koj2NAAAAAAA153rq4HNVE9HXm+nnsI69ciTj/U8AAAAAAAAMBDTX1vqWXRVhqw+MXnyMZ0HAAAAAAAAIghZAzW8U08Dde6RJx9LeQAAAAAAACCCYAdqsDNvgJE8+ZjMAwAAAAAAABEEO1AZGeNyBAAAAAAAACIwgzWkkM48YuK4iQEAAAAAAIAITPkXhwzrzCMmjpsYAAAAAAAAiMAMFJPCOvP6xOTJx2weAAAAAAAAiCCsA7W3My88Jk8+ZvMAAAAAAABABGa/RSYNXHwiTz6m8gAAAAAAAEAE/XagMjLGzQgAAAAAAABE0H8HKiNjvIwAAAAAAABABHSgMsb3CAAAAAAAAERgWpYVVlQiJo6nGAAAAAAAAIjENGSEdeQRE8dTDAAAAAAAAERiWv6qUrAzj5g4nmIAAAAAAAAgkmAHKiNjPI4AAAAAAABAJL0dqIyMcTgCAAAAAAAAkdgNGbL6dOYRE8dLfC3UNbRdmwcCAAAAAADAFWe3ZMkwDFkWI2P8jddCUUHGNXkcAAAAAACAwaiyujnaU4jIDO3IY2SMtxEAAAAAAACIxLRkyZB/TUijZ21IYuJ4iQEAAAAAAIBITMnoKSqFdOaFxOTJx3YeAAAAAAAAGJipQDEptDMvJCZPPrbzAAAAAAAAwMDMQDEprFOvn5E8+VjMAwAAAAAAAJGYluUvJgU79aw+RSby5GM4DwAAAAAAAERiyujTkUdMHE8xAAAAAAAAEIHZtzOPmDi+YgAAAAAAAGBgZmBtyEBnHjFxfMUAAAAAAADAwExZ/qKSAh15fTr1yJOP6TwAAAAAAAAQgemvIYV05Bnq06lHnnwM5wEAAAAAAIAITH9NKbRTj5g4jmIAAAAAAAAgAjPYkRfs1CMmjqMYAAAAAAAAiMD015BCO/N6474jefIxlwcAAAAAAAAi8K+BavXpzLPCO/bIk4/ZPAAAAAAAABCBvwPV6NOZR0wcLzEAAAAAAAAQQVgHKiNj3I0AAAAAAABABKZl9TTi9XTmERPHUwwAAAAAAABEYhoKFJP8HXmG0ScmTz6G8wAAAAAAAEAkpiV/MSnQmWf16dQjTz6W8wAAAAAAAEAkZqAjL9CpZ/Tp1CNPPpbzAAAAAAAAQCRmeKee0adTTyJPPpbzAAAAAAAAQCRmYCnIYGdeWCyRJx/LeQAAAAAAACASs2dJyLBOPWLieIkBAAAAAACASMzg2pCBzrx+RvLkYzUPAAAAAAAARGK3ZMmQEdKZZ8noWSsyGJMnH6P5wez48Qpt275HtbUN6nK5lJmZrhsmjtWN82cqMTFBlmXpl//xez288i7l5+VEe7oAAGCQ6+xyaevWEh05ckJNza1KTLBrWNFQzZ87XSNHDovq3Hbs3KfKMzW6/75bozoPAAAQm+zB4lKwM8/o07lHnnzs5gerA6VH9NbbH+vG+TM0b950JSUlqr6+UbtLSlVRUa0vPnKfvF6f2tra1dHRGe3pAgCAQa6726Pn/viGDMPQwoWzlJOdqY6OLp06fUYvvvyOPr/ybo0YURi1+bW1dai1pS1qjw8AAGKbvwPVMPrv1JMh8uRjOT9YrVu/XfPnTdfSW24MbisaNlTTp01UW1t7VOcGAABiT9nhY2poaNJ3/uwxOZKTgtvHjRup+fNnyJGcHNX5AQAAXE323o68fjr1FNqxR5587OUHK4/Ho/T01PO2G4ahtLTw7e3tHVr16vs6cbJSpmlqyuQJunXFIhk9axhYlqVNm3dpz95DamvrUFZWuubPm6EZ02+QJG3YuEOdnS7dduvi4H3W1zfqf37zgp54fKXycnuXB1jz4UY5nSlauGDWVXz2AADgWvN0e5SYYA8rngakOlPC4pOnzmjdum2qrWuQ05miKZPHa9HCObLZTEnS4SMnVLKnVNXVderu7tawYUN15+03KysrQ5K0c9d+nT1br+HDC7Rx005lZqTpi4/cJ8uytG37Xu3ctV/t7R3KyszQ7FlTNHv2lOBj79t/WJs271JLS6uG5GTp9ttv1rDCfElS6cFyfbx2i5746ko5HBR8AQDAxTP9a6CGXJ2cmDiO4sFq0g3jtXnLbh0+fFzd3Z6I+65es1HFxWP05Ne+oHvuWqbdJaXat/9wML9+ww7tLjmou+9cqj/71pd00+K5+vCjTdqxc78kKXdItvbtL5PH4w3eZs/eQ5KkvXvLgts8Hq/27itTfv6Qq/CMAQBANI0dO1Jen0/vvveJzp1rGnC/iopqrXr1fd04f4b+8nuP67FHH9Cp01X6ZN3W4D7l5Sc0sXisvvLYg/rGk48oKSlRb7+zNphvbW3XobKjKtlzULeuWKQH7v+MJOmTddu0dWuJli9bqG9+/YtasXyRTldWy+v1SZLOVNXo8JHj+twDt+vJr31B6elpeu311cH7TU9PVWFhvhIS7FfpVQIAALHKrj6decTE8RUPTiuWL1RmZprWb9ihV19frSFDsjR8eIEmTRx33vpj8+fN0JTJEyRJaWlOjR5VpIqKKk2fNlHd3R5t3bZH996zXKNGFUmSJt0wTs3Nrdq8ZZfmzJ6i8eNHyTRNHT12ShOLx8iyLB08VK5FC2dp794yrVi+UIZhqPzoSSUmJGjM6OFReU0AAMDVk56eqi8/9qDWb9ih3z79sux2uwoL8jRmzHBNnVKs5J7O1HUbtmve3GkqLh4jSXI6Hbr7zqX67dMva/myhZKku+9aFnbfc+dM03N/fCN4sU/Jf1bN51feFbxft7tb27bv1Z133KIbJo6VJKWlpWrMmN7jjsTEBH323luDBdLFi2br6WdXqbm5VRkZaRpeVKDhRQXX5PUCAACxxS6FrBXJyBhn42BlGIbmzpmmuXOmqbOzS2dr6nXq1Bm98ur7mjRpnG6/bUlw36FDwztCU1Iccru7JUnnzjXJ6/VqxPDwouuI4QVa+8lWtbV1KC3NqRsmjlXpwXJNLB6jkyfPyDRN3bR4rvbuLdPJU2c0elSRSkvLNXny+OAvPgAAILYMycnSA5+9TT6fTw0NTaqqrtXBg+XauGmXHv2Tz2pITpYqK8/q9OkqlR48GrydZVmy22zq7vYoIcGu4ycqVLLnoBoaGmX5LDX0dLR6PN5g8TM7OzNYPFXPMYvP59PICBeqys7ODOsuTUlxSJLc3d1X5fUAAADxI9iBysgYn+Pg53Aka/SoIo0eVaSRI4bp+Rff0uKFs5XcczEH0zTPu03guXu8/tPyfT5vWN5ms/n362nTnTa1WH/445tyudw6UHpYU6dMkGmamjRpvEpLj6iwIE/Hjp/SVx773FV+tgAAINpM01RubrZyc7M1fdpE/e73r2l7T3eoaRp68IE7NH7cqH5vW1vXoBdefFv33L1ME+9eroQEu6qra/X0s6uCxx2SZPb5g6zP5z9N34pwCpGtn2Me/40u73kCAAAEmL3nMfvXhpTVM4bE5MnHbH6Qahho7bGeJxVYC+xChuRkyWYzdbqiOmz76YoqOZ2O4IWqhg0bqvT0VJWWluvwkROaMqVYkjR1ygSVHT6uAweOKCc7S3l5Of0+DgAAGNxaW9uCZ7D0J3DsMTQ/V6dOnRlwv9raBtntNk2dUhzsFh3wuCbEkCHZstttOhnhvgEAAK4Wu/9KOlZvR57hP705NCZPPmbzg1BbW7t+89uXNGb0cBUXj1FWZrpsNlM1tQ3auGmnxo0bqYyMtLCLPg0kKSlRc2ZP1UcfbVZSUqIKC/JUUVGtDRt3asXyRWH7Tp1SrPdXr1dBQa5ysjMlSfn5Q5SRnqYP1mzQ8mULrtpzBgAA0bVl6x6VlR3TzJmTNXToEKWlOtXZ6dL+A4dVVV2r5cv965vedNNcvfzKu0pPTwuunV5+9KSOHjulz6+8WwUFefL5LO3ctV8zZ0xWXV2Dtu/Yd8HHT0xM0Ly507V27RYlJSaoqKhA9Q2N2r//sO65e9kFby9JFZXV2rFjn+69Z7nsdi4kBQAALp5dPYu1W5YVLDYZMoKLuFvkycdwfjBKTXXqya99Xlu379GWLbvV0tomwzCUkZGmuXOmac7sqZIkm81UWppTzp71vwLS051yuz3BeNnSBUpOTtIHqzeotbVdGRmpuu3WxZra02UaMH3aRO3avV9z50wL2z537jRt2Lgj2JUKAABiz60rFik/f4gOHizXrt0H1NXlUkqKQ8MK8/TYow+ooCBXkjR6VJFWfu5Obdi0U+vWb5PdbtewwnzdtHiuJCknO1MrH7pTq1dv0NpPtqqoaKhuv+0mrXpttex2/xJCaWlOpWeknTeHW26er+TkJH2yfptaWtqVmZmmBTfOlGEY/tv0nDkTkJSUqJQUhxwO/7JGLc1tqjxTo+5uDwVUAABwSYwV3yyzAh16vWNA3+3kycdW/q1/Hef/KmQ9Lf/Xgf39cSDvH6zgNv+/0G2B2/tjV7epooIMAQAAAAAAoH+V1c1KSvD1NLsZMgxDhqGQWD3bjLBtkkK2KVjPCW2aC3ztdnVIkkpKSi56XjNnzpR610A1etaGNHrXjAyLyZOP0TwAAAAAAAAQgRlcI9IIWTPSsnrXiiRPPpbzAAAAAAAAQARhHaiSgsWl8O3kycdoHgAAAAAAAIjAHtqhFywuERPHSwwAAIAL6nRZOtfiUZfbkrubYyjEh8QEQ8mJhrLT7XIk0XwBAPHMDF4wp6e4REwcTzEAAAAia2j26mS1Wy3tPoqniCvubkst7T6drHarodkb7ekAAKLI9Dfk9XbmERPHUwwAAICBnWvxqrbRE7bN/wdpILb1/TmvbfToXAtFVACIV3Z/LcnfmWcY4Z16Rj8jefKxlB/samqa1dLaKdNmqr3dFe3pIAY5U5Lk8/mUnu5Qfl5GtKcDALiG3N2W6kKKpx1dXrV3eOWzLHmpIyHG2WySzTSU4rApJdkmSapr9CjVYSoxYfD/HgEAuDT2QEdeWGdeSEyefCznB7Oyw1XKzU3XsGHZciQnxERBGNcfy7LU2dWtzk63Dh2u0g3FhdGeEgDgGmlq9crXc7jU0eWV1+PT1HEOZaXboz014Jo419ytoxUudXRJKck2+Sz/+yIvm/cAAMQb078kpKHe0eoTkycfu/nB6lDZGRUNy1ZOdqpSHIkUT3HVGIahFEeicrJTVVSYpbIj1dGeEgDgGnGFrHfa3uHV+BHJFE8RV7IzEjRueLI6Ontbrl2sAwwAcck0FOjQ6+nM6+k4CnbukScfw/nBqLauRUPzM5WamhztqSDOpKU5lJuTppra5mhPBQBwDXS6fFLPsZPPsiieIi5lZ9jl8ym4JmqXe3D+DgEA+HRMS30683o6joIde+TJx3B+MGpu7lByckK0p4E45XAkqKW1K9rTAABcA6a/1UKGYbDmKeKax9t7/YRB+isEAOBTMkM79azQjr1+OvnIk4+1/GBkmqYcjsRoTwNxyuFI7PmPAwAAAACA+NCzBqp6O/Okfjr1yJOPzfxg1N7hivYUEMcMw+BnEAAwaHz3ez+I9hQAAEAMMANLQUbu3CNPPjbzAAAAAAAAQCRmeGee+nTuGSJPPpbzAAAAAAAAQCRm6NqQgU49K7RTjzz5GM4DAAAAAAAAkdh7logM6cyziInjJo51lmVp8+adeu/9tfrrv/qm0tNTw/JVVTV65dV3dPp0lVJSHLp5yXwtX7Y4avPF1ffqa+9Ikh64/65oTwUAEOfWfLhBx0+c1pNf++IVv+///p8/aPy4UVf8fgEAQHyyK1BMCunIIyaOpzhWuVwu/fq3z6ury6XWtna53O6wfGdXl/7jv57VzUtu1Fe//LBq6xr0zLMvyeFwaOGC2VGbN66eV197R6tefScYU0QFAETTrJlTNG7s1SlyfubWm5Wenqo331pzVe4f16/2Lo9WbanQvHHZKi5KDzZNWJalkzVt+nh/nVYuHq40R0K0pwoAGERMhXag9mwkJo6nOFb5LEtzZ0/Xn3/n8X7zO3bsVUFBnm67dYlSU50aM3qEPnvf7Vq3fss1nyuuvr7F01WvvhPsRgUAIBpycrI0evTwq3Lfo0cPV05O1lW5b1zf3t1+Rn9YfUx//9QebT/cIMuyZFmWSo416u+f2aMXPz6uN7dURnuaAIBBJtiBysgYr2OsciQna/78mfL5fP3mT5ysOK/rY/y4UXr2d3VyudxKSkq8RjPF1da3eBoQ2EYnKgDgSti796AOHDys5KQk7dlbKpvNppUP3aPWljat+XC9WlrbNWvmFD288h4ZhqFdu/ap/OgJff7h++Tz+fTe+2u1Z+9BtbW1KyXFofs/e7umTC6WJK169V1lZWXqyJFjOl1RpezsTD32pYe0YeM27dlTKq/XpzvvWKZFC+dIkl586U2NGTMyyq8IomHRpFy9seGkKmvb9c/P7dWPn5gtR5JdP/ldieqauzQ0J0ULbxgS7WkCAAYZu2TJkBHsyAsbjcAFd8iTj818PGtrbde4Pr9YpKY6/bm2dgqoMeSB+++iSAoAuOra2tq1ffse/ekTj+jBB+7U9h179MyzL2v69Bv0t3/zbXV0dumffvJLzZwxWcXFY9Xa1q7mljZJktfrU2qqU9/6xmPKzEzX4SPH9PQzL+nHP/pr2Ww2tba2a9fu/fqLP/+acnKy9PwLb+hnP/9v3XfvbfrfP/y+Dh85pl/9z3OaM3uakpIS1drartbWtmi/JIiCwiEp+quVk/Uvz+1RRU2LfvjrbTINQzX17crPduj7D0/R6IK0aE8TADDImOopLqm/Dj1LIk8+tvPxK9IasIYZ59VlAABwWYYXFWhyT9fo5EkT5HK5tGLZTbLZbEpLdWp4UaFq6xrOu11Cgl03L7lRmZnpkqTiCWPldneruaU1uM+8uTM0ZEi2DMPQ5EkTlGC3a+GCOcH9LcvSucama/Zccf2aPn6IfvS1uRqWnaAz1Q2qqKpXQWaCfvj4XM0pzo329AAAg5BdwY68CJ165MnHaD6epaU51drWHrYt0KmR6kyJ0qxwNQx0Cr8kPfgA3akAgCvH6XQGv7bb7ZKk1NTe4wqb3Sav13ve7bxer9at36qyw8fk8XhkGIa8Xq+83t6liJwhxyd2u03O1PDjFbvdJp+3/6WLEH/spqXurnZ1d/mPb12dhmwGPx8AgMtjKtiRF6FTjzz5GM7Hq1Gjhuvo0ZNh28rLT6iwMF+JiZy+H0seuP8uPfjA+UVSiqcAgOvF9h17tWXrbj326Of0nW9/VV97/JHg1dOBS1VSdkbf/clrOnbqjIZk2JSflaBTldX63k9f1/b9p6I9PQDAIGSGnsdsSCImjqs4js2dM11V1TX68KON6ujo1MmTlXrjrdVaesvCaE8NV0HfIirFUwDA9cYwDCUk2GVZlj76eGPE5YaAgZysbNDf/uxVlZ+oVHaqqZ99/y794m/vVV6mXRVV1fq7f31dh45VR3uaAIBBxh56JR1LEjFxXMUx7MSJCv3yP56Wz+c/VenH//QLmaap737ncY0cMUwpKQ594+tf0iur3ta7732s9LRULVu6SPPmzoj21HGVhBZMKZ4CAK601FSn0tJCT+G3KTMzXQkJCcFtaWlOpaWl+r9OdSoj3f/1/HkzdPZsrX76L/8pu92/HurQoblKTk4K3i5wsUtJSnGmKCMjPezxs7Iy5HAk9+yfGnwcxJdNu8t1tq5OGanJ+sdv3qGJo/NlGIZ++K279A//vkr1DQ3aUnJUN4wtiPZUAQCDiLH86wetnsuVi5Ex3sa3/22cJIV1OPi/NoIlVsuygnn/YAW3+f+Fbgvc3h+7uk0VFWRc0TftvgMVmjZl+BW9T+BS8DMIAPHhaKVb3R7/MVBVrUvL56Vf8DbXm+9+7wf6v//2/0Z7GriGOrvcev6tzZp2wwjNnjw6bCmIg0fPaP32Q/qT+xYr1Zl80ff50fYWFeb5i/kJdkPjiljuCgCutMrqZiUl+Ho+tw0ZhiHDUEisnm1G2DZJIdsUrOeEfv4Hvna7OiRJJSUlFz2vmTNnSmEdqIyM8TgCAAAAiBmO5ER99aFb+s1NGjdMk8YNu+ZzAgAMfmaw826AkTz5WM4DAAAAAAAAkZhG6GnNUvhpzoE2V/LkYzQPAAAAAAAARGIGiklhnXrExPESAwAAAAAAABGY/o688zv1wmLy5GM1PwilOJOiPQXEMcuy5EzhZxAAMDhwASkAAHAl+NdANS7QqUeefIzmByPLZ6mz0x3taSBOdXa65Rukf3wAAAAAAOBynLcG6nXTGUie/DXID0aZ6Q51dlFARXR0dHYrPd0R7WkAAK4hy7Jktw/OPzwDV4LdzhJgABDvejpQe/9DCIuNPjF58jGWH4xyc9NVW9eqtrauaE8Fcaa5pVMN51qVn5se7akAAK6BpITeP0CbhnSu2RPtKQHX3Llmj0yjpxEj5H0BAIgvwQ5URsZ4HAeriRMKVFnVqIZzrerocPEXcVw1lmWpo8Ol+oZWna1pUvH4gmhPCQBwjYQWilIcNh2t6NK55u6ozgm4ls41d6u8oktOhy24jQIqAMQnu9VTTGJkjMdxMJs4oUA1tc06U90k0zDU3uGK9pQQg5zOJPl8ltLTHRRPASDOZKbZ1Njqlc+SUpJt6uiSSo93yevrlNcb7dkBV5fNZshmSk6HTY5kfwHVNPzvCwBA/LEbPR1Gwc48GX1i8uRjNz/Y5edlKD8vI9rTAAAAMSgxwVBull015/yn7qck25SSbIuJP0QDF9Lfz3letl2JdKACQFwyrZ51jazA2pCy+sTkycduHgAAAAPLTrepYEiCbGbvcRPFU8SD0J9zm2mocIhdWXSfAkDcsgc78gJ/ZQvGfUfy5GMvDwAAgMgyU02lOhLU3OZTa4dXnS6OoRAfHEmG0lJsykyzyWZGezYAgGiyh3bkMTLG2wgAAIALs9sM5WTYlJNBBx4AAIg/pvp05hETx1sMAAAAAAAADMRUYI1I9XbkERPHUwwAAAAAAAAMxAysDalgZx4xcfzE8e7QoaNqb++8qH2fevplfbJu21WfEwAAAAAAwPXEtCQF+vD8nXmSIaNPTJ58bObj3QerN+j4idMXte/06Tdo9Kiiqz4nAAAAAACA64ldkgJ9eMHOPPXp1CNPPobz8cyyrIt+HWbPmnLV5wMAAAAAAHC9saunIy9YVAqL+47kycdWfjDbtfuAduzcr9bWNmVlZWjB/JmaPHm8JOns2Tq9/sYa3XPPcq35cJNqaurldDq0eNEczZh+g3bvLtX7q9dLkt5+Z63efmet8nJz9MTjK7Vz136dPVuv4cMLtHHTTmVmpOmLj9yn115frdGjh2vG9BskSd3dHn2ybpsOHiqXx+PV0PwhWrZ0oQoKciVJHo9HH360WWWHj8vt7taQnEzdOH+mJk0aF8VXDQAAAAAA4NL0dKD26dSTNcBInnzs5QejTZt3a/+Bw7r/vluVnz9ENTX1euGlt5WUlKhx40aqvaNT5xqb9fHHW3TbikXKysrQnr2H9O57n2jEiELNmjVZ06dP1C9++axuueVGTZ1SLJvNlCS1trbrUNlR1Tc06tYVizS8qECS1NzcqubmluAcXnn1PSXYE/TVLz+k1NQUHTx0VM+/+Jb+9ImHlZrq1PoNO1RVXavHHn1AqakpOl1RpUOHjlJABQAAAAAAg4oZGhgyFFpT6tuhR558LOcHi+5ujzZv2aU7br9Z+flDJEn5+UN085L52l1SGrbv8mULVFiYL4cjWQtunKnExARVVp6VJNlstp7RlN1uC1sT1jAMfX7lXZowfrQcjuTz5nD6dJUqK8/q3nuWKy3NKcMwNHnSeI0dO0KlB8slSQ3nmjRyRKGystKVkGDX2DEjdPddy67qawMAAAAAAHCl2UMDS5ZCa0p9O/TIk4/l/GBRV39O3d0evfPuWplm799A3O5u5eflhO2blzckLE5OTlK3u/uCj5Gdnank5KQB82eqatTd7dFTz7wStr2ry6UhOdmSpBnTbtDrb65Ra1u7RhQVauTIYcrJybzo5wkAAAAAAHA96C2gWgorLhETx1U8mPRc9OmJr65UYmJCxF1N8/wneTGFY9O48IszNH+IvvqVhwbMjx8/St948hEdO16hyspqrduwXWPGDNd996y44H0DAAAAAABcL3rb1/rWS4iJ4ykeRIYMyZbdbtOpU2c+9X3ZE+xyudyXfLuhQ3NV39Co9vbOiPulpjo1fdpE3XXnUn35Sw+qtLRcTU0tEW8DAAAAAABwPTHPa0YjJo6neBBKTEzQjfNn6r0P1uvwkRNqb+9UfX2jPvp4s9Z+svWS7quwMF8lew6qurpOra3tF327USOHqbAwX6+8+r7OnDmrjo5OVVae1auvr9bhw8clSW++9ZEOHjyqzi6Xurs9OnrslBITE5Sa6rzk5wwAAAAAABAt9qh3/hETRzMepJbcNFdOp0Pr9lErAwAAIABJREFU1m9TY2OLnE6HxowersWL5kiSnCkOpaenhq2RKkkZGWlKS0sNxretWKS3312r3/3hNSUmJugrjz2otDSn0jPSznvMjIw0paf7txuGoYcfukvr1m/Xq6+vUUdHpzIz0jR58gSNGTNCklRcPEbbtu3R+6vXy+v1amh+rj7/8N2y221X+dUBAAAAAAC4coxlTx60ZPiXVTSMkLUh+4zkycdi/p1/Hy9Jsqze1lT/14Gd/HEg7x+s4Db/v9Btgdv7Y1e3qaKCjKi8uQEAAAAAAAaDyupmJSX4ZBiGJEOGYcgwFBKrZ5sRtk1SyDYF6zlGyLVdAl+7XR2SpJKSkoue18yZMyVJpoIPFvI4/YzkycdkHgAAAAAAAIjADHbeBQZi4jiKAQAAAAAAgEhMwzB6T2sOtLUSE8dJDAAAAAAAAETi70A1ejvziInjKQYAAAAAAAAiCXagMjLG4wgAAAAAAABEEt6BGjZqgO3kycdOHgAAAAAAAIjENGTIsqywzjzLkv+q5ZZEnnws5wEAAAAAAIBITEtWT1Gpt0PPCO3UI08+hvMAAAAAAABAJGawIy+kU88K69QjTz528wAAAAAAAEAkZrAjL6RTz+jTqUeefKzmAQAAAAAAgEjM8zrziInjKAYAAAAAAAAiMc/rzCMmjqMYAAAAAAAAiKS3A7XPqAG2kycfS3kAAAAAAAAgEn8HqozezryeUaExefIxmgcAAAAAAAAisUvqLTL107lHnnys5webyurmaE8BAAAAAADEsaKCjGhP4ZqyS+pdEzK0U8/qZyRPPsbyg1W8fVABwLVUWd3M5yxwHeK9CQAXh89LXG3x2NhlKrQzT6FrQ/Yzkicfc3kAAAAAAABgYKZ6ikq9a0ISE8dTDAAAAAAAAAzM9A99O/KIieMpBgAAAAAAAPpnSpKh0M48YuL4igEAAAAAAICBmJJ61oZUT1GJmDi+YgAAAAAAAGAgpr+GFOjEMxQaG31i8uRjLg8AAAAAAABEYPprSCEdeSGx1ScmTz7m8gAAAAAAAEAEvR2oA3XqkScfy3kAAAAAAAAggt4O1IE69ciTj+U8AAAAAAAAEIFphdWQDFkhNaawmDz5GMwDAAAAAAAAkZhGWA3JUjA2+sTkycdgHgAAAAAAAIikpwO1tzOv/5E8+djMAwAAAAAAAJH0dKD2duaFjVYgJk8+NvMAAAAAAABAJGbEzj3jAp195MkP8jwAAAAAAAAQiWkY/mJSaGee1adzjzz5WM0DAAAAAAAAkZiBYlJoZx4xcbzEAAAAAAAAQCRhHajBzrw+MXnysZoHAAAAAAAAIrFbliWjZ61If1GJmDh+4niy9pOtOlR2TF94+B5lZaWH5dzubv36ty9q6pRiLblpbtTmCACDVVNTi373h9d0w8SxunXF4qjOpaOjU/v2H9aUyROUmpoS3P7aG2t07Ngpfe6B2zVqVFFU5whcS2Vlx/T6mx/K5/MFt5mmqcyMNE2cOFYLF8xSYmLCVZ3DqVNn9Nrrq7V8+UJNnVJ8VR/rUrW0tOm3T7+szs6u4Da73a70NKdGjirSvDnTlJOTecn3e6T8hLxen26YOPYKz9jvpZffVXNLq5746koZF3lgP9DnI4Dz7di5Xxs37tCtty7WlMkToj2dy2ZZlnbvLlVBYZ4KC/KiPR0MYqah0OKSREwcT3E8qaioVlNTi15e9a7c7u6wXHNzq5qbW1VZWR21+QHAYNbY1KK2tg6dOVMT7alo774yfbx2i0r2HAzb3t7WIbe7W64+/wcAsa6mtl4+n095uTmaPm2ipk+bqOIJo9Xlcmvzlt16ZdV7V30O1Wfr1NHZpdrahqv+WJfq3LkmdXZ2KTk5SePHj9L48aOUm5ut9o5OlZSU6jdPvaiDB49e8v2+/sYavf7GGllX6aC7orJadXXn5HK5L/o2A30+AgjX0dmltZ9slc1u14cfblJ3tyfaU7ps1Wfr9MGaDVq7dku0p4JBzm4FL6xzfXUGEhNfizge1dc36s23PtLnHrw92lMBAFwFXq+/y87n84Ztf+QL98jlcsvhSI7SzIDoGjt2hJbecmMw7uxy6b9/9UedPHVG5xqblZ2VcVn3O9iPKwPlzeysDD304B3B7d3dHq3fsF3btu/Vm29/pIKCvPPOYorE6/XJsqzr6vUZ6PMRQLidO/dJsrTyc3foqWde0Z69hzR3ztRoT+uyeL3entF3wX2BSOzXSycgMXE04niUmZmuI+UntGHjTt20eM6A+52uqNKOnftVWVGtzi6X0tKcmjZ1YvA23d0e/ed//0HFxWOUl5ujTZt3qavLpfHjRumuO5dqy9bdKik5KJe7WxPG+7clJNglSS6XW+vWb1dZ2TG53G7lDsnWkpvmacyY4dfsdQCAaDh7tk7r1m9XRWW1LMtSft4QLVo0W2PHjAju09Xl0voNO1RWdkydXV3KyszQrFmTNWf2VDU3t2rzlt06fqJCra3tSk5K1NixI3XrikWy2+36j//8vdo7OiVJmzbv1qbNu5WTk6knv/YFbd22R1u37dFXHntQWT2FokNlx7Rla4nq6hqUkJCgkSMKdcstNyon23+67qlTZ/TSK+/qvntX6NSpMzpQWq7ubo/GjB6uu+5aKkdyUpReSeDTcyQnKTMzTZ2dXers7FKr3a6nn31F06ZO1C03zw/u99unXlJycpK++Mh9kqTnX3hLHo9Xt9w8Xx+s3qCGc0365tcfUWqqUzt3HdDOXfvV3Nwqp9OhicVjdMvNvUVbj9erNR9uHPC9dKHjL0kqLz+pDZt2qq7unBIS7CosyNOCBbM0ckSh1NNR+vHarTp1+oxM09SwYflasWyhsrMv7TT8hAS7li9bqOrqOp2uqNLuklItX7ZA6unk3L//sGpq6+XxeJWTk6nFi+ZoYvEYbdu+Vx99vDl4Pz/9l1/JMAzde/dyTZ48/rLmd+z4aX2ybpvq6xuVnZWhZT3zCPVpPh8lafuOfdpdUqqWllZlZqRr5sxJmjN76nVT/AWuFbe7Wzt3HdDkSeM1dGiuxo0dqa3b9mj2rMkyTTO4X+WZs3r+hbf0mduWqLq6VgdKj8g0Tc2fN10zZ07W+x+s17Fjp2Sz2TR3zlQtXtT7OXah46HW1vZL+jy+eck8fbR2s2prG5Sa6tQtS+Zr8uTxennVeyovPxmc7z/99L+UkGDXE199+JL+IARIkun/i6BkyQrpzPP/JTI8Jk8+9vLx6P77blVmZro2bNyhI+UnBtxvw8adqqqq0bhxIzVv7jSZpqkNG3cET3lqampRe3undu8u1ZatJRo3dqSSk5N08NBR/fq3L6r04FFNKB6j5OREHTx0VDt27pN6/vL3xxfe1K7dB3TDDeO0bOkC2e12vfDS26qsPHvNXgcAuNaam1v1++de1/ETFZowfrSmTJ6gmtp6vfjSOzp8xP957PP59Ifn3tDOXfuV7EjS1CnFSkpK1NpPtsrj8Wj/gcMqPViugoI8zZ83Xbm52dp/4LA+WL1BdrtNixbN1ojh/iJKUdFQLVo4SwtunCVJqqw8q64ulxrONUmSyg4f12uvr1ZTU4tmTJ+kUSOH6fCRE3rm2VVqbm6Vek576+726JVV7+v06SpNnDhWKSnJ/j/EbdgRtdcS+LTc7m7t21+ms2frZbOZysnOVH1Do9raOlRV1bsUh8fjVU1tgyrP9B6jVJ45q4rKar286j15PB5NnTJBDodD76/eoDUfbpTL5daUyeOVnz9Eu3aXqvpsbfC2u3Yd0P4DR5SdlSHLss57L13o+Ovs2Tq9vOo9uVwu3bxknubOmaaOzi7t23dI6jk+e/rZVaqoqNKCG2dq4YKZqqs7p9/94XV1dbku67UaP36UJAVfF5/Pp/c/WK8ul0tTpxRr5oxJampq0Wuvr1Z9Q6PGjB6uxYtmB2+/cMEsLV40W0VFQy9rfmfOnNWLL72jmpp6paU5JUkvv/Leeafuf5rPx9VrNurDjzYpJztTt65YrMLCPK35cJM2bym5rNcMGMx2l5Sqq8ul2bOmSJJmz56i1tY27T9wJGy/sz3HCG+/87HO1tRrYvEYud3d+mTdNj39zCtqa2vXDRPHyu12a/2GHTrT8zl6McdDl/p5vOq1D5STnaVxY0equblVb73zsdraOzRzxiRNneJfvzUtLVWLFs7S4kVzgp8lwKWwK9CZF+zI67tGJHnysZyPP8nJSXrowTv0zO9W6c23PtKXv/Rgv/t9fuVdstlswXjChNH63e9f09GjpzRzxqTgdsMw9NijDyg1NUVlh4/r1dc+UHt7h779rS/JkZykkSMK9foba1RRUS0tkA4eOqrq6jrNmztdK5YvlCTNmH6D/v0Xz2jr9j36XBFLCwCITes3bFd3t0c3L5mvRQv9v7RPLB6r5198S598slXFE0Zr774y1dY1qKAgV489+kCw08Pn88k0TS1aOFsLF8wK2/7zf/utyo/6uyvmzJ6qri63TldUaeSIQt28ZP75E+n5/+/DjzZJklY+dKeKhg2VJH2ybps2b9mtzVtLdMdnlgRvkpebo69+5SEZhqFTp87oueff1OnTVVf5FQOurC1bS7Rla3hBzDAMLV+2UMmX0U09d860YGfouXNNKikpVUKCXY9/5aHgL+eB925Vlb+Imp6eqse/ulKO5CQdPnxcq177IOy9dKHjr+qzdZKk6dNu0I3zZ0hSWHfqps275HK59dDn7tD4cf7C5/CiAj3zu1e1/8CRyzoFNz09VZLU5fIXOE3T1Pf/4vGweTqdKVq3fpuOHz+teXOnKzd3njZt3i3LsrTkprnBz6x33l17yfPbtn2v1HO8eOcdt0g9hegP1mwI2+9yPx9bWtq0c9d+DR2aq4c+51/CYOaMSWpr79C27XuCn9dAPPB6vdq+fa+GFeZr6NBcSdLYMSOUlZWuLVtLNG1q8Xld2bm52Xrs0fslSfYEu3btOiBnikOPfvGzkiTTZlNJSakqKs9q2LChF3U8dKlu/8yS4AXrfv/c66qoqNaZMzUqnjBaSUmJ2n/giDLSU/s/LgIukl0KrA3JyBh/Y7zKzc3WvXcv16rXPtDLq97V3XctO2+f0xXV2rFjn2rrGtTZ2RVcOLyzqytsv6zM9OBVTAO/LORkZwZPRQtsc7n9XQKBvzxu37FXu3bvD96P1+sLdjwBQCwKXGBqQk83lySNHl0km82mhnNNcru7VV3tL7IUTxgTdppc4OumphZt3LRTZ87UqK29Qx6PN3hl8Uv5v62trUMtLW1yJCcFi6fq6TTbvGW3qqvCL4Y1YkRh8L4zMtKkkM91YLDIy81RQYG/IGCz25SRnqbiCaMv+dT2gOnTJga/rq72FzaHFxWEdTaFvo8lafy4UcFjpPz8IVKf99KFjr9GjSxSQoJdn6zbpuMnKlQwNE+jRg0LnvYa6Mx6+ZX3ZLMFCon+v5o0N7dc1vNsafEfn4UWmffuK9OB0iNqPNcsl9stj8e/xmBnZ+Qu18uZX23dOUnS1CnFwW2zZk3Wmo82BT//9Ck+HwPHpmfP1umf/8+vgtsD6yW6XG4lJSVGfF5ArNi3r0xt7R1yud16460Pg9sbG/3vz8OHj2tiT6EyIPQ4Ii3V//k3rJ9tga7xizkeulSjRxUFv87MSFNFRfUlXWAOuBjBDlRGxvgc41dx8RgtWjhbmzbv0muvrwnLNTe36oUX31ZSUqJuu3WxcrKz1NLSqlWvfdB7pYEepi38FwP188uCpPNud/OS+ZpYPCZsm9Pp+DRPCQCua4Ff3n0h/wH5fP6LrCikUy2SF156W42NLbp5yXyNGlmohMQEPfPsq/J4PMECwcXUUPubi3pOj+tvuy3ksz5wWyve/yPFoNP3IlJ99ffWCVx8pD/2nrXdJck0e94XfQ94+t7G3tu12fe9dDHHX1lZ6Xrya1/QgdIjqqqq1f79Zdq2fY+mTZ2ou+9aGrzvLz16vxzJIReMM6SM9LSIcxtIefkpSdKwwnxJ0oHSI3r/g/XKzx+iu+5aqrRUpw6Ulmvb9j3nH/AN4JLm1/P6JCWHFzH7FkQ/7efj+HGjtGxp+NqqiYkJFE8RNyzL0pZte6Se612Ulpaft8/mLbvPK6D2d+xi6+d3xMDnw8UcD13q53H4HAK37nm8fu8NuHT+DlQZPWtE9nTmERPHSRzvbl4yTzU19Tp67FTY9oaGJlmWpaJhQzVlsn/NmIZzjVfkMQsL87W7pFS1tfVhp0RZlhX8xR0AYlFBQZ4azjWpvPyE8vNyJEmnTlXJ5/MpKytDyclJKijIk0pKVVZ2TDfOnxH2C4HX61VjY4sSEuzBz8/W1jZ5PJ6wx0lM9P+y39g0cLeZ0+lQenqqWlr+f/buK7qt69wX/R8gWNBIEOy9ipREiUViUaEaVaxuW7YsK5Lt7MRx4uy9s8+44z6ccZ7u8x33jJ2cbCc5OYmd2HIsy1azilUsUb2REkVKFKtIir2TIAGwACDuA8BFLBCgqBZLwP83hsf0t76FhbVgYxKY+OZcerS0dCAuLgoA0NjYAgCIjgp/Aa8A0cttcqBsaEgvbJt8TzxOlP0909LSiaEhvTDt/UnM9vNXYKAKy5ba+gCLZQK//+RzVFXXY+uWNYiJjkBf3yC6unqF9QthHwxxPaDhnslkxuUrJWhuaYePjxSLcjIAAD32itCM+XOQmpIAALh95/60x/v7+2F0dAyDg0NCle/TnF94eAj6B3R4+LAZ4WG2vrO5pUM0mPIs/ePkf7vunj4EBqqEm57CoWKOyBs8qKrH4OAQli1dJLpx06QTJ4tRXlGNhoaWZ7r572w+Dz1Lf+zMz88XAKAbGvb6maj0bGwVqLZb6kxV5jFm7DUxvb59HT77+0H0228qAgCRUWHw8/NFQ2MLLl8pASBB2d3K5/J88+elorS0AlXVD6H7/BBiYyIxMjKC+vpHiImJxDs7Nz+X5yEi+mea/Cje2zeAfV8eFeX8A/ywedNqLFu6CNU1Dbh0uQQ9vQOQy/1x335DhvXrlgMAMuan4tatcnR29eIvfz2A+Pho9PUNoKd3AP/tNz9FdHQE2tu7cOz4eUREhKC8vBo+Pj6igYSEBNtNUh48qMeIcRQ+Pj7YsL5w2smuXJGP4yfO4+tvTmBBRhpGR8fwoKoe/v5+WLki7wW/YkQvn/DwEMgD/NE/oMNX+49BqVQI62c+jkYTiKzMuSivqMann32DtLQkjI6Oof5hMz54f8esjjGbz18XLt7Evfs1mJueDI0mCIODQzAaR4Tpq8uWLUZNbSNOn7mMxsZWBAcHon9Ah4aGZqxeVYCC/OxpzzvZf/X1D+LANycBAHqDEf32qbQ+Pj7Yvm0tNBrbHasT4mNw/UYZbpVUwMdHir7+QVQ+mF6plpgQg+qaBnz51XeIiY5AWFjIU51ffn4WqmsaUHzhBrq6eyEPCEBVVb1oHx8fn2fqHxctysCdO5X481/2IzUlAVZY0djYAoNhBP/3//XhrP77Eb3qbtjXiM7KnOcyn5M9H+UV1bh2484zDaDO5vPQs/THzkJDg6FSKjA8bMCnn32DIE0gMhekI+0p1lol7+aTuPjX/49tBN5qL22eHJG32v+cTsXMM+9p+b2bQty8NZ7Pr1KWCQkC1QGz2HP2hvRjT3XM3r5B6PUG0eL6sE8lS06KQ21dE5KT45GUaFtbKy4uCl1dvaipaYTBYMSWTavR0tqBlBTbPn5+viivqEJcbBTS7VPxpVIp7t2rQWJSrFCR4CuTobyiGnNSE5CcFAepVIr58+dgYmICHR3daGpqhUFvRHJyPFatKoBC/nxfLyKiJ/U0/axEIsG9+zUYGxuHbmhY9I/BYERGxhyEhgYjNTURw0N6PHrUho6OboSFhWD71iIk29cvnOwjx0bH0G2/06yPjw+WLs1BVFQ4UpLjMDAwhLr6R+jq7kV+fhb8/f3g6+cr3OBPqVRAowlCb08/urr7YJmYwKKcBRgZGUVnVy+WLV0EuTwAERGhCAvVoq9/EI2NrRgY1CE5OR5vvblRWOfUYrGgqvohsrPmISLctl6jr68v7lfWIjY2EnPTU2Z4VYier6f9DDQ6Moa6+kdYvGgBwkK1bveTSqWIjgpHZ1cPOjp7YDabsXnzagzp9AjWBglrcDY3t0MiAZbkZ4sqmeakJkIm80Ff3yCaW9oxOjqGzIVzMX9eKqxWK2rrGrFwYbqw9qmvry+qquoRHROBuekps/r8pdEEwmAwoq7+EWpqGzA4qMO8uSnYuHEV/Hx9IZcHYO7cFBiNI2hu6UBLSzvMZguys+YhLzdTtISA43Xfu1eD0bFx9A/o0D+gw+joGNQqJebOS8W2rUXC3esBIDg4CCqVEm1tnaita4Kfry/WrVuOhw+bkbt4IULs1abxCTHQDQ6ht3cAff2DiI+LRnpa0hOfX2CgClGR4ejp7UdLSyfGxsaxYcMK2+Cu1Af5eZmQSCTP1D/Om5sChSIAfb0DaGxqRV/fIMJCtdiwbgWCgwOf+P85oh/bk/aXk9P356YnI9NhfWdHarUKXV19GBrSY/HiBZiwWlH5oB6ZC9MRZb/h1Nj4OGpqG7EoOwNhYbb+1mQ2CzfCCw3VQqGQz+rz0Gz640fN7ZBKJCgomPrxxaA3oq2tE/l5mVCrVZBIJIiPj0FPTx+6e/qh1xuQMT+N7+1n9LR/kx93TJnP5JiNRFh6ZSqGfZtEtA2AwzYI4zmOf6Mn/91isa2x29nZOevzioqyzdSSrP6o0qEOb2rQSdwyz7xn5r//X7aO13EdN9u/T+5niyfztsYqbLP947ht8vG2eMwkRWxUEJ6n1g7dcz8mERFNYT9L9HLie5OIaHbYX9KL9iL+H2vt0MHfd+I5DaBaXQ6gjo8ZAQBlZWWzPq+cnBwAgHRykMixQs+5co955j03T0RERERERERE5J7UsSLP6jC4BIc1I5ln3nPzRERERERERERE7knhNKgkbuFmO/PMe0qeiIiIiIiIiIjIPan7wSW2bL2hJSIiIiIiIiIick8qvmGOBIwZe1NMREREREREREQ0E6ntPjpTg0qMGXtTTERERERERERENBOpbQxpqjLP6hQzz7xH54mIiIiIiIiIiGYgtZXkTVXmObfMM+/ReSIiIiIiIiIiohlIp1fm4TGVe8wz7zl5IiIiIiIiIiKimUglEsBqdarMs4or95hn3lPzREREREREREREM5HaxpKcKvQk4so95pn31DwREREREREREdFMpI6Vea4q9Zhn3pPzREREREREREREM5FOjiGJK/XgUKnHPPOemyciIiIiIiIiIpqJfQ1UOFXqMWbsHTEREREREREREdFMnNZAdV2px5ixp8ZEREREREREREQzkTquDTlZmceYsbfEREREREREREREM5FODSpNVeYxZuwtMRERERERERER0UykEKY12yrzGDP2tpiIiIiIiIiIiMgdGeBYkceWrXe1r6rWDt2PfQpERB6N/SzRy4nvTSKi2WF/SfR8CRWogHhwyXk788x7ap6IiIiIiIiIiMgdFxWoVhdrRTLPvGfmX1WxUUE/9ikQEXms1g4d+1milxDfm0REs8P+kl40b6xwnlaBCkhmrOBjnnlPyxMREREREREREbkjBaYq8cSt1c125pn3rDwREREREREREZE7LipQX95KQeaZfxF5IiIiIiIiIiIid6TA1CjSZGUeY8beExMREREREREREbknBaZGkSYr8xgz9p6YiIiIiIiIiIjIPYcKVLZsvbElIiIiIiIiIiJyz6EClS1bb2yJiIiIiIiIiIjcm1aBan1MxR7zzHtWnoiIiIiIiIiIyD17BapVqMiTOMXMM+/ZeSIiIiIiIiIiIvekk4NJ4so8CaxWp5h55j0yT0RERERERERE5J6wBqpzZZ5EMnPlHvPMe0aeiIiIiIiIiIjIPelkJZ7VXeUe88x7cJ6IiIiIiIiIiGgm0slKPIm7yj3mmffgPBERERERERER0UzsFagOlXqMGXtRTERERERERERENJOpClS2bL2wJSIiIiIiIiKxqqr6H/sUiF4qThWobNl6V0tEREREREREU0ZGx3D46Nkf+zSIXipSicQ2rXmqMo8xY++JiYiIiIh+bKdOX0JlZd0LO/5f/noAQ0P6F3Z8IvIsVi55RzSNzGq13VhnclCJLVtvar1RdU0D7pRVoqOjGyaTGYGBKqQkx2PpkhwEBqpgtVrx+0++wK53tiAiPOS5P//BQ6eQlBSHRTkZz/3Yk65eu42Wlg68u2ur2330egM+/du32LVzCyIiQp/5Oauq6hEfHwOlUi5s+/Szb5CcHI/Vqwqe+fhE9HIzmcz45A9fYMebryE+Ptrtfhcu3kR//yB2vPkaAOCHc1fR1t6ND95784WeH/sj8naVD+pwq6QCPT19kEgkiIoKx+pVBYiNiRTt19zSjgsXb6KrqxcymQxpcxJRVLQM8gB/YZ/29i5cuXobLa0dMJvN0Go1yM/LQlbmXGEfk8mMsruVuF9Zh4EBHSyWCYSHabFs6SKkpSWJnnNiYgKVD+qwePECAIBON4xzxdfR1NQKi8WC2NhIrC1ahvCwqc9lv/3dZzCOjLq81rVFS1GQnz11vh3d0BuMUKuVwrbhYQPOnL2MoWED/uWDt6YdYzbXSESep69/EOft/Q/sfU1ycjxWFOYiODgIAHDo8GlU1zS4fHxqagLeeXszAGB4WI/LV0pR//ARjMZRqFQKzJ+XilUr8+Hj4yM8ZjZ9njv37teg+MINbNq4CnNSE0W5kdEx/P6/PofZbJ72uE2vrUTOC/w+Sp5J5liRZ31MxR7zzHta3tucOnMJZWUPsGhRBvLzMuHn54v+fh3ullfhs799i//4zU9hsUxArzfAaBx5IecwPGzA8PCLrYDQ641oaGxBdU0D5qYnu9yn+MJN6PVGt18+ntTpM5exdu0yLFyQLmzLypqH0JDg53KDPwMoAAAgAElEQVR8Inq5mcxmGEdGceS7H/Dv//qeyx/p+gd0uHb9jmjAJiU5ASH/hH6C/RF5s/PF13G/sg5Ll2QjKnI5TCYzbtwsw1f7j+HjX+2BSqkAAHR29eKr/ceQl5uJjRtWwjgyivPF13HgwAl88P4OAED9w0c4fOQMchcvRF5uJnz9ZKiqqseJk8VQKuRITU0AANy4WYb29m7k52VCq9XAYrHgfmUdvj10Ch/+7B2EO/xI3djUCoVCjrBQLUwmM/b94yhCQ4Kxa+dmSKU+KCmtwL4vj+KjD3dBpbINgv7iw3cxPj4uus7u7j4cPHwa0dERou01NQ1Im5Mo9EsV92pw9ocrGBsbh0qlmPZ6zfYaiciz6A1GfP7FYUREhGLnW5sQGKiC3mBEWdkDfP7FYfzHb34KANiyeQ3WrF4ieqzZbMGnf/sG0VG2/sc4Moo//fkrzJmTiI0bVkKlVqK9vQvni6/DarVibdEywP5j02z6PGcGwwi+O/4Durv7YDCMYMTFd7rxsXGYzWa8u2srQrQaUc7xByWi2WIFKluvbr1JdU0D7typxM63N4l+nYuPi0Z21rwXPqj5zxYbG4kLF29iTmqC6BdO2L8g9fUNwN/f77k9n9VqhdVpqsviRQue2/GJ6NUQog1CeUU1srPmTcudO38NSYmxMJmmKiGSkmL/KefF/oi8WUFBNlauyIdMNvV5ICYmAv/zP/+KR01tyMiYAwC4crUUqSkJKFqzVNhv51ub8Mkf96H+4SOkpiQgMSEGv/54L5SKqRknsTGRaG3rRG1dozC4uKIwb9p5xMVGoaKiCj29/aIB1NraRuEH37vlVbBYLHhrx0bhfLdtLcJfPj2Am7cqsLbIdm5KpVw06wUAzpy9gpTkeMTFRom219Q0YP36QiFubGzBti1FGNQN41ZJ+bTznO01EpFnefCgHlKJBLt2bha+P2m1GsTHRYuqOP39/aZ9j7px8y78/f2Rn5cJAFDIA/DRh+8iKEgt7BMdFY6hIT1qahuFAdTZ9nnOurp7EahW4Y3XN+APf9w343WpVUrReRA9LYcKVDgNLjlvZ555z8t7k9t37iMxMXba1IZJarVKFBsMRhw8dAqNTa2QSqVYkJGG9euWCwPPNbWNKLtbiY6OHphMJsTERGLzxlXC1I7S2/fQ2dmLuLgoXLlaCk2QGnt+8rrL5zaZzLhw8SYeVNXBbLYgMiIURWuWISoqDABgNpvxw7lrqK5pwPi4CaEhGiwpyMH8+alurzdYE4Tw8BCUlN7DkoJsUe6Hc1exelUBDh4+Ldr+NNc0b24qTp25BAA4fqIYx08UIzwsBB/+/B0cPnIGSUlxyM6aB6vVik/+uA/bt67FrdIKNLl5XYno1bZyRT6OHvsB8+elws/PV9je3NyOkZFRzE1PQXX1Q2H77dv30dbehe3b1gIAOjt7cKukAo+a22A0jkAbrMGaNUuQmmIbsOjp7ceBb05i29YinDl7BX19g4iICMX2bWvR29OP4os3MDg4jIjwEGzfthZae8WFY39E5G0cBwIn+frKIJVKhPep1WpFU1MrNm9cLdpPrVYiNiYSjY0tSE1JgEwmg0wmm3Y8f39/0Xve2cjoGEpKyqFWq5CcFCdst1qtqK1txM6dtimvjY0tmJOaKBrslUgkmJuejJraRgCuBxOaW9rxsKEZP//ZO6LtPb39MBhHkJQ49WPN69vXAQBulVS4PNbTXiMRvdosFgv8A/ynFZ/A3i+4Mzo6hmvX72DlijxRH+Fq0NLf30+0z9P2eclJcaK+lOifgRWobL269Sbt7V1YtnTRrPc/c/YKNqwvxIb1K9DZ2YODh08jIiJUWPuqrq4Rc9NTsHHDSvj4SHH67BUcP1GM9/a+Adin6ldV16O3bwDr1y2fVg3h6NtD38NX5ouf/XQnVCoFHlTV46uvjwnTNi5dLkF7Rzc+eG8HVCoFmlvaUVVVP+MAKgCsWJ6Hv352AJkL06Gwf3mqrW2ERCJBYuL0qq+nuSa5PABZWXPxv37/d6xevQQLF6TDx0cK2Nfz0emGAAAWywSGhvQ4dPg0Nm5chS2bVqOjswfffHtS9LoS0astMFCFeXNTcO36HdF6oz+cu4r16wrR0dkj2n9oWI/BwSEhbmxqhVYbhKVLc6BQyFFeXoXDR87gN//2Afz9/WA0jkKnG8blK6V4ffs6BPj748h3Z7H/6+NQqRR4e8cm+PnJcPjoWZw+cxm7390GOPVHRATU1TfBx8cHsbG2JTWMxlGMj5ug1QZN2zc4OBADg+7fPwbDCFpaOrC0IGda7vMvDqO9oxsTExNQKOTYvWsr5PIAId/a2gmpjxTRUeEAgIEBHRISpq+jrNEEifoKZ8XFN5Axf8609etrahqQmpoAqVTq9rGzMdM1EpFnSE9LwqXLJTh95jJycxdOm/buzvUbZfD390NO9uPXFK2paUBKcrwQP22f9yTqHz7CiZPF6OsfhEIhR3bWPCwpyPa68QB6dlJAXKHHmLG3xd7AarXCZDJDHhAwi71tCvKzsSAjDWq1EnPmJCIpMRYtLe1CfuuWImRnzYNGEwi1WoW83Ey0tHaIXleJRIJ339mCtDlJoi8Ljpqb29Ha2ont29ZCrVZCIpEgY/4cpKTEo/KB7W60ff2DSIiPRnBwIHx9ZUhJjsfWLUWPvQalUo6szHm4eOkWYL9Jw/ni69PW7HnWa5r8ldbHRwqZzGfGP8YFBdmYm54MuTwAyUlxSEqME72uRPTqW7ZsMcrLq6DTDQMAKu5VQ6lUIC7O/Q9Jk5YuyUHh8lyEhWqhVMixpCAbZrMFnV29ov1Wr8xHWKgWarUSi7IzMDg4hA3rVyAkRAO1WoWc7Plobet8YddI9CozGEZw5uwVLFu6SPhbPrmeqKsqK5mvDGazxeWxrFYrjp84j4T4aJdLcrz91kb84ue7sHfP60hJjsf+r49jaGhq2aTqmgakp02t1z42bnJ5Dr6+MtHyH45qaxvR0dmDVSvzp+VqahowN831evCz9bhrJCLPoNVq8NP3d2BYb8BfP/0G//nbT3Hg25Mor6jGxMSEy8fo9QaUlFZg5Yp8oYjEnWvX70CvN4pmBz5Nn/ekKu5Vo6AgGz95dzsWL1qAy1dKcenyredybPIuMoAVqGy9t/UWEokE/v5+GBmd/Q2TIiPFd6ZXKOQYHzcJcUNjC8ruPkBf3wCsE1b09Q8C9gXEfX1tfwS1Wg0CHO5a60pbexdMJjM+/du3ou2jo2MIDdECALIz5+HId2cxrDcgPjYaCQkxCAmZ3S+iSwqy8af//Q/kLl6IxqZWhIZphSoPZ8/rmmYS7lQZIpcHiF5XInr1yQP8kZu7EOeLr2PrliJcvHRLuCPt4/T1D+Lmzbvo7OzBuP2Lg+1HMHE/4XjjqQC5rU9yvEmUPCDguX3xIPIko6Nj2P/1McTGRGLpkqlqysm/867eN2aTGf5upq6fOFmMQd0Q3t/7psu8QiGHQiFHSIhtHcFP//YtSm/fE9ZZra1rFP0o7G7QwGQyu1y73Wq14sLFm8jOtv0A7EinG0Zfvw7JDtVeT+Nx10hEniMiIhRv79iIiYkJdPf0o7m5HZcul6DiXjX27N4+rZr98pVSBAcHYYF9LWl3yiuqce36Hfxk93bRd6kn7fOeRGCgCps3rcaCjDRhiYCoqDDhRoKrVhY89hhEjmRwqsxjzNirYi8SFRWOR83tWL5s8az2dzXVa/IV6+7pw/6vj2Pb1iLM3boWvr4ydHR047O/HxS9rtJZDlJHRoTiZ/+y021+zpxEfPzLn+BhQwtaWztw8fItJCfH4fVt6x57bH9/PyxZkoNjJ85jSDeMvXvecLnf874md2Z6XYnIc+TnZeGPf/oS3xz8HnGxUYiICH3sYyYmJvDll0eRPjcZ7+7aKiw98v/+f/9nWkfhqi+RSr3nh0GipzE2No5/7D8GjSYQ27etFf2YrlQqIJPJ0D8wKKzBPqm/XzftzvYA8P2pi2ht7cTePW+4nWnjLCxUi/5+HWBf83h83IR4h+r04OBADAzopj1uYGBw2gApAFTcq4FuaBiFy3On5aprGpCcFCcMDj+Np7lGInr1SaVSREaEIjIiFKkp8fjTn79CW1uXaDZNf/8g7pZXYedbm2YsTrpfWYuzP1zBrp1bphWyPGmf9yQkEonLtd9jYyIwNjaO0dGxZyqMIe8jhRWA/f91iUQCWAGJU8w88x6b9yKLcjLQ1NSKuroml3nH6WSP093dB5nMBwsXpAsfyierNR/Hx8dHNA0uMjIMvX0DMBhGZnycSqVEVuZcbNm8Bj99/y1UVtbNel2c3MULMDBgq8AIDQ12uc+zXBPs0/vGxsZnvT8ReTZfXxkKC3PR1NSKlS6m1bpiMIxAbzBi4YKpdZv1eoPozrdE9HTGx03Y//VxqNVKvPnGhmk/QkgkEiQlxqLK4SZvADA8rEdbexeSk8U3Kzl99jKaHrVi757XoVIppj2fwej6c013Tx/UgUoAQE1tA9LmJIo+kyYnxaGuvkn0WclqtaK6pgEpTudgNltw6XIJ8vMyoVJOP4eamgakpz/99P3HXSMReRajcQQWy/Sp+pNT7K1Ov+ZeuHgTMdERSE1NcHvMB1X1OHX6Ena+vdnlUkZP0uc9KbPZDOPI9BmY3T39CAjw5+ApPbHJd4KtESrzIKrUY555j857ibnpyVi8eAG+PXQKixZlICU5Hv5+fhgYHEJ5eRX6+gbw3/7jX2Z1rKiocExMWFF6+x5ysjPQ09Pn9k6uzsLCtaipbUTG/DnQajVITIhBdHQEvj10CuuKliI4OAj9/TrcKq1AxrxUpKcn47tj55CakoCk5DjIfHxQ//AR/Px8oVIpZ/WcPj4++OjDXfD3d/9H8lmuCQCioyNQdvcBYmOioFIpoFbP7tyIyHMtyslAYkIMtMHTb0rjikqlQFCQGiWlFdi4YSVMJhO+P33J5d1wiWj2zGYzvj5wAuPjJmzbWoThYYOQ8/P3g9z+JbpweS7+/sUhnC++jgUZaTCOjOL8+WuIjYkU3cX+3PnrKC+vxu53t8JimRDWO/bxkQqfTQ4ePIWxsXHk5i5EeJgWExNW3C23LRM0OYOmpqYRRUXiO0xnZ83HrZIKHDx0CoWFufCRSnHzVjmMhhHk5maK9i29fQ8mkwlLXNzYyWAYQUdnN95Jnb58iMEwArPZjNHRUUxMWKHTDUMikSAwUPVE10hEnuXipVuof/gI+XlZiImOgK+vDAODQ7h6tRSRkWGimwJ3dHSjuqZBuNmuK7W1jThy9Cy2bF4DTZBa6Edgn15vqxCdXZ/3/amLSEiIwfx5tpsIWywW6PVGwP49f/ImmwEB/sLU/7r6Rzh2/BwW5SxAUlIslAo5Wlo7cOHiTawozHshryF5NtEaqJDAXqE3uUakbbCJeeY9Ne9tXlu/AgnxMbhz5z4ePKjH2Ng41Gol0tOS8dZbGwH7B2O1WgmlvfppUmCgEuPjtiqoEK0G7+zcjDNnLqP4wg3ExkZi44YVOHj4jLC+jFqtRGCQeto5FC7PRX/fIP7+xWHk5S5E0Zql2LVzCy5euoVDR87CaByBJkiNjIw0Yc2u9PRk3Lx5F6fOXILFYkFkRBje3bVVeC5nKpVi2rqiarVq2n6BgSoo7NPRnuWaAGDDuuU4frIYn+87DD8/X/zLB28hKEiNwEC1w+uqmvF1JaJXl69MBqVSPm29Lq3THWxVSgVUDj+wBKpVCNLY+gmJRII9u7fj2PHz+N3v/watVoMN6wqh1xugUNr6DoUiACqVUtT/KZW2gVfHijqlUi6a+ubYHxF5m9bWTrS0dgAA/vTnr0Q5jSYQv/7VHsC+Nt67u7biwoUbKCm9hwB/P6SlJQnrlcJeyXqn7D7MZjO+2HdEdCypVIpffbQbGk0gdr+7Dbfv3Edp6T30DwzCx8cH0dER2PuT1xEaGoz+/kEMDetFA7MA4Ofni70/eR0/nLuGr/YfAwDExUZh7943pn2GqK5+iFUr812uE1hb24D4+OhpFVYmkxl/+NM+0ZqDn/xxHwBg1ztbkJIcP+trJCLP8tqGFQgr0+J+ZR0uXLwBi2UCGk0g0tOSUbh8saha/kHVQ8yblyoaVHV2q9RWjHLiZPG03Lata7FwQdqs+7y2ti7RjzfXrpfh8pUSIT5ffB3ni68jJjoCH7y/AwAwb24KfH1lKC29h4p71TCZTNAGa7Bu7XLkZM9/5teLvI9k5Yf3vKsMj8jB6f+aCzith2qdLFGFVYhF1auwCtts/zhum3y8LR4zSREbNbvKo9lq7dA992MSEdEU9rNELydPem8+qKpHY2MLtmxe80KOf+r0JcTERGLhgrQXcnwierk9a39pHBnFb3/3Gf7Hf//4uZ4XeY4X8Te5tUMHf98J+2C9BBKJBBIJHGLYt0lE2wA4bIMwnuM46D/57+NjtsrlsrKyWZ9XTo5tpodoRXGhUo8xYy+JiYiIiIj+2ebPSxWmor4IG19b+cKOTUSez1cmQ3AwK82JHIlWT3deE5IxY2+KiYiIiIiIiLydr68MH/9yz499GkQvFdsA6uMK8Zhn3pPzREREREREREREbtgGUB9XiMc8856cJyIiIiIiIiIickNqdRpdEsUSp5h55j0sT0RERERERERENBOpxGkUSRRbnWLmmfewPBERERERERER0Uykk2NI7ir1mGfek/NEREREREREREQzkU7W47mr1GOeeU/OExERERERERERzURqtTpV6jFm7EUxERERERERERHRTKQSiVOlnkQCq1PMPPOemiciIiIiIiIiIprJVAWqQytxipln3lPzREREREREREREM5mqQJ2szGPM2ItiIiIiIiIiIiKimUhnqtxjzNjTYyIiIiIiIiIioplIJRKJbTDJsTKPMWMviYmIiIiIiIiIiGYinRxMElXmMWbsJTEREREREREREdFMRBWoQutUqcc8856aJyIiIiIiIiIimonU5SCTU6Ue88x7ap6IiIiIiIiIiGgmUjhV5oliq1PMPPOeliciIiIiIiIiIpqBDDNV6rFl6+Htq6q1Q/djnwIRkUdjP0v0cuJ7k4hodthfEj1fssmKPLZsvbJ9RcVGBf3Yp0BE5LFaO3TsZ4leQnxvEhHNDvtLetG8cYBeOlmBypatV7ZEREREREREREQzkMJ+Qx3HijzGjL0pJiIiIiIiIiIickcKYFpFHmPG3hQTERERERERERG5IwWcKvMYM/aqmIiIiIiIiIiIyD0pYJvOjMnKPMaMvSomIiIiIiIiIiJyTwoAcKrMY8zYq2IiIiIiIiIiIiI3bAOoTpV5jBl7VUxEREREREREROSGQwUqW7Ze2hIREREREREREbkhFQ0hCRV5U5V6zDPvyXkiIiIiIiIiIqKZSEVDSEJF3lSFHvPMe3KeiIiIiIiIiIhoJrYp/HCq1INkWss8856bJyIiIiIiIiIics0+gOpUqQfrtJZ55j03T0RERERERERE5Jp4DVRInGY1T6/cY555T8oTERERERERERHNROpcmSe+r870yj3mmfekPBERERERERER0UyECtRprdXNduaZ96A8EREREREREYlVVdX/2KdA9FIRKlCntRI325ln3oPyRERERERERDRlZHQMh4+e/bFPg+ilIrXaS/HcVu4xz7wH54mIiIiIfmynTl9CZWXdCzv+X/56AEND+hd2fCLyLJPfo4loikwisd1ox7EyTxwzz7zn5r3J1Wt3cPHSTSGWSqVQKuWIjYlEXm4mYmMjn+vzVdc04NTpS/jFh7ugVMjd7vd//vo11q1djqTEWLf7HD5yBjExEcjPy5rVc1utVvz+ky+w650tiAgPearzJyJ6EiaTGZ/84QvsePM1xMdHu93vwsWb6O8fxI43XwMA/HDuKtrau/HBe2++0PP79LNvkJwcj9WrCl7o8xC9rCof1OFWSQV6evogkUgQFRWO1asKEBsj/vzT3NKOCxdvoqurFzKZDGlzElFUtAzyAH9hn/b2Lly5ehstrR0wm83QajXIz8tCVuZcYR+TyYyyu5W4X1mHgQEdLJYJhIdpsWzpIqSlJYmec2JiApUP6rB48QIAgE43jHPF19HU1AqLxYLY2EisLVqG8LCpzzS//d1nMI6MurzWtUVLUZCfPXW+Hd3QG4xQq5Uwmcy4easc9+/XYFA3DH9/PyQlxWLtmqVQq1VPdI1E5Hn6+gdx3t7/wN7XJCfHY0VhLoKDg0T7VtyrRmnpPfT0DsDPzxdpcxKxamU+VColAKD4wg1cv1E27TlUSgV+8+8fCPFs+jxX2to6celKCdraumC1WhEXF4VVK/IRFRX+zMcmckVmtdoHlaxW22CTEDu3zDPveXlvMjioQ0JCDLZuXgMAMFss0A0O40FVPT7fdxhrVi/B0iU5z+35IsJDsCgnQ/SFw5WhIT0MBuOM+wwPGzA8bJj1c1ssE9DrDTAaR2b9GCKiZ2Eym2EcGcWR737Av//re5C4+CPTP6DDtet3RAM2KckJCAkJfuHnl5U1D6H/hOchehmdL76O+5V1WLokG1GRy2EymXHjZhm+2n8MH/9qD1RKBQCgs6sXX+0/hrzcTGzcsBLGkVGcL76OAwdO4IP3dwAA6h8+wuEjZ5C7eCHycjPh6ydDVVU9TpwshlIhR2pqAgDgxs0ytLd3Iz8vE1qtBhaLBfcr6/DtoVP48GfvINzhB97GplYoFHKEhWphMpmx7x9HERoSjF07N0Mq9UFJaQX2fXkUH324SxiY+MWH72J8fFx0nd3dfTh4+DSioyNE22tqGpA2JxESiQT7/nEUAFBYmAutVgOdbhjFF27gm4On8LOfvv1E10hEnkVvMOLzLw4jIiIUO9/ahMBAFfQGI8rKHuDzLw7jP37zU2HfK1dv48bNMqwozEVcbBRGRsdwv7IWX371HX75i9224+mNSEmOx8bXVoqex9fPV/j32fZ5zpoeteHrA8eRnTUfy5ctBqxAY1MLvvzqO/zqo91QqZRPfWwid2RCRd5kpZ4QO7fMM+95eW/jK5MhKEgtxCFaDZKT4xAbG4mT319AfHw0Ypw+dD+t4OAgrFyR91yORUT0qgjRBqG8ohrZWfOm5c6dv4akxFiYTGZhW1KS++r752nxogX/lOchehkVFGRj5Yp8yGQ+wraYmAj8z//8Kx41tSEjYw4A4MrVUqSmJKBozVJhv51vbcInf9yH+oePkJqSgMSEGPz6472i2TWxMZFobetEbV2jMLi4onD6Z6C42ChUVFShp7dfNIBaW9uIuenJAIC75VWwWCx4a8dG4Xy3bS3CXz49gJu3KrC2yHZuSqUcSqV4hs+Zs1eQkhyPuNgo0faamgasX18IAHjrzdcQGDhVaRodFQ5fXxkOfHMSer0BKpVy1tdIRJ7lwYN6SCUS7Nq5GT4+tv5Hq9UgPi4aZvPUZxedbhiXr5Tg3Xe2ij7HpCTHY2JiQnRMma/4+6ez2fZ5zr4/dREF+dmimTXx8dFYUZgHqVT6TMcmckc2vTKPMWPvickmO2seSkorUFZWKQygdnb24FZJBR41t8FoHIE2WIM1a5YgNSUB7R3dOHL0LH7x813w9ZUJxxkY0OGLfUfwb//6Hnp6+nHoyGl8/Ms9Qv5ueRWu3yjD0JAe4eFarFu7/KnO12q14uq127hbXgW93ojg4EAU5GdPG7AwGIw4eOgUGptaIZVKsSAjDevXLbf/P2DFJ3/ch+1b1+JWaQWaXOwDAIODQzhz9goeNbdBKpUiJjoCq1YWICoqDAAwMjKKc+evoa6uCSazBZGRoVizagni4qKE1/HI0bPYtm0tzv5wFV1dvVAq5ShcnutygIWIXm0rV+Tj6LEfMH9eKvwcKiyam9sxMjKKuekpqK5+KGy/ffs+2tq7sH3bWuAxfS8A9PT248A3J7FtaxHOnL2Cvr5BRESEYvu2tejt6UfxxRsYHBxGRHgItm9bC61WA9iXQklKimO/Q17J1VJCvr4ySKUS4X1qtVrR1NSKzRtXi/ZTq5WIjYlEY2MLUlMSIJPJIJPJph3P399f9J53NjI6hpKScqjVKiQnxQnbrVYramsbsXPnZgBAY2ML5qQmigZ7JRIJ5qYno6a2EYDrL/zNLe142NCMn//sHdH2nt5+GIwjwlJJjoOnkwL8/e2vie38n/YaiejVZrFY4B/gLwyeOnLsE6qqHyIsTOvyR+DJwcvZepo+r6OjBwMDOhTkT1/ezfH5n7Y/JXJHBsfBJdhK8xgz9pqYBAnxMXj0qE2IG5taodUGYenSHCgUcpSXV+HwkTP4zb99gLBQLUZGRvGgql60FlZJ6T2EhmkhlUqhNxgxMDCEiYkJSKVSVD6ow6nTl/DahhVIS0vCQL8OP5y7irGxcTdn5N6lyyUor6jG9q1FCAsLwaPmNpz8/gJMJjPychcK+505ewUb1hdiw/oV6OzswcHDpxEREYqszLmwWCYwNKTHocOnsXHjKmzZtBodnT345tuTwj4AcPjoGYSHheDffv0eYF/btaGxRRhA/fbgKUgkEuzZ8zrkAf4or6jGl199h5++vwORkWEwGEfQP6DD+fPXsWHdcgQHB+FueZVQ8at1WkuIiF5tgYEqzJubgmvX74iqIn44dxXr1xWio7NHtP/QsB6Dg0NCPFPf6+/vB6Nx1F75UYrXt69DgL8/jnx3Fvu/Pg6VSoG3d2yCn58Mh4+exekzl7H73W2AvVpEpxsCEdnU1TfBx8dHWAPeaBzF+LgJWu30v8vBwYEYGHT//jEYRtDS0oGlBdOXQvr8i8No7+jGxMQEFAo5du/aCrk8QMi3tnZC6iNFtH3NvoEBHRISpq+jrNEEifoKZ8XFN5Axf860td9rahqQmpow46BGVfVDxMREwt/f76mukYg8Q3paEi5dLsHpM5eRm7sQIfYfYZ11d/chMiIMrW2duHDhJnp6+qBSK944QwEAACAASURBVJG7aAFycjJE+46PjePUmUuorW2ExWxBdHQEioqWIixUCzxln9fd04egIDXMZguOHD2LpkdtkMl8MG9uClauyBcKfJ62PyVyRwqrdaoyD7bblDNm7DUxCeRyf4yOjQnx0iU5KFyei7BQLZQKOZYUZMNstqCzqxe+vjJkZc7F7Tv3hf1NJjPu3a9Bfm6my+PfvFWO7Ox5yMmeD6VCjtjYSGzYsOKJz9O2btldrF+3HImJsVAq5Zg/LxXLly3Gteu3RXeMLMjPxoKMNKjVSsyZk4ikxFi0tLSLjldQkI256cmQywOQnBSHpMQ40T79/Tqkp9nycnkAcrLnY/myRYB97Z3Wtk688cZ6hIeFQK1WoXB5LpISY6ctmL62aCmioyMglwdg6ZIc+Pn5orW184mvn4hefsuWLUZ5eRV0umHAfpMFpVIhVKbPZKa+19HqlfkIC9VCrVZiUXYGBgeHsGH9CoSEaKBWq5CTPR+tbexjiFwxGEZw5uwVLFu6SBjMnFxP1FXlpcxXBrPZ4vJYVqsVx0+cR0J8tMtqrLff2ohf/HwX9u55HSnJ8dj/9XEMDemFfHVNA9LTkoV4bNzk8hx8fWWi5T8c1dY2oqOzB6tW5k/L1dQ0YK7D8Z01t7TjTlkl1q5xX4n1uGskIs+g1Wrw0/d3YFhvwF8//Qb/+dtPceDbkyivqBZNzR8dHYPROILvjp1Dfl4m9u55Awsy0vD96UsovX1P2E8isa/xLJfjzTc24M03NsBsNmPfviMwGGz3qniaPm90dBR+fr74+sAJxMREYM/u7VhXtAwVFdX47vg5Yb+nOTbRTGST05mnKvMYM/aemKYYR0aFKVyw34Hx5s276Ozswbj9D4zVaoXJZAIA5C5eiFslFejs7EFkZBjuV9ZCoQhASkq8y+P39PRhSUG2aFt0VLjLKSIz6e8fhMViQXyc+NfE+LgoFF+4Ab3eKHwZiowMFe2jUMgxPm4SbQt3qtSQywNE+yzKycCxE+cxf14qYmIikJQUJ0wF7O7ugzY4SLj5xKS4uCiUV1Q5PY/4XAIC/GFyOhci8gzyAH/k5i7E+eLr2LqlCBcv3cI7b2+e1WMf1/dOcrzxVIDc1nc73iRKHhDALwdELoyOjmH/18cQGxMpunnmZMWSq/eN2WSGv5up6ydOFmNQN4T3977pMq9QyKFQyBESYltH8NO/fYvS2/eEdVZr6xqxdUuR6DxcnYPJZHZZIWq1WnHh4k1kZ8+DRhMoyul0w+jr1yE52fVns86uXnx78BTWrV0mVOI+zTUSkeeIiAjF2zs2YmJiAt09/WhubselyyWouFeNPbu3QyqVQuYrQ3X1Q/zsX3YiMsL2HScsTAuz2YxbJRXIXWybEbjIXpHqeI+N6OgI/NcfvsD9yloU5Gc9cZ8H+w9dPT39WLd2GfLsxTthYVrIFXJ8+Y+jGBrSIzBQ9VTHJpqJ1GqvyBNV5jFm7CUxTWlubkeUffrYxMQEvvzyKHxkPnh311b86qPd+NVHu22/4NkHnjWaQKSmJAhVqLfv3Efu4kyXd56e5LyoOABIpU/2H8JssdiPJa4EmRyIdaxAdTVdzXnc/HH7rFm9BHt+sh0aTSCqaxrwhz/uE67ZbDbD4uKafHyk0wboXV2nlQtJEHms/LwstLR04JuD3yMuNgoREaGPfcxs+t5JrvquJ+1PibzN2Ng4/rH/GDSaQGzftlb0mUWpVEAmk6F/YHDa4/r7ddBopk/t//7URbS2dmLP7tdF0/JnEhaqRX+/DrCveTw+bkK8Q3V6cHAgBgZ00x43MDA4bYAUACru1UA3NIzC5bnTctU1DUhOihOtVz+pu7sPX331HZYvWzzjTeae5hqJ6NUnlUoRGRGK/LxM7Nm9DS0tHWhr6wIAaILUkEgkwuDppJjoSGH2DezFMs43KPbz80VYmBZDQ7b9nrTPAyDclCo6Snzs2BhbrHuGYxPNRApIbAMO7ir1mGfeo/ME+/TSnp5+LFpkW7PGYBiB3mDEwgXpUNirLfV6g+juiwCQl5uJygf1qH/4CIODQ6L1UJ2FhYWgpaVDtK2zq3dWFVIG44jw4T80JBg+PlI0Ox2ruaUdSqXc5c0RnlV4WAgK8rPw9o6NWL+uUJieHxkRBp1uWDQVDwCamzuEwWgi8k6+vjIUFuaiqakVK11Mq3Vltn0vET258XET9n99HGq1Em++sWHajxASiQRJibGocrjJGwAMD+vR1t6F5OQ40fbTZy+j6VEr9u55HSqVeCYK7J9dXOnu6YM6UAkAqKltQNqcRNFAbnJSHOrqm0RLBlitVlTXNCDF6RzMZgsuXS5Bfl7mtNkwsE/fT0+fPn2/t28A/9h/DEuW5Li8Cctsr5GIPIvROAKLZXpxyOQ0+Mnij5TkeFitVnT39In2a+/oRrDDwKTzdyTYb1TV3z8o/Cj1JH3epPi4aPj6ytDZJV5Xvr2jGwCgCQp86mMTzUQGWIU7UrNl622ttzGZzcKvghaLBYODw3hQVY9792tsa3TaB/1UKgWCgtQoKa3Axg0rYTKZ8P3pS9Om2yclxSIoUIUD35xEXu7CGe/MWpCfhe+OnUNYmBZz01MwPKzH2R+uut3farWir38QlZV19gXAbWtu+fv7IXfxQpw7dw3+/n6IjgpHS0sHLl8pxbq1y5/TK2UzNKRH8cUbyMmej6jIcJjMZjxqbkNIiEa4/sjIMBw+cgavbVgBlVqJiopqPGxoxi9+vuu5ngsRvXoW5WQgMSFm1jeLm23fS0RPxmw24+sDJzA+bsK2rUUYHjYIOT9/P8gDbMtgFC7Pxd+/OITzxdexICMNxpFRnD9/DbExkcJd7AHg3PnrKC+vxu53t8JimRA+W/n4SKFS2QZHDx48hbGxceTmLkR4mBYTE1bcLX+Avr4BvL5tHQCgpqYRRUXitUezs+bjVkkFDh46hcLCXPhIpbh5qxxGwwhyndaZL719DyaTCUtc3NjJYBhBR2c33kkVLx8yMKDD3z8/hPnzUjF/XqqoWkyhkAs/WM/mGonIs1y8dAv1Dx8hPy8LMdER8PWVYWBwCFevliIyMgxxsbZq+YSEGKSmJODANyexaeMqaDSBaGhoxuUrJdi0cZVwvP1fH4fMV4bcxQsQGhKMsTETbtwqg1QqxcIFacAT9Hnfn7qIhIQYzJ+XCj8/X6xckYdz56/BRypFfEIM+vsGcfL7C8jImAO1WvlExyaaLZlQmeemUo955j0670U0mkCUV1Tjkz/uA+zTMpRKOWJjo/De3jcQGzO19pVEIsGe3dtx7Ph5/O73f4NWq8GGdYXQ6w1QKOWi4xYuz8XZc1eRnyeuYFAqFdBoAoUKj4z5c2AymXH9RhnOnb+O8PAQbFhfiNNnLkPpomqitq4JBw+dgkqlxLq1y5EQP7XmadGapQgI8MfpM5cxPGxAUJAKG9YXYuGCdMD+4V6tVgprlU4KDFRifNzssI9qxn3UaiXCQrU4ffoyBgaH4CvzQUJiLLbZ1yqTSCR4d9dWnDt3DV99fRxjY+OIjAzD+++9KQyyKhW2qljnSpegIDXU6udfLUtEPw5fmQxKpXzamlpapzvYqpQKqNRTgw+BahWCNLapaLPpexWKAKhUSshkU4OqSqVt4NWxn1Eq5aLpaUFBagQGql/AlRO9/FpbO9HSapu58qc/fyXKaTSB+PWv9gAAoqLC8O6urbhw4QZKSu8hwN8PaWlJwnqlsFey3im7D7PZjC/2HREdSyqV4lcf7YZGE4jd727D7Tv3UVp6D/0Dg/Dx8UF0dAT2/uR1hIYGo79/EEPDetHALOzTW/f+5HX8cO4avtp/DAAQFxuFvXvfmPaZpbr6IVatzHe5ll9tbQPi46MREOAv2n6/shZjY+Mou/sAZXcfiHJZmXOxZfOaWV8jEXmW1zasQFiZFvcr63Dh4g1YLBPQaAKRnpaMwuWLRQVIb+14DZcul+D7UxdhMBgRrAnC5k2rRTMS39v7Bq7fKMO1a3cwqBuGn58vkpLi8P7eN4W+abZ9Xltbl+jHm4L8bAQEBOBWSTnO/HAVcnkAMjPnYuWKPGGfJ+lPiWZDUviz8snFIYXKPMaMvSU+88k8wGndTNu/S4SVMK1Wq5C3NVZhm+0fx22Tj7fFYyYpYqNmV3k0W60duud+TCIimsJ+lujl5EnvzQdV9WhsbMGWzWteyPFPnb6EmJhIocqLiLzLs/aXxpFR/PZ3n+F//PePn+t5ked4EX+TWzt08PedsA/WSyCRSCCRwCGGfZtEtA2AwzYI4zmOg/6T/z4+ZgQAlJWVzfq8cnJsMz1kgG0wybFSjzFj74mJiIiIiP65JqfQvygbX1v5wo5NRJ7PVyZDcDArzYkcSYGpijxIAMaMvSsmIiIiIiIiokm+vjJ8/Ms9P/ZpEL1UpEJFHlu2XtkSERERERERERG5Z6tAhWSqMs9VyzzzHpsnIiIiIiIiIiJyz3671sdV6DHPvCfniYiIiIiIiIiIXLMNoEoksLqt1GOeeQ/PExERERERERERuSGsgWobSnJfqcc8856ZJyIiIiIiIiIick86VZnnulKPeeY9OU9ERERERERERDQTqXNlHmPG3hQTERERERERERHNRGobQpqqzGPM2JtiIiIiIiIiIiKimQgVqGzZemNLREREREREREQ0E6ltFrNDZR5jxl4UExERERERERERzUQqkQBWx8o8xoy9KCYiIiIiIiIiIpqJ1GoFJE6VeaKYeeY9OE9ERERERERERDSTqQpUh8o8Ucw88x6cJyIiIiIiIiIimom9AhWiyjwJIKrcY555T80TERERERERERHNxF6BOjnINFmZB6fKPeaZ98w8ERERERERERHRTKTiijy2bL2rJSIiIiIiIiIimolMXJE31cLNduaZ96T8q6q1Q/djnwIRkUdjP0v0cuJ7k4hodthfEj1fMqvVPqjkspXAarUyz7zH5l9VsVFBP/YpEBF5rNYOHftZopcQ35tERLPD/pJeNG8coJfCcVAJ9so8IbaCeeY9Ok9ERERERERERDQDKRwr8mC7XTljxl4TExERERERERERzUCoQGXL1itbIiIiIiIiIiKiGUiFUjx7ZR5jxl4VExERERERERERzUBqK8VzrMhjzNibYiIiIiIiIiIiIvekgFNlHqxOMfPMe3aeiIiIiIiIiIjInak1UIXKPMljKveYZ96D8kRERERERERERDOYWgMVk2tDuq/cY555j8sTERERERERERHNYGoNVOfWuXKPeeY9Mk9EREREREREROSeVKjMc26dK/eYZ94j80RERERERERERO65r0Bly9YrWiIiIiIiIiIiIvekVmEUyWofU2LM2HtiIiIiIiIiIiKimUglkNgGk+wVeYwZe1NMREREREREREQ0E1sFqkQiVOYxZuxNMRERERERERER0UxsFahWq1CZx5ixN8VEREREREREJFZVVf9jnwLRS8W+BupkRZ5TK3GznXnmPSRPRERERERERFNGRsdw+OjZH/s0iF4qUol9MMmxQk+I7WtGMs+8p+aJiIiIiH5sp05fQmVl3Qs7/l/+egBDQ/oXdnwi8ixWK78sEzmTWZ0Gldiy9abWm1y9dgcXL910mStcnouVK/JQUlqBtrYuvPH6eiH36WffIDk5HqtXFTzzOXR09ODg4VP4t1+/98zHqqqqR3x8DJRKubCtpLQCrW1deNPh/J/U96cvobenH+/tfWPWjxka0uPTv32Lj3/5E/j7+z31cxPRq8tkMuOTP3yBHW++hvj4aLf7Xbh4E/39g9jx5msAgB/OXUVbezc+eO/NF3p+z7MvJ3oVVT6ow62SCvT09EEikSAqKhyrVxUgNiZStF9zSzsuXLyJrq5eyGQypM1JRFHRMsgD/IV92tu7cOXqbbS0dsBsNkOr1SA/LwtZmXOFfUwmM8ruVuJ+ZR0GBnSwWCYQHqbFsqWLkJaWJHrOiYkJVD6ow+LFCwAAOt0wzhVfR1NTKywWC2JjI7G2aBnCw0JEjzObzbh67Q4qH9RhaEgPtVqJrMx5WFKQBZlMNnW+Hd3QG4xQq5XP9RqJyPP09Q/ivL3/AYDf/u4zJCfHY0VhLoKDgwAAhw6fRnVNg8vHp6Ym4J23Nwtx2d0HuFVSjsHBIahUtj5q+bJFkNhng46MjuH3//U5zGbztGNtem0lcnIyXD5PTU0DSu/cR29vP0ZGxqDRBCJzYTqWLsl55mMTuSNzPaj0uEEn5pn3jLw3GRzUISU5Hps3rZqWUygUAAC93jitOiErax5CQ4KfyzkYR0YwNKTHxMQEpFLpMx3r9JnLWLt2GRYuSBe26fVGDD9DdcXg4BBqahoQGKhC/cNHSE1JmNXjRkZGYTSOYHx8nAOoRF7KZDbDODKKI9/9gH//1/eED++O+gd0uHb9jmjAJiU5ASHPqY+dyfPsy4leNeeLr+N+ZR2WLslGVORymExm3LhZhq/2H8PHv9oDldL2Oaizqxdf7T+GvNxMbNywEsaRUZwvvo4DB07gg/d3AADqHz7C4SNnkLt4IfJyM+HrJ0NVVT1OnCyGUiFHaqrts8ONm2Vob+9Gfl4mtFoNLBYL7lfW4dtDp/Dhz95BePjUYGhjUysUCjnCQrUwmczY94+jCA0Jxq6dmyGV+qCktAL7vjyKjz7cBZVKKTzum2+/h043jJUr8hCi1WBgcAglpfcwPKzHpo1Tn/dqahqQNicREonkuV4jEXkWvcGIz784jIiIUOx8axMCA/9/9u78K6oz3xf/uyYKqoqpmCcZRBAVBQVEBZyNs3FMbM3YOZ1O33O6z4933T/h3HPWOX375qa/Od3pdIaO0SRqnEcERGaQQWVQZhkECoqhgKqC+v5QxaY2hYhGo6Her7Wydj77s/euvUl4qP3sz/NsDQaHDCgru4svvjyJP/z+XQDAju3rsX5dqmhfs3kMn31+AsFBAcK6ktIqXM/Mw+ZNaQgJCUDXIx0uX8mByWQS9jeOGmE2m/HmGzvho/USHXPioc9U9Q0tyM0rRfySWKSnJUEhl6OltR2ZN/Lh4qJA0or4Zz420UzkFosFEoldJxNjxk4UOxu5Qg53d81T7bNi+ZIXdj4/hcViee5DS/ILb2NpfCwC/H2Rn3971h2oREQTfLSeKK+oRsKyOIfcteu3EBkRCpNpshIiMjL0ZzmvV7UtJ/o5rFyZgIz0FMjlMmFdSEgA/uM//4qmxodYvHgBAOBmbjGi54djw/pVwnYH92/Dx598JTxYjQgPwe8+Ogq1anIETGhIIFofdqC2rkHoXExPS3Y4j7DQIFRU3ENXt07UgVpb24CFsVEAgNvl9zA2Nob9+7YK57tr5wb85bPjKCiswMYN1nOrulOL9o4ufPibw8K5BAX5Y1FcNMbHx0WfW1NTj82b0577NRLR3HL37n1IJRK8cXA7ZDJr+6PVemFeWLCoilOpdHEoGskvuA2lUomU5KWA7V4tJ6cI69elCt+J/Hy1kEolOPXjVaxKTYSrXdW7u0YNT0/3WZ1nVGQYoiLDROuCgvzxoL4ZXV06h+2f5thEM5FLJBBX5tnFlikx88zPtTw92clTlxEZGYaEZXG4c6cOp89cddhmw/pVSF2ZgI6OLhQWVaCp+SEMhmFovb2wfn2qQ0dkZ2c3rlzLRUdHF9RqFZKT4pGSvEy0TUlplVBF4e3tiVUrE7F48QKUlt7BxcvZAICz5zJx9lwm/P188MGvDwn7VlTWIPdWCfr7B+Dr442tW9ciJDgAMzEMj6Cysga/+eBNaDRqXL2Wi7b2RwgO8hdtNzY2jhtZ+aiqqoXRZEJ4eAiWTxn+MThkQGFhOWrrGqHX90OlckPSinisSk0Utvn4k6+w9bUMFBVVoLmlHRqNCps3rYGXlwcuXcpBW3snNBo1Nm9cgwULIoT9ioorhJ+Lu7vGNlRlOWSyn1bRS0TPR0Z6Ck6fuYpFcdFwcVEI65ub2zA8PIKFsfNRXf1AWF9SUoWHbZ3YvWsjADyxHe3q1uH4ifPYtXMDLl+5iZ6ePgQE+GL3ro3o7tIhMysffX0DCPD3we5dG6G1VVzYt+VEzsa+I3CCQiGHVCoRfk8tFgsaG1uxfes60Xbu7mqEhgSioaEF0fPDIZfLRcPjJyiVStHv/FTDI6MoKiqHu7tGdONvsVhQW9uAgwetQ14bGlqwIDpC1NkrkUiwMDYKNbUNAKwdn3fv3kf8kphpr81+lE9Xtw5DhmFERoS+8Gskol+2sbExKF2VQuepvenahAkjI6O4lVeKjPRkoY3o6OiGYXgECxfOF207cV/T3NzmMJ3JszKZzHjwoAkd7V3ImObhFdHzIrdYrH+Uhco8Lrl0oiU9mV4/AL2+HwCwePECLFwYhYnCz/r6Zvx49hribH8YGxpbodV6YtWqRKhUbigvv4eTpy7j9//8jugp5cXL2di0cQ28vT1RX9+Mi5eyIZVKheEWubdKUVlVg717NiMgwBednd04dvwslEoXLF++GMuWLcT/+dPfsW5dKuKXxIo6Dx+2dcJN5YoD+7ZCoZDjytVcnDx1+YnzrpaUVCI8PER4OpmQsAh5eaXYv2+raLvLV3JQd78Je3Zvgp+fD5qaH+LCxSzRNp2d3TCZzNi5Yz203p7o6OjG8e/OIyjIHxHhIcLP9ezZ69i9axN2796EW7dKcer0FWi1XtZ5zvx9kJtbjNNnruJff/8e5HIZ7j9oQnZOEQ4d3I6gQH909/SitLQKAwOD8PLy+Cn/mYnoOfHw0CBu4XzcyisVzTd69VouNm9KQ3tHl2j7/oFB9PX1C/GT2lGDYQR6/QBybhZjz+5NcFUqcerHKzj27VloNCoc2LcNLi5ynDx9BZcu5+Dwm7uAKW05EQF19xshk8kQGmqdUsNgGIHRaIJW6+mwrbe3B3r7Hv/7MzQ0jJaWdqxameiQ++LLk2hrf4Tx8XGoVG44/MZOuLm5CvnW1g5IZVLhgW1vrx7h4Y7zKHt5eYrais5HPYiLm4/yimoUFpVjcGAIvn5aZKSnINxuHuaamnpER4dDKpViaGj4hVwjEc0NsTGRyM4pwqXLOUhKincY9v44efllUCpdkJgwWVTS26eHQiEXpkiZIJPJ4OGhcWhv7j9owrnzmejR9UGlckPCsjikrkyY8Z79RlYBCgpvY2zMWnW/e9dGhEyZ1/pZj000nckKVC65dMKls6mtbcD//o//Fq2TSqV4++he+PlpZ3WMiSeSQ0PDuHAxCzu2rRM6He0rLAEgdWUCsrIL0dHZLfoyvy4jFWGhQQCApfELodPpUVBYjqQV8TCZzLiVV4JDB3cgIMAXABAQ4Iu1GStRWnYH0dHhwjnIZFJRhQYAuLgo8PruzVAorE9J09aswN/+/j30+oHHDt0wmcwoLqnCnt2bhHXLExfj40++gq5XD61twvSRkVGUV1Rjz+5NiIiwDrtdFBcNvX4AmTfyhX3nR83D/Kh5QhwVFYbQkEC0tLQJHagAkJS0VBi+m7pyGQqLyhG/JEbYZmVKAoqKK9HVpUNQkB90Oj28vT2Fn11ggC+2bxNXkRDRy7d69Qp8+uk3SExYBE9Pd1RUVkOtViEsLMihA3Wq2bejKfDztbbbyxMW4/SZq9i39zX4+FhvdhITFuHipewXcn1Ev3RDQ8O4fOUmVq9aLnRmGo1G4DFVVnKFHGbz2LTHslgsOHvuOsLnBU87JceB/VsxPDyKIYMB5eXVOPbtWbz37gF4eFinVKquqUdsTJSw/ajRNO05KBRy0fQfIyMjuH+/CQODQ9i6JQMKhRyFRRX45tgZvPvOfgTavkPV1NQjbU3SC71GIpobtFovvPv2PuTkFuOvn52AQi5DSGggYmOiEL8kZtp3WAwODqGouALbtq4TFbUYjSYoHlO1qpDLHV7sVFFZjYz0FHh5eqCltR03sgpgNBqxNuPxL79cs3oF4pfEYtRoRGNjK85fyIKrq9Jh9OOzHJtoOqxA5dKpl84mMjIUr21OF62TSqXPNCfMmXPXsGBBBOLiooV1Pbo+FBTcRkdHF4y2L/kWiwUmk0m077x5QaI4LCwIt/JKYTSa0N3TC5PJjHPnM0V/pI1GEwL8xW+fnY5W6yV0ngKAyja0zTjlHOyVV9yDm6tSNKTO3V2NmAURKCi4LbyIoUfXh/HxccwLE1eGzAsTX8/oqBF5+WVobm6DwTAMSCTQ6foQNGU6AD/fyRe6uLpab+DsXyYzMS/QxM8vNiYSeXml+PofpxEVNQ9hYUEICQ5wyv+XiV5lbq5KJCXF43pmHnbu2ICs7ELRG2lnMtt2VNRWuFnbCvuXRLm5uoo6W4jIamRkFMe+PYPQkEDRA4uJ7w7T/d6YTWYoHzN0/dz5TPTp+/H20b3T5lUqN6hUbvDxsc4j+Nnn36G4pFKYg7S2rgE7d2wQncd052AymUWjeRRyOR7UN+MP//KucO67d23EwMAgSkoqsWP7euj1A+jR6RFle6j7oq6RiOaOgABfHNi3FePj43jUpUNzcxuyc4pQUVmNI4d3O3Si5twshre3J5bY5pKeoJDLYTJP/z3EZJ5szzw8NNi+bR2WLI4RCmOCgvyEl/3N1MmpUMiFB8fBQf4wGEaQc7NI6ED9Kccmmo4cEtg6k2wVeUKFnmQyZp75uZp3MgqFAt7ejsO2nlZBYTn69YM4YDe8fXx8HF9/fRqxC6Pw5hs7hY7Lf/v3/8bUH/XY2Lhobh2Z7Q+xRCLBxPwAH7x/6Jnm2ZJN82QUgMM5CKstFhQUlkOvH3CozjWZzJBIJMhIT4Fa7Sac2/i4uEJj6jxB585nYnDIgF07N8Lb2zq0/tvj5xxOYrqnuNOtm9jL09MdH/32CBoaWtDS2o6z5zIhk0px9OjrcLObhJ2IXr6U5GX45M9f48T3FxAWGiRU1M/kadrR6dsPPkwhmsnoqBH/OHYGXl4e2L1ro+gBpFqtglwuh663SPRTVgAAIABJREFUD0FBfqL9dDo9gqeZS/3CxSy0tnbg6JHXRcPyZ+Lnq4VOpwdscx4bjSbRg1hvbw/09uod9uvt7RNN1+Pp5Q6lUil6aAwAwcEBaG9/BNiqW6Miw4Rtfq5rJKJfPqlUisAAXwQG+CJ6/jz8+dNv8PBhJ8Ls2iudrg+3y+/h4P5tDgUd3t4eMJnMGBw0QKOZHMZvNo+hv39y+jGJRDLt/OyhIQEYHTViZGRU9LKpmfj7a1FecU+In+exiQBACqECFdYX7diWFotlMmae+bmaJxGZTArz2PTDtyZ0dHThZm4x9r6+RTQEbGhoGINDBsQviRVu+gcHhxyGZwBAS2u7KG5uaYenpzsUCjl8fbWQy2Voano443nIFXKMjhqf8god3at+gMHBIfz6vYP44P1Don8++vBX8PR0R1FxBWCr+JJKpWhuEZ9/Q2OrKO581I0F0RFC5ykA6Ka5GXoWLi4KxMZGYdPGNfjwn96E0WRCbW3Dczk2ET0/CoUcaWlJaGxsRUZGyqz2eZp2lIiejtFowrFvz8LdXY29r29xeAghkUgQGRGKe3YveQOAgYFBPGzrRFSU+I3Pl67koLGpFUeP7BF1DkwYMgxPex6Punrg7qEGANTU1iNmQYSo4yEqMgx19xtFw+ktFguqa+ox3+4c5keFo7tb5zDsvr2jS3hYXlNTj9jYyekBnvc1EtHcYjAMC/OJ2pu455tagHQjqwAhwQGIjg532Ccw0A9urkqH9qa2rgFSqVSYksxsNsMwPOKw/6MuHVxdldN2cI6OGqedcqSzswce7hohfpZjE81EPlGRN1Gpx5ixU8VOxmwyY2Bg0GG9SqWCTCaFn58Pcm+Vou5+I0KCA4Qb+AkmkxknT1/B2owU+Ph4YXzc+gdWKpVCo1EJnY1bt2TAZDLhwqXsad/imHOzGDKpFP7+PqhvaEF+wW1sWJ8K2DoIU1cm4sKlbIxbLAgNCcTw8AjKK+5BKpVi/TrrdsHBASi7fRehIUHQaFRwd1c/088kv+A2kpOWPrY6LD0tGZev5GD1quVwdVVi2dKFuHbtFpRKFwQH+aOlpR0lpVWifUKCA1F1pxaL4qKhUrnhRla+w/DbZ5F7qxQymRSLF1mP+/BhJwyGYWHoChG9WpYnLkZEeIgwj/KTPE07SkSzZzab8e3xczAaTdi1cwMGBoaEnIvSRRjFkbYmCX//8gdcz8zDksUxMAyP4Pr1WwgNCURkxOTcn9eu56G8vBqH39yJsbFx6PUDgO1BtEZj/T7y/fcXMTpqRFJSPPz9tBgft+B2+V309PRizy7rnOs1NQ3YsGGV6FwTli1CYVEFvv/hItLSkiCTSlFQWA7D0DCSkpYK26UkL0V5RTW+PXEO69auhEIhR3FxJVpa2rB54xoMDQ2jveMRDkWLpw95ntdIRHNLVnYh7j9oQkryMoQEB0ChkKO3rx+5ucUIDPQTOj0BoL39Eapr6vHW0denPZZUKkVaWjJuZOVDoZAjNCQQjx714NKVHKxKTRCG8Nfdb8KZs9ewPHEJIiNDoVa5CfOUpqclC8e7cDEL4eEhWBQXjfyCMpSV3UVy8lKEhARC6aJAQ2MriksqRe+HmO2xiWZLbq3Qs45MnZwbkjFj54idiZeXB8orqvGnj790yKWtWYGM9BQsjI3CsqULcfrHq/D18ca77+yHp6c7PDysc6Q+eNCE3l49Ll+5ictXbgr7x8RE4sC+rThyeDfOnL2OP/7pc2i1XtiyKQ2Dg0NQqa0dsWqVG7y8PLBt61pcupyNjo4uqNUqrFubgqQV8cLxMtKToVa7ISu7AL29/VCr3RAVGSa8BAEAtmxag7PnM/HFVyfh4qLAe+/sh7u7WngpwwSl0gUqldu0w84GB4cwMDCIZLsbkqkWL4pGfn4ZWls7EBUVhi2b0+HiosDZc5kwmUyIiAjFgX1b8e3xc3BxsX4R2L5tLS5czManfzkGNzdXpK5MwKK4aNENh6enu3VaABuZTAoPD41onVwug0ajhtrWkb0gOhxZOYUoKLyNkREjvL08sGVzOkKnedskEf28FHI51Go30RyFsM3LbE+jVkFj98DHw10DTy9rGyuRSJ7YjqpUrtBo1KIX6KnV1o5X+4o6tdpNPNzXri0ncjatrR3C6Jc/f/qNKOfl5YHf/fYIYJsb7803duLGjXwUFVfCVemCmJhIYb5S2CpZS8uqYDab8eVXp0THkkql+O1vDsPLywOH39yFktIqFBdXQtfbB5lMhuDgABz91R74+npDp+tD/8CgqNMStgfJR3+1B1ev3cI3x84AAMJCg3D06OvC9wHY5kl/5629yLyRj+MnzsNkMiEoyB9HfrUHfn5alJXdwbx5wQ4VVs/zGolobnltSzr8yrSoulOHG1n5GBsbh5eXB2JjopC2ZoXo/vnuvQeIi4sWdapOlZwUD6lEgrz8Muj1A/Dw0GBVaiJSVyYI28QtnC88AKqorIbJZILW2wubNq5BYsIiYbuHDzuFe6m1GSvh7++L4uJK5OWXYWxsHL4+Xti5Yz3il8Q+9bGJZkuy+r3b1kps+74kxoydJL72yWLrKrtqVOu/S4SZJy0Wi5C3LizCOus/9usm9rfGoyYpQoN++pyj9lrb9c/9mERENIntLNGraS79bt69dx8NDS3YsX39Czn+xUvZCAkJRPySmBdyfCJ6tf3U9tIwPIL/+uPf8L/+50fP9bxo7ngRf5Nb2/VQKsZtnfUSSCQSSCSwi2FbJxGtA2C3DkJ/jn2n/8S/G0cNAICysrJZn1diovWlk3K8IpWAjBm/jJiIiIiI6Oe2KC4ai+KiX9jxt76W8cKOTURzn0IuF73PgYgAqWhuSFvhHWPGThMTERERERERkUChkOOjD4+87NMgeqVIheHME3NCMmbsTDEREREREREREdEMrG8bsK/MY8zY2WIiIiIiIiIiIqLHkAOTFXlccul0SyIiIiIiIiIichoTL4Z6GpMVqJjSuTR1PfPMz9U8ERERERERERHRY0gtsExW4tm9YEeImWd+DueJiIiIiIiIiIhmIpVAIqrIY8zYmWIiIiIiIiIiIqKZWIfw21XqWfCYyj3mmZ+reSIiIiIiIiIioscQ5kCdqMyTYObKPeaZn3N5IiIiIiIiIiKix7DOgToxmnmiMm+CXcw883MxT0RERERERERENBOpBBJYJvqSJirzJthi5pmfq3kiIiIiIiIiIqKZSC2wQAL7Sj3HJfPMz9U8ERERERERERHRTKQTFXmTlXqT8dQl88zPtTwREREREREREdFMpK9KJSDzzL+MPBERERERERER0Uxsc6BaplTqMWbsHDEREREREREREdFMpBOdSeJKPcaMnSMmIiIiIiIiIiKaia0CVVyZx5ixs8REREREREREREQzkVssFkgkdp1LjBk7UfxL1dquf9mnQEQ0p7GdJXo18XeTiGh22F4SPV9y2HcuwQJxDDDP/JzO/0KFBnm+7FMgIpqzWtv1bGeJXkH83SQimh22l/SiOWMHvRQWu8o8SCCOAeaZn9N5IiIiIiIiIiKiGUgnKvKEyrwpMfPMz+k8ERERERERERHRDIQK1MdV6jHP/JzOExERERERERERzUBq7Uuyr9RjzNiJYiIiIiIiIiIiohlIraOZ7Sv1GDN2opiIiIiIiIiIiGgG1jlQLVMq8xgzdpaYiIiIiIiIiIhoBlLYOpXsK/MYM3aamIiIiIiIiIiIaAZSSCB0Kk1U5gkxpsTMMz/X8kRERERERERERDOQwgJbRd5kZZ4QY0rMPPNzLU9ERERERERERDQDuwpULrl0wiUREREREREREdEM7CpQYRvmbCvMm7KeeebnZJ6IiIiIiIiIiGgGUkBckSfBROeSXYUe88zP5TwREREREREREdFjWDtQhco8W0UeY8bOFBMRERERERERET2GUIEqgbhijzFjp4mJiIiIiIiIiIgeQ2qBbTgzbJV5jBk7UUxEREREREREYvfu3X/Zp0D0SpFaK/Fskf0ckYwZO0FMRERERERERJOGR0Zx8vSVl30aRK8UoQJV6FOyj6cumWd+juWJiIiIiF62i5eycedO3Qs7/l/+ehz9/YMv7PhENLdYWGxE5EA+UZEnjGq2j6cumWd+juWdSe6tUmRlF0ybS1uThIz0ZBQVV+Dhw068vmezkPvsbycQFTUP69au/Mnn0N7ehe9PXsQ//+6tn3yse/fuY968EKjVbsK6ouIKtD7sxF67839aFy5lo7tLh7eOvj7rffr7B/HZ59/how9/BaXS5Zk/m4h+uUwmMz7+f19i397XMG9e8GO3u5FVAJ2uD/v2vgYAuHotFw/bHuGdt/a+0PN7nm050S/Rnbt1KCyqQFdXDyQSCYKC/LFu7UqEhgSKtmtuacONrAJ0dnZDLpcjZkEENmxYDTdXpbBNW1snbuaWoKW1HWazGVqtF1KSl2HZ0oXCNiaTGWW376DqTh16e/UYGxuHv58Wq1ctR0xMpOgzx8fHceduHVasWAIA0OsHcC0zD42NrRgbG0NoaCA2blgNfz8fYZ/7D5pw/MR5h+uUSCT44P1D8PPTTp5v+yMMDhng7q6e9TXW1NSjuLQK3d06DA+PwsvLA0vjY7EqNRESToNFNGf16Ppw3db+AMB//fFviIqah/S0JHh7ewIAfjh5CdU19dPuHx0djkMHtovWPWzrxKVL2QgPD8HGDasd9plNmzfVbNqo4ZFR/On/fgGz2eyw/7bXMpCYuPgpfzrk7OQWW6eSxTYlpMXCmLHzxM6kr0+P+VHzsH3bWoecSqUCAAwOGhyqE5Yti4Ovj/dzOQfD8DD6+wcxPj4OqVT6k4516XIONm5cjfglscK6wUEDBn5CdUVfXz9qaurh4aHB/QdNiJ4fPqv9hodHYDAMw2g0sgOVyEmZzGYYhkdw6ser+Jf/8da0HQy6Xj1u5ZWKOmzmR4XD5zm1sTN5nm050S/N9cw8VN2pw6rUBAQFroHJZEZ+QRm+OXYGH/32CDRq6/egjs5ufHPsDJKTlmLrlgwYhkdwPTMPx4+fwztv7wNsHZcnT11G0op4JCcthcJFjnv37uPc+UyoVW6IjrZ+d8gvKENb2yOkJC+FVuuFsbExVN2pw3c/XMQH7x+Cv/9kx0BDYytUKjf4+WphMpnx1T9Ow9fHG28c3A6pVIai4gp89fVp/OaDN6DRWDtBDYZhuLoq8ev3DoquVSqVwN1dI1pXU1OPmAURkEgks7rG+oYW5OaVIn5JLNLTkqCQy9HS2o7MG/lwcVEgaUX8C/4vRkQvw+CQAV98eRIBAb44uH8bPDw0GBwyoKzsLr748iT+8Pt3AQA7tq/H+nWpon3N5jF89vkJBAcFCOssFguuXruFstt3YDaPwW+aDtHZtnn2ZttGGUeNMJvNePONnfDReomOMfFAiehpyIXOJExW5jFm7Cyxs5Er5A5fqp9kxfIlL+x8fgqLxfLch5bkF97G0vhYBPj7Ij//9qw7UImIJvhoPVFeUY2EZXEOuWvXbyEyIhQm02QlRGRk6M9yXq9qW070c1i5MgEZ6SmQy2XCupCQAPzHf/4VTY0PsXjxAgDAzdxiRM8Px4b1q4TtDu7fho8/+Up4sBoRHoLffXQUatXkCJjQkEC0PuxAbV2D0IGanpbscB5hoUGoqLiHrm6dqAO1trYBC2OjAAC3y+9hbGwM+/dtFc53184N+Mtnx1FQWIGNGybPTQLA09P9iddfU1OPzZvTZn2NUZFhiIoMEx0jKMgfD+qb0dWle+LnEdEv09279yGVSPDGwe2Qyaztj1brhXlhwaIqTqXSxaFoJL/gNpRKJVKSlwrrhgzD6Ovrx3vvHMCNx4yEfJo2b8LTtlHuGvWs2kqiJxFXoHLJpZMt6clOnrqMyMgwJCyLw507dTh95qrDNhvWr0LqygR0dHShsKgCTc0PYTAMQ+vthfXrUx06Ijs7u3HlWi46OrqgVquQnBSPlORlom1KSqtQVFyJgYFBeHt7YtXKRCxevAClpXdw8XI2AODsuUycPZcJfz8ffPDrQ8K+FZU1yL1Vgv7+Afj6eGPr1rUICQ7ATAzDI6isrMFvPngTGo0aV6/loq39EYKD/EXbjY2N40ZWPqqqamE0mRAeHoLlU4Z/DA4ZUFhYjtq6Ruj1/VCp3JC0Ih6rUhOFbT7+5CtsfS0DRUUVaG5ph0ajwuZNa+Dl5YFLl3LQ1t4JjUaNzRvXYMGCCGG/ouIK4efi7q6xDVVZDpnsp1X0EtHzkZGegtNnrmJRXDRcXBTC+ubmNgwPj2Bh7HxUVz8Q1peUVOFhWyd279oIAE9sR7u6dTh+4jx27dyAy1duoqenDwEBvti9ayO6u3TIzMpHX98AAvx9sHvXRmhtFRf2bTmRs7Hv7JygUMghlUqE31OLxYLGxlZs37pOtJ27uxqhIYFoaGhB9PxwyOVyyOVyh+MplUrR7/xUwyOjKCoqh7u7RnTjb7FYUFvbgIMHrUNeGxpasCA6QtTZK5FIsDA2CjW1DQAcOxNm0tWtw5BhGJERobO+xqlMJjMePGhCR3sXMqbpGCaiuWFsbAxKV6XQeWpvunZvwsjIKG7llSIjPVnUDmrUKhw8sG3Gz3webR7bKPq5yF+FTiwuuXxZS3oyvX4Aen0/AGDx4gVYuDAKE4Wf9fXN+PHsNcQtnA/YhqBptZ5YtSoRKpUbysvv4eSpy/j9P78jekp58XI2Nm1cA29vT9TXN+PipWxIpVJhuEXurVJUVtVg757NCAjwRWdnN44dPwul0gXLly/GsmUL8X/+9HesW5eK+CWxos7Dh22dcFO54sC+rVAo5LhyNRcnT11+4ryrJSWVCA8PEZ5OJiQsQl5eKfbv2yra7vKVHNTdb8Ke3Zvg5+eDpuaHuHAxS7RNZ2c3TCYzdu5YD623Jzo6unH8u/MICvJHRHiI8HM9e/Y6du/ahN27N+HWrVKcOn0FWq2Xdc4ffx/k5hbj9Jmr+Nffvwe5XIb7D5qQnVOEQwe3IyjQH909vSgtrcLAwCC8vDx+yn9mInpOPDw0iFs4H7fySkXzjV69lovNm9LQ3tEl2r5/YBB9ff1C/KR21GAYgV4/gJybxdizexNclUqc+vEKjn17FhqNCgf2bYOLixwnT1/Bpcs5OPzmLmBKW05EQN39RshkMoSGWqfUMBhGYDSaoNV6Omzr7e2B3r7H//4MDQ2jpaUdq1YmOuS++PIk2tofYXx8HCqVGw6/sRNubq5CvrW1A1KZVHhg29urR3i44zzKXl6eorYCtu+yBYW3UXb7HoaGDNBqPbFm9QrELJicY7Wmph7R0eGQSqUYGhp+qmu8kVWAgsLbGBsbBwDs3rURIVPmjCWiuSM2JhLZOUW4dDkHSUnxDsPeHycvvwxKpQsSE55+TtGnafOmmm0bdf9BE86dz0SPrg8qlRsSlsUhdWUC53Ompya3WCyQSCR2nUoWSGAXM8/8HM47m9raBvzv//hv0TqpVIq3j+4VvWxgJhNPJIeGhnHhYhZ2bFsndDraV1gCQOrKBGRlF6Kjsxvhdi9VWZeRirDQIADA0viF0On0KCgsR9KKeJhMZtzKK8GhgzsQEOALAAgI8MXajJUoLbuD6Ohw4RxkMqnoaSUAuLgo8PruzVAorE9J09aswN/+/j30+oHHDt0wmcwoLqnCnt2bhHXLExfj40++gq5XD61twvSRkVGUV1Rjz+5NiIiwDrtdFBcNvX4AmTfyhX3nR83D/Kh5QhwVFYbQkEC0tLQJHagAkJS0VBi+m7pyGQqLyhG/JEbYZmVKAoqKK9HVpUNQkB90Oj28vT2Fn11ggC+2bxNXkRDRy7d69Qp8+uk3SExYBE9Pd1RUVkOtViEsLMihA3Wq2bejKfDztbbbyxMW4/SZq9i39zX4+FhvdhITFuHipewXcn1Ev3RDQ8O4fOUmVq9aLnRmGo1G4DFVVnKFHGbz2LTHslgsOHvuOsLnBU87JceB/VsxPDyKIYMB5eXVOPbtWbz37gF4eFinVKquqUdsTJSw/ajRNO05KBRy0fQfgAQjI6Po7OzB5k1r4OqqRFVVLb77/iIOv7FLOJeamnqkrUl6pmtcs3oF4pfEYtRoRGNjK85fyIKrq5JTHBHNUVqtF959ex9ycovx189OQCGXISQ0ELExUYhfEjPtOywGB4dQVFyBbVvXPdOIuNm3eY5m20ZVVFYjIz0FXp4eaGltx42sAhiNRqzN4Is16enIIepcgrjzCQDzzM/pvJOJjAzFa5vTReukUukzzQlz5tw1LFgQgbi4aGFdj64PBQW30dHRBaPtD57FYoHJZBLtO29ekCgOCwvCrbxSGI0mdPf0wmQy49z5TNEfaaPRhAD/x7+JcYJW6yV0ngKAyjZszzjlHOyVV9yDm6tSNKTO3V2NmAURKCi4jW1b1wrXNz4+jnlh4qek88LE1zM6akRefhmam9tgMAwDEgl0uj4ETZkOwM938oUurq7WGzj7l8m42t6GO/Hzi42JRF5eKb7+x2lERc1DWFgQQoID+PSU6BXj5qpEUlI8rmfmYeeODcjKLnR4I+3jzLYdFbUVbta2wv4lUW6urk+88SByRiMjozj27RmEhgSKHlhMfHeY7vfGbDJD+Zjh+efOZ6JP34+3j+6dNq9SuUGlcoOPj3Uewc8+/w7FJZXCHKS1dQ3YuWOD6DymOweTySwazRMVGYp9r2/BQtsoIAAICQ6ATteHopIKREaGQq8fQI9OjyjbQ92nvUaFQi48lAkO8ofBMIKcm0XsQCWawwICfHFg31aMj4/jUZcOzc1tyM4pQkVlNY4c3u3QiZpzsxje3p5YYptL+mnNts173L4ztVEeHhps37YOSxbHCEU3QUF+wosE2YFKT0uOiYo8oVKPMWPniZ2NQqGAt7fjsK2nVVBYjn79IA7YDW8fHx/H11+fRuzCKLz5xk6h4/Lf/v2/HXqrx8bGRXPryGx/iCUSCSbmB/jg/UMzziX2OLJpnowCj+8xt1gsKCgsh14/4FCdazKZIZFIkJGeArXaTTi38XFxhcbUeYLOnc/E4JABu3ZuhLe3dWj9t8fPOZzEdE9xp1s3sZenpzs++u0RNDS0oKW1HWfPZUImleLo0dfhZutsJaJXQ0ryMnzy569x4vsLCAsNEirqZ/I07ej07Yfz/V0jehqjo0b849gZeHl5YPeujaLvgmq1CnK5HLrePgQF+Yn20+n0CJ5mLvULF7PQ2tqBo0deFw3Ln4mfrxY6nR6wzXlsNJpED2K9vT3Q26t32K+3t080XY9GoxZ1nk4ICQlEbV0DYKtujYoMEzpOn+Ua7fn7a1FecW9W10lEv2xSqRSBAb4IDPBF9Px5+POn3+Dhw06E2bVXOl0fbpffw8H925753nq2bd5sTG2jJBLJtHO/h4YEYHTUiJGRUaFghWg2pLBV5E1W6olj5pmf23myJ5NJYR6bfojahI6OLtzMLcbe17eIhlsMDQ1jcMiA+CWxwk3/4OCQ6I2NE1pa20Vxc0s7PD3doVDI4eurhVwuQ1PTwxnPQ66QY3TU+JRX6Ohe9QMMDg7h1+8dxAfvHxL989GHv4KnpzuKiisAW8WXVCpFc4v4/BsaW0Vx56NuLIiOEDpPAUA3zReDZ+HiokBsbBQ2bVyDD//pTRhNJtTWNjyXYxPR86NQyJGWloTGxlZkZKTMap+naUeJ6OkYjSYc+/Ys3N3V2Pv6FoeHEBKJBJERobhn95I3ABgYGMTDtk5ERYnf+HzpSg4am1px9MgeaDQqh88bMgxPex6Punrg7qEGANTU1iNmQYSo4yEqMgx19xtFw+ktFguqa+ox3+4cDIbhaacVeNTVI3Q61NTUIzZ2cnqA2V7j6Khx2mN3dvbAw10z7XUR0S+fwTAszCdqb+KezzLlDvpGVgFCggMQHf3sVemzbfPszbaNMpvNMAyPOGz3qEsHV1clO0/pqcnxilQCMmb8MmJnYzaZMTAw6LBepVJBJpPCz88HubdKUXe/ESHBAcIN/ASTyYyTp69gbUYKfHy8MD5u/QMrlUqh0aiEzsatWzJgMplw4VL2tG9xzLlZDJlUCn9/H9Q3tCC/4DY2rE8FbB2EqSsTceFSNsYtFoSGBGJ4eATlFfcglUqxfp11u+DgAJTdvovQkCBoNCq4u6uf6WeSX3AbyUlLH1sdlp6WjMtXcrB61XK4uiqxbOlCXLt2C0qlC4KD/NHS0o6S0irRPiHBgai6U4tFcdFQqdxwIyvfYfjts8i9VQqZTIrFi6zHffiwEwbDsDB0hYheLcsTFyMiPESYR/lJnqYdJaLZM5vN+Pb4ORiNJuzauQEDA0NCzkXpIoziSFuThL9/+QOuZ+ZhyeIYGIZHcP36LYSGBCIyYnJ+02vX81BeXo3Db+7E2Ng49PoBwPYgWqOxfh/5/vuLGB01IikpHv5+WoyPW3C7/C56enqxZ5d1zvWamgZs2CB+w3TCskUoLKrA9z9cRFpaEmRSKQoKy2EYGkZS0lJhu+ybRaitbcDKlGUICvSHTCbFnbv3UVfXiLeOvo6hoWG0dzzCoWjx9CGzucb8gjKUld1FcvJShIQEQumiQENjK4pLKjn3OtEclpVdiPsPmpCSvAwhwQFQKOTo7etHbm4xAgP9hPcwAEB7+yNU19TjraOvz3jM/v5BWCwWmE1mGKVS6PUDkMvl1tF9T9HmXbiYhfDwECyKi551G1V3vwlnzl7D8sQliIwMhVrlJsyBmp6W/EJ+hjS3yaevzLM8oXKPeebnSN6JeHl5oLyiGn/6+EuHXNqaFchIT8HC2CgsW7oQp3+8Cl8fb7z7zn54errDw8M6R+qDB03o7dXj8pWbuHzlprB/TEwkDuzbiiOHd+PM2ev4458+h1brhS2b0jA4OASV7Q+kWuUGLy8PbNu6FpcuZ6OjowtqtQrr1qYgaUW8cLyM9GSo1W7Iyi5Ab282UPwJAAAgAElEQVQ/1Go3REWGCS9BAIAtm9bg7PlMfPHVSbi4KPDeO/vh7q4WXsowQal0gUrlNu3QusHBIQwMDCLZ7o/zVIsXRSM/vwytrR2IigrDls3pcHFR4Oy5TJhMJkREhOLAvq349vg5uLhY5+nZvm0tLlzMxqd/OQY3N1ekrkzAorho4aYKtuH4E18cYLvp8vDQiNbJ5TJoNGqobR3ZC6LDkZVTiILC2xgZMcLbywNbNqcjlG/EJXrpFLabganzdWmnvMFWo1ZBY/fAx8NdA08vaxsrkUie2I6qVK7QaNSiF+ip1daOV/uKOrXaTTT0zb4tJ3I2ra0dwuiXP3/6jSjn5eWB3/32CGCbG+/NN3bixo18FBVXwlXpgpiYSGG+UtgqWUvLqmA2m/HlV6dEx5JKpfjtbw7Dy8sDh9/chZLSKhQXV0LX2weZTIbg4AAc/dUe+Pp6Q6frQ//AoKhjFrYHyUd/tQdXr93CN8fOAADCQoNw9OjrwvcBANiyKQ2+Pt6orKpBVnYRJBIgKNAfRw7vRmhIIMrK7mDevGCHCqvZXOPajJXw9/dFcXEl8vLLMDY2Dl8fL+zcsR7xS2Kfw38RInoVvbYlHX5lWlTdqcONrHyMjY3Dy8sDsTFRSFuzQlQtf/feA8TFRYs6VadqanqIr7/5UbSupqYeMpkM//r7d6FUusy6zXv4sFO4l5ptGxW3cD4UCjmKiytRUVkNk8kErbcXNm1cg8SERc/1Z0fOQZL6dqlFIrGrzOOSSydaXv//lgC2YQITrP8++Zopi8Ui5K0Li7DO+o/9uon9rfGoSYrQoJ8+56i91nb9cz8mERFNYjtL9GqaS7+bd+/dR0NDC3ZsX/9Cjn/xUjZCQgIRvyTmhRyfiF5tP7W9NAyP4L/++Df8r//50XM9L5o7XsTf5NZ2PZSKcVtnvQQSiQQSCexi2NZJROsA2K2D0J9j3+k/8e/GUcMzn59QgTr90vKY9cwzP0fyREREREQ/s0Vx0VgUF/3Cjr/1tYwXdmwimvsUcrnofQ5EBEgn3ioNi8U6I6QoloB55ud0noiIiIiIiIgECoUcH3145GWfBtErRQqJrZPJrjKPMWOniYmIiIiIiIiIiGYgnehMElXmTYmZZ37O5omIiIiIiIiIiGYgqkAVKvOmxMwzP2fzREREREREREREM5A+rpOJSy6dYklERERERERERDQDxwpUYOZOJ+aZn0t5IiIiIiIiIiKiGThWoAKP73xinvm5liciIiIiIiIiIprBZAUqplbqMWbsBDEREREREREREdEMpMILdWBdMmbsTDEREREREREREdFMpBKI54RkzNiZYiIiIiIiIiIioplILYCoMo8xY2eKiYiIiIiIiIiIZiJUoHLJpTMuiYiIiIiIiIiIZmKtQIVdZR5jxk4UExERERERERERzUQqAWCBuDKPMWNniYmIiIiIiIiIiGYitQCQTKnMY8zYWWIiIiIiIiIiIqKZWCtQp1TmMWbsLDEREREREREREdFMrBWogKgyjzFjZ4mJiIiIiIiIiIhmIsdEZ5KoMm8yZp75uZ7/JWpt17/sUyAimtPYzhK9mvi7SUQ0O2wviZ4vOewr8oSlZHK4M/PMz+H8L1VokOfLPgUiojmrtV3PdpboFcTfTSKi2WF7SS+aM3bQSyc6lSDqZHLsfGKe+bmYJyIiIiIiIiIimonUYoFQiSeBBBOx0NnEPPNzOE9ERERERERERDQTKSTiyjxxDDDP/JzOExERERERERERzUCKiYq8iUo9xoydKSYiIiIiIiIiIpqBUIHKJZdOuSQiIiIiIiIiIpqBFBZbN5JQoTf5dvKJmHnm52yeiIiIiIiIiIhoBlJIJieFtFbmSYTKvImYeebnbJ6IiIiIiIiIiGgGUlgskEimr9SDbck883M2T0RERERERERENAOpUJE3TaUeYFexxzzzczFPREREREREREQ0A/EcqJIplXuYUrnHPPNzLU9ERERERERERDSDaedAtcYzVO4xz/xcyRMREREREREREc3AWoE6pTKPMWOniYmIiIiIiIiIiGYgta/I45JLp1sSERERERERERHNQGqxr8iTAIwZO1NMREREREREREQ0E6nE2qskVOQxZuxMMRERERERERGJ3bt3/2WfAtErRWqBtTNpojKPMWNniomIiIiIiIho0vDIKE6evvKyT4PolSJUoArLKZV6zDM/l/NERERERC/bxUvZuHOn7oUd/y9/PY7+/sEXdnwimlssvFcmciC3wNqpZLFwyaXzLZ1RbV0DSsvuoK3tEYxGE9RqFSLCQ5CamgA/X+3LPr2fbGxsDKVld1B1pw49Pb0YGxuDl5cHYhZEInVlAtzcXF/2KRLRHGQymfHx//sS+/a+hnnzgh+73Y2sAuh0fdi39zUAwNVruXjY9gjvvLX3hZ7fZ387gaioeVi3duUL/RyiV9Wdu3UoLKpAV1cPJBIJgoL8sW7tSoSGBIq2a25pw42sAnR2dkMulyNmQQQ2bFgNN1elsE1bWydu5pagpbUdZrMZWq0XUpKXYdnShcI2JpMZZbet30d6e/UYGxuHv58Wq1ctR0xMpOgzx8fHceduHVasWAIA0OsHcC0zD42NrRgbG0NoaCA2blgNfz8f0X5msxm5t0px524d+vsH4e6uxrKlcUhduQxyuXzyfNsfYXDIAHd3NUwmMwoKy1FVVYM+/QCUShdERoZi4/pVcHfXPNU1EtHc06Prw3Vb+wMA//XHvyEqah7S05Lg7e0JAPjh5CVU19RPu390dDgOHdguxGW376KwqBx9ff3QaKxt1JrVy0X34rNt8+zV1NSjuLQK3d06DA+PwsvLA0vjY7EqNVE49vDIKP70f7+A2Wx22H/baxlITFz8E35S5IzkEth1Jtkq9SxTKveYZ36u5p3N5Ss3UVJahcTERUhOWgpXpQt6+/pRV9eIz/52Ah/+02F4eXm87NN8ZiaTGf/45kfoevVISV6G0HWpkEgk6OnpRXlFNaprHuCjD4+87NMkojnIZDbDMDyCUz9exb/8j7emfUin69XjVl6pqMNmflQ4fHy8X/j5LVsWB9+f4XOIXkXXM/NQdacOq1ITEBS4BiaTGfkFZfjm2Bl89Nsj0KhVAICOzm58c+wMkpOWYuuWDBiGR3A9Mw/Hj5/DO2/vAwDcf9CEk6cuI2lFPJKTlkLhIse9e/dx7nwm1Co3REeHAwDyC8rQ1vYIKclLodV6YWxsDFV36vDdDxfxwfuH4O8/2THQ0NgKlcoNfr5amExmfPWP0/D18cYbB7dDKpWhqLgCX319Gr/54A1oNGphvxPfXYBeP4CM9GT4aL3Q29ePouJKDAwMYtvWtcJ2NTX1iFkQAYlEgq/+cRoAkJaWBK3WC3r9ADJv5OPE9xfx/rsHnuoaiWhuGRwy4IsvTyIgwBcH92+Dh4cGg0MGlJXdxRdfnsQffv8uAGDH9vVYvy5VtK/ZPIbPPj+B4KAAYV1JaRWuZ+Zh86Y0hIQEoOuRDpev5MBkMgn7P02bN6G+oQW5eaWIXxKL9LQkKORytLS2I/NGPlxcFEhaEQ8AMI4aYTab8eYbO+Gj9RIdw93d8bhET8IKVC6deulMamrqUVxSiYP7t2HBgghhfUhIIJYsjkFXlw6enu4v9Rx/qswb+ejR9eHX7x0UXcu8ecFITFyMR109L/X8iGju89F6oryiGgnL4hxy167fQmREKEymyUqIyMjQn+W8Vixf8rN8DtGraOXKBGSkp0AulwnrQkIC8B//+Vc0NT7E4sULAAA3c4sRPT8cG9avErY7uH8bPv7kK9x/0ITo+eGICA/B7z46CrXKTdgmNCQQrQ87UFvXIHQupqclO5xHWGgQKiruoatbJ+pAra1twMLYKADA7fJ7GBsbw/59W4Xz3bVzA/7y2XEUFFZg4wbruVXdqUV7Rxc+/M1h4VyCgvyxKC4a4+Pjos+tqanH5s1pAID9e1+Dh8dkpWlwkD8UCjmOnziPwcEhaDTqWV8jEc0td+/eh1QiwRsHt0Mms7Y/Wq0X5oUFi6o4lUoXKJUuon3zC25DqVQiJXkpYJsCICenCOvXpQrfifx8tZBKJTj141WsSk2Eq6ty1m2evajIMERFhonWBQX540F9M7q6dA7bu2vUv/j7XHo1yB0q9RgzdqLYmRSXViEyMlTUeWrPz088fN9kMuNGVgHu3quD2TyGwABfbFi/GkFBfsI21dUPcPNWCXp6euHm5oYlixeIblB+OHkJUVHz0N2tQ2VVLZJWxCM9LQnDI6O4fCUHdXWNkEmliIuLRvT8cNzMLca77+wXjl9SWiVUUnh7e2LVykThJmeqsbEx3C6/i7Q1SY/9A2k/DKS4pBIdHd0ICwvCzdxieHm648iv9szqc/v6+nH1+i00NT2EQi5HeEQINm5YLVSw/HDyEiIjw9Dbq0dFZQ2MRhPC5wVjx471wjZENDdlpKfg9JmrWBQXDRcXhbC+ubkNw8MjWBg7H9XVD4T1JSVVeNjWid27NgIAOjq6UFhUgabmhzAYhqH19sL69amInm/tsOjq1uH4ifPYtXMDLl+5iZ6ePgQE+GL3ro3o7tIhMysffX0DCPD3we5dG6G1VVycPHUZkZFh03bsEs119h2BExQKOaRSifB7arFY0NjYiu1b14m2c3dXIzQkEA0NLYieHw65XC4aHj9BqVSKfuenGh4ZRVFROdzdNaIbf4vFgtraBhw8aB3y2tDQggXREaLOXolEgoWxUaipbQBg7Uy4e/c+4pfETHttUqlU+Peubh2GDMOIjLA+rLHvPJ3gqlTafibW83/WaySiX7axsTEoXZVC56m96dqECSMjo7iVV4qM9GShjejo6IZheAQLF84XbTtxL9rc3IaYmMhZt3kzMZnMePCgCR3tXciY5uEV0fNirUCFBKJKVMaMnSR2Jm1tnVizesWst//uhwtQyBV4/92D0GhUuHvvPr759owwlKKxsRWnfryK17akIyYmEr06Pc5dyISuV48D+7YCAPr7B3Hl6k0sjI3Cvte3IMQ2bPWbY2cgk8nw1tG9ULkpUVFZgzNnr4m+8OfeKkVlVQ327tmMgABfdHZ249jxs1AqXaatfOjq0sFsHkN4eMisrm9gYAj3qu+ju6cXmzetQVho0Kw+1zA8gi++OonEhMXYvXMjpFIJbmQV4MR3F/Du2/sgkUjQ3z+IS5dzkJGejA9+fQjDwyP4/odLuH49T+gkIaK5ycNDg7iF83Err1Q03+jVa7nYvCkN7R1dou37BwbR19cvxA2NrdBqPbFqVSJUKjeUl9/DyVOX8ft/fgdKpQsMhhHo9QPIuVmMPbs3wVWpxKkfr+DYt2eh0ahwYN82uLjIcfL0FVy6nIPDb+4CbPOL6fX9ICKruvuNkMlkCA21fjcxGEZgNJqg1Xo6bOvt7YHevsf//gwNDaOlpR2rViY65L748iTa2h9hfHwcKpUbDr+xUzQfe2trB6QyKYKD/AEAvb16hIc7zqPs5eUpais6H/UgLm4+yiuqUVhUjsGBIfj6aZGRnoJwu3mYa2rqER0dLvqONdW96gcICQl0qCib7TUS0dwQGxOJ7JwiXLqcg6SkeIdh74+Tl18GpdIFiQmTc4r29umhUMgdikdkMhk8PDRCmzrbNm86N7IKUFB4G2Nj1qr73bs2Cveb9u4/aMK585no0fVBpXJDwrI4pK5McLr+APrp5BIAQieqxQL7GFNi5pmfa3lnYbFYYDKZoZpSpXA9Mw9lt+8Ctid9bxzagZDgADQ3t6G1tQN/+Jd3haeIixctwP0HTbhztw4rUxKQc7MYCQlxSExYBNiqO3bt3IjP//49unt6hbn2AgP8sGvnZKdhfX0LOju78c+/e0uYe2bN6hV4+LAT7e2PANtTxFt5JTh0cAcCAnwBAAEBvlibsRKlZXem7UAdGTUCAFRTXhL19y9PorvbOpTDxcUFv/vtr4SnqhKJBG8e2gFX24shZvO5JSVV0Hp7IT0tSfiMTRvX4E8ff4HOzm4EBlordCMiQrB61XIAgEatQsKyOJSUVj3zf0Mi+uVYvXoFPv30GyQmLIKnpzsqKquhVqsQFhbk0IE61apUcedE6soEZGUXoqOzW9Qpsi4jRXjx3/KExTh95ir27X0NPj7Wm53EhEW4eCn7hVwf0S/d0NAwLl+5idWrlgudmUaj9XvEdFVWcoUcZvPYtMeyWCw4e+46wucFTzslx4H9WzE8PIohgwHl5dU49u1ZvPfuAaEStLqmHrExUcL2o0bTtOegUMhF03+MjIzg/v0mDAwOYeuWDCgUchQWVeCbY2fw7jv7EWj7HlNTU4+0NUkOx5vQ3NKG0rI7OHJ492O3edI1EtHcoNV64d239yEntxh//ewEFHIZQkIDERsThfglMdM+iBkcHEJRcQW2bV0HmWwybzSaoHhM1apCLhemBJhtmzedNatXIH5JLEaNRjQ2tuL8hSy4uiqFUTsTKiqrkZGeAi9PD7S0tuNGVgGMRiPWZvDFmvR05BZgsiLvcZV6zDM/R/POQiKRQKl0wcjIqGh9RnqyMC/eseNnMTRoAAA8bOuEyWTGZ59/J9p+ZGQUvj7WG/ZHXT3C22InBAf5QyaToaOjS+hADQ72F23T1d0Drbenw8TdUVFhQgdqV7cOJpMZ585niv5QG40mBPhP/zbGiRugqdf4xsHtGB01YnTUiL98dhwmk1k0p4+r3Vt1Z/O5bW2daG5pw58//Ub0OSaTGaNGkxAH+PuK8iqVK4x2eSKau9xclUhKisf1zDzs3LEBWdmFojfSzqRH14eCgtvo6OiC0XbjYH0IJm4/7F885epmbcfsXxLl5ur6xBsPImc0MjKKY9+eQWhIoOiBhUJhvYGf7vfGbDJD+Zih6+fOZ6JP34+3j+6dNq9SuUGlcoOPj3Uewc8+/w7FJZXCPKu1dQ3YuWOD6DymOweTySyqEFXI5XhQ34w//Mu7wrnv3rURAwODKCmpxI7t66HXD6BHp0dU1Lxpz62jsxvffX8RmzauFipxn+UaiWjuCAjwxYF9WzE+Po5HXTo0N7chO6cIFZXVOHJ4t0Mnas7NYnh7e2LJlGnWFHI5TObpv4eYzJPt2WzbvOkoFHLhwXFwkD8MhhHk3CwSOlA9PDTYvm0dliyOEaYICAryE14kyA5Uelp2FaiPq9Rjnvm5m3cmQUH+aGp6iNSVCcI6uVwuzBc6da6bwABfvP/ewccez2wec3hJAQBIpRJRce/UP7JjY+MwjzlWcUgldtvZDvDB+4dmPdeWj9YLLi4KNDW3IShostPW1VUJV1elQ8eq9TOndKLP4nMtsCAleRk2bVw94/lIpdN00DtR1TORs0tJXoZP/vw1Tnx/AWGhQUJV+0zGx8fx9denEbswCm++sVMYNfBv//7fmPona7oqkGnbHSISjI4a/3/27vyrqTzPH/8zN4EASVgiOwiCCKLiCuICqLjvlpalltYyPTU93fOZ6Zkfvud75swf8DmfM2c+Z7pPT3dX90wtXVZ1WVpqVblvCK4gKAIiIAooO0ggbAESks8PCZdcEiKitpo8H+f0efu6r5ube6nmkrzv674u/nLoBAID/bFt62rJ7ZsqlR8UCgV0nV2Sfu8AoNPpERkZ5rC9M2fz0NDQggP7d0huy3clJFgLnU4P2HoeDw0ZETM1QswHBfmjs1Pv8LrOzi4EBvqLcUCgBkqlUpw8HREZGSZekK6sqkF83FSHdQCgra0D3377E5YvW+TyIXOTOUYievsJgoDwsGCEhwUjYXoMPv3Tt2hsbMVUu/OVTteFuyUV2L1ro8Pt8EFB/jAaTejt7YdaPXobv8k0jO7uXvF8NtFz3kSEhmpRUlohxjKZzGnv9+ioMAwODmFgYFBSTEP0LMJoBerYStSxy5ln3v3ynmThgtl4VPMEj2qePHPd8PAQPO3oRF+fYdx1wsKCUV/fLFnW0voURqPJ4YvH2Nfp9T0OfyhrauvFfwcHa6FQyPH4ceMz93WEQiFHSkoS8gvuoru7d8KvszeR940ID8GTJxPfLyLyTF5eCmRkpKKurgFZWYsn9Jq+PgN6+/qRMidJnDzt7e2TPPmWiCZnaMiIQ9+dhEajwjs71jlchJDJZIibFo0Ku4e8AUBPTy8am1oRHy994vO5C1dR97gBB/Zvl0wOjOjrd/4Zqq29Axp/6104VQ9qkDhjmmTiIT5uKqof1klaBlgsFlRW1WC63T5Mj4/F06c6h9YCzS3tCAqy9nGtqqpBUlI8xnra0Ym/HDqBJUsWIH3xvHF+Ys8+RiJyL/39BrGfqL2RW+zHFiDl5hUgKjLMaXu18PAQ+PooHc6pD6prIQiC+PyJiZ7z7A0ODjltq9La2gF/zeiD8kwmE/oNAw7rtbXrxCIbouehgH1lnu0Xwr5ij3nm3T3vKWYmxSN1UQqOfH8GCxfMRkJCLFR+vjAMDKKtrQNtbR3iB/hpsVGIjAzD98fOYk32UgQFBUCn0+NWUSlmJycgKSkey5ctxNFj5xASosXMpOno6enFydOXMWd2ouQ20rHipkUjNHQKjh0/h3XrMuGvUeNeeTWamlvFdby9vbAkfQHOnLsCs8WC6KhwGAwDKCmtgCAIWLVyidNtZ69ciubmdnz+5fdYnDYXU6dGwEuhQF+/AY8eWSeOXTULn8j7LlqUguK7FTh9JheLF8+Dr48PGhpbcKuwBNu3rnH6dFsi8kwLF8zGtNgoaIMcH0rjjFrth4AADQqLSrFhXRaMRiPOnLvi9Gm4RDRxJpMJ3x0+haEhI7ZuyUZPT5+Y81Z6w9f2JTpjeSr+fPAYci7fxJzZieg3DCAn5waio8LFp9gDwKWcmygpqcS+vVswPGyGXt8DAJDLBajV1snRo0fPYnBwCKmpKQgN0cJstuBuyX10dHRi+9Y1AICqqlpkZ0ufMD1/3izcKizF0WNnkZGRCrkgoOBWCfr7DEhNnSuutzhtLkpKK/HdkVNYuSIdXl4KFBWVob6+CWtXL0dfnwHNLW14L0HaPqSzU48/f3UMs5ITMCs5Qdx32NoNjFSrTuQYici95F25hYePHmNx2jxERYbBy0uBzq5uXL9ehPDwEHHSEwCam9tQWVWDDw7scLotQRCQkZGG3Lx8eHkpEB0Vjra2Dpy7cBVLl8wXb8+f6DnvzNk8xMZGYVZyAvILilFcfB9paXOtD8Dz9kJtXQOKbpdh08aV4muqHz7GiZOXsHDBHMTFRUPl5yv2QM3MSHulP0tyTwo464HKkaOHjJ5m3doMxE2LRvHd+zh5Mgf9hgH4+CgREKDB0iULEGN7QIlMJsOe3ZuRd+UWjv1wAf39BgQGaDB7dqLYR2tGwjTs2L4W12/cxqWcG1AqlZg3dyayMkcrrfz91ZKrgLD9Md27ZwvOX7iGw0dOQ5DJMHt2IrIyF+Pa9SJxvazMNKhUvsi7UoDOzm6oVL6Ij5vq8kEIXl4KfHhgB+4Ul6O8vBoFBXcxZDRae49pA7FubYb4x1qjUcHf1r7A3rPeV63yw8cf7kRObj4OHjwO0/AwQoK1SE1NESdP/f3V0Iw5brVKhYDnvA2FiN4eXgoFVCpfh35d2jFPsFWr/KC26wHtr1EjINB6LpLJZNi/bxtOnMzBb377JbTaQKxbk4He3j74qawVqX5+PlCrVWIvL9huPQ4I0Egq6lQqX+ntvgEa+Ps7nvOIPEFDQwvqG6x3zYztYR4Y6I9/+MV+wNYbb++eLcjNzUdhURl8lN5ITIwT+5XCVsl6p/geTCYTDn79g2RbgiDgFz/fh8BAf+zbuxW379xDUVEZdJ1dkMvliIwMw4H3tyM4OAg6XRe6e3olE7OwXcw98P52XLx0A98eOgEAmBodgQMHdkBl9zBQHx8lPvrgHVzOzcfhI6dhNBoRERGK/e9vR0iIFsXF5YiJiXSosLpX/gCDg0MovntffJDoiHlzZ2LzplUTPkYici/r12UipFiLe+XVyM3Lx/CwGYGB/khKjEfG8kWSQpT7FY+QnJwgmVQdKy01BYJMhpv5xdDre+Dvr8bSJQskLeUmes5rbGwVL96syEpHaGgwiorKcDO/GMPDZgRPCcSWzauQMidJfE3yzOnixaXSskoYjUZogwKxZvVy8UHIRM9DtviD255VhkdkJ++/rVe1LHa9Ka3/ttaojsQjeetgEZdZ/2e/bOT11njQKCA6YmKVRxPV0Kx/6dt8E1y5egtP6ptx4P3tr3tXiMjDuet5luht506/m/crHqK2th6bN616Jds/e+4KoqLCkTIn8ZVsn4jebC96vuw3DODXv/kC//avv3yp+0Xu41X8TW5o1kPpZbZN1ssgk8kgk8Euhm2ZTLIMgN0yiPM59pP+I/8eGuyf9P4JsACjbyEDY8YeFdNrcei7k7h95x50ui709xvwoLoWhUVlmDfXsck3ERERkbuZlZzwyiZPAWDD+ixOnhLRpHkpFAgKYqU5kT2FbU4JGOkJyZixJ8X0WixduhC3bpXg+vXbMAwMIjBQg5VZ6fygT0RERERE9Jp5eSnwy7/f/7p3g+iNooDFWspqsdhK8+ximcx6yzLzzLtrnl6P2JhIxNr6rRIRERERERERvckEa0We5L5maaUe88y7c56IiIiIiIiIiMgFwe5+ZrFHJGPGHhMTERERERERERG5IGDkYeP2lXqMGXtKTERERERERERE5IIwMplkX5nHmLHHxERERERERERERC5YK1BhN6nEmLEnxURERERERERERC4IFottFsk2uTQSjsbMM+++eSIiIiIiIiIiIlcEmUwmua1ZNqZSj3nm3TlPRERERERERETkimCxr9Szm1wSC/eYZ96N80RERERERERERK4IMrEyz3mlHvPMu3OeiIiIiIiIiIjIFWGkMm9spR5jxp4QExERERERERERuSLIIJNW6jFm7EExERERERERERGRK4IFI2Uqfh4AACAASURBVBV5tpExYw+KiYiIiIiIiIiIXBmtQIUMFvsKPcaMPSAmIiIiIiIiIiJyZbQCFRbI7Cv0GDP2gJiIiIiIiIiIiMgVwVqJZxlTmceYsWfEREREREREREREriislXi2SSWOHD1sfFs1NOtf9y4QEbk1nmeJ3kz83SQimhieL4leLoV9Rd7oCDhfzjzz7pV/W0VHBLzuXSAiclsNzXqeZ4neQPzdJCKaGJ4v6VXzxAl6wQLbpNJIJSoskAFjYuaZd888ERERERERERGRKwJgN8lkARgz9qyYiIiIiIiIiIhofALsK/QAMGbsWTEREREREREREdH4xApUjhw9cyQiIiIiIiIiIhqfANuDdUYq8xxG5pl35zwREREREREREZELAmRwqMiTxMwz7855IiIiIiIiIiIiFwQAYyr14FChxzzz7pwnIiIiIiIiIiIaz2gP1NddCcg8868lT0REREREREREND4BFuukEuwq9Rgz9piYiIiIiIiIiIjIBcE6hySt1GPM2GNiIiIiIiIiIiIiFwTrHJJdZR5jxp4UExERERERERERuTBagcqRoyeORERERERERERELgiWkTkksTJPOjLPvDvniYiIiIiIiIiIXBFkMrEl5GhlnmW0Qo955t05T0RERERERERE5Iq1B6psTKWebEylHvPMu2ueiIiIiIiIiCQqKh6+7l0geqMIIxV5kko9i8VhZJ55t8wTERERERERkcgwMIjjP1543btB9EYRxIeR21fqMWbsITERERER0et29twVlJdXv7Lt/89nh9Hd3fvKtk9E7sXCYiMiB4qxlXmMGXtS7Emu37iN+vpm7N2zZdx1env78PmX32PP7s0ICwt+off7/IsjiI+PwcoV6ZN6fV1dAy5cvI6/+2TPC+0HEdFfg9Fowu9+fxA731mPmJjIcdfLzSuATteFne+sBwBcvHQdjU1t+OiDd17p/r3oOZnobVd+vxq3CkvR3t4BmUyGiIhQrFyRjuiocMl6T+qbkJtXgNbWp1AoFEicMQ3Z2cvg66MU12lqasW167dR39AMk8kErTYQi9PmYd7cmeI6RqMJxXfLca+8Gp2degwPmxEaosWypQuRmBgneU+z2Yzy+9VYtGgOAECv78GlyzdRV9eA4eFhREeHY3X2MoSGTJG8zmQy4fqNOyi/X43u7l5oNCrMm5uMJenzoFAoRve3uQ29ff3QaFTisp6ePpy/cBXdPX34m492Ofy8JnKMROR+OnRdyLGdfwDg17/5AvHxMcjMSEVQUAAA4Njxc6isqnH6+oSEWLz37ibJssamVpw7dwWxsVFYnb1MkjMMDOK3//UVTCaTw7Y2rs/CggWznb5PVVUNiu7cw9OnOhgMgwgM9MfclCQsXbIAMluh1GS3TTQehcViawnJkaMHjp6kt7cfNbX1qKyqwcykeKfrXM4tQG9vP/oNAy/8fvPmJSN4StCkX9/b148uffcL7wcR0V+D0WRCv2EAP/x0Ef/0vz4QP7zb03XqcePmHcmEzfT4WEx5gXPlRL3oOZnobZZz+SbulVdj6ZL5iAhfDqPRhPyCYnx76AR++Yv9UKv8AAAtrU/x7aETSEudiw3rstBvGEDO5Zs4fPgUPvpwJwDg4aPHOP7DeaQuSkFa6lx4eStQUfEQp05fhsrPFwkJsQCA/IJiNDW1YXHaXGi1gRgeHsa98mp8f+wsPvnZewgNHZ0Mra1rgJ+fL0KCtTAaTfj6Lz8ieEoQ9uzeBEGQo7CoFF9/8yN+/skeqNWjk6BHvj8Dvb4HWZlpmKINRGdXNwqLytDT04uNG1aI61VV1SBxxjTxvFRaVoULF69hcHAIarWfw89rosdIRO6lt68fXx08jrCwYOzetRH+/mr09vWjuPg+vjp4HP/8q48BAJs3rcKqlUskrzWZhvH5l0cQGREmLrNYLLh46QaK75bDZBpGyJiLQAAwNDgEk8mEvXu2YIo2UJKzv+hjr6a2Htdv3kHKnCRkZqTCS6FAfUMzLufmw9vbC6mLUia9bSJXxApUhxHjLGeeeTfKe5ro6HDk5hVgRkIs5HK5JNfS+hQdHZ1QKr1fynstWjjnpWyHiOhtMkUbgJLSSsyfl+yQu5RzA3HTomE0jlZCxMVF/1X2i+dk8mTp6fORlbkYCsXoZ5+oqDD83//8DI/rGjF79gwAwLXrRUiYHovsVUvF9Xbv2ojf/eFrPHz0GAnTYzEtNgr/8MsDUPn5iutER4WjobEFD6prxcnFzIw0h/2YGh2B0tIKtD/VSSZQHzyoFS9u3y2pwPDwMHbt3CDu79Yt2fifzw+j4FYpVmdb9+1e+QM0t7Tj73++T9yXiIhQzEpOgNlslrxvVVUN1q7NEOPa2nps3ZyNLn0PbhWWOOznRI+RiNzL/fsPIchk2LN7k/hdUasNRMzUSEkVp1Lp7fCdMb/gLpRKJRanzRWX9fUb0NXVjb/56F3kXilw+d4atQoBAZoJ7Wd83FTEx02VLIuICMWjmidob9e90LaJXFFYLBbIbL0hnVfqMc+8++Y9TVBgAEJDp6CwqAxL0udLchcvXcfKFek4evycZHnVg1oU3y1Hc3M7jEYjoqLCsWnDCvEWjqLbZWhpeYqpUyNw7XoRAgM02P/+dhz/4Tzi4qZi/rxkmM1mFBaV4X5FNZ4+7YRcLkfijGlYvy4LXl4KTJbBMIBLOTdQXV0Ho2kY4eHBWLViCaZOjQBsVz3/6/dfY/u21Si6fQ81NU8gl8sxc+Z0rMleJnnv23fuiVUbQUEBWJq+QPxCdfpMLu6WVDi8/0cf7kRUZJjDciLyXFmZi/HjiYuYlZwAb28vcfmTJ00wGAYwM2k6Kisfictv376HxqZWbNu6GgDQ0tKOW4WlePykEf39BmiDArFq1RIkTLdOWLQ/1eHwkdPYuiUb5y9cQ0dHF8LCgrFt62o8bdfhcl4+urp6EBY6Bdu2robWVnFhf04m8jT2E4EjvLwUEASZ+HtqsVhQV9eATRtWStbTaFSIjgpHbW09EqbHQqFQSG6PH6FUKiW/82MZBgZRWFgCjUYt+eJvsVjw4EEtdu+23vJaW1uPGQnTJJO9MpkMM5PiUfWgFoB1AvX+/YdImZPo9NgEQRD/3f5Uh75+A+KmjV6s2b5tDQDgVmGp032d7DES0dtteHgYSh+lQ6ENbOeF8QwMDOLGzTvIykyTnCPUKj/sfnfjK9vfEUajCY8ePUZLczuynFy8InpZFDKMTi6NVOZJY+aZd9+8J8pcnobPvjiMuSlJ8LN96H7woBYymQzTpjlWQlVX12Jm0nRsWJcFuVzAuQvXcPLUZXxwYAdg66FVUfkQTzs6sXbNckyNtk5e6vU90Ntuwe/rM6C5pQ2Zy9MQHh4Cg2EAR4+dxc38O8jKXDzpY/n+6FnIZDLs378dvj5KlJRW4ptvf8LHH+5EeHgIhofN6OnpxdGjZ7Fxwwps3rgS7U91OHEyBz+duIhdOzcAAK7fuIOye1V4Z/tahIUFo7X1KQ4dPgml0hsJCbHYtHEl1q3NFN/3cm4+6huaEREeMul9JyL35O+vRvLM6bhx846k3+jFS9exdk0GmlvaJet39/Siq2u0XUltXQO02gAsXboAfn6+KCmpwPEfzuNX//gRlEpv9PcPQK/vwdVrRdi+bQ18lEr88NMFHPruJNRqP7y7cyO8vRU4/uMFnDt/Ffv2bgXGnJOJCKh+WAe5XI7oaGtLjf7+AQwNGaHVBjisGxTkj86u8X9/+voMqK9vxtL0BQ65rw4eR1NzG8xmM/z8fLFvzxb4+vqI+YaGFghyAZERoQCAzk49YmMd+ygHBgZIzhWtbR1ITp6OktJK3CosQW9PH4JDtMjKXIxYuz7MVVU1SEiIlUyqToarYyQi95CUGIcrVwtx7vxVpKamONz2Pp6b+cVQKr2xYP7ke4o+fPQYp05fRoeuC35+vpg/LxlL0uc7bYk0IjevAAW37mJ42Fp1v23rakSN6Ws92W0TOSOMPIzcYrHOLo3GGBMzz7z75T2RSuWLeXOTkXflFmB7cEHO5ZsOfWxGbNmcjfnzkhEY6A+NRo201Lmob2iWPJlRJpNh73ubkTgjTvKlYIRGo8KObWuRkBALtdoPISFazJ49A0+eNE/6OOoeN6KhsQU7dqxFaMgUaDRqZCxPRdy0aNzML5asu2DBbMycOR1KpTeio8KxcX0Wqh7UQq/vgdFowo2bt7FxwwrxwVlhYcFYkZWOO8Xl4jYUCjkUCjkaGltQWlaJd7ave+EvI0TknpYtW4SSkgro9T0AgNKySqhUfmJ1vCtLlyxAxvJUhARrofLzxZL0+TCZhtHS+lSy3sqsxQgJ1kKjUWHh/Nno6urGurWZmDIlEBqNGgvmz0JDY8srO0ait1lfnwHnL1zDsqULxc8tQ0NDwDhVVgovBUymYafbslgsOHkqB7ExkU5bcry7awP+7m/34MD+7ZgeH4ND351Ed3evmK+sqkFS4mhv+sEho9N98PJSSNp/DAwM4OHDxygprcCGdVnYt3crAvw1+PbQCcn5oqqqBjMTnfe+n6hnHSMRuQetNhAff7gTPb19+OzzI/jPX3+Ow9+fRklppUNrkBG9vX0oLCpFVuZiyOWT/25UWlaJ9PT5eH/vNixaOAdXrxXhytVbLl+zfNkifPKzPfj4o11YuSIdp8/k4eGjxy9l20TOKMSKvJFKPTEeOzLPvPvlPdWS9Pn49I9/QeqiFNTWNSA4RCtWPoxVU1uP4rv30dHRCYvZgg5dF2BrFD5yC7xWGwgfu6fTOnOnuBxVD2rQrbd+aejQdSH8BSo429o6oA0KEB/8MGLq1AiUlEpvtx/7ROyRapP2dh38VL4wGk04dfqyZEJ0aMiIsFBpo3ODYQA/nbiIDeuyEBTkP+l9JyL35uujRGpqCnIu38SWzdnIu3LL4Ym04+nQdaGg4C5aWtoxZJsssVgsMBqNkvXsHzzl42s9/9o/JMrXx0cy2UJEVgMDgzj03QlER4Vj6ZLRasqRzzTOfm9MRhOU49y6fur0ZXTpu/HhgXec5v38fOHn54spU6x9BD//8nsU3S4T+6w+qK7Fls3Zkv1wtg9Go0nSc9BLocCjmif453/6WNz3bVtXo6enF7dvl2HzplXQ63vQodMjPj7mOX5Cz3+MROQ+wsKC8e7ODTCbzWhr1+HJkyZcuVqI0rJK7N+3zaGA5Oq1IgQFBWCOrfXZ8/L3V2PTxpWYMztRbF0SEREiPuxvRVb6uK/18lJgyhRrlWxkRCj6+wdw9Vqh2PboRbZN5IzCgrE9Ihkz9pzYUymV3liyZAFOnMpBt74HB/bvcLpeW3sHDn13Elu3ZGPmltXw8lKgubkNX/z5qKQCVXjGD/P27Xu4er0I7+7agMiIUAiCgPyCu7hf8XDSx2AymTDs5EqoXC44TI6bh6XriX/47WbSP/nZe8/s63Xy1GXEx8WIvVGJiMazOG0e/vDpNzhy9AymRkeIFe6umM1mfPPNj0iaGY+9e7aIbVb+/T/+26HtjLMKeEHw4D9sRBMwODiEvxw6gcBAf2zbulpy+6ZK5QeFQgFdZxciIqQXeHU6PSKd9Dw/czYPDQ0tOLB/h9M7cJwJCdZCp9MDtp7HQ0NGxNhVpwcF+aOzU+/wus7OLgQGjl68DQjUQKlUOvSSj4wMQ3NzG2Crbo2Pm/pC/eYnc4xE9PYTBAHhYcEIDwtGwvQYfPqnb9HY2Cq5m0an68Ldkgrs3rVx0rfDy2Qyp/3Zo6PCMDg4hIGBwWcW6owIDdVKCmle5raJAEDAmMo8xow9K/ZcqYvmoLPTWpUQHBzkdJ22tg4oFHKkzEkSP3yPVKA+j9a2p4gID0F0VLj4pV83ie3YCw8LgV7fI7kNDgCePGlGxJhq2if1TWPWscYhwVoEB2uhUMjx+HGjy/crul2GDl0X1q/LdLkeERFsVREZGamoq2tAVtbEej339RnQ29ePlDmjPap7e/skT74loskZGjLi0HcnodGo8M4OxzY8MpkMcdOiUWH3kDcA6OnpRWNTK+LjpU98PnfhKuoeN+DA/u1Qq6V3w8D29Gln2to7oPFXAQCqHtQgccY0ycRDfNxUVD+sk7QMsFgsqKyqwXS7fZgeH4unT3UOrQWaW9rFB31WVdUgKWnyt+8/6xiJyL309xvEfqL2RtqKWMZczc3NK0BUZBgSEmIn/Z4mkwn9hgGH5W3tOvj4KJ1OcA4ODjltq9La2gF/jfqFtk3kigJiBaqTETJYmGfejfOeTC6X4+ef7IFSOf4fjoiIUJjNFhTdLsOC+bPR3t4x7hNbXYmKCsf5C1dR39CMqMgw3K94iJraenGCYDwWC9DR4TjRqlL5Ii4uGuHhITj+w3msX5cJtUaF0tJKPKp5gr/72z2S9UtKKjBlShASpsdC19mFM+fykJQUj4AADQBgSfoCnDl3BWaLBdFR4TAYBlBSWgFBELBq5RK0t+uQm1eA/fu2Qy4XxB5A7IFKRK4sXDAb02KjoA1yfCiNM2q1HwICNCgsKsWGdVkwGo04c+6K06fhEtHEmUwmfHf4FIaGjNi6JRs9PX1izlvpDV/bl+iM5an488FjyLl8E3NmJ6LfMICcnBuIjgqXPMX+Us5NlJRUYt/eLRgeNov9juVyAWq1dXL06NGzGBwcQmpqCkJDtDCbLbhbYm2JtH3rGgBAVVUtsrOXSvZ1/rxZuFVYiqPHziIjIxVyQUDBrRL09xmQmjpXXG9x2lyUlFbiuyOnsHJFOry8FCgqKkN9fRPWrl4uPsDzvQTH9iF9fQaYTCYMDAzAbLZAr++BTCaDv//oxMNEjpGI3EvelVt4+OgxFqfNQ1RkGLy8FOjs6sb160UIDw8RHxYMAM3NbaisqhEfLDye7u5eWCwWmIwmDAkC9PoeKBQKqFTW74HVDx/jxMlLWLhgDuLioqHy80V9QzNy8wqQmZEmbufM2TzExkZhVnIC8guKUVx8H2lpcxEVFQ6ltxdq6xpQdLsMmzauFF8z0W0TTZRitCJPNqZCT2a7vsA88+6c9xxqtR+GhqQ99DR2V+hG+Pur4We7RWuKNhDv7d6E8+ev4nJuPqKjw7FhXSaOHj8v9pHRaFTwt01E2gsI0MDf37p83tyZMBgGcOzYOZjNZsxMTsCqlUtQUfHI4XXi/qr8MDw8jD/+97cOuaTEOOzauQF792zBpUs38O13JzE4OITw8BB8+ME7Yi+cERvWZ6GyqgYXLl6DIAhInjkda1YvF/NZmWlQqXyRd6UAnZ3dUKl8ER83FRnLUwFb/9ahISO++PP3ku2uXZOBtNSUcY+BiDyHl+3LgH2PQth6RNtTq/yg1oxOPvhr1AgItJ4rZTIZ9u/bhhMnc/Cb334JrTYQ69ZkoLe3D362Lxp+fj5Qq1XiORi2W48DAjSSizoqla/0dl+7czKRp2loaEF9g/XBlZ/+Sfq5IjDQH//wi/2ArTfe3j1bkJubj8KiMvgovZGYGCf2K4WtkvVO8T2YTCYc/PoHybYEQcAvfr4PgYH+2Ld3K27fuYeiojLoOrsgl8sRGRmGA+9vR3BwEHS6LnT39EomZgHA29sLB97fjouXbuDbQycAAFOjI3DgwA6o7C48+/go8dEH7+Bybj4OHzkNo9GIiIhQ7H9/O0JCtCguLkdMTKRDhZXRaMLvP/1a0mf1d3/4GgCw573NmB4fM+FjJCL3sn5dJkKKtbhXXo3cvHwMD5sRGOiPpMR4ZCxfJKmWv1/xCMnJCZJJ1bEeP27EN9/+JFlWVVUDuVyOf/nVx1AqvZE8c7p4Aai0rBJGoxHaoECsWb0cC+bPEl/X2NgqXrxZkZWO0NBgFBWV4WZ+MYaHzQieEogtm1chZU6S+JqJbptoomSp+wstYqXe2Iq9scuZZ97N8lc+mwfYbo0aYf23DCMN5ywWi5i3DhZxmfV/9stGXm+NB40CoiMmVnk0UQ3N+pe+TXdlMg3j3//jT9i3d6vDFxQiovHwPEv0ZnKn3837FQ9RW1uPzZtWvZLtnz13BVFR4UiZk/hKtk9Eb7YXPV/2Gwbw6998gX/711++1P0i9/Eq/iY3NOuh9DLbJutlkMlkkMlgF8O2TCZZBsBuGcT5HPtJ/5F/Dw32T3r/rBWotjewr9hzupx55t0uT0RERET01zUrOQGzkhNe2fY3rM96ZdsmIvfnpVAgKIiV5kT2BMBi6wTJkaMnjuTORvp0jfTYISIiIiIiIte8vBT45d/vf927QfRGsVWgWsZU6jFm7CkxuTOZTIZf/eOHr3s3iIiIiIiIiOgtZqtAlY2pzGPM2FNiIiIiIiIiIiKi8QnOK/PGjswz7655IiIiIiIiIiKi8QkQnz5uq8yzewL5aMw8826aJyIiIiIiIiIickGAzDqZJFbkSWKAeebdOk9EREREREREROSCIFbkOR0xznLmmXeTPBERERERERERkQujFagcOXriSERERERERERE5IJgGVOZx5ixJ8VERERERERERESuCNZCvNGKPMaMPSkmIiIiIiIiIiJyRbA+T2e0Ms8yJmaeebfOExERERERERERuSD2QB2pzJPJZLbReeUe88y7VZ6IiIiIiIiIiMgFwWllnuwZlXvMM+8meSIiIiIiIiIiIlcEa0GefYWeY+Ue88y7a56IiIiIiIiIiMgVwTqXZF+h51i5xzzz7ponIiIiIiIiIiJyRbCvzHNWqcc88+6cJyIiIiIiIiIickUYKcSTVuphTMUe88y7Z56IiIiIiIiIiMgVhbQlpAWMGXtS/LZqaNa/7l0gInJrPM8SvZn4u0lENDE8XxK9XAprIZ5MvL15tFKPMWP3j99W0REBr3sXiIjcVkOznudZojcQfzeJiCaG50t61Txxgl6wFuLZVeYxZuxBMRERERERERERkSvCSCtIsRKVMWMPiomIiIiIiIiIiFwRMKYyjzFjT4uJiIiIiIiIiIjGI0BSkWddyJixJ8VERERERERERETjEStQIanMG42ZZ97d80REREREREREROOxVqDaAmtlnkUSM8+8u+eJiIiIiIiIiIjGY61AtQXWijzZmJh55t07T0RERERERERENB5pBapktIyznHnm3StPREREREREREQ0HmkFqmSUjbOceebdK09ERERERERERDQewf4+5pHKPEnMPPPunCciIiIiIiIiInJBsH+SzkhlniRmnnl3zhMREREREREREbkgiNNIYqXeOCPzzLtlnoiIiIiIiIiIaHyCWJEnVuqNMzLPvFvmiYiIiIiIiIiIxieMrcyzjK3UY555d84TERERERERERG5YOuBahEr8mRjYuaZd+s8EREREREREUlUVDx83btA9EaxVaDKRivzGDP2pJiIiIiIiIiIRIaBQRz/8cLr3g2iN4ow0htSrMxjzNiTYiIiIiKi1+zsuSsoL69+Zdv/n88Oo7u795Vtn4jcCwuOiBwpLBaLdTLJYp1cYszYk2JPcv3GbdTXN2Pvni3jrtPb24fPv/wee3ZvRlhYMLq7e/H5F0ewZXM2EhJiXW7fYrHgt787iD3vbUZY6JRXcASjjh47i7i4qVi4YPa463x76ARiY6OwbOnCcdd5+OgxTp/Jxa/+8aMX3qeenl40NbcjKTFOXPY8Pz8iersZjSb87vcHsfOd9YiJiRx3vdy8Auh0Xdj5znoAwMVL19HY1IaPPnjnle7f518cQXx8DFauSH+l70P0piq/X41bhaVob++ATCZDREQoVq5IR3RUuGS9J/VNyM0rQGvrUygUCiTOmIbs7GXw9VGK6zQ1teLa9duob2iGyWSCVhuIxWnzMG/uTHEdo9GE4rvluFdejc5OPYaHzQgN0WLZ0oVItPusAABmsxnl96uxaNEcAIBe34NLl2+irq4Bw8PDiI4Ox+rsZQgNGf189fDRYxw+ctrhOGUyGT752XsICdGO7m9zG3r7+qHRqMRlPT19OH/hKrp7+vA3H+1y2E5VVQ2K7tzD06c6GAyDCAz0x9yUJCxdssBWiEBE7qhD14Uc2/kHAH79my8QHx+DzIxUBAUFAACOHT+Hyqoap69PSIjFe+9ukixrbGrFuXNXEBsbhdXZyyQ5w8AgfvtfX8FkMjlsa+P6LCwY5/veRM5Rk9020XgUYyeTGDP2pNiT9Pb2o6a2HpVVNZiZFO90ncu5Bejt7Ue/YQAA4Ofni4ULZ0s+hI9neNiM3t4+9PcbXvq+j9XT04eeHtdVFD29fcjNK8Cc2Ynw91c75M1mM47/cB5GowlmsxmCILzQPj2orkN+wV3JBOrz/PyI6O1mNJnQbxjADz9dxD/9rw+cTjDoOvW4cfOOZMJmenwspkwJeuX7N29eMoL/Cu9D9CbKuXwT98qrsXTJfESEL4fRaEJ+QTG+PXQCv/zFfqhVfgCAltan+PbQCaSlzsWGdVnoNwwg5/JNHD58Ch99uBOwTVwe/+E8UhelIC11Lry8FaioeIhTpy9D5ecrXjDNLyhGU1MbFqfNhVYbiOHhYdwrr8b3x87ik5+9h1C7i821dQ3w8/NFSLAWRqMJX//lRwRPCcKe3ZsgCHIUFpXi629+xM8/2QO12joJ2t9vgI+PEn/7N7slxyoIMmg00s89VVU1SJwxTTwvlZZV4cLFaxgcHIJa7efw86qprcf1m3eQMicJmRmp8FIoUN/QjMu5+fD29kLqopSX/t+IiF6/3r5+fHXwOMLCgrF710b4+6vR29eP4uL7+Orgcfzzrz4GAGzetAqrVi6RvNZkGsbnXx5BZESYuMxiseDipRsovlsOk2kYISGORTZDg0MwmUzYu2cLpmgDJTn7iz72JnqOmsy2iVwRK1A5cvTE0dNER4cjN68AMxJiIZfLJbmW1qfo6OiEUuktLlMo5MjKXPwa9vTliI2JxOW8fGzfusYhV3T7HqKjwlFru7r6oiwWCyxjbnV5239+RPT8pmgDUFJaifnzH10sZAAAIABJREFUkh1yl3JuIG5aNIzG0UqIuLjov8p+LVo456/yPkRvovT0+cjKXAyFYvSzT1RUGP7vf36Gx3WNmD17BgDg2vUiJEyPRfaqpeJ6u3dtxO/+8DUePnqMhOmxmBYbhX/45QGo/HzFdaKjwtHQ2IIH1bXiBGpmRprDfkyNjkBpaQXan+okE6gPHtSKF7fvllRgeHgYu3ZuEPd365Zs/M/nh1FwqxSrs0f3TQYgIEDzzOOvqqrB2rUZYlxbW4+tm7PRpe/BrcISh/Xj46YiPm6qZFlERCge1TxBe7vume9HRG+n+/cfQpDJsGf3JvG7olYbiJipkZIqTqXSW/KdEQDyC+5CqVRicdpccVlfvwFdXd34m4/eRe6VApfvrVGrJnQ+wyTOUc+zbSJXxApUjhw9cfQ0QYEBCA2dgsKiMixJny/JXbx0HStXpOPo8XPiMovFgt9/+g3e270JIcHWKsqOji5cuHgN9Q3NUMjliJ4agXVrMqCyVW/09fXj6LGzqK1rgCAImDM7EWvXLBcnrFta2nGrsBSPnzSiv98AbVAgVq1agoTpo7e4d3V142LODTx+3AgvhQKx06y3e4xUiEzUnDlJKCwsRVNTKyIjR6+GDgwMorCoFJs3rZJMoJrNZhQWleF+RTWePu2EXC5H4oxpWL8uC15eCsB2y0p8fAyePtWh7N4DpC5KwZ3ie+jrs1be/u//8wcAwK6dG5A4Y5rk59fS0o4ffryArVtX48LF62htfQqVyhcZy1Mlky2ujl+v78Ef/vgXmM1mybFOj4/Bnvc2P9fPh4hevqzMxfjxxEXMSk6At7eXuPzJkyYYDAOYmTQdlZWPxOW3b99DY1Mrtm1dDUzgHNn+VIfDR05j65ZsnL9wDR0dXQgLC8a2ravxtF2Hy3n56OrqQVjoFGzbuhpaW8XF8R/OIy5uqtOJXSJ3Zz/ZOcLLSwFBkIm/pxaLBXV1Ddi0YaVkPY1GZb3gWluPhOmxUCgUUCgUDttTKpWS3/mxDAODKCwsgUajlnzxt1gsePCgFrt3W295ra2tx4yEaZLJXplMhplJ8ah6UAtgqdPtj6f9qQ59/QbETRu9WLN9m/XC8q3C0gltw2g04dGjx2hpbkeWk4lhInIPw8PDUPooHQptADg9740YGBjEjZt3kJWZJjkPqlV+2P3uxle2vyN4jqK/FlagcvTo0RNlLk/DZ18cxtyUJPjZvlA8eFALmUyGadOklVDDw2bo9T3o7e1HSLAWfX0GfPnVUcxImIaPP9wFLy8FSssq8aS+GckzpwMAzl+4hnVrM7BubSZaWtpx9Pg5hIUFi33BausaoNUGYOnSBfDz80VJSQWO/3Aev/rHj6BUeqPfMICvvj6OBfNnY9uW1RAEGXLzCnDk+zP4+MOdz/XfTSYDVq5Ix4WL18Vb7wDg6rVCzJubLOlnBgB9fQY0t7Qhc3kawsNDYDAM4Oixs7iZf0esJO3u7sWFi9cwMykeO3esQ1RUOJYvW4ii2/dwq7AEv/j5+5DJALlcDpNpWPrz6zdA16lHTs5NrFuzHEFBAbhbUoHTZ3IRExMJbVDAM48/IECD////+zuYzdYLAL29ffjsiyOYP3/WpP8/QUQvj7+/Gskzp+PGzTuSfqMXL13H2jUZaG5pl6zf3dOLrq5uMX7mObJ/AHp9D65eK8L2bWvgo1Tih58u4NB3J6FW++HdnRvh7a3A8R8v4Nz5q9i3dytg66mo13eDiKyqH9ZBLpcjOtraUqO/fwBDQ0ZotQEO6wYF+aOza/zfn74+A+rrm7E0fYFD7quDx9HU3Aaz2Qw/P1/s27MFvr4+Yr6hoQWCXEBkRCgAoLNTj9hYxz7KgYEBknMFbI9DLbh1F8V3K9DX1w+tNgDLly1C4ozRdkJVVTVISIidVKui3LwCFNy6i+Fh60XbbVtXI2pMz1gich9JiXG4crUQ585fRWpqisNt7+O5mV8MpdIbC+ZPvqfow0ePcer0ZXTouuDn54v585KxJH2+y+9+Ez1HTWbbRM4I1kI8+8o8xow9J/ZEKpUv5s1NRt6VW4Ct6jLn8k2HPjbOFBaVws/PB1u3ZCMkRIvAQH9kZS5GypxEcZ30xfMxZ3YiNBoVZsyYhrhp0aivbxLzS5csQMbyVIQEa6Hy88WS9PkwmYbR0voUsFVjaYMCkZmRCm9vLygUCqxZvRy9vX1ota3zPBISYiETZLh//yFg60FYWVUjub1khEajwo5ta5GQEAu12g8hIVrMnj0DT540S9YLDwvB1i2rERsbBYVCDkEQIAjWP8AKhdzpVVt7q7OXIjIyDL6+Pli6ZAG8vb3Q0NAy4eMXBMH2PgJOncnF7NkzJL1Xiej1WrZsEUpKKqDX9wAASssqoVL5YerUiGe+9lnnyBErsxYjJFgLjUaFhfNno6urG+vWZmLKlEBoNGosmD8LDY0tr+wYid5mfX0GnL9wDcuWLhQnM4eGhoBxqqwUXgqYTMNOt2WxWHDyVA5iYyKdtuR4d9cG/N3f7sGB/dsxPT4Gh747ie7u0T7ulVU1SEoc7U0/OGR0ug9eXgpJ+w9AhoGBQbS2dmDtmuXYu2cLIiPC8P3Rs6itHb27pqqqBjMTnfe+f5blyxbhk5/twccf7cLKFek4fSYPDx89ntS2iOjNp9UG4uMPd6Kntw+ffX4E//nrz3H4+9MoKa10uPttRG9vHwqLSpGVuRhy+eSfKVFaVon09Pl4f+82LFo4B1evFeHK1VsuXzPRc9Rktk3kjML6PJ3XXwnIkePrGD3VkvT5+PSPf0HqohTU1jUgOEQrVj640tbegeioCJc/u/DwYEns5+eLoSGjGHfoulBQcBctLe0Ysn0RsFgsMBqt6zQ1teJJfRM+/dO3ku0YjSYM2m3neWSvXIoffrqAxMQ4XMq5gSXpC8a9ze5OcTmqHtSgW98r7m94eIhkncjIZ/+sXAkNlf6MfHyUMA49//HfzC+GoX8Aa3Yvf6H9IaKXy9dHidTUFORcvoktm7ORd+WWwxNpx/Osc+QI+wdP+fhaq+ntHxLl6+MzZrKFiGC71fTQdycQHRWOpUtGK0ZHWvU4+70xGU1QjvO54dTpy+jSd+PDA+84zfv5+cLPzxdTplj7CH7+5fcoul0m9ll9UF2LLZuzJfvhbB+MRpOk52B8XDR27liHmbY7gAAgKjIMOl0XCm+XIi4uGnp9Dzp0esTHx0zwpyPl5aXAlCnWCrTIiFD09w/g6rVCSdslInIvYWHBeHfnBpjNZrS16/DkSROuXC1EaVkl9u/b5lDNfvVaEYKCAjDH1kv6efn7q7Fp40rMmZ0oti6JiAgRH/a3Iit93Nc+6xz1ItsmckYxOpkE6eQSxsTMM++GeU+lVHpjyZIFOHEqB936HhzYv2NCr7NeeXT9c3N2i9jIK8xmM7755kckzYzH3j1bxBYC//4f/y2uZIEFi9PmYc3qZc97WOOKjg5HaOgUHPn+NDp0Xdi5Y73T9W7fvoer14vw7q4NiIwIhSAIyC+4i/sVD595jM9jpFrVnsX2A5jo8Tc1teJmfjE++nCnpE8aEb0ZFqfNwx8+/QZHjp7B1OgIhIUFP/M1EzlHjnB2HnJ2biGiUYODQ/jLoRMIDPTHtq2rJReEVSo/KBQK6Dq7EBEhvXCq0+klvdRHnDmbh4aGFhzYv0NyW74rIcFa6HR6wNbzeGjIiBi76vSgIH90duodXtfZ2YXAQH8xVqtVksnTEVFR4XhQXQvYqlvj46aKk8MvKjRUi5LSipeyLSJ6swmCgPCwYISHBSNhegw+/dO3aGxsldxNo9N14W5JBXbv2jjp4iSZTOa0P3t0VBgGB4cwMDAInzFt18Yz9hz1MrdNBADC6KTSmEpUjK1MZZ5598t7stRFc9DZaa1KCA4OmsArrFf2ntQ3j3sLx7P09RnQ29ePlDmj/Vd7e/skT3WMCA/BkyeNLrcz0l/0eaxasQS1dQ0uby9pbXuKiPAQREeFi5MTOl3XhLavUCgklbaTNZHjHxwcwg8/XcTq7GWSijMienN4eSmQkZGKuroGZGUtntBrJnKOJKLJGRoy4tB3J6HRqPDOjnUOFyFkMhnipkWjwu4hbwDQ09OLxqZWxMdLn/h87sJV1D1uwIH926FWOz7ksq/f4HQ/2to7oPFXAQCqHtQgccY0yWfS+LipqH5YJ/mcY7FYUFlVg+l2+9Dfb3D6WaitvUOcaK2qqkFS0vPfvj84OOR0262tHfDXqJ97e0T0dujvN4j9RO2NtBWxjLmam5tXgKjIMCQkTL4q3WQyod8w4LC8rV0HHx+l0wnOiZ6jJrNtIlcUGFupNyZmnnl3z3squVyOn3+yB0rlxP9wLFw4B7dv38NPJy5h+fJF8PbyQmlZFYKDgzAjYdozX69W+yEgQIPColJsWJcFo9GIM+euSHqGLlqUguK71gcrLV48D74+PmhobMGtwhJs37oG/v5qhIRqUfWgFrNnzYBWG+jyqbcjQkK0+Puf73PZDD0qKhznL1xFfUMzoiLDcL/iIWpq68WJDFciI0MxMDCIm/nFSJ45Hb6+Ps/sherMRI7/7LkrCAsLxtyUJHEyWyaTefxFAaI3zcIFszEtNgraIMeH0jgzkXMkET0/k8mE7w6fwtCQEVu3ZKOnp0/MeSu9xYdKZixPxZ8PHkPO5ZuYMzsR/YYB5OTcQHRUuOQp9pdybqKkpBL79m4RH7gJAHK5ALXaOjl69OhZDA4OITU1BaEhWpjNFtwtuY+Ojk5s37oGAFBVVYvs7KWSfZ0/bxZuFZbi6LGzyMhIhVwQUHCrBP19BqSmjvZvv3KtEA8e1CJ98TxEhIdCLhdQfv8hqqvr8MGBHeKDMd9LcGwf0tdngMlkwsDAAMxmC/T6HshkMvj7Wyce8guKUVx8H2lpcxEVFQ6ltxdq6xpQdLsMmzaufMn/dYjoTZF35RYePnqMxWnzEBUZBi8vBTq7unH9ehHCw0MwNXq0+rS5uQ2VVTX44IDrOxm7u3thsVhgMpowJAjQ63ugUCigUlm/X1U/fIwTJy9h4YI5iIuLhsrPF/UNzcjNK0BmRpq4nTNn8xAbG4VZyQkTPkdNdNtEE6WAQ6UeR46eM3oStdrPoUJS46SKwN9fDT/bbWhyuQB/fzXUKmtlhVrlhw8+eAc5OTfx56+OQRAExMdNxfx5MyGXC9BoVFCNmWz091dhaMhaPSWTybB/3zacOJmD3/z2S2i1gVi3JgO9vX3ws/0RVav88PGHO5GTm4+DB4/DNDyMkGAtUlNTxA/2GctToevowp8PHkdaaorYR0x6bCqoVNKKkLGTp76+PtBo1GIVyry5M2EwDODYsXMwm82YmZyAVSuXoKJitBrF31/ttPoiNGQK1q/NxI38O8i7cgsLF8zG2jXLJT8/lZ8v/P3VDlUvAQEa8b/Fs46/t68f9ysewmKx4P/8+x8lx/Ivv/rY4/5/TfSm8LJ9GbDvUQjbAxnsqVV+UGtUYuyvUSMgUANM8Bzp5+cDtVolad2hUlknXu3PLSqVr+R234AADfz9Na/gyInefA0NLahvsD4QcmyP8cBAf/zDL/YDtt54e/dsQW5uPgqLyuCj9EZiYpzkc8bQkBF3iu/BZDLh4Nc/SLYlCAJ+8fN9CAz0x769W3H7zj0UFZVB19kFuVyOyMgwHHh/O4KDg6DTdaG7p1cyMQsA3t5eOPD+dly8dAPfHjoBAJgaHYEDB3ZIPmOtW5OB4ClBKLtXhbwrhZDJgIjwUOzftw3RUeEoLi5HTEykQ4WV0WjC7z/9WtJn9Xd/+BoAsOe9zZgeH4MVWekIDQ1GUVEZbuYXY3jYjOApgdiyeRVS5iS98H8PInozrV+XiZBiLe6VVyM3Lx/Dw2YEBvojKTEeGcsXSb5n3K94hOTkBMmk6liPHzfim29/kiyrqqqBXC7Hv/zqYyiV3kieOR1eXgoUFZWhtKwSRqMR2qBArFm9HAvmzxJf19jYKl6gmug5aqLbJpoo2aJ9tyR1eLIxHQ4ZM3bn+PoX1ocH2FejWv89uqbFYrGrZoX15gWL/f/sl4283hoPGgVER0ys8miiGpr1L32bREQ0iudZojeTO/1u3q94iNraemzetOqVbP/suSuIigpHypzEV7J9Inqzvej5st8wgF//5gv827/+8qXuF7mPV/E3uaFZD6WX2TZZL7PdZQm7ePTOS/tlcLgj0zqfYz/pP/LvocH+Se+fwrFXpAUyyGCBi8o95pl3kzwRERER0V/brOQEzEpOeGXb37A+65Vtm4jcn5dCgaAg/wmsSeQ5BIz0hLSrwrNgTMw8826cJyIiIiIiIiIrLy8Ffvn3+1/3bhC9UQSMVKBai1/BmLGnxUREREREREREROMRK1Bhq8xjzNjTYiIiIiIiIiIiovFIHgU9tickY8aeFBMREREREREREY0lmUAd2xOSMWNPiomIiIiIiIiIiMYSnC18Vl0e88y7c56IiIiIiIiIiGiE0wnUZ9XlMc+8O+eJiIiIiIiIiIhGCA6zSYwZe1JMRERERERERETkguBwPzNjxp4UExERERERERERuTB6C79lnJF55j0hT0RERERERERE5MToBKpsnJF55j0hT0RERERERERE5IRgsdhK8UYGi7Q0j3nm3TlPRERERERERETkiiCTyayTS7aKPJlMWprHPPPunCciIiIiIiIiInLFWoEqG63Ms4yp1GOeeXfOExERERERERERuSKMVOSNVOrJxlTqMc+8O+eJiIiIiIiIiIhcEcav1HMyMs+8m+WJiIiIiIiIiIhcEWQyGSwWaaUeY8aeEhMREREREREREbmisFgstkkljhw9b3xbNTTrX/cuEBG5NZ5nid5M/N0kIpoYni+JXi6FfUUeR46eNr6toiMCXvcuEBG5rYZmPc+zRG8g/m4SEU0Mz5f0qnniBL1grcQDOHL0xJGIiIiIiIiIiMgVAbC/rRmQjYmZZ96980REREREREREROMTgJHJJFtl3piYeebdO09ERERERERERDQ+YaQiT1qpZxmt1GOeeTfOExERERERERERuSKMVORJK/Vko5V6zDPvxnkiIiIiIiIiIiJXhLGVeXhG5R7zzLtXnoiIiIiIiIiIaHzC2Mo8PKNyj3nm3StPREREREREREQ0PrEClSNHzxyJiIiIiIiIiIjGJwDWySTYV+yNiZln3n3zRERERERERERE4xOsg7Qiz4KxFXrMM+/OeSIiIiIiIiIiIucEAGJFnrVSD2Mq95hn3r3zRERERERERERE4xEgVuTBNqmEMZV7zDPv3nkiIiIiIiIiIqLx2G7ht6/Mw5jKPeaZd/c8ERERERERERGRc3Y9UN+8ykDmmf/r5ImIiIiIiIiIiJyTVKBy5OiZIxERERERERGNqKh4+Lp3geiNIqlA5cjRM0ciIiIiIiIiAgDDwCCO/3jhde8G0RtFsEjmkGRgzNiTYiIiIiKi1+3suSsoL69+Zdv/n88Oo7u795Vtn4jci0X6xZmIAChkkjkkCxgz9qTYk1y9VoSr1woly/x8fRAWFozMjDRER4e/tPcqLCpFY2Mrdmxf6zT/6998gX7DgMttpC5Kwbq1GTh67Czipk3FwoWzX9r+ERG9bEajCb/7/UHsfGc9YmIix10vN68AOl0Xdr6zHgBw8dJ1NDa14aMP3nml+/f5F0cQHx+DlSvSX+n7EL2pyu9X41ZhKdrbOyCTyRAREYqVK9IRHSX9/POkvgm5eQVobX0KhUKBxBnTkJ29DL4+SnGdpqZWXLt+G/UNzTCZTNBqA7E4bR7mzZ0prmM0mlB8txz3yqvR2anH8LAZoSFaLFu6EImJcZL3NJvNKL9fjUWL5gAA9PoeXLp8E3V1DRgeHkZ0dDhWZy9DaMgU8TWuPkutzl6K9MXzR/e3uQ29ff3QaFQv9RiJyP106LqQYzv/wHauiY+PQWZGKoKCAgAAx46fQ2VVjdPXJyTE4v+1d+dfUZ1pAse/tbBWUeyyyyq4ixF3JXGJ+5K4RG1NTHp60kkvmflxzvwJM9Nnpk8n3X3S3ZksJmoS2wWNiuIeQMUFcAEXFgEpQRBkr4WaH6q41KUKR21NIjyfczyX933r3rq3jrzUfe7zvu8b65ap6uru3uPw4VMkJsaxYP4sj30ep88bqLy8gqKLV7h/v5murh5CQkxMnJDBzBmTlcWju7p7+MOHn2Oz2Tz2X7o4m8mT5f5SPBm9wwEaDai3GhwOh5d6aZf2odU+nDx82EZSUjyrVi5wVjigo6OTi5ev8dWOfbyzdR2RkWHP5L3a2zsfmeXwz7/YiMViUcrbd+4nfVQSU14ar9QZjc4v+W1tHbS1S8aEEOKnzWqz0dnVzZ59R/ntr99Uvry7a37QSn7BRVXAJjUlkfDw0Od+fpMmjSHiB3gfIX6Kjh0v4MrVm8yckUlM9GysVhuFZy+xfUcO77+3GaMhEADzvfts35HD1KyJLFmUTWdXN8eOF/D11wfY+tYaAG7drmb3nlyypkxgatZEfHz1XL9+iwPfHccQGEBaWiIAhWcvcfduA9OmTiQsLAS73c6Vqzf59u+H+MXP32DEiP7AQGVVLYGBAURGhGG12tj21V4iwkPZsH4ZWq2O80UlbPtyL+/+YoPy/WjgdymAhoYmdu0+TGxslKq+vLyC9FFJaDSaZ3qNQoihpb2jk8+/2E1UVATr1y7FZDLS3tHJpUvX+PyL3fzLB28DsHzZPOa9MkO1r81m55NPvyE2pr//cTgcHM3L59Llq9hsdiK9BEQft89zV1FZw/cFF5kwPoO5c7Lw0eupqa3n+IlCfH19yJoyAQBLjwWbzcbGDSsIDwtRHaPvgZIQT0LJQFVvHXivl3ZpH1rtw41ep1NuEgCMxkCWLs6mrtZMWfntZxZA/f8YDAEYDAFKWavV4u/vrzzVFEKIF1V4WDDFJWVkThrj0ZZ3LJ/kpHis1v5MiOTk+B/kvNwfUAkx3Eyfnkn23Gno9TqlLi4uit/999+orqpj3LhRAJz5voi01ETmz5upvG792qV89Kdt3LpdTVpqIkmJcfzq/S0YAvu/x8THRVNbZ+bGzUoluDh3zlSP80iIj6Gk5DqN95tVAdQbNyoZnZECwOXi69jtdtauWaKc78oV8/nrJ19z9lwJC+Y7z23gdymA3CNnSE0ZSUJ8jKq+vLyCV1+d88yvUQgxtFy7dgutRsOG9cvQ6Zz9T1hYCCMTYlVZnH5+vvj5+ar2LTx7GT8/P6ZNnajUdXR20dLykHe2ruPEqbNe3/Nx+zx3KckJpCQnqOpiYkZwu+IOjY3NHq8PMhoIDg564s9DiIH0j87ck7KUh3ZZOPn46LHbewEov1HJpctXqa9vxGq1EhcXzbIlLyvBzfyCi7S0PGTZ0leU/c3mRnbtPsyv39/yXM6vt9fBseMFlJSWY7FYSRwZy/Ll81TB4LKy25zJv0BT0wMCAgIYP26U6mZpb85R4mKjaGpq4crVG2i1WqZmTWRq1gQO5Z7i5s0qdFotWVkTmTsnC1xPTT/84zZWr1pA0YUrVFTcQafTMXp0Kgvnz8LHRw+AzWbjaF4+ZeUVWCxWIsJDmDF9MmPHpgHQ1dVN3rF8bt6swmqzEx0dwbyXZ5CQEKO8z0d/2saqFQs4V1RCVVUtWq2W8ePSeXXhbPm/KsQLJHvuNPbmHGXsmDR8fX2U+jt37tLV1c3ojFTKym4r9RcuXKHu7j1ldIDZ3Mi58yVU36mjs7OLsNAQ5s2bQVqqM2DReL+Zr7/5jpUr5pN75AxNTS1ERUWwauUC7jc2c/xkIS0tbUSNCGfVygWEuTIudu/JJTk5wWtgV4ihzj0Q2MfHR49Wq1F+Tx0OB1VVtSxb8orqdUFBBuLjoqmsrCEtNRG9Xo9er/c4np+fn+p3fqCu7h7Ony8mKMiouvF3OBzcuFHJ+vXOIa+VlTWMSktSBXs1Gg2jM1Iov1EJeAYTcA3Lv11xh3/6+Ruq+sb7zXR0dpGcFP/cr1EI8WKz2+34+fspwVN33vqEPt3dPeQXXCR77lRVH2E0BLJ+3dJHvufT9nnurFYbt29XY65vJNvLwyshnhV9fzAJJTNPylIeLuXhzmKxUlxynbv1Dcp8NDdvVjI6I5Uli7LR6bQcPnKG/QeO8+aW18A1pH7g8PyOzi5aW9vo7e1Fq9U+8/MsPHuZ2bOm8M7WtXR1dbN7by7HjhUoAYeqqlr27DvK4kVzSU9P5kFzKwcOHqf5QSvr1ixxnvfDDo5c+57Fr87l/fc2U11dx+49uVy5eoMZ0zN5deEcqipr2bPvCMnJ8cTHRWO399LW1s6uXYdYuuRlli99hcb7zeTsP8a+nKOsdR371Onz3K1vYOubazAaA7lTc5fr128pAdRvdx1Co9GwefNqAvz9KC4p48vt+3j7rTVER0dit/fy8GE7f999mCWu96k3N/LNt98RFRUh840J8QIxmYyMGZ1KfsFF1XyjR/O+59WFc6g3N6pe/7CtnZaWh0q5sqqWsLBgZs6cTGBgAMXF19m9J5cPfrMVPz9fOju7aW1t4/SZIlavWoi/nx979h1hx879GI2BrFuzFF9fPbv3HuFw7mk2bVwJrvnFWlsfIoRwunmrCp1Op8wB39nZjcViJSzMczRMaKiJBy2D//50dHRRU1PPzOmTPdo+/2I3d+sb6O3tJTAwgE0bVhAQ4K+019aa0eq0xMaMAODBg1YSEz3nUQ4JCVb1FQMdP17IuLGjiBqhHiJbXl5BWloiWq2Wjo6u53KNQoihISM9mVOnz3M49zRZWRM8hr0PpqDwEn5+vkzOfPI5RZ+2z8M1r/zZc5eVRKBVKxcQF+e5rset29Uc+O44Tc0tBAYGkDlpDDOmZ0qSinhig8yBKlvZDo/tcHO74g7/+bu/AM7PwGazYTIZWblivnIDsWL5fNU+U7Mm8uVXe13Zuz/Oh5aUGEf2XOdr762HAAANTklEQVTTxODgICZnjuPCxStK++kzRWRmjmFy5lhwZZqsXLGATz/bxf2mB8q8f0mJccpiVGNGp3IiNJjwsBAlI2vs2DSOnyykttasmqNw8uRxjB6dCq4hbEsXZ/PVjhxaW9sIDg6iqbmFxJGxhIaaAEhNGUlqykgAqqrrqK0z89vfvKVkzM6ZnUVd3T0KCi/x+muLlPeZPj1TGcKXkpxAclICNTV3JYAqxAtm1qwpfPzxdiZnjiU4OIiS0jIMhkASEmI8AqgDzZyhDk7MmJ7JyVPnMN+7T6Lb4lSvZE8jMsI57cpLmePYm3OUNa8vJjzcebMzOXMshw6fei7XJ8SLrqOji9wjZ5g18yUlmNk3n6i3LCu9jx6bze71WA6Hg/0HjpE4MtbrlBzr1i6hq6uHjs5OiovL2LFzP++8vQ6TyQhAWXkFGekpyut7LFav5+Djo1dN/+Huxo1K6s2NrF610KOtvLyCObOznus1CiGGhrCwEN5+aw2nvy/ib598g49eR1x8NBnpKUwYn+41Uaa9vYPzRSUsXfIKOt2TJ9I8TZ/XZ/asKUwYn0GPxUJVVS3fHTyJv7+fMmqnT0lpGdlzpxESbKKmtp4TJ89isVh4OVsW1hRPRjUHqntQScpSHg7l4WZkQozb0HsNgYH+HvPXVFTWcOnyNZqaHuDoddDU3AKuicH7hqz/0KKiIlTlwEB/LBarUm5obFJWru0TGzMCnU6H2dyoBFAjItQLqAT4+3nWBfh7/LEeuKJ2X7C5sbGZ4OAgMieOYc++I7S1dzAyPpbExDgliNHQ0ERYaLBqugGAhIQYikuuq+pGDMgaCQhQX6cQ4sUQ4O9HVtYEjh0vYMXy+Zw8dc5jRdrBNDW3cPbsZczmRiyuvsjhcGC1qvsC94Wn/AOcK2e7LxIV4O/ZlwkhnENNd+zMIT4uWvXAou87jrffG5vVht8gQ9cPfHecltaHvLXlda/tgYEBBAYGEB7unEfwk0+/pehCqTIH6Y2blaqH14MFDaxWm8d3Nlz9w4mTZ8nMHENIiEnV1traRlNzKymuh7rP6xqFEENHVFQE69Ysobe3l4bGZu7cucup0+cpKS1j86ZVHkHU02eKCA0NZrxrLukn9aR93sB9++65YmNG0NnZzekz55UAqslkZNnSVxg/Ll2ZIiAmJlJZSFACqOJJaR2uKFJ/Zp6UpTx8ysONj48PoaHBrn8mjz9KDY1N7Ni5n/RRSbyzdR2/fHcT72xdC/R/dnj53Hp7e5/reXt9mukWAbfZ7F7PQavVqALl3p6aarXe/iOoo+u9dvWxleO4dh01Kon3f/kzkpMSqDc38Pm23ezNOeo6Nxt2L+em02k9gvjezm8YxvmFGBKmTZ1ETU093+w6SEJ8jMeDIG96e3v58su96PQ6Nm5YwXvvbuK9dzc5MzMeo7/w3p8JIfr09Fj4akcOISEmVq1coBpZYzAEotfraX7Q4rFfc3MrISGew94PHjpJba2ZzZtWq4blP0pkRBjNza3gmvPYYrEyMqF/0afQUBMPHrR67PfgQYtHgBSgpLSc1odtSpapu7LyClKSE5TA6Q91jUKIF59WqyU6KoJpUyeyedNKamrqqau7p3pNc3MLl4uvM+/lGU89UvFJ+7xHGTGiv3/FNZdq5qQxqvlVAeLjoujpsdDd3fNU5yyGL61zYR33DD2NKrgk7dI+lNuFWkNDE3q9jgnjM5Qv230ZqH18fXzo7OpW1d2926Aq63RabHbvw8Ceh6ioCGpq6lV15nv3sVptxMRE/sPHv1NzV12+4yz3DZ8FMBoNTJo4muXL5vH2W2u5evUmLS0PiY6KpLW1zWPe2Dt36olxzXcmhBh6fHz0zJmTRVVVLdnZ0x5rn46OLto7OpkwPoNA16I37e0dqpVvhRBPx2KxsmPnfoKCDLz+2iKPhxAajYbkpHiuuy3yBtDW1k7d3XukpKhXfD585DRV1bVs2bwao1E9ygTX/PDeNDQ2EWQyAFB+o4L0UUmqwENKcgI3b1WphtM7HA7KyitIHXAONpudU6fPM23qRI+RLriG72dk9E8P8KyvUQgxtHR2dinzibrrG2LvGPA098TJs8TFRpGWluixz+N6kj6vT0+PxeuUI/fuNWEKMiplm83mcd8K0NDYjL+/H/7+fk993mJ40rpn5rkPc/aWuSft0j7U2oVaTMwIensdFF0oxW7vVVaDdjdyZCxmcyOlV8ppbW2j9Eq5aj5SgMjIcO7du8/NW1V0DnID8SzNnvUSxSVlFF0opb29k/r6BnL25zF+XLpqSOvTKi6+TnFJmXMBhdp6Dh4+SUZGCsHBQQDsy8nj2rVbdHX3YLXauHW7Gl9fH4xGA8nJ8URHR7J7Ty5mcyPtHZ3kF1zkdsUdWSVSiCHupcnjeO/dTYSFemZ1eWM0BhIcHMT5ohJ6eiy0t3dw8PApr6vhCiEen81mY+fXB7BYrCyYN5O2tg7XwmptdLllIM2ZncWtW9UcO15AQ0MTVdV1fPPtQeLjoklO6p/7M+9YAcXFZaxYPh+7vVc5Vnt7h/KaXbsO8Ze/7uTS5WvU1ZmpqaknZ38eTU0PmDLZOe1QeXmlKsAJkDlpLFqtll1/P0Td3XuYzY3sy8mjs6OLrKyJqtcWXSjFarUyw8vCTh0dXdSbGxg1ILDxLK9RCDG0nDx1jj/+eRtnzxVTW2vm3r37lJVX8M233xEdHUlCfH+2fH19A2XlFcybN+ORx3z4sJ3W1jZsVhsWq5XW1jY6OvrvDx+3zzt46CTXrt8CoPDsJT786HO+z79AVXUd9fUN5BdcpOhCKdOmTVL2uXmrmg8/+pyjefncrriD2dzI+aISTpwsZNbMl57xpyeGA723zDwpS3m4lIcTkykInf7RN+HhYSG8sX4ZubmnOX6ikPj4aJYsmsuu3bnK0IfUlJHMnjWFvLx8rDYbSUnxrH19MTkHjinZHKMzUpg0cTR79x0lIjyUt13TAAwmONiIyZWNMVCQyUiQ0aiqMxgCCXYb0jEqLYnXVr/K9/kXyDuWj5+fH5MmjiZ7bn/Wl8lkJChIfRxTcJDqKSWAKcjzdUsWZ1NWXsGRo2fQarWMGZ3KwgWzlfaMjBTOnr3ModxT2O12oqMi2bhhhfKZbdywgry8fLbv3E9Pj4Xo6EjeevN1Zc4enU5LUJARgyvjrP+cDVgsknkmxIvAR6/HYAjwmBolbMAKtkZDIMag/v7OFGQkOMT5MEaj0bB50ypy9h/j93/4lLCwEBYtnEN7eweBBmf/EBjoj9FoUA1HMxicgVf3jDqDIUA19C04OAiTKeg5XLkQP321tWZqap0jVf788XZVW0iIiV+9txlcc+Nt3LCCEycKOV9Uir+fL+npycp8pbgyWS9euoLNZuOLbXtUx9Jqtbz37iZCQkxs2riSCxevUFRUSvODFnQ6HbGxUWz52WoiIkJpbm7hYVu7KmgJ4Ovrw5afreZoXj7bd+QAkBAfw5Ytr3l8Tygru83L2dO8zhN440YFI0fGemRYPctrFEIMLYsXzSXyUhhXrt7kxMlC7PZeQkJMZKSnMGf2FFW2/LXrtxkzJk0VVB2ourqOL7fvU9WVl1eg0+n41w/exs/P97H7vLq6exiNzu9PL2dPZ8SICIqKSikovITd3ktEeAgrls9jwvgMZZ8xo1Px8dFTVFRKSWkZVquVsNAQFi6YrSw+LMST0GRuKHSog0sOpCzl4VLO/9T55Mk9I9X5s0aZfdLhcKgyWsGh1Dn/udf17e8s91i1xMc8XubR46qtb33mxxTe2Wx2/uO/PmbTxpUeNzhCiKFL+lkhfpqG0u/mteu3qKysYfmyec/l+IcOnyIuLpoJ49Ofy/GFED9t/2h/2dnVzf/8/n/59397/5melxg6nsff5Nr6Vvx8el3Beg0ajQaNBrcyrjqNqg5wq0OJ57gH/ft+tvR0PvX56UGdmSdlKQ+vshBCCCGEED+ssWPSGDsm7bkdf8ni7Od2bCHE0Oej1xMaKpnmQrjTOqOyfZl5IGUpD6+yEIPT6bQYjQYMhoDHeLUQQgghhBBCvPh8fPS8/8vNP/ZpCPGTomSgyla2w3MrxOA0Gg0f/OatH/s0hBBCCCGEEEII8SNSMlBlK9vhuRVCCCGEEEIIIYQQYnCuDFTHgMw8KUt5uJSFEEIIIYQQQgghxHCzdevWQds+++wzVdmVgaoBHKBk5mkGZOpJu7QP1XYhhBBCCCGEEEIIMdwMDJI+ql7rnpHHoJl60i7tQ7VdCCGEEEIIIYQQQgxHA4OlgwVVteAKLrln6sGAsrRL+1BtF0IIIYQQQgghhBDDVV/QdLDgKX0ZqH1Bpr7MvP6yA2mX9qHdLoQQQgghhBBCCCGGs0cFTxmYgeqkDjpJu7QP7XYhhBBCCCGEEEIIIQanHTzYJFvZDoetEEIIIYQQQgghhBCD03oMcx4QZJJ2aR/K7UIIIYQQQgghhBBCPIrWuY5Of1DJGVJyK0u7tA/hdiGEEEIIIYQQQgghHkXrDCG5Z+qhytSTdmkfyu1CCCGEEEIIIYQQQjzK/wEReFRaTd0HhwAAAABJRU5ErkJggg==' />]]>
  </system-out>
</testsuite> <!-- com.example.tests.vendorportal.VendorPortalTest -->
