<?xml version="1.0" encoding="UTF-8"?>
<!-- Generated by org.testng.reporters.JUnitReportReporter -->
<testsuite hostname="85343488da35" failures="0" tests="20" name="com.example.tests.flightreservation.FlightReservationTest" time="36.427" errors="0" timestamp="2024-01-26T17:55:47 GMT" skipped="0">
  <testcase classname="com.example.tests.flightreservation.FlightReservationTest" name="registrationConfirmationTest" time="2.267"/>
  <testcase classname="com.example.tests.flightreservation.FlightReservationTest" name="flightSelectionTest" time="2.884"/>
  <testcase classname="com.example.tests.flightreservation.FlightReservationTest" name="userRegistrationTest" time="1.409"/>
  <testcase classname="com.example.tests.flightreservation.FlightReservationTest" name="flightReservationconfirmationTest" time="0.670"/>
  <testcase classname="com.example.tests.flightreservation.FlightReservationTest" name="userRegistrationTest" time="1.450"/>
  <testcase classname="com.example.tests.flightreservation.FlightReservationTest" name="flightSelectionTest" time="2.971"/>
  <testcase classname="com.example.tests.flightreservation.FlightReservationTest" name="userRegistrationTest" time="1.094"/>
  <testcase classname="com.example.tests.flightreservation.FlightReservationTest" name="flightSelectionTest" time="2.925"/>
  <testcase classname="com.example.tests.flightreservation.FlightReservationTest" name="userRegistrationTest" time="1.607"/>
  <testcase classname="com.example.tests.flightreservation.FlightReservationTest" name="flightsSearchTest" time="1.409"/>
  <testcase classname="com.example.tests.flightreservation.FlightReservationTest" name="registrationConfirmationTest" time="1.851"/>
  <testcase classname="com.example.tests.flightreservation.FlightReservationTest" name="registrationConfirmationTest" time="1.852"/>
  <testcase classname="com.example.tests.flightreservation.FlightReservationTest" name="flightReservationconfirmationTest" time="1.751"/>
  <testcase classname="com.example.tests.flightreservation.FlightReservationTest" name="flightReservationconfirmationTest" time="0.675"/>
  <testcase classname="com.example.tests.flightreservation.FlightReservationTest" name="flightsSearchTest" time="2.507"/>
  <testcase classname="com.example.tests.flightreservation.FlightReservationTest" name="registrationConfirmationTest" time="1.839"/>
  <testcase classname="com.example.tests.flightreservation.FlightReservationTest" name="flightsSearchTest" time="1.357"/>
  <testcase classname="com.example.tests.flightreservation.FlightReservationTest" name="flightSelectionTest" time="2.344"/>
  <testcase classname="com.example.tests.flightreservation.FlightReservationTest" name="flightReservationconfirmationTest" time="2.784"/>
  <testcase classname="com.example.tests.flightreservation.FlightReservationTest" name="flightsSearchTest" time="0.781"/>
</testsuite> <!-- com.example.tests.flightreservation.FlightReservationTest -->
